ARM GAS  C:\Users\adm\AppData\Local\Temp\ccoPr6mI.s 			page 1


   1              		.syntax unified
   2              		.cpu cortex-m0plus
   3              		.fpu softvfp
   4              		.eabi_attribute 20, 1
   5              		.eabi_attribute 21, 1
   6              		.eabi_attribute 23, 3
   7              		.eabi_attribute 24, 1
   8              		.eabi_attribute 25, 1
   9              		.eabi_attribute 26, 1
  10              		.eabi_attribute 30, 1
  11              		.eabi_attribute 34, 0
  12              		.eabi_attribute 18, 4
  13              		.thumb
  14              		.syntax unified
  15              		.file	"cyfitter_cfg.c"
  16              		.text
  17              	.Ltext0:
  18              		.cfi_sections	.debug_frame
  19              		.section	.psocinit,"ax",%progbits
  20              		.align	2
  21              		.code	16
  22              		.thumb_func
  23              		.type	ClockSetup, %function
  24              	ClockSetup:
  25              	.LFB4:
  26              		.file 1 "Generated_Source\\PSoC4\\cyfitter_cfg.c"
   1:Generated_Source\PSoC4/cyfitter_cfg.c **** 
   2:Generated_Source\PSoC4/cyfitter_cfg.c **** /*******************************************************************************
   3:Generated_Source\PSoC4/cyfitter_cfg.c **** * File Name: cyfitter_cfg.c
   4:Generated_Source\PSoC4/cyfitter_cfg.c **** * 
   5:Generated_Source\PSoC4/cyfitter_cfg.c **** * PSoC Creator  4.4
   6:Generated_Source\PSoC4/cyfitter_cfg.c **** *
   7:Generated_Source\PSoC4/cyfitter_cfg.c **** * Description:
   8:Generated_Source\PSoC4/cyfitter_cfg.c **** * This file contains device initialization code.
   9:Generated_Source\PSoC4/cyfitter_cfg.c **** * Except for the user defined sections in CyClockStartupError(), this file should not be modified.
  10:Generated_Source\PSoC4/cyfitter_cfg.c **** * This file is automatically generated by PSoC Creator.
  11:Generated_Source\PSoC4/cyfitter_cfg.c **** *
  12:Generated_Source\PSoC4/cyfitter_cfg.c **** ********************************************************************************
  13:Generated_Source\PSoC4/cyfitter_cfg.c **** * Copyright (c) 2007-2020 Cypress Semiconductor.  All rights reserved.
  14:Generated_Source\PSoC4/cyfitter_cfg.c **** * You may use this file only in accordance with the license, terms, conditions, 
  15:Generated_Source\PSoC4/cyfitter_cfg.c **** * disclaimers, and limitations in the end user license agreement accompanying 
  16:Generated_Source\PSoC4/cyfitter_cfg.c **** * the software package with which this file was provided.
  17:Generated_Source\PSoC4/cyfitter_cfg.c **** ********************************************************************************/
  18:Generated_Source\PSoC4/cyfitter_cfg.c **** 
  19:Generated_Source\PSoC4/cyfitter_cfg.c **** #include <string.h>
  20:Generated_Source\PSoC4/cyfitter_cfg.c **** #include "cytypes.h"
  21:Generated_Source\PSoC4/cyfitter_cfg.c **** #include "cydevice_trm.h"
  22:Generated_Source\PSoC4/cyfitter_cfg.c **** #include "cyfitter.h"
  23:Generated_Source\PSoC4/cyfitter_cfg.c **** #include "CyLib.h"
  24:Generated_Source\PSoC4/cyfitter_cfg.c **** #include "cyfitter_cfg.h"
  25:Generated_Source\PSoC4/cyfitter_cfg.c **** #include "cyapicallbacks.h"
  26:Generated_Source\PSoC4/cyfitter_cfg.c **** 
  27:Generated_Source\PSoC4/cyfitter_cfg.c **** 
  28:Generated_Source\PSoC4/cyfitter_cfg.c **** #if defined(__GNUC__) || defined(__ARMCC_VERSION)
  29:Generated_Source\PSoC4/cyfitter_cfg.c ****     #define CYPACKED 
  30:Generated_Source\PSoC4/cyfitter_cfg.c ****     #define CYPACKED_ATTR __attribute__ ((packed))
  31:Generated_Source\PSoC4/cyfitter_cfg.c ****     #define CYALIGNED __attribute__ ((aligned))
ARM GAS  C:\Users\adm\AppData\Local\Temp\ccoPr6mI.s 			page 2


  32:Generated_Source\PSoC4/cyfitter_cfg.c ****     #define CY_CFG_UNUSED __attribute__ ((unused))
  33:Generated_Source\PSoC4/cyfitter_cfg.c ****     #ifndef CY_CFG_SECTION
  34:Generated_Source\PSoC4/cyfitter_cfg.c ****         #define CY_CFG_SECTION __attribute__ ((section(".psocinit")))
  35:Generated_Source\PSoC4/cyfitter_cfg.c ****     #endif
  36:Generated_Source\PSoC4/cyfitter_cfg.c ****     
  37:Generated_Source\PSoC4/cyfitter_cfg.c ****     #if defined(__ARMCC_VERSION)
  38:Generated_Source\PSoC4/cyfitter_cfg.c ****         #define CY_CFG_MEMORY_BARRIER() __memory_changed()
  39:Generated_Source\PSoC4/cyfitter_cfg.c ****     #else
  40:Generated_Source\PSoC4/cyfitter_cfg.c ****         #define CY_CFG_MEMORY_BARRIER() __sync_synchronize()
  41:Generated_Source\PSoC4/cyfitter_cfg.c ****     #endif
  42:Generated_Source\PSoC4/cyfitter_cfg.c ****     
  43:Generated_Source\PSoC4/cyfitter_cfg.c **** #elif defined(__ICCARM__)
  44:Generated_Source\PSoC4/cyfitter_cfg.c ****     #include <intrinsics.h>
  45:Generated_Source\PSoC4/cyfitter_cfg.c **** 
  46:Generated_Source\PSoC4/cyfitter_cfg.c ****     #define CYPACKED __packed
  47:Generated_Source\PSoC4/cyfitter_cfg.c ****     #define CYPACKED_ATTR 
  48:Generated_Source\PSoC4/cyfitter_cfg.c ****     #define CYALIGNED _Pragma("data_alignment=4")
  49:Generated_Source\PSoC4/cyfitter_cfg.c ****     #define CY_CFG_UNUSED _Pragma("diag_suppress=Pe177")
  50:Generated_Source\PSoC4/cyfitter_cfg.c ****     #define CY_CFG_SECTION _Pragma("location=\".psocinit\"")
  51:Generated_Source\PSoC4/cyfitter_cfg.c ****     
  52:Generated_Source\PSoC4/cyfitter_cfg.c ****     #define CY_CFG_MEMORY_BARRIER() __DMB()
  53:Generated_Source\PSoC4/cyfitter_cfg.c ****     
  54:Generated_Source\PSoC4/cyfitter_cfg.c **** #else
  55:Generated_Source\PSoC4/cyfitter_cfg.c ****     #error Unsupported toolchain
  56:Generated_Source\PSoC4/cyfitter_cfg.c **** #endif
  57:Generated_Source\PSoC4/cyfitter_cfg.c **** 
  58:Generated_Source\PSoC4/cyfitter_cfg.c **** #ifndef CYCODE
  59:Generated_Source\PSoC4/cyfitter_cfg.c ****     #define CYCODE
  60:Generated_Source\PSoC4/cyfitter_cfg.c **** #endif
  61:Generated_Source\PSoC4/cyfitter_cfg.c **** #ifndef CYDATA
  62:Generated_Source\PSoC4/cyfitter_cfg.c ****     #define CYDATA
  63:Generated_Source\PSoC4/cyfitter_cfg.c **** #endif
  64:Generated_Source\PSoC4/cyfitter_cfg.c **** #ifndef CYFAR
  65:Generated_Source\PSoC4/cyfitter_cfg.c ****     #define CYFAR
  66:Generated_Source\PSoC4/cyfitter_cfg.c **** #endif
  67:Generated_Source\PSoC4/cyfitter_cfg.c **** #ifndef CYXDATA
  68:Generated_Source\PSoC4/cyfitter_cfg.c ****     #define CYXDATA
  69:Generated_Source\PSoC4/cyfitter_cfg.c **** #endif
  70:Generated_Source\PSoC4/cyfitter_cfg.c **** 
  71:Generated_Source\PSoC4/cyfitter_cfg.c **** 
  72:Generated_Source\PSoC4/cyfitter_cfg.c **** CY_CFG_UNUSED
  73:Generated_Source\PSoC4/cyfitter_cfg.c **** static void CYMEMZERO(void *s, size_t n);
  74:Generated_Source\PSoC4/cyfitter_cfg.c **** CY_CFG_UNUSED
  75:Generated_Source\PSoC4/cyfitter_cfg.c **** static void CYMEMZERO(void *s, size_t n)
  76:Generated_Source\PSoC4/cyfitter_cfg.c **** {
  77:Generated_Source\PSoC4/cyfitter_cfg.c **** 	(void)memset(s, 0, n);
  78:Generated_Source\PSoC4/cyfitter_cfg.c **** }
  79:Generated_Source\PSoC4/cyfitter_cfg.c **** CY_CFG_UNUSED
  80:Generated_Source\PSoC4/cyfitter_cfg.c **** static void CYCONFIGCPY(void *dest, const void *src, size_t n);
  81:Generated_Source\PSoC4/cyfitter_cfg.c **** CY_CFG_UNUSED
  82:Generated_Source\PSoC4/cyfitter_cfg.c **** static void CYCONFIGCPY(void *dest, const void *src, size_t n)
  83:Generated_Source\PSoC4/cyfitter_cfg.c **** {
  84:Generated_Source\PSoC4/cyfitter_cfg.c **** 	(void)memcpy(dest, src, n);
  85:Generated_Source\PSoC4/cyfitter_cfg.c **** }
  86:Generated_Source\PSoC4/cyfitter_cfg.c **** CY_CFG_UNUSED
  87:Generated_Source\PSoC4/cyfitter_cfg.c **** static void CYCONFIGCPYCODE(void *dest, const void *src, size_t n);
  88:Generated_Source\PSoC4/cyfitter_cfg.c **** CY_CFG_UNUSED
ARM GAS  C:\Users\adm\AppData\Local\Temp\ccoPr6mI.s 			page 3


  89:Generated_Source\PSoC4/cyfitter_cfg.c **** static void CYCONFIGCPYCODE(void *dest, const void *src, size_t n)
  90:Generated_Source\PSoC4/cyfitter_cfg.c **** {
  91:Generated_Source\PSoC4/cyfitter_cfg.c **** 	(void)memcpy(dest, src, n);
  92:Generated_Source\PSoC4/cyfitter_cfg.c **** }
  93:Generated_Source\PSoC4/cyfitter_cfg.c **** 
  94:Generated_Source\PSoC4/cyfitter_cfg.c **** 
  95:Generated_Source\PSoC4/cyfitter_cfg.c **** 
  96:Generated_Source\PSoC4/cyfitter_cfg.c **** 
  97:Generated_Source\PSoC4/cyfitter_cfg.c **** /* Clock startup error codes                                                   */
  98:Generated_Source\PSoC4/cyfitter_cfg.c **** #define CYCLOCKSTART_NO_ERROR    0u
  99:Generated_Source\PSoC4/cyfitter_cfg.c **** #define CYCLOCKSTART_XTAL_ERROR  1u
 100:Generated_Source\PSoC4/cyfitter_cfg.c **** #define CYCLOCKSTART_32KHZ_ERROR 2u
 101:Generated_Source\PSoC4/cyfitter_cfg.c **** #define CYCLOCKSTART_PLL_ERROR   3u
 102:Generated_Source\PSoC4/cyfitter_cfg.c **** #define CYCLOCKSTART_FLL_ERROR   4u
 103:Generated_Source\PSoC4/cyfitter_cfg.c **** #define CYCLOCKSTART_WCO_ERROR   5u
 104:Generated_Source\PSoC4/cyfitter_cfg.c **** 
 105:Generated_Source\PSoC4/cyfitter_cfg.c **** 
 106:Generated_Source\PSoC4/cyfitter_cfg.c **** #ifdef CY_NEED_CYCLOCKSTARTUPERROR
 107:Generated_Source\PSoC4/cyfitter_cfg.c **** /*******************************************************************************
 108:Generated_Source\PSoC4/cyfitter_cfg.c **** * Function Name: CyClockStartupError
 109:Generated_Source\PSoC4/cyfitter_cfg.c **** ********************************************************************************
 110:Generated_Source\PSoC4/cyfitter_cfg.c **** * Summary:
 111:Generated_Source\PSoC4/cyfitter_cfg.c **** *  If an error is encountered during clock configuration (crystal startup error,
 112:Generated_Source\PSoC4/cyfitter_cfg.c **** *  PLL lock error, etc.), the system will end up here.  Unless reimplemented by
 113:Generated_Source\PSoC4/cyfitter_cfg.c **** *  the customer, this function will stop in an infinite loop.
 114:Generated_Source\PSoC4/cyfitter_cfg.c **** *
 115:Generated_Source\PSoC4/cyfitter_cfg.c **** * Parameters:
 116:Generated_Source\PSoC4/cyfitter_cfg.c **** *   void
 117:Generated_Source\PSoC4/cyfitter_cfg.c **** *
 118:Generated_Source\PSoC4/cyfitter_cfg.c **** * Return:
 119:Generated_Source\PSoC4/cyfitter_cfg.c **** *   void
 120:Generated_Source\PSoC4/cyfitter_cfg.c **** *
 121:Generated_Source\PSoC4/cyfitter_cfg.c **** *******************************************************************************/
 122:Generated_Source\PSoC4/cyfitter_cfg.c **** CY_CFG_UNUSED
 123:Generated_Source\PSoC4/cyfitter_cfg.c **** static void CyClockStartupError(uint8 errorCode);
 124:Generated_Source\PSoC4/cyfitter_cfg.c **** CY_CFG_UNUSED
 125:Generated_Source\PSoC4/cyfitter_cfg.c **** static void CyClockStartupError(uint8 errorCode)
 126:Generated_Source\PSoC4/cyfitter_cfg.c **** {
 127:Generated_Source\PSoC4/cyfitter_cfg.c ****     /* To remove the compiler warning if errorCode not used.                */
 128:Generated_Source\PSoC4/cyfitter_cfg.c ****     errorCode = errorCode;
 129:Generated_Source\PSoC4/cyfitter_cfg.c **** 
 130:Generated_Source\PSoC4/cyfitter_cfg.c ****     /* If we have a clock startup error (bad MHz crystal, PLL lock, etc.),  */
 131:Generated_Source\PSoC4/cyfitter_cfg.c ****     /* we will end up here to allow the customer to implement something to  */
 132:Generated_Source\PSoC4/cyfitter_cfg.c ****     /* deal with the clock condition.                                       */
 133:Generated_Source\PSoC4/cyfitter_cfg.c **** 
 134:Generated_Source\PSoC4/cyfitter_cfg.c **** #ifdef CY_CFG_CLOCK_STARTUP_ERROR_CALLBACK
 135:Generated_Source\PSoC4/cyfitter_cfg.c ****     CY_CFG_Clock_Startup_ErrorCallback();
 136:Generated_Source\PSoC4/cyfitter_cfg.c **** #else
 137:Generated_Source\PSoC4/cyfitter_cfg.c ****     /*  If not using CY_CFG_CLOCK_STARTUP_ERROR_CALLBACK, place your clock startup code here. */
 138:Generated_Source\PSoC4/cyfitter_cfg.c ****     /* `#START CyClockStartupError` */
 139:Generated_Source\PSoC4/cyfitter_cfg.c **** 
 140:Generated_Source\PSoC4/cyfitter_cfg.c **** 
 141:Generated_Source\PSoC4/cyfitter_cfg.c **** 
 142:Generated_Source\PSoC4/cyfitter_cfg.c ****     /* `#END` */
 143:Generated_Source\PSoC4/cyfitter_cfg.c **** 
 144:Generated_Source\PSoC4/cyfitter_cfg.c ****     while(1) {}
 145:Generated_Source\PSoC4/cyfitter_cfg.c **** #endif /* CY_CFG_CLOCK_STARTUP_ERROR_CALLBACK */
ARM GAS  C:\Users\adm\AppData\Local\Temp\ccoPr6mI.s 			page 4


 146:Generated_Source\PSoC4/cyfitter_cfg.c **** }
 147:Generated_Source\PSoC4/cyfitter_cfg.c **** #endif
 148:Generated_Source\PSoC4/cyfitter_cfg.c **** 
 149:Generated_Source\PSoC4/cyfitter_cfg.c **** 
 150:Generated_Source\PSoC4/cyfitter_cfg.c **** 
 151:Generated_Source\PSoC4/cyfitter_cfg.c **** /*******************************************************************************
 152:Generated_Source\PSoC4/cyfitter_cfg.c **** * Function Name: ClockSetup
 153:Generated_Source\PSoC4/cyfitter_cfg.c **** ********************************************************************************
 154:Generated_Source\PSoC4/cyfitter_cfg.c **** *
 155:Generated_Source\PSoC4/cyfitter_cfg.c **** * Summary:
 156:Generated_Source\PSoC4/cyfitter_cfg.c **** *   Performs the initialization of all of the clocks in the device based on the
 157:Generated_Source\PSoC4/cyfitter_cfg.c **** *   settings in the Clock tab of the DWR.  This includes enabling the requested
 158:Generated_Source\PSoC4/cyfitter_cfg.c **** *   clocks and setting the necessary dividers to produce the desired frequency. 
 159:Generated_Source\PSoC4/cyfitter_cfg.c **** *
 160:Generated_Source\PSoC4/cyfitter_cfg.c **** * Parameters:
 161:Generated_Source\PSoC4/cyfitter_cfg.c **** *   void
 162:Generated_Source\PSoC4/cyfitter_cfg.c **** *
 163:Generated_Source\PSoC4/cyfitter_cfg.c **** * Return:
 164:Generated_Source\PSoC4/cyfitter_cfg.c **** *   void
 165:Generated_Source\PSoC4/cyfitter_cfg.c **** *
 166:Generated_Source\PSoC4/cyfitter_cfg.c **** *******************************************************************************/
 167:Generated_Source\PSoC4/cyfitter_cfg.c **** static void ClockSetup(void);
 168:Generated_Source\PSoC4/cyfitter_cfg.c **** CY_CFG_SECTION
 169:Generated_Source\PSoC4/cyfitter_cfg.c **** static void ClockSetup(void)
 170:Generated_Source\PSoC4/cyfitter_cfg.c **** {
  27              		.loc 1 170 0
  28              		.cfi_startproc
  29              		@ args = 0, pretend = 0, frame = 0
  30              		@ frame_needed = 0, uses_anonymous_args = 0
  31 0000 10B5     		push	{r4, lr}
  32              		.cfi_def_cfa_offset 8
  33              		.cfi_offset 4, -8
  34              		.cfi_offset 14, -4
 171:Generated_Source\PSoC4/cyfitter_cfg.c **** 
 172:Generated_Source\PSoC4/cyfitter_cfg.c **** 	/* Set Flash Cycles based on max possible frequency in case a glitch occurs during ClockSetup(). *
 173:Generated_Source\PSoC4/cyfitter_cfg.c **** 	CY_SET_REG32((void CYXDATA *)(CYREG_CPUSS_FLASH_CTL), (0x0012u));
  35              		.loc 1 173 0
  36 0002 0F4C     		ldr	r4, .L2
  37 0004 1223     		movs	r3, #18
  38 0006 2360     		str	r3, [r4]
 174:Generated_Source\PSoC4/cyfitter_cfg.c **** 	/* Update IMO to new clock speed. */
 175:Generated_Source\PSoC4/cyfitter_cfg.c **** 	CySysClkWriteImoFreq(24u);
  39              		.loc 1 175 0
  40 0008 1820     		movs	r0, #24
  41 000a FFF7FEFF 		bl	CySysClkWriteImoFreq
  42              	.LVL0:
 176:Generated_Source\PSoC4/cyfitter_cfg.c **** 
 177:Generated_Source\PSoC4/cyfitter_cfg.c **** 	/* Setup phase aligned clocks */
 178:Generated_Source\PSoC4/cyfitter_cfg.c **** 	CY_SET_REG32((void *)CYREG_PERI_DIV_16_CTL0, 0x0000FE00u);
  43              		.loc 1 178 0
  44 000e FE22     		movs	r2, #254
  45 0010 1202     		lsls	r2, r2, #8
  46 0012 0C4B     		ldr	r3, .L2+4
  47 0014 1A60     		str	r2, [r3]
 179:Generated_Source\PSoC4/cyfitter_cfg.c **** 	CY_SET_REG32((void *)CYREG_PERI_DIV_CMD, 0x8000FF40u);
  48              		.loc 1 179 0
  49 0016 0C4B     		ldr	r3, .L2+8
ARM GAS  C:\Users\adm\AppData\Local\Temp\ccoPr6mI.s 			page 5


  50 0018 0C4A     		ldr	r2, .L2+12
  51 001a 1A60     		str	r2, [r3]
 180:Generated_Source\PSoC4/cyfitter_cfg.c **** 	CY_SET_REG32((void *)CYREG_PERI_DIV_16_CTL1, 0x00001000u);
  52              		.loc 1 180 0
  53 001c 8021     		movs	r1, #128
  54 001e 4901     		lsls	r1, r1, #5
  55 0020 0B4A     		ldr	r2, .L2+16
  56 0022 1160     		str	r1, [r2]
 181:Generated_Source\PSoC4/cyfitter_cfg.c **** 	CY_SET_REG32((void *)CYREG_PERI_DIV_CMD, 0x8000FF41u);
  57              		.loc 1 181 0
  58 0024 0B4A     		ldr	r2, .L2+20
  59 0026 1A60     		str	r2, [r3]
 182:Generated_Source\PSoC4/cyfitter_cfg.c **** 
 183:Generated_Source\PSoC4/cyfitter_cfg.c **** 	/* CYDEV_CLK_SELECT Starting address: CYDEV_CLK_SELECT */
 184:Generated_Source\PSoC4/cyfitter_cfg.c **** 	CY_SET_REG32((void *)(CYREG_CLK_SELECT), 0x00000000u);
  60              		.loc 1 184 0
  61 0028 0022     		movs	r2, #0
  62 002a 0B4B     		ldr	r3, .L2+24
  63 002c 1A60     		str	r2, [r3]
 185:Generated_Source\PSoC4/cyfitter_cfg.c **** 
 186:Generated_Source\PSoC4/cyfitter_cfg.c **** 	/* CYDEV_PERI_PCLK_CTL2 Starting address: CYDEV_PERI_PCLK_CTL2 */
 187:Generated_Source\PSoC4/cyfitter_cfg.c **** 	CY_SET_REG32((void *)(CYREG_PERI_PCLK_CTL2), 0x00000040u);
  64              		.loc 1 187 0
  65 002e 4032     		adds	r2, r2, #64
  66 0030 0A4B     		ldr	r3, .L2+28
  67 0032 1A60     		str	r2, [r3]
 188:Generated_Source\PSoC4/cyfitter_cfg.c **** 
 189:Generated_Source\PSoC4/cyfitter_cfg.c **** 	/* CYDEV_PERI_PCLK_CTL0 Starting address: CYDEV_PERI_PCLK_CTL0 */
 190:Generated_Source\PSoC4/cyfitter_cfg.c **** 	CY_SET_REG32((void *)(CYREG_PERI_PCLK_CTL0), 0x00000041u);
  68              		.loc 1 190 0
  69 0034 0132     		adds	r2, r2, #1
  70 0036 0A4B     		ldr	r3, .L2+32
  71 0038 1A60     		str	r2, [r3]
 191:Generated_Source\PSoC4/cyfitter_cfg.c **** 
 192:Generated_Source\PSoC4/cyfitter_cfg.c **** 	/* Set Flash Cycles based on newly configured 24.00MHz HFCLK. */
 193:Generated_Source\PSoC4/cyfitter_cfg.c **** 	CY_SET_REG32((void CYXDATA *)(CYREG_CPUSS_FLASH_CTL), (0x0011u));
  72              		.loc 1 193 0
  73 003a 1123     		movs	r3, #17
  74 003c 2360     		str	r3, [r4]
 194:Generated_Source\PSoC4/cyfitter_cfg.c **** }
  75              		.loc 1 194 0
  76              		@ sp needed
  77 003e 10BD     		pop	{r4, pc}
  78              	.L3:
  79              		.align	2
  80              	.L2:
  81 0040 30001040 		.word	1074790448
  82 0044 00030140 		.word	1073808128
  83 0048 00000140 		.word	1073807360
  84 004c 40FF0080 		.word	-2147418304
  85 0050 04030140 		.word	1073808132
  86 0054 41FF0080 		.word	-2147418303
  87 0058 28000340 		.word	1073938472
  88 005c 08010140 		.word	1073807624
  89 0060 00010140 		.word	1073807616
  90              		.cfi_endproc
  91              	.LFE4:
ARM GAS  C:\Users\adm\AppData\Local\Temp\ccoPr6mI.s 			page 6


  92              		.size	ClockSetup, .-ClockSetup
  93              		.section	.text.SetAnalogRoutingPumps,"ax",%progbits
  94              		.align	2
  95              		.global	SetAnalogRoutingPumps
  96              		.code	16
  97              		.thumb_func
  98              		.type	SetAnalogRoutingPumps, %function
  99              	SetAnalogRoutingPumps:
 100              	.LFB6:
 195:Generated_Source\PSoC4/cyfitter_cfg.c **** 
 196:Generated_Source\PSoC4/cyfitter_cfg.c **** 
 197:Generated_Source\PSoC4/cyfitter_cfg.c **** /* Analog API Functions */
 198:Generated_Source\PSoC4/cyfitter_cfg.c **** 
 199:Generated_Source\PSoC4/cyfitter_cfg.c **** 
 200:Generated_Source\PSoC4/cyfitter_cfg.c **** /*******************************************************************************
 201:Generated_Source\PSoC4/cyfitter_cfg.c **** * Function Name: AnalogSetDefault
 202:Generated_Source\PSoC4/cyfitter_cfg.c **** ********************************************************************************
 203:Generated_Source\PSoC4/cyfitter_cfg.c **** *
 204:Generated_Source\PSoC4/cyfitter_cfg.c **** * Summary:
 205:Generated_Source\PSoC4/cyfitter_cfg.c **** *  Sets up the analog portions of the chip to default values based on chip
 206:Generated_Source\PSoC4/cyfitter_cfg.c **** *  configuration options from the project.
 207:Generated_Source\PSoC4/cyfitter_cfg.c **** *
 208:Generated_Source\PSoC4/cyfitter_cfg.c **** * Parameters:
 209:Generated_Source\PSoC4/cyfitter_cfg.c **** *  void
 210:Generated_Source\PSoC4/cyfitter_cfg.c **** *
 211:Generated_Source\PSoC4/cyfitter_cfg.c **** * Return:
 212:Generated_Source\PSoC4/cyfitter_cfg.c **** *  void
 213:Generated_Source\PSoC4/cyfitter_cfg.c **** *
 214:Generated_Source\PSoC4/cyfitter_cfg.c **** *******************************************************************************/
 215:Generated_Source\PSoC4/cyfitter_cfg.c **** static void AnalogSetDefault(void);
 216:Generated_Source\PSoC4/cyfitter_cfg.c **** static void AnalogSetDefault(void)
 217:Generated_Source\PSoC4/cyfitter_cfg.c **** {
 218:Generated_Source\PSoC4/cyfitter_cfg.c **** 	SetAnalogRoutingPumps(1);
 219:Generated_Source\PSoC4/cyfitter_cfg.c **** }
 220:Generated_Source\PSoC4/cyfitter_cfg.c **** 
 221:Generated_Source\PSoC4/cyfitter_cfg.c **** 
 222:Generated_Source\PSoC4/cyfitter_cfg.c **** /*******************************************************************************
 223:Generated_Source\PSoC4/cyfitter_cfg.c **** * Function Name: SetAnalogRoutingPumps
 224:Generated_Source\PSoC4/cyfitter_cfg.c **** ********************************************************************************
 225:Generated_Source\PSoC4/cyfitter_cfg.c **** *
 226:Generated_Source\PSoC4/cyfitter_cfg.c **** * Summary:
 227:Generated_Source\PSoC4/cyfitter_cfg.c **** * Enables or disables the analog pumps feeding analog routing switches.
 228:Generated_Source\PSoC4/cyfitter_cfg.c **** * Intended to be called at startup, based on the Vdda system configuration;
 229:Generated_Source\PSoC4/cyfitter_cfg.c **** * may be called during operation when the user informs us that the Vdda voltage crossed the pump th
 230:Generated_Source\PSoC4/cyfitter_cfg.c **** *
 231:Generated_Source\PSoC4/cyfitter_cfg.c **** * Parameters:
 232:Generated_Source\PSoC4/cyfitter_cfg.c **** *  enabled - 1 to enable the pumps, 0 to disable the pumps
 233:Generated_Source\PSoC4/cyfitter_cfg.c **** *
 234:Generated_Source\PSoC4/cyfitter_cfg.c **** * Return:
 235:Generated_Source\PSoC4/cyfitter_cfg.c **** *  void
 236:Generated_Source\PSoC4/cyfitter_cfg.c **** *
 237:Generated_Source\PSoC4/cyfitter_cfg.c **** *******************************************************************************/
 238:Generated_Source\PSoC4/cyfitter_cfg.c **** void SetAnalogRoutingPumps(uint8 enabled)
 239:Generated_Source\PSoC4/cyfitter_cfg.c **** {
 101              		.loc 1 239 0
 102              		.cfi_startproc
 103              		@ args = 0, pretend = 0, frame = 0
ARM GAS  C:\Users\adm\AppData\Local\Temp\ccoPr6mI.s 			page 7


 104              		@ frame_needed = 0, uses_anonymous_args = 0
 105              		@ link register save eliminated.
 106              	.LVL1:
 240:Generated_Source\PSoC4/cyfitter_cfg.c **** 	uint32 regValue = CY_GET_XTND_REG32((void *)(CYREG_HSIOM_PUMP_CTL));
 107              		.loc 1 240 0
 108 0000 0B4B     		ldr	r3, .L9
 109 0002 1B68     		ldr	r3, [r3]
 110              	.LVL2:
 241:Generated_Source\PSoC4/cyfitter_cfg.c **** 	if (enabled != 0u)
 111              		.loc 1 241 0
 112 0004 0028     		cmp	r0, #0
 113 0006 03D0     		beq	.L5
 242:Generated_Source\PSoC4/cyfitter_cfg.c **** 	{
 243:Generated_Source\PSoC4/cyfitter_cfg.c **** 		regValue |= 0x80000000u;
 114              		.loc 1 243 0
 115 0008 8022     		movs	r2, #128
 116 000a 1206     		lsls	r2, r2, #24
 117 000c 1343     		orrs	r3, r2
 118              	.LVL3:
 119 000e 01E0     		b	.L6
 120              	.L5:
 244:Generated_Source\PSoC4/cyfitter_cfg.c **** 	}
 245:Generated_Source\PSoC4/cyfitter_cfg.c **** 	else
 246:Generated_Source\PSoC4/cyfitter_cfg.c **** 	{
 247:Generated_Source\PSoC4/cyfitter_cfg.c **** 		regValue &= ~0x80000000u;
 121              		.loc 1 247 0
 122 0010 5B00     		lsls	r3, r3, #1
 123              	.LVL4:
 124 0012 5B08     		lsrs	r3, r3, #1
 125              	.LVL5:
 126              	.L6:
 248:Generated_Source\PSoC4/cyfitter_cfg.c **** 	}
 249:Generated_Source\PSoC4/cyfitter_cfg.c **** 	CY_SET_XTND_REG32((void *)(CYREG_HSIOM_PUMP_CTL), regValue);
 127              		.loc 1 249 0
 128 0014 064A     		ldr	r2, .L9
 129 0016 1360     		str	r3, [r2]
 250:Generated_Source\PSoC4/cyfitter_cfg.c **** 	regValue = CY_GET_XTND_REG32((void *)(CYREG_CLK_SELECT));
 130              		.loc 1 250 0
 131 0018 064B     		ldr	r3, .L9+4
 132              	.LVL6:
 133 001a 1B68     		ldr	r3, [r3]
 134              	.LVL7:
 251:Generated_Source\PSoC4/cyfitter_cfg.c **** 	if (enabled != 0u)
 135              		.loc 1 251 0
 136 001c 0028     		cmp	r0, #0
 137 001e 02D0     		beq	.L7
 252:Generated_Source\PSoC4/cyfitter_cfg.c **** 	{
 253:Generated_Source\PSoC4/cyfitter_cfg.c **** 		regValue |= 0x00000020u;
 138              		.loc 1 253 0
 139 0020 2022     		movs	r2, #32
 140 0022 1343     		orrs	r3, r2
 141              	.LVL8:
 142 0024 01E0     		b	.L8
 143              	.L7:
 254:Generated_Source\PSoC4/cyfitter_cfg.c **** 	}
 255:Generated_Source\PSoC4/cyfitter_cfg.c **** 	else
 256:Generated_Source\PSoC4/cyfitter_cfg.c **** 	{
ARM GAS  C:\Users\adm\AppData\Local\Temp\ccoPr6mI.s 			page 8


 257:Generated_Source\PSoC4/cyfitter_cfg.c **** 		regValue &= ~0x00000020u;
 144              		.loc 1 257 0
 145 0026 2022     		movs	r2, #32
 146 0028 9343     		bics	r3, r2
 147              	.LVL9:
 148              	.L8:
 258:Generated_Source\PSoC4/cyfitter_cfg.c **** 	}
 259:Generated_Source\PSoC4/cyfitter_cfg.c **** 	CY_SET_XTND_REG32((void *)(CYREG_CLK_SELECT), regValue);
 149              		.loc 1 259 0
 150 002a 024A     		ldr	r2, .L9+4
 151 002c 1360     		str	r3, [r2]
 260:Generated_Source\PSoC4/cyfitter_cfg.c **** }
 152              		.loc 1 260 0
 153              		@ sp needed
 154 002e 7047     		bx	lr
 155              	.L10:
 156              		.align	2
 157              	.L9:
 158 0030 00200240 		.word	1073881088
 159 0034 28000340 		.word	1073938472
 160              		.cfi_endproc
 161              	.LFE6:
 162              		.size	SetAnalogRoutingPumps, .-SetAnalogRoutingPumps
 163              		.section	.text.AnalogSetDefault,"ax",%progbits
 164              		.align	2
 165              		.code	16
 166              		.thumb_func
 167              		.type	AnalogSetDefault, %function
 168              	AnalogSetDefault:
 169              	.LFB5:
 217:Generated_Source\PSoC4/cyfitter_cfg.c **** 	SetAnalogRoutingPumps(1);
 170              		.loc 1 217 0
 171              		.cfi_startproc
 172              		@ args = 0, pretend = 0, frame = 0
 173              		@ frame_needed = 0, uses_anonymous_args = 0
 174 0000 10B5     		push	{r4, lr}
 175              		.cfi_def_cfa_offset 8
 176              		.cfi_offset 4, -8
 177              		.cfi_offset 14, -4
 218:Generated_Source\PSoC4/cyfitter_cfg.c **** }
 178              		.loc 1 218 0
 179 0002 0120     		movs	r0, #1
 180 0004 FFF7FEFF 		bl	SetAnalogRoutingPumps
 181              	.LVL10:
 219:Generated_Source\PSoC4/cyfitter_cfg.c **** 
 182              		.loc 1 219 0
 183              		@ sp needed
 184 0008 10BD     		pop	{r4, pc}
 185              		.cfi_endproc
 186              	.LFE5:
 187              		.size	AnalogSetDefault, .-AnalogSetDefault
 188              		.section	.psocinit
 189              		.align	2
 190              		.global	cyfitter_cfg
 191              		.code	16
 192              		.thumb_func
 193              		.type	cyfitter_cfg, %function
ARM GAS  C:\Users\adm\AppData\Local\Temp\ccoPr6mI.s 			page 9


 194              	cyfitter_cfg:
 195              	.LFB7:
 261:Generated_Source\PSoC4/cyfitter_cfg.c **** 
 262:Generated_Source\PSoC4/cyfitter_cfg.c **** 
 263:Generated_Source\PSoC4/cyfitter_cfg.c **** 
 264:Generated_Source\PSoC4/cyfitter_cfg.c **** 
 265:Generated_Source\PSoC4/cyfitter_cfg.c **** /*******************************************************************************
 266:Generated_Source\PSoC4/cyfitter_cfg.c **** * Function Name: cyfitter_cfg
 267:Generated_Source\PSoC4/cyfitter_cfg.c **** ********************************************************************************
 268:Generated_Source\PSoC4/cyfitter_cfg.c **** * Summary:
 269:Generated_Source\PSoC4/cyfitter_cfg.c **** *  This function is called by the start-up code for the selected device. It
 270:Generated_Source\PSoC4/cyfitter_cfg.c **** *  performs all of the necessary device configuration based on the design
 271:Generated_Source\PSoC4/cyfitter_cfg.c **** *  settings.  This includes settings from the Design Wide Resources (DWR) such
 272:Generated_Source\PSoC4/cyfitter_cfg.c **** *  as Clocks and Pins as well as any component configuration that is necessary.
 273:Generated_Source\PSoC4/cyfitter_cfg.c **** *
 274:Generated_Source\PSoC4/cyfitter_cfg.c **** * Parameters:
 275:Generated_Source\PSoC4/cyfitter_cfg.c **** *   void
 276:Generated_Source\PSoC4/cyfitter_cfg.c **** *
 277:Generated_Source\PSoC4/cyfitter_cfg.c **** * Return:
 278:Generated_Source\PSoC4/cyfitter_cfg.c **** *   void
 279:Generated_Source\PSoC4/cyfitter_cfg.c **** *
 280:Generated_Source\PSoC4/cyfitter_cfg.c **** *******************************************************************************/
 281:Generated_Source\PSoC4/cyfitter_cfg.c **** CY_CFG_SECTION
 282:Generated_Source\PSoC4/cyfitter_cfg.c **** void cyfitter_cfg(void)
 283:Generated_Source\PSoC4/cyfitter_cfg.c **** {
 196              		.loc 1 283 0
 197              		.cfi_startproc
 198              		@ args = 0, pretend = 0, frame = 0
 199              		@ frame_needed = 0, uses_anonymous_args = 0
 200 0064 10B5     		push	{r4, lr}
 201              		.cfi_def_cfa_offset 8
 202              		.cfi_offset 4, -8
 203              		.cfi_offset 14, -4
 284:Generated_Source\PSoC4/cyfitter_cfg.c **** 	/* Disable interrupts by default. Let user enable if/when they want. */
 285:Generated_Source\PSoC4/cyfitter_cfg.c **** 	CyGlobalIntDisable;
 204              		.loc 1 285 0
 205              		.syntax divided
 206              	@ 285 "Generated_Source\PSoC4\cyfitter_cfg.c" 1
 207 0066 72B6     		CPSID   i
 208              	@ 0 "" 2
 286:Generated_Source\PSoC4/cyfitter_cfg.c **** 
 287:Generated_Source\PSoC4/cyfitter_cfg.c **** 	{
 288:Generated_Source\PSoC4/cyfitter_cfg.c **** 		/* HSIOM Starting address: CYDEV_HSIOM_BASE */
 289:Generated_Source\PSoC4/cyfitter_cfg.c **** 		CY_SET_REG32((void *)(CYREG_HSIOM_PORT_SEL1), 0x00000099u);
 209              		.loc 1 289 0
 210              		.thumb
 211              		.syntax unified
 212 0068 9922     		movs	r2, #153
 213 006a 114B     		ldr	r3, .L13
 214 006c 1A60     		str	r2, [r3]
 290:Generated_Source\PSoC4/cyfitter_cfg.c **** 		CY_SET_REG32((void *)(CYREG_HSIOM_PORT_SEL3), 0x0000EE00u);
 215              		.loc 1 290 0
 216 006e EE22     		movs	r2, #238
 217 0070 1202     		lsls	r2, r2, #8
 218 0072 104B     		ldr	r3, .L13+4
 219 0074 1A60     		str	r2, [r3]
 291:Generated_Source\PSoC4/cyfitter_cfg.c **** 
ARM GAS  C:\Users\adm\AppData\Local\Temp\ccoPr6mI.s 			page 10


 292:Generated_Source\PSoC4/cyfitter_cfg.c **** 	}
 293:Generated_Source\PSoC4/cyfitter_cfg.c **** 
 294:Generated_Source\PSoC4/cyfitter_cfg.c **** 	/* Perform second pass device configuration. These items must be configured in specific order afte
 295:Generated_Source\PSoC4/cyfitter_cfg.c **** 	/* IOPINS0_0 Starting address: CYDEV_GPIO_PRT0_BASE */
 296:Generated_Source\PSoC4/cyfitter_cfg.c **** 	CY_SET_REG32((void *)(CYREG_GPIO_PRT0_PC), 0x00400000u);
 220              		.loc 1 296 0
 221 0076 8022     		movs	r2, #128
 222 0078 D203     		lsls	r2, r2, #15
 223 007a 0F4B     		ldr	r3, .L13+8
 224 007c 1A60     		str	r2, [r3]
 297:Generated_Source\PSoC4/cyfitter_cfg.c **** 
 298:Generated_Source\PSoC4/cyfitter_cfg.c **** 	/* IOPINS0_1 Starting address: CYDEV_GPIO_PRT1_BASE */
 299:Generated_Source\PSoC4/cyfitter_cfg.c **** 	CY_SET_REG32((void *)(CYDEV_GPIO_PRT1_BASE), 0x00000062u);
 225              		.loc 1 299 0
 226 007e 6222     		movs	r2, #98
 227 0080 0E4B     		ldr	r3, .L13+12
 228 0082 1A60     		str	r2, [r3]
 300:Generated_Source\PSoC4/cyfitter_cfg.c **** 	CY_SET_REG32((void *)(CYREG_GPIO_PRT1_PC), 0x00000031u);
 229              		.loc 1 300 0
 230 0084 313A     		subs	r2, r2, #49
 231 0086 0E4B     		ldr	r3, .L13+16
 232 0088 1A60     		str	r2, [r3]
 301:Generated_Source\PSoC4/cyfitter_cfg.c **** 	CY_SET_REG32((void *)(CYREG_GPIO_PRT1_PC2), 0x00000072u);
 233              		.loc 1 301 0
 234 008a 4132     		adds	r2, r2, #65
 235 008c 0D4B     		ldr	r3, .L13+20
 236 008e 1A60     		str	r2, [r3]
 302:Generated_Source\PSoC4/cyfitter_cfg.c **** 
 303:Generated_Source\PSoC4/cyfitter_cfg.c **** 	/* IOPINS0_2 Starting address: CYDEV_GPIO_PRT2_BASE */
 304:Generated_Source\PSoC4/cyfitter_cfg.c **** 	CY_SET_REG32((void *)(CYREG_GPIO_PRT2_PC), 0x00030000u);
 237              		.loc 1 304 0
 238 0090 C022     		movs	r2, #192
 239 0092 9202     		lsls	r2, r2, #10
 240 0094 0C4B     		ldr	r3, .L13+24
 241 0096 1A60     		str	r2, [r3]
 305:Generated_Source\PSoC4/cyfitter_cfg.c **** 
 306:Generated_Source\PSoC4/cyfitter_cfg.c **** 	/* IOPINS0_3 Starting address: CYDEV_GPIO_PRT3_BASE */
 307:Generated_Source\PSoC4/cyfitter_cfg.c **** 	CY_SET_REG32((void *)(CYREG_GPIO_PRT3_PC), 0x001B6D80u);
 242              		.loc 1 307 0
 243 0098 0C4A     		ldr	r2, .L13+28
 244 009a 0D4B     		ldr	r3, .L13+32
 245 009c 1A60     		str	r2, [r3]
 308:Generated_Source\PSoC4/cyfitter_cfg.c **** 
 309:Generated_Source\PSoC4/cyfitter_cfg.c **** 	/* IOPINS0_4 Starting address: CYDEV_GPIO_PRT4_BASE */
 310:Generated_Source\PSoC4/cyfitter_cfg.c **** 	CY_SET_REG32((void *)(CYREG_GPIO_PRT4_PC2), 0x00000002u);
 246              		.loc 1 310 0
 247 009e 0222     		movs	r2, #2
 248 00a0 0C4B     		ldr	r3, .L13+36
 249 00a2 1A60     		str	r2, [r3]
 311:Generated_Source\PSoC4/cyfitter_cfg.c **** 
 312:Generated_Source\PSoC4/cyfitter_cfg.c **** 
 313:Generated_Source\PSoC4/cyfitter_cfg.c **** 	/* Setup clocks based on selections from Clock DWR */
 314:Generated_Source\PSoC4/cyfitter_cfg.c **** 	ClockSetup();
 250              		.loc 1 314 0
 251 00a4 FFF7ACFF 		bl	ClockSetup
 252              	.LVL11:
 315:Generated_Source\PSoC4/cyfitter_cfg.c **** 
ARM GAS  C:\Users\adm\AppData\Local\Temp\ccoPr6mI.s 			page 11


 316:Generated_Source\PSoC4/cyfitter_cfg.c **** 	/* Perform basic analog initialization to defaults */
 317:Generated_Source\PSoC4/cyfitter_cfg.c **** 	AnalogSetDefault();
 253              		.loc 1 317 0
 254 00a8 FFF7FEFF 		bl	AnalogSetDefault
 255              	.LVL12:
 318:Generated_Source\PSoC4/cyfitter_cfg.c **** 
 319:Generated_Source\PSoC4/cyfitter_cfg.c **** }
 256              		.loc 1 319 0
 257              		@ sp needed
 258 00ac 10BD     		pop	{r4, pc}
 259              	.L14:
 260 00ae C046     		.align	2
 261              	.L13:
 262 00b0 00010240 		.word	1073873152
 263 00b4 00030240 		.word	1073873664
 264 00b8 08000440 		.word	1074003976
 265 00bc 00010440 		.word	1074004224
 266 00c0 08010440 		.word	1074004232
 267 00c4 18010440 		.word	1074004248
 268 00c8 08020440 		.word	1074004488
 269 00cc 806D1B00 		.word	1797504
 270 00d0 08030440 		.word	1074004744
 271 00d4 18040440 		.word	1074005016
 272              		.cfi_endproc
 273              	.LFE7:
 274              		.size	cyfitter_cfg, .-cyfitter_cfg
 275              		.text
 276              	.Letext0:
 277              		.file 2 "Generated_Source\\PSoC4\\cytypes.h"
 278              		.file 3 "Generated_Source\\PSoC4\\CyLib.h"
 279              		.section	.debug_info,"",%progbits
 280              	.Ldebug_info0:
 281 0000 64010000 		.4byte	0x164
 282 0004 0400     		.2byte	0x4
 283 0006 00000000 		.4byte	.Ldebug_abbrev0
 284 000a 04       		.byte	0x4
 285 000b 01       		.uleb128 0x1
 286 000c 40010000 		.4byte	.LASF21
 287 0010 0C       		.byte	0xc
 288 0011 15000000 		.4byte	.LASF22
 289 0015 D2010000 		.4byte	.LASF23
 290 0019 00000000 		.4byte	.Ldebug_ranges0+0
 291 001d 00000000 		.4byte	0
 292 0021 00000000 		.4byte	.Ldebug_line0
 293 0025 02       		.uleb128 0x2
 294 0026 04       		.byte	0x4
 295 0027 05       		.byte	0x5
 296 0028 696E7400 		.ascii	"int\000"
 297 002c 03       		.uleb128 0x3
 298 002d 04       		.byte	0x4
 299 002e 07       		.byte	0x7
 300 002f 3B000000 		.4byte	.LASF0
 301 0033 03       		.uleb128 0x3
 302 0034 08       		.byte	0x8
 303 0035 05       		.byte	0x5
 304 0036 00000000 		.4byte	.LASF1
 305 003a 03       		.uleb128 0x3
ARM GAS  C:\Users\adm\AppData\Local\Temp\ccoPr6mI.s 			page 12


 306 003b 08       		.byte	0x8
 307 003c 04       		.byte	0x4
 308 003d 19010000 		.4byte	.LASF2
 309 0041 03       		.uleb128 0x3
 310 0042 01       		.byte	0x1
 311 0043 06       		.byte	0x6
 312 0044 0D010000 		.4byte	.LASF3
 313 0048 03       		.uleb128 0x3
 314 0049 01       		.byte	0x1
 315 004a 08       		.byte	0x8
 316 004b B5000000 		.4byte	.LASF4
 317 004f 03       		.uleb128 0x3
 318 0050 02       		.byte	0x2
 319 0051 05       		.byte	0x5
 320 0052 36010000 		.4byte	.LASF5
 321 0056 03       		.uleb128 0x3
 322 0057 02       		.byte	0x2
 323 0058 07       		.byte	0x7
 324 0059 FA000000 		.4byte	.LASF6
 325 005d 03       		.uleb128 0x3
 326 005e 04       		.byte	0x4
 327 005f 05       		.byte	0x5
 328 0060 C8000000 		.4byte	.LASF7
 329 0064 03       		.uleb128 0x3
 330 0065 04       		.byte	0x4
 331 0066 07       		.byte	0x7
 332 0067 4E000000 		.4byte	.LASF8
 333 006b 03       		.uleb128 0x3
 334 006c 08       		.byte	0x8
 335 006d 07       		.byte	0x7
 336 006e 6D000000 		.4byte	.LASF9
 337 0072 03       		.uleb128 0x3
 338 0073 04       		.byte	0x4
 339 0074 07       		.byte	0x7
 340 0075 FF010000 		.4byte	.LASF10
 341 0079 03       		.uleb128 0x3
 342 007a 01       		.byte	0x1
 343 007b 08       		.byte	0x8
 344 007c C3000000 		.4byte	.LASF11
 345 0080 04       		.uleb128 0x4
 346 0081 48000000 		.4byte	.LASF12
 347 0085 02       		.byte	0x2
 348 0086 FB01     		.2byte	0x1fb
 349 0088 48000000 		.4byte	0x48
 350 008c 04       		.uleb128 0x4
 351 008d 0E000000 		.4byte	.LASF13
 352 0091 02       		.byte	0x2
 353 0092 FD01     		.2byte	0x1fd
 354 0094 64000000 		.4byte	0x64
 355 0098 03       		.uleb128 0x3
 356 0099 04       		.byte	0x4
 357 009a 04       		.byte	0x4
 358 009b 84000000 		.4byte	.LASF14
 359 009f 03       		.uleb128 0x3
 360 00a0 08       		.byte	0x8
 361 00a1 04       		.byte	0x4
 362 00a2 ED000000 		.4byte	.LASF15
ARM GAS  C:\Users\adm\AppData\Local\Temp\ccoPr6mI.s 			page 13


 363 00a6 04       		.uleb128 0x4
 364 00a7 F4000000 		.4byte	.LASF16
 365 00ab 02       		.byte	0x2
 366 00ac A702     		.2byte	0x2a7
 367 00ae B2000000 		.4byte	0xb2
 368 00b2 05       		.uleb128 0x5
 369 00b3 8C000000 		.4byte	0x8c
 370 00b7 06       		.uleb128 0x6
 371 00b8 E2000000 		.4byte	.LASF17
 372 00bc 01       		.byte	0x1
 373 00bd A9       		.byte	0xa9
 374 00be 00000000 		.4byte	.LFB4
 375 00c2 64000000 		.4byte	.LFE4-.LFB4
 376 00c6 01       		.uleb128 0x1
 377 00c7 9C       		.byte	0x9c
 378 00c8 DC000000 		.4byte	0xdc
 379 00cc 07       		.uleb128 0x7
 380 00cd 0E000000 		.4byte	.LVL0
 381 00d1 5C010000 		.4byte	0x15c
 382 00d5 08       		.uleb128 0x8
 383 00d6 01       		.uleb128 0x1
 384 00d7 50       		.byte	0x50
 385 00d8 01       		.uleb128 0x1
 386 00d9 48       		.byte	0x48
 387 00da 00       		.byte	0
 388 00db 00       		.byte	0
 389 00dc 09       		.uleb128 0x9
 390 00dd 8A000000 		.4byte	.LASF19
 391 00e1 01       		.byte	0x1
 392 00e2 EE       		.byte	0xee
 393 00e3 00000000 		.4byte	.LFB6
 394 00e7 38000000 		.4byte	.LFE6-.LFB6
 395 00eb 01       		.uleb128 0x1
 396 00ec 9C       		.byte	0x9c
 397 00ed 0E010000 		.4byte	0x10e
 398 00f1 0A       		.uleb128 0xa
 399 00f2 25010000 		.4byte	.LASF24
 400 00f6 01       		.byte	0x1
 401 00f7 EE       		.byte	0xee
 402 00f8 80000000 		.4byte	0x80
 403 00fc 01       		.uleb128 0x1
 404 00fd 50       		.byte	0x50
 405 00fe 0B       		.uleb128 0xb
 406 00ff 2D010000 		.4byte	.LASF25
 407 0103 01       		.byte	0x1
 408 0104 F0       		.byte	0xf0
 409 0105 8C000000 		.4byte	0x8c
 410 0109 00000000 		.4byte	.LLST0
 411 010d 00       		.byte	0
 412 010e 06       		.uleb128 0x6
 413 010f D1000000 		.4byte	.LASF18
 414 0113 01       		.byte	0x1
 415 0114 D8       		.byte	0xd8
 416 0115 00000000 		.4byte	.LFB5
 417 0119 0A000000 		.4byte	.LFE5-.LFB5
 418 011d 01       		.uleb128 0x1
 419 011e 9C       		.byte	0x9c
ARM GAS  C:\Users\adm\AppData\Local\Temp\ccoPr6mI.s 			page 14


 420 011f 33010000 		.4byte	0x133
 421 0123 07       		.uleb128 0x7
 422 0124 08000000 		.4byte	.LVL10
 423 0128 DC000000 		.4byte	0xdc
 424 012c 08       		.uleb128 0x8
 425 012d 01       		.uleb128 0x1
 426 012e 50       		.byte	0x50
 427 012f 01       		.uleb128 0x1
 428 0130 31       		.byte	0x31
 429 0131 00       		.byte	0
 430 0132 00       		.byte	0
 431 0133 0C       		.uleb128 0xc
 432 0134 60000000 		.4byte	.LASF20
 433 0138 01       		.byte	0x1
 434 0139 1A01     		.2byte	0x11a
 435 013b 64000000 		.4byte	.LFB7
 436 013f 74000000 		.4byte	.LFE7-.LFB7
 437 0143 01       		.uleb128 0x1
 438 0144 9C       		.byte	0x9c
 439 0145 5C010000 		.4byte	0x15c
 440 0149 0D       		.uleb128 0xd
 441 014a A8000000 		.4byte	.LVL11
 442 014e B7000000 		.4byte	0xb7
 443 0152 0D       		.uleb128 0xd
 444 0153 AC000000 		.4byte	.LVL12
 445 0157 0E010000 		.4byte	0x10e
 446 015b 00       		.byte	0
 447 015c 0E       		.uleb128 0xe
 448 015d A0000000 		.4byte	.LASF26
 449 0161 A0000000 		.4byte	.LASF26
 450 0165 03       		.byte	0x3
 451 0166 6C       		.byte	0x6c
 452 0167 00       		.byte	0
 453              		.section	.debug_abbrev,"",%progbits
 454              	.Ldebug_abbrev0:
 455 0000 01       		.uleb128 0x1
 456 0001 11       		.uleb128 0x11
 457 0002 01       		.byte	0x1
 458 0003 25       		.uleb128 0x25
 459 0004 0E       		.uleb128 0xe
 460 0005 13       		.uleb128 0x13
 461 0006 0B       		.uleb128 0xb
 462 0007 03       		.uleb128 0x3
 463 0008 0E       		.uleb128 0xe
 464 0009 1B       		.uleb128 0x1b
 465 000a 0E       		.uleb128 0xe
 466 000b 55       		.uleb128 0x55
 467 000c 17       		.uleb128 0x17
 468 000d 11       		.uleb128 0x11
 469 000e 01       		.uleb128 0x1
 470 000f 10       		.uleb128 0x10
 471 0010 17       		.uleb128 0x17
 472 0011 00       		.byte	0
 473 0012 00       		.byte	0
 474 0013 02       		.uleb128 0x2
 475 0014 24       		.uleb128 0x24
 476 0015 00       		.byte	0
ARM GAS  C:\Users\adm\AppData\Local\Temp\ccoPr6mI.s 			page 15


 477 0016 0B       		.uleb128 0xb
 478 0017 0B       		.uleb128 0xb
 479 0018 3E       		.uleb128 0x3e
 480 0019 0B       		.uleb128 0xb
 481 001a 03       		.uleb128 0x3
 482 001b 08       		.uleb128 0x8
 483 001c 00       		.byte	0
 484 001d 00       		.byte	0
 485 001e 03       		.uleb128 0x3
 486 001f 24       		.uleb128 0x24
 487 0020 00       		.byte	0
 488 0021 0B       		.uleb128 0xb
 489 0022 0B       		.uleb128 0xb
 490 0023 3E       		.uleb128 0x3e
 491 0024 0B       		.uleb128 0xb
 492 0025 03       		.uleb128 0x3
 493 0026 0E       		.uleb128 0xe
 494 0027 00       		.byte	0
 495 0028 00       		.byte	0
 496 0029 04       		.uleb128 0x4
 497 002a 16       		.uleb128 0x16
 498 002b 00       		.byte	0
 499 002c 03       		.uleb128 0x3
 500 002d 0E       		.uleb128 0xe
 501 002e 3A       		.uleb128 0x3a
 502 002f 0B       		.uleb128 0xb
 503 0030 3B       		.uleb128 0x3b
 504 0031 05       		.uleb128 0x5
 505 0032 49       		.uleb128 0x49
 506 0033 13       		.uleb128 0x13
 507 0034 00       		.byte	0
 508 0035 00       		.byte	0
 509 0036 05       		.uleb128 0x5
 510 0037 35       		.uleb128 0x35
 511 0038 00       		.byte	0
 512 0039 49       		.uleb128 0x49
 513 003a 13       		.uleb128 0x13
 514 003b 00       		.byte	0
 515 003c 00       		.byte	0
 516 003d 06       		.uleb128 0x6
 517 003e 2E       		.uleb128 0x2e
 518 003f 01       		.byte	0x1
 519 0040 03       		.uleb128 0x3
 520 0041 0E       		.uleb128 0xe
 521 0042 3A       		.uleb128 0x3a
 522 0043 0B       		.uleb128 0xb
 523 0044 3B       		.uleb128 0x3b
 524 0045 0B       		.uleb128 0xb
 525 0046 27       		.uleb128 0x27
 526 0047 19       		.uleb128 0x19
 527 0048 11       		.uleb128 0x11
 528 0049 01       		.uleb128 0x1
 529 004a 12       		.uleb128 0x12
 530 004b 06       		.uleb128 0x6
 531 004c 40       		.uleb128 0x40
 532 004d 18       		.uleb128 0x18
 533 004e 9742     		.uleb128 0x2117
ARM GAS  C:\Users\adm\AppData\Local\Temp\ccoPr6mI.s 			page 16


 534 0050 19       		.uleb128 0x19
 535 0051 01       		.uleb128 0x1
 536 0052 13       		.uleb128 0x13
 537 0053 00       		.byte	0
 538 0054 00       		.byte	0
 539 0055 07       		.uleb128 0x7
 540 0056 898201   		.uleb128 0x4109
 541 0059 01       		.byte	0x1
 542 005a 11       		.uleb128 0x11
 543 005b 01       		.uleb128 0x1
 544 005c 31       		.uleb128 0x31
 545 005d 13       		.uleb128 0x13
 546 005e 00       		.byte	0
 547 005f 00       		.byte	0
 548 0060 08       		.uleb128 0x8
 549 0061 8A8201   		.uleb128 0x410a
 550 0064 00       		.byte	0
 551 0065 02       		.uleb128 0x2
 552 0066 18       		.uleb128 0x18
 553 0067 9142     		.uleb128 0x2111
 554 0069 18       		.uleb128 0x18
 555 006a 00       		.byte	0
 556 006b 00       		.byte	0
 557 006c 09       		.uleb128 0x9
 558 006d 2E       		.uleb128 0x2e
 559 006e 01       		.byte	0x1
 560 006f 3F       		.uleb128 0x3f
 561 0070 19       		.uleb128 0x19
 562 0071 03       		.uleb128 0x3
 563 0072 0E       		.uleb128 0xe
 564 0073 3A       		.uleb128 0x3a
 565 0074 0B       		.uleb128 0xb
 566 0075 3B       		.uleb128 0x3b
 567 0076 0B       		.uleb128 0xb
 568 0077 27       		.uleb128 0x27
 569 0078 19       		.uleb128 0x19
 570 0079 11       		.uleb128 0x11
 571 007a 01       		.uleb128 0x1
 572 007b 12       		.uleb128 0x12
 573 007c 06       		.uleb128 0x6
 574 007d 40       		.uleb128 0x40
 575 007e 18       		.uleb128 0x18
 576 007f 9742     		.uleb128 0x2117
 577 0081 19       		.uleb128 0x19
 578 0082 01       		.uleb128 0x1
 579 0083 13       		.uleb128 0x13
 580 0084 00       		.byte	0
 581 0085 00       		.byte	0
 582 0086 0A       		.uleb128 0xa
 583 0087 05       		.uleb128 0x5
 584 0088 00       		.byte	0
 585 0089 03       		.uleb128 0x3
 586 008a 0E       		.uleb128 0xe
 587 008b 3A       		.uleb128 0x3a
 588 008c 0B       		.uleb128 0xb
 589 008d 3B       		.uleb128 0x3b
 590 008e 0B       		.uleb128 0xb
ARM GAS  C:\Users\adm\AppData\Local\Temp\ccoPr6mI.s 			page 17


 591 008f 49       		.uleb128 0x49
 592 0090 13       		.uleb128 0x13
 593 0091 02       		.uleb128 0x2
 594 0092 18       		.uleb128 0x18
 595 0093 00       		.byte	0
 596 0094 00       		.byte	0
 597 0095 0B       		.uleb128 0xb
 598 0096 34       		.uleb128 0x34
 599 0097 00       		.byte	0
 600 0098 03       		.uleb128 0x3
 601 0099 0E       		.uleb128 0xe
 602 009a 3A       		.uleb128 0x3a
 603 009b 0B       		.uleb128 0xb
 604 009c 3B       		.uleb128 0x3b
 605 009d 0B       		.uleb128 0xb
 606 009e 49       		.uleb128 0x49
 607 009f 13       		.uleb128 0x13
 608 00a0 02       		.uleb128 0x2
 609 00a1 17       		.uleb128 0x17
 610 00a2 00       		.byte	0
 611 00a3 00       		.byte	0
 612 00a4 0C       		.uleb128 0xc
 613 00a5 2E       		.uleb128 0x2e
 614 00a6 01       		.byte	0x1
 615 00a7 3F       		.uleb128 0x3f
 616 00a8 19       		.uleb128 0x19
 617 00a9 03       		.uleb128 0x3
 618 00aa 0E       		.uleb128 0xe
 619 00ab 3A       		.uleb128 0x3a
 620 00ac 0B       		.uleb128 0xb
 621 00ad 3B       		.uleb128 0x3b
 622 00ae 05       		.uleb128 0x5
 623 00af 27       		.uleb128 0x27
 624 00b0 19       		.uleb128 0x19
 625 00b1 11       		.uleb128 0x11
 626 00b2 01       		.uleb128 0x1
 627 00b3 12       		.uleb128 0x12
 628 00b4 06       		.uleb128 0x6
 629 00b5 40       		.uleb128 0x40
 630 00b6 18       		.uleb128 0x18
 631 00b7 9742     		.uleb128 0x2117
 632 00b9 19       		.uleb128 0x19
 633 00ba 01       		.uleb128 0x1
 634 00bb 13       		.uleb128 0x13
 635 00bc 00       		.byte	0
 636 00bd 00       		.byte	0
 637 00be 0D       		.uleb128 0xd
 638 00bf 898201   		.uleb128 0x4109
 639 00c2 00       		.byte	0
 640 00c3 11       		.uleb128 0x11
 641 00c4 01       		.uleb128 0x1
 642 00c5 31       		.uleb128 0x31
 643 00c6 13       		.uleb128 0x13
 644 00c7 00       		.byte	0
 645 00c8 00       		.byte	0
 646 00c9 0E       		.uleb128 0xe
 647 00ca 2E       		.uleb128 0x2e
ARM GAS  C:\Users\adm\AppData\Local\Temp\ccoPr6mI.s 			page 18


 648 00cb 00       		.byte	0
 649 00cc 3F       		.uleb128 0x3f
 650 00cd 19       		.uleb128 0x19
 651 00ce 3C       		.uleb128 0x3c
 652 00cf 19       		.uleb128 0x19
 653 00d0 6E       		.uleb128 0x6e
 654 00d1 0E       		.uleb128 0xe
 655 00d2 03       		.uleb128 0x3
 656 00d3 0E       		.uleb128 0xe
 657 00d4 3A       		.uleb128 0x3a
 658 00d5 0B       		.uleb128 0xb
 659 00d6 3B       		.uleb128 0x3b
 660 00d7 0B       		.uleb128 0xb
 661 00d8 00       		.byte	0
 662 00d9 00       		.byte	0
 663 00da 00       		.byte	0
 664              		.section	.debug_loc,"",%progbits
 665              	.Ldebug_loc0:
 666              	.LLST0:
 667 0000 04000000 		.4byte	.LVL2
 668 0004 12000000 		.4byte	.LVL4
 669 0008 0100     		.2byte	0x1
 670 000a 53       		.byte	0x53
 671 000b 14000000 		.4byte	.LVL5
 672 000f 1A000000 		.4byte	.LVL6
 673 0013 0100     		.2byte	0x1
 674 0015 53       		.byte	0x53
 675 0016 1A000000 		.4byte	.LVL6
 676 001a 1C000000 		.4byte	.LVL7
 677 001e 0200     		.2byte	0x2
 678 0020 72       		.byte	0x72
 679 0021 00       		.sleb128 0
 680 0022 1C000000 		.4byte	.LVL7
 681 0026 38000000 		.4byte	.LFE6
 682 002a 0100     		.2byte	0x1
 683 002c 53       		.byte	0x53
 684 002d 00000000 		.4byte	0
 685 0031 00000000 		.4byte	0
 686              		.section	.debug_aranges,"",%progbits
 687 0000 34000000 		.4byte	0x34
 688 0004 0200     		.2byte	0x2
 689 0006 00000000 		.4byte	.Ldebug_info0
 690 000a 04       		.byte	0x4
 691 000b 00       		.byte	0
 692 000c 0000     		.2byte	0
 693 000e 0000     		.2byte	0
 694 0010 00000000 		.4byte	.LFB4
 695 0014 64000000 		.4byte	.LFE4-.LFB4
 696 0018 00000000 		.4byte	.LFB6
 697 001c 38000000 		.4byte	.LFE6-.LFB6
 698 0020 00000000 		.4byte	.LFB5
 699 0024 0A000000 		.4byte	.LFE5-.LFB5
 700 0028 64000000 		.4byte	.LFB7
 701 002c 74000000 		.4byte	.LFE7-.LFB7
 702 0030 00000000 		.4byte	0
 703 0034 00000000 		.4byte	0
 704              		.section	.debug_ranges,"",%progbits
ARM GAS  C:\Users\adm\AppData\Local\Temp\ccoPr6mI.s 			page 19


 705              	.Ldebug_ranges0:
 706 0000 00000000 		.4byte	.LFB4
 707 0004 64000000 		.4byte	.LFE4
 708 0008 00000000 		.4byte	.LFB6
 709 000c 38000000 		.4byte	.LFE6
 710 0010 00000000 		.4byte	.LFB5
 711 0014 0A000000 		.4byte	.LFE5
 712 0018 64000000 		.4byte	.LFB7
 713 001c D8000000 		.4byte	.LFE7
 714 0020 00000000 		.4byte	0
 715 0024 00000000 		.4byte	0
 716              		.section	.debug_line,"",%progbits
 717              	.Ldebug_line0:
 718 0000 B4000000 		.section	.debug_str,"MS",%progbits,1
 718      02005400 
 718      00000201 
 718      FB0E0D00 
 718      01010101 
 719              	.LASF1:
 720 0000 6C6F6E67 		.ascii	"long long int\000"
 720      206C6F6E 
 720      6720696E 
 720      7400
 721              	.LASF13:
 722 000e 75696E74 		.ascii	"uint32\000"
 722      333200
 723              	.LASF22:
 724 0015 47656E65 		.ascii	"Generated_Source\\PSoC4\\cyfitter_cfg.c\000"
 724      72617465 
 724      645F536F 
 724      75726365 
 724      5C50536F 
 725              	.LASF0:
 726 003b 756E7369 		.ascii	"unsigned int\000"
 726      676E6564 
 726      20696E74 
 726      00
 727              	.LASF12:
 728 0048 75696E74 		.ascii	"uint8\000"
 728      3800
 729              	.LASF8:
 730 004e 6C6F6E67 		.ascii	"long unsigned int\000"
 730      20756E73 
 730      69676E65 
 730      6420696E 
 730      7400
 731              	.LASF20:
 732 0060 63796669 		.ascii	"cyfitter_cfg\000"
 732      74746572 
 732      5F636667 
 732      00
 733              	.LASF9:
 734 006d 6C6F6E67 		.ascii	"long long unsigned int\000"
 734      206C6F6E 
 734      6720756E 
 734      7369676E 
 734      65642069 
ARM GAS  C:\Users\adm\AppData\Local\Temp\ccoPr6mI.s 			page 20


 735              	.LASF14:
 736 0084 666C6F61 		.ascii	"float\000"
 736      7400
 737              	.LASF19:
 738 008a 53657441 		.ascii	"SetAnalogRoutingPumps\000"
 738      6E616C6F 
 738      67526F75 
 738      74696E67 
 738      50756D70 
 739              	.LASF26:
 740 00a0 43795379 		.ascii	"CySysClkWriteImoFreq\000"
 740      73436C6B 
 740      57726974 
 740      65496D6F 
 740      46726571 
 741              	.LASF4:
 742 00b5 756E7369 		.ascii	"unsigned char\000"
 742      676E6564 
 742      20636861 
 742      7200
 743              	.LASF11:
 744 00c3 63686172 		.ascii	"char\000"
 744      00
 745              	.LASF7:
 746 00c8 6C6F6E67 		.ascii	"long int\000"
 746      20696E74 
 746      00
 747              	.LASF18:
 748 00d1 416E616C 		.ascii	"AnalogSetDefault\000"
 748      6F675365 
 748      74446566 
 748      61756C74 
 748      00
 749              	.LASF17:
 750 00e2 436C6F63 		.ascii	"ClockSetup\000"
 750      6B536574 
 750      757000
 751              	.LASF15:
 752 00ed 646F7562 		.ascii	"double\000"
 752      6C6500
 753              	.LASF16:
 754 00f4 72656733 		.ascii	"reg32\000"
 754      3200
 755              	.LASF6:
 756 00fa 73686F72 		.ascii	"short unsigned int\000"
 756      7420756E 
 756      7369676E 
 756      65642069 
 756      6E7400
 757              	.LASF3:
 758 010d 7369676E 		.ascii	"signed char\000"
 758      65642063 
 758      68617200 
 759              	.LASF2:
 760 0119 6C6F6E67 		.ascii	"long double\000"
 760      20646F75 
 760      626C6500 
ARM GAS  C:\Users\adm\AppData\Local\Temp\ccoPr6mI.s 			page 21


 761              	.LASF24:
 762 0125 656E6162 		.ascii	"enabled\000"
 762      6C656400 
 763              	.LASF25:
 764 012d 72656756 		.ascii	"regValue\000"
 764      616C7565 
 764      00
 765              	.LASF5:
 766 0136 73686F72 		.ascii	"short int\000"
 766      7420696E 
 766      7400
 767              	.LASF21:
 768 0140 474E5520 		.ascii	"GNU C11 5.4.1 20160609 (release) [ARM/embedded-5-br"
 768      43313120 
 768      352E342E 
 768      31203230 
 768      31363036 
 769 0173 616E6368 		.ascii	"anch revision 237715] -mcpu=cortex-m0plus -mthumb -"
 769      20726576 
 769      6973696F 
 769      6E203233 
 769      37373135 
 770 01a6 67202D4F 		.ascii	"g -Og -ffunction-sections -ffat-lto-objects\000"
 770      67202D66 
 770      66756E63 
 770      74696F6E 
 770      2D736563 
 771              	.LASF23:
 772 01d2 463A5C43 		.ascii	"F:\\CapSense_Tasks\\Taks_2_Reaction_Game.cydsn\000"
 772      61705365 
 772      6E73655F 
 772      5461736B 
 772      735C5461 
 773              	.LASF10:
 774 01ff 73697A65 		.ascii	"sizetype\000"
 774      74797065 
 774      00
 775              		.ident	"GCC: (GNU Tools for ARM Embedded Processors) 5.4.1 20160609 (release) [ARM/embedded-5-bran
