ARM GAS  C:\Users\Petro\AppData\Local\Temp\cccspPL2.s 			page 1


   1              		.syntax unified
   2              		.cpu cortex-m0plus
   3              		.fpu softvfp
   4              		.eabi_attribute 20, 1
   5              		.eabi_attribute 21, 1
   6              		.eabi_attribute 23, 3
   7              		.eabi_attribute 24, 1
   8              		.eabi_attribute 25, 1
   9              		.eabi_attribute 26, 1
  10              		.eabi_attribute 30, 1
  11              		.eabi_attribute 34, 0
  12              		.eabi_attribute 18, 4
  13              		.thumb
  14              		.syntax unified
  15              		.file	"main.c"
  16              		.text
  17              	.Ltext0:
  18              		.cfi_sections	.debug_frame
  19              		.section	.text.TurnOffAllLEDs,"ax",%progbits
  20              		.align	2
  21              		.global	TurnOffAllLEDs
  22              		.code	16
  23              		.thumb_func
  24              		.type	TurnOffAllLEDs, %function
  25              	TurnOffAllLEDs:
  26              	.LFB34:
  27              		.file 1 "main.c"
   1:main.c        **** #include "project.h"
   2:main.c        **** #include <stdio.h>
   3:main.c        **** #include <stdlib.h>
   4:main.c        **** 
   5:main.c        **** #define TIMEOUT_MS 1000
   6:main.c        **** #define IDLE_MS 3000
   7:main.c        **** 
   8:main.c        **** uint32_t roundCount = 0;
   9:main.c        **** uint32_t totalReactionTime = 0;
  10:main.c        **** 
  11:main.c        **** void TurnOffAllLEDs() {
  28              		.loc 1 11 0
  29              		.cfi_startproc
  30              		@ args = 0, pretend = 0, frame = 0
  31              		@ frame_needed = 0, uses_anonymous_args = 0
  32 0000 10B5     		push	{r4, lr}
  33              		.cfi_def_cfa_offset 8
  34              		.cfi_offset 4, -8
  35              		.cfi_offset 14, -4
  12:main.c        ****     LED_CapSense_Button_0_Write(1);
  36              		.loc 1 12 0
  37 0002 0120     		movs	r0, #1
  38 0004 FFF7FEFF 		bl	LED_CapSense_Button_0_Write
  39              	.LVL0:
  13:main.c        ****     LED_CapSense_Button_1_Write(1);
  40              		.loc 1 13 0
  41 0008 0120     		movs	r0, #1
  42 000a FFF7FEFF 		bl	LED_CapSense_Button_1_Write
  43              	.LVL1:
  14:main.c        ****     LED_CapSense_Button_2_Write(1);
ARM GAS  C:\Users\Petro\AppData\Local\Temp\cccspPL2.s 			page 2


  44              		.loc 1 14 0
  45 000e 0120     		movs	r0, #1
  46 0010 FFF7FEFF 		bl	LED_CapSense_Button_2_Write
  47              	.LVL2:
  15:main.c        **** }
  48              		.loc 1 15 0
  49              		@ sp needed
  50 0014 10BD     		pop	{r4, pc}
  51              		.cfi_endproc
  52              	.LFE34:
  53              		.size	TurnOffAllLEDs, .-TurnOffAllLEDs
  54 0016 C046     		.section	.text.BlinkUserLED,"ax",%progbits
  55              		.align	2
  56              		.global	BlinkUserLED
  57              		.code	16
  58              		.thumb_func
  59              		.type	BlinkUserLED, %function
  60              	BlinkUserLED:
  61              	.LFB35:
  16:main.c        **** 
  17:main.c        **** void BlinkUserLED() {
  62              		.loc 1 17 0
  63              		.cfi_startproc
  64              		@ args = 0, pretend = 0, frame = 0
  65              		@ frame_needed = 0, uses_anonymous_args = 0
  66 0000 10B5     		push	{r4, lr}
  67              		.cfi_def_cfa_offset 8
  68              		.cfi_offset 4, -8
  69              		.cfi_offset 14, -4
  18:main.c        ****     LED_User_status_Write(0); // –í–≤—ñ–º–∫–Ω—É—Ç–∏ (–∞–∫—Ç–∏–≤–Ω–∏–π 0)
  70              		.loc 1 18 0
  71 0002 0020     		movs	r0, #0
  72 0004 FFF7FEFF 		bl	LED_User_status_Write
  73              	.LVL3:
  19:main.c        ****     CyDelay(200);
  74              		.loc 1 19 0
  75 0008 C820     		movs	r0, #200
  76 000a FFF7FEFF 		bl	CyDelay
  77              	.LVL4:
  20:main.c        ****     LED_User_status_Write(1); // –í–∏–º–∫–Ω—É—Ç–∏
  78              		.loc 1 20 0
  79 000e 0120     		movs	r0, #1
  80 0010 FFF7FEFF 		bl	LED_User_status_Write
  81              	.LVL5:
  21:main.c        **** }
  82              		.loc 1 21 0
  83              		@ sp needed
  84 0014 10BD     		pop	{r4, pc}
  85              		.cfi_endproc
  86              	.LFE35:
  87              		.size	BlinkUserLED, .-BlinkUserLED
  88              		.global	__aeabi_uidiv
  89 0016 C046     		.section	.text.OutputStats,"ax",%progbits
  90              		.align	2
  91              		.global	OutputStats
  92              		.code	16
  93              		.thumb_func
ARM GAS  C:\Users\Petro\AppData\Local\Temp\cccspPL2.s 			page 3


  94              		.type	OutputStats, %function
  95              	OutputStats:
  96              	.LFB36:
  22:main.c        **** 
  23:main.c        **** void OutputStats() {
  97              		.loc 1 23 0
  98              		.cfi_startproc
  99              		@ args = 0, pretend = 0, frame = 64
 100              		@ frame_needed = 0, uses_anonymous_args = 0
 101 0000 10B5     		push	{r4, lr}
 102              		.cfi_def_cfa_offset 8
 103              		.cfi_offset 4, -8
 104              		.cfi_offset 14, -4
 105 0002 90B0     		sub	sp, sp, #64
 106              		.cfi_def_cfa_offset 72
  24:main.c        ****     char msg[64];
  25:main.c        ****     if (roundCount > 0) {
 107              		.loc 1 25 0
 108 0004 094B     		ldr	r3, .L5
 109 0006 1C68     		ldr	r4, [r3]
 110 0008 002C     		cmp	r4, #0
 111 000a 0CD0     		beq	.L3
  26:main.c        ****         sprintf(msg, "Rounds: %lu, Avg Time: %lu ms\r\n",
 112              		.loc 1 26 0
 113 000c 5868     		ldr	r0, [r3, #4]
  27:main.c        ****         (unsigned long)roundCount,
  28:main.c        ****         (unsigned long)(totalReactionTime / roundCount));
 114              		.loc 1 28 0
 115 000e 2100     		movs	r1, r4
 116 0010 FFF7FEFF 		bl	__aeabi_uidiv
 117              	.LVL6:
 118 0014 0300     		movs	r3, r0
  26:main.c        ****         sprintf(msg, "Rounds: %lu, Avg Time: %lu ms\r\n",
 119              		.loc 1 26 0
 120 0016 2200     		movs	r2, r4
 121 0018 0549     		ldr	r1, .L5+4
 122 001a 6846     		mov	r0, sp
 123 001c FFF7FEFF 		bl	sprintf
 124              	.LVL7:
  29:main.c        **** 
  30:main.c        ****         UART_UartPutString(msg);
 125              		.loc 1 30 0
 126 0020 6846     		mov	r0, sp
 127 0022 FFF7FEFF 		bl	UART_UartPutString
 128              	.LVL8:
 129              	.L3:
  31:main.c        ****     }
  32:main.c        **** }
 130              		.loc 1 32 0
 131 0026 10B0     		add	sp, sp, #64
 132              		@ sp needed
 133 0028 10BD     		pop	{r4, pc}
 134              	.L6:
 135 002a C046     		.align	2
 136              	.L5:
 137 002c 00000000 		.word	.LANCHOR0
 138 0030 00000000 		.word	.LC1
ARM GAS  C:\Users\Petro\AppData\Local\Temp\cccspPL2.s 			page 4


 139              		.cfi_endproc
 140              	.LFE36:
 141              		.size	OutputStats, .-OutputStats
 142              		.global	__aeabi_idivmod
 143              		.section	.text.main,"ax",%progbits
 144              		.align	2
 145              		.global	main
 146              		.code	16
 147              		.thumb_func
 148              		.type	main, %function
 149              	main:
 150              	.LFB37:
  33:main.c        **** 
  34:main.c        **** int main(void)
  35:main.c        **** {
 151              		.loc 1 35 0
 152              		.cfi_startproc
 153              		@ args = 0, pretend = 0, frame = 64
 154              		@ frame_needed = 0, uses_anonymous_args = 0
 155 0000 F0B5     		push	{r4, r5, r6, r7, lr}
 156              		.cfi_def_cfa_offset 20
 157              		.cfi_offset 4, -20
 158              		.cfi_offset 5, -16
 159              		.cfi_offset 6, -12
 160              		.cfi_offset 7, -8
 161              		.cfi_offset 14, -4
 162 0002 4746     		mov	r7, r8
 163 0004 80B4     		push	{r7}
 164              		.cfi_def_cfa_offset 24
 165              		.cfi_offset 8, -24
 166 0006 92B0     		sub	sp, sp, #72
 167              		.cfi_def_cfa_offset 96
 168              	.LBB7:
 169              	.LBB8:
 170              		.file 2 "Generated_Source\\PSoC4/cmsis_gcc.h"
   1:Generated_Source\PSoC4/cmsis_gcc.h **** /**************************************************************************//**
   2:Generated_Source\PSoC4/cmsis_gcc.h ****  * @file     cmsis_gcc.h
   3:Generated_Source\PSoC4/cmsis_gcc.h ****  * @brief    CMSIS Cortex-M Core Function/Instruction Header File
   4:Generated_Source\PSoC4/cmsis_gcc.h ****  * @version  V5.00
   5:Generated_Source\PSoC4/cmsis_gcc.h ****  * @date     28. October 2016
   6:Generated_Source\PSoC4/cmsis_gcc.h ****  ******************************************************************************/
   7:Generated_Source\PSoC4/cmsis_gcc.h **** /*
   8:Generated_Source\PSoC4/cmsis_gcc.h ****  * Copyright (c) 2009-2016 ARM Limited. All rights reserved.
   9:Generated_Source\PSoC4/cmsis_gcc.h ****  *
  10:Generated_Source\PSoC4/cmsis_gcc.h ****  * SPDX-License-Identifier: Apache-2.0
  11:Generated_Source\PSoC4/cmsis_gcc.h ****  *
  12:Generated_Source\PSoC4/cmsis_gcc.h ****  * Licensed under the Apache License, Version 2.0 (the License); you may
  13:Generated_Source\PSoC4/cmsis_gcc.h ****  * not use this file except in compliance with the License.
  14:Generated_Source\PSoC4/cmsis_gcc.h ****  * You may obtain a copy of the License at
  15:Generated_Source\PSoC4/cmsis_gcc.h ****  *
  16:Generated_Source\PSoC4/cmsis_gcc.h ****  * http://www.apache.org/licenses/LICENSE-2.0
  17:Generated_Source\PSoC4/cmsis_gcc.h ****  *
  18:Generated_Source\PSoC4/cmsis_gcc.h ****  * Unless required by applicable law or agreed to in writing, software
  19:Generated_Source\PSoC4/cmsis_gcc.h ****  * distributed under the License is distributed on an AS IS BASIS, WITHOUT
  20:Generated_Source\PSoC4/cmsis_gcc.h ****  * WARRANTIES OR CONDITIONS OF ANY KIND, either express or implied.
  21:Generated_Source\PSoC4/cmsis_gcc.h ****  * See the License for the specific language governing permissions and
  22:Generated_Source\PSoC4/cmsis_gcc.h ****  * limitations under the License.
ARM GAS  C:\Users\Petro\AppData\Local\Temp\cccspPL2.s 			page 5


  23:Generated_Source\PSoC4/cmsis_gcc.h ****  */
  24:Generated_Source\PSoC4/cmsis_gcc.h **** 
  25:Generated_Source\PSoC4/cmsis_gcc.h **** #ifndef __CMSIS_GCC_H
  26:Generated_Source\PSoC4/cmsis_gcc.h **** #define __CMSIS_GCC_H
  27:Generated_Source\PSoC4/cmsis_gcc.h **** 
  28:Generated_Source\PSoC4/cmsis_gcc.h **** /* ignore some GCC warnings */
  29:Generated_Source\PSoC4/cmsis_gcc.h **** #pragma GCC diagnostic push
  30:Generated_Source\PSoC4/cmsis_gcc.h **** #pragma GCC diagnostic ignored "-Wsign-conversion"
  31:Generated_Source\PSoC4/cmsis_gcc.h **** #pragma GCC diagnostic ignored "-Wconversion"
  32:Generated_Source\PSoC4/cmsis_gcc.h **** #pragma GCC diagnostic ignored "-Wunused-parameter"
  33:Generated_Source\PSoC4/cmsis_gcc.h **** 
  34:Generated_Source\PSoC4/cmsis_gcc.h **** /* CMSIS compiler specific defines */
  35:Generated_Source\PSoC4/cmsis_gcc.h **** #ifndef   __ASM
  36:Generated_Source\PSoC4/cmsis_gcc.h ****   #define __ASM                     __asm
  37:Generated_Source\PSoC4/cmsis_gcc.h **** #endif
  38:Generated_Source\PSoC4/cmsis_gcc.h **** #ifndef   __INLINE
  39:Generated_Source\PSoC4/cmsis_gcc.h ****   #define __INLINE                  inline
  40:Generated_Source\PSoC4/cmsis_gcc.h **** #endif
  41:Generated_Source\PSoC4/cmsis_gcc.h **** #ifndef   __STATIC_INLINE
  42:Generated_Source\PSoC4/cmsis_gcc.h ****   #define __STATIC_INLINE           static inline
  43:Generated_Source\PSoC4/cmsis_gcc.h **** #endif
  44:Generated_Source\PSoC4/cmsis_gcc.h **** #ifndef   __NO_RETURN
  45:Generated_Source\PSoC4/cmsis_gcc.h ****   #define __NO_RETURN               __attribute__((noreturn))
  46:Generated_Source\PSoC4/cmsis_gcc.h **** #endif
  47:Generated_Source\PSoC4/cmsis_gcc.h **** #ifndef   __USED
  48:Generated_Source\PSoC4/cmsis_gcc.h ****   #define __USED                    __attribute__((used))
  49:Generated_Source\PSoC4/cmsis_gcc.h **** #endif
  50:Generated_Source\PSoC4/cmsis_gcc.h **** #ifndef   _WEAK
  51:Generated_Source\PSoC4/cmsis_gcc.h ****   #define __WEAK                    __attribute__((weak))
  52:Generated_Source\PSoC4/cmsis_gcc.h **** #endif
  53:Generated_Source\PSoC4/cmsis_gcc.h **** #ifndef   __UNALIGNED_UINT32
  54:Generated_Source\PSoC4/cmsis_gcc.h ****   struct __attribute__((packed)) T_UINT32 { uint32_t v; };
  55:Generated_Source\PSoC4/cmsis_gcc.h ****   #define __UNALIGNED_UINT32(x)     (((struct T_UINT32 *)(x))->v)
  56:Generated_Source\PSoC4/cmsis_gcc.h **** #endif
  57:Generated_Source\PSoC4/cmsis_gcc.h **** #ifndef   __ALIGNED
  58:Generated_Source\PSoC4/cmsis_gcc.h ****   #define __ALIGNED(x)              __attribute__((aligned(x)))
  59:Generated_Source\PSoC4/cmsis_gcc.h **** #endif
  60:Generated_Source\PSoC4/cmsis_gcc.h **** #ifndef   __PACKED
  61:Generated_Source\PSoC4/cmsis_gcc.h ****   #define __PACKED                  __attribute__((packed, aligned(1)))
  62:Generated_Source\PSoC4/cmsis_gcc.h **** #endif
  63:Generated_Source\PSoC4/cmsis_gcc.h **** 
  64:Generated_Source\PSoC4/cmsis_gcc.h **** 
  65:Generated_Source\PSoC4/cmsis_gcc.h **** /* ###########################  Core Function Access  ########################### */
  66:Generated_Source\PSoC4/cmsis_gcc.h **** /** \ingroup  CMSIS_Core_FunctionInterface
  67:Generated_Source\PSoC4/cmsis_gcc.h ****     \defgroup CMSIS_Core_RegAccFunctions CMSIS Core Register Access Functions
  68:Generated_Source\PSoC4/cmsis_gcc.h ****   @{
  69:Generated_Source\PSoC4/cmsis_gcc.h ****  */
  70:Generated_Source\PSoC4/cmsis_gcc.h **** 
  71:Generated_Source\PSoC4/cmsis_gcc.h **** /**
  72:Generated_Source\PSoC4/cmsis_gcc.h ****   \brief   Enable IRQ Interrupts
  73:Generated_Source\PSoC4/cmsis_gcc.h ****   \details Enables IRQ interrupts by clearing the I-bit in the CPSR.
  74:Generated_Source\PSoC4/cmsis_gcc.h ****            Can only be executed in Privileged modes.
  75:Generated_Source\PSoC4/cmsis_gcc.h ****  */
  76:Generated_Source\PSoC4/cmsis_gcc.h **** __attribute__((always_inline)) __STATIC_INLINE void __enable_irq(void)
  77:Generated_Source\PSoC4/cmsis_gcc.h **** {
  78:Generated_Source\PSoC4/cmsis_gcc.h ****   __ASM volatile ("cpsie i" : : : "memory");
 171              		.loc 2 78 0
ARM GAS  C:\Users\Petro\AppData\Local\Temp\cccspPL2.s 			page 6


 172              		.syntax divided
 173              	@ 78 "Generated_Source\PSoC4/cmsis_gcc.h" 1
 174 0008 62B6     		cpsie i
 175              	@ 0 "" 2
 176              		.thumb
 177              		.syntax unified
 178              	.LBE8:
 179              	.LBE7:
  36:main.c        ****     __enable_irq();
  37:main.c        **** 
  38:main.c        ****     UART_Init();
 180              		.loc 1 38 0
 181 000a FFF7FEFF 		bl	UART_Init
 182              	.LVL9:
  39:main.c        ****     UART_Start();
 183              		.loc 1 39 0
 184 000e FFF7FEFF 		bl	UART_Start
 185              	.LVL10:
  40:main.c        ****     CapSense_Start();
 186              		.loc 1 40 0
 187 0012 FFF7FEFF 		bl	CapSense_Start
 188              	.LVL11:
  41:main.c        ****     CapSense_ScanAllWidgets();
 189              		.loc 1 41 0
 190 0016 FFF7FEFF 		bl	CapSense_ScanAllWidgets
 191              	.LVL12:
  42:main.c        ****     LED_User_status_Write(1); // –≤–∏–º–∫–Ω–µ–Ω–∏–π (–∞–∫—Ç–∏–≤–Ω–∏–π 0)
 192              		.loc 1 42 0
 193 001a 0120     		movs	r0, #1
 194 001c FFF7FEFF 		bl	LED_User_status_Write
 195              	.LVL13:
  43:main.c        ****     UART_UartPutString("Game Started\n");
 196              		.loc 1 43 0
 197 0020 6848     		ldr	r0, .L32
 198 0022 FFF7FEFF 		bl	UART_UartPutString
 199              	.LVL14:
 200              	.L9:
  44:main.c        **** 
  45:main.c        ****     for (;;)
  46:main.c        ****     {
  47:main.c        ****         // –û—á—ñ–∫—É–≤–∞–Ω–Ω—è –Ω–∞—Ç–∏—Å–∫—É –∫–Ω–æ–ø–∫–∏ –∫–æ—Ä–∏—Å—Ç—É–≤–∞—á–∞
  48:main.c        ****         if (User_Button_Read() == 0)
 201              		.loc 1 48 0
 202 0026 FFF7FEFF 		bl	User_Button_Read
 203              	.LVL15:
 204 002a 0028     		cmp	r0, #0
 205 002c FBD1     		bne	.L9
  49:main.c        ****         {
  50:main.c        ****             CyDelay(50); // debounce
 206              		.loc 1 50 0
 207 002e 3230     		adds	r0, r0, #50
 208 0030 FFF7FEFF 		bl	CyDelay
 209              	.LVL16:
  51:main.c        ****             if (User_Button_Read() != 0) continue;
 210              		.loc 1 51 0
 211 0034 FFF7FEFF 		bl	User_Button_Read
 212              	.LVL17:
ARM GAS  C:\Users\Petro\AppData\Local\Temp\cccspPL2.s 			page 7


 213 0038 0028     		cmp	r0, #0
 214 003a F4D1     		bne	.L9
  52:main.c        **** 
  53:main.c        ****             UART_UartPutString("Game Started\n");
 215              		.loc 1 53 0
 216 003c 6148     		ldr	r0, .L32
 217 003e FFF7FEFF 		bl	UART_UartPutString
 218              	.LVL18:
  54:main.c        ****             LED_User_status_Write(1); // –≤–∏–º–∫–Ω–µ–Ω–∏–π
 219              		.loc 1 54 0
 220 0042 0120     		movs	r0, #1
 221 0044 FFF7FEFF 		bl	LED_User_status_Write
 222              	.LVL19:
  55:main.c        ****             roundCount = 0;
 223              		.loc 1 55 0
 224 0048 5F4B     		ldr	r3, .L32+4
 225 004a 0022     		movs	r2, #0
 226 004c 1A60     		str	r2, [r3]
  56:main.c        ****             totalReactionTime = 0;
 227              		.loc 1 56 0
 228 004e 5A60     		str	r2, [r3, #4]
 229              	.L11:
 230              	.LBB9:
  57:main.c        **** 
  58:main.c        ****             while (1) // —Ü–∏–∫–ª —Ä–∞—É–Ω–¥—ñ–≤
  59:main.c        ****             {
  60:main.c        ****                 // –û—á–∏—Å—Ç–∏—Ç–∏ CapSense –ø–µ—Ä–µ–¥ –∫–æ–∂–Ω–∏–º —Ä–∞—É–Ω–¥–æ–º
  61:main.c        ****                 CapSense_ProcessAllWidgets();
 231              		.loc 1 61 0
 232 0050 FFF7FEFF 		bl	CapSense_ProcessAllWidgets
 233              	.LVL20:
  62:main.c        ****                 CapSense_ScanAllWidgets();
 234              		.loc 1 62 0
 235 0054 FFF7FEFF 		bl	CapSense_ScanAllWidgets
 236              	.LVL21:
 237              	.L12:
  63:main.c        ****                 while (CapSense_IsBusy());
 238              		.loc 1 63 0 discriminator 1
 239 0058 FFF7FEFF 		bl	CapSense_IsBusy
 240              	.LVL22:
 241 005c 0028     		cmp	r0, #0
 242 005e FBD1     		bne	.L12
  64:main.c        **** 
  65:main.c        ****                 TurnOffAllLEDs();
 243              		.loc 1 65 0
 244 0060 FFF7FEFF 		bl	TurnOffAllLEDs
 245              	.LVL23:
  66:main.c        **** 
  67:main.c        ****                 // –í–∏–ø–∞–¥–∫–æ–≤–∞ —Ü—ñ–ª—å
  68:main.c        ****                 uint8_t target = rand() % 3;
 246              		.loc 1 68 0
 247 0064 FFF7FEFF 		bl	rand
 248              	.LVL24:
 249 0068 0321     		movs	r1, #3
 250 006a FFF7FEFF 		bl	__aeabi_idivmod
 251              	.LVL25:
 252 006e CBB2     		uxtb	r3, r1
ARM GAS  C:\Users\Petro\AppData\Local\Temp\cccspPL2.s 			page 8


 253 0070 9846     		mov	r8, r3
 254              	.LVL26:
 255 0072 FF27     		movs	r7, #255
 256 0074 0F40     		ands	r7, r1
  69:main.c        **** 
  70:main.c        ****                 // –£–≤—ñ–º–∫–Ω—É—Ç–∏ –æ–±—Ä–∞–Ω—É LED (0 ‚Äî –≤–º–∏–∫–∞—î)
  71:main.c        ****                 switch (target)
 257              		.loc 1 71 0
 258 0076 012F     		cmp	r7, #1
 259 0078 07D0     		beq	.L14
 260 007a 022F     		cmp	r7, #2
 261 007c 09D0     		beq	.L15
 262 007e 002F     		cmp	r7, #0
 263 0080 0AD1     		bne	.L13
  72:main.c        ****                 {
  73:main.c        ****                     case 0: LED_CapSense_Button_0_Write(0); break;
 264              		.loc 1 73 0
 265 0082 0020     		movs	r0, #0
 266 0084 FFF7FEFF 		bl	LED_CapSense_Button_0_Write
 267              	.LVL27:
 268 0088 06E0     		b	.L13
 269              	.L14:
  74:main.c        ****                     case 1: LED_CapSense_Button_1_Write(0); break;
 270              		.loc 1 74 0
 271 008a 0020     		movs	r0, #0
 272 008c FFF7FEFF 		bl	LED_CapSense_Button_1_Write
 273              	.LVL28:
 274 0090 02E0     		b	.L13
 275              	.L15:
  75:main.c        ****                     case 2: LED_CapSense_Button_2_Write(0); break;
 276              		.loc 1 75 0
 277 0092 0020     		movs	r0, #0
 278 0094 FFF7FEFF 		bl	LED_CapSense_Button_2_Write
 279              	.LVL29:
 280              	.L13:
  76:main.c        ****                 }
  77:main.c        **** 
  78:main.c        ****                 uint32_t startTime = CySysTickGetValue();
 281              		.loc 1 78 0
 282 0098 FFF7FEFF 		bl	CySysTickGetValue
 283              	.LVL30:
 284 009c 0400     		movs	r4, r0
 285              	.LVL31:
  79:main.c        ****                 uint32_t timeoutStart = CySysTickGetValue();
 286              		.loc 1 79 0
 287 009e FFF7FEFF 		bl	CySysTickGetValue
 288              	.LVL32:
 289 00a2 0600     		movs	r6, r0
 290              	.LVL33:
  80:main.c        ****                 uint8_t hit = 0;
  81:main.c        **** 
  82:main.c        ****                 while ((CySysTickGetValue() - timeoutStart) < IDLE_MS * 1000)
 291              		.loc 1 82 0
 292 00a4 66E0     		b	.L17
 293              	.LVL34:
 294              	.L25:
 295              	.LBB10:
ARM GAS  C:\Users\Petro\AppData\Local\Temp\cccspPL2.s 			page 9


  83:main.c        ****                 {
  84:main.c        ****                     CapSense_ProcessAllWidgets();
 296              		.loc 1 84 0
 297 00a6 FFF7FEFF 		bl	CapSense_ProcessAllWidgets
 298              	.LVL35:
  85:main.c        **** 
  86:main.c        ****                     uint8_t pressed = 255;
  87:main.c        ****                     if (CapSense_IsWidgetActive(CapSense_BUTTON0_WDGT_ID)) {
 299              		.loc 1 87 0
 300 00aa 0020     		movs	r0, #0
 301 00ac FFF7FEFF 		bl	CapSense_IsWidgetActive
 302              	.LVL36:
 303 00b0 0028     		cmp	r0, #0
 304 00b2 09D0     		beq	.L18
  88:main.c        ****                         CyDelay(30);
 305              		.loc 1 88 0
 306 00b4 1E20     		movs	r0, #30
 307 00b6 FFF7FEFF 		bl	CyDelay
 308              	.LVL37:
  89:main.c        ****                         if (CapSense_IsWidgetActive(CapSense_BUTTON0_WDGT_ID)) pressed = 0;
 309              		.loc 1 89 0
 310 00ba 0020     		movs	r0, #0
 311 00bc FFF7FEFF 		bl	CapSense_IsWidgetActive
 312              	.LVL38:
 313 00c0 0028     		cmp	r0, #0
 314 00c2 1FD1     		bne	.L28
  86:main.c        ****                     if (CapSense_IsWidgetActive(CapSense_BUTTON0_WDGT_ID)) {
 315              		.loc 1 86 0
 316 00c4 FF25     		movs	r5, #255
 317 00c6 24E0     		b	.L19
 318              	.L18:
  90:main.c        ****                     } else if (CapSense_IsWidgetActive(CapSense_BUTTON1_WDGT_ID)) {
 319              		.loc 1 90 0
 320 00c8 0120     		movs	r0, #1
 321 00ca FFF7FEFF 		bl	CapSense_IsWidgetActive
 322              	.LVL39:
 323 00ce 0028     		cmp	r0, #0
 324 00d0 09D0     		beq	.L20
  91:main.c        ****                         CyDelay(30);
 325              		.loc 1 91 0
 326 00d2 1E20     		movs	r0, #30
 327 00d4 FFF7FEFF 		bl	CyDelay
 328              	.LVL40:
  92:main.c        ****                         if (CapSense_IsWidgetActive(CapSense_BUTTON1_WDGT_ID)) pressed = 1;
 329              		.loc 1 92 0
 330 00d8 0120     		movs	r0, #1
 331 00da FFF7FEFF 		bl	CapSense_IsWidgetActive
 332              	.LVL41:
 333 00de 0028     		cmp	r0, #0
 334 00e0 12D1     		bne	.L29
  86:main.c        ****                     if (CapSense_IsWidgetActive(CapSense_BUTTON0_WDGT_ID)) {
 335              		.loc 1 86 0
 336 00e2 FF25     		movs	r5, #255
 337 00e4 15E0     		b	.L19
 338              	.L20:
  93:main.c        ****                     } else if (CapSense_IsWidgetActive(CapSense_BUTTON2_WDGT_ID)) {
 339              		.loc 1 93 0
ARM GAS  C:\Users\Petro\AppData\Local\Temp\cccspPL2.s 			page 10


 340 00e6 0220     		movs	r0, #2
 341 00e8 FFF7FEFF 		bl	CapSense_IsWidgetActive
 342              	.LVL42:
 343 00ec 0028     		cmp	r0, #0
 344 00ee 0DD0     		beq	.L30
  94:main.c        ****                         CyDelay(30);
 345              		.loc 1 94 0
 346 00f0 1E20     		movs	r0, #30
 347 00f2 FFF7FEFF 		bl	CyDelay
 348              	.LVL43:
  95:main.c        ****                         if (CapSense_IsWidgetActive(CapSense_BUTTON2_WDGT_ID)) pressed = 2;
 349              		.loc 1 95 0
 350 00f6 0220     		movs	r0, #2
 351 00f8 FFF7FEFF 		bl	CapSense_IsWidgetActive
 352              	.LVL44:
 353 00fc 0028     		cmp	r0, #0
 354 00fe 07D1     		bne	.L31
  86:main.c        ****                     if (CapSense_IsWidgetActive(CapSense_BUTTON0_WDGT_ID)) {
 355              		.loc 1 86 0
 356 0100 FF25     		movs	r5, #255
 357 0102 06E0     		b	.L19
 358              	.L28:
  89:main.c        ****                     } else if (CapSense_IsWidgetActive(CapSense_BUTTON1_WDGT_ID)) {
 359              		.loc 1 89 0
 360 0104 0025     		movs	r5, #0
 361 0106 04E0     		b	.L19
 362              	.L29:
  92:main.c        ****                     } else if (CapSense_IsWidgetActive(CapSense_BUTTON2_WDGT_ID)) {
 363              		.loc 1 92 0
 364 0108 0125     		movs	r5, #1
 365 010a 02E0     		b	.L19
 366              	.L30:
  86:main.c        ****                     if (CapSense_IsWidgetActive(CapSense_BUTTON0_WDGT_ID)) {
 367              		.loc 1 86 0
 368 010c FF25     		movs	r5, #255
 369 010e 00E0     		b	.L19
 370              	.L31:
 371              		.loc 1 95 0
 372 0110 0225     		movs	r5, #2
 373              	.L19:
 374              	.LVL45:
  96:main.c        ****                     }
  97:main.c        **** 
  98:main.c        ****                     if (pressed != 255)
 375              		.loc 1 98 0
 376 0112 FF2D     		cmp	r5, #255
 377 0114 29D0     		beq	.L21
 378              	.LBB11:
  99:main.c        ****                     {
 100:main.c        ****                         uint32_t reactionTime = (CySysTickGetValue() - startTime) / 1000;
 379              		.loc 1 100 0
 380 0116 FFF7FEFF 		bl	CySysTickGetValue
 381              	.LVL46:
 382 011a 001B     		subs	r0, r0, r4
 383 011c FA21     		movs	r1, #250
 384 011e 8900     		lsls	r1, r1, #2
 385 0120 FFF7FEFF 		bl	__aeabi_uidiv
ARM GAS  C:\Users\Petro\AppData\Local\Temp\cccspPL2.s 			page 11


 386              	.LVL47:
 387 0124 0400     		movs	r4, r0
 388              	.LVL48:
 101:main.c        **** 
 102:main.c        ****                         char msg[64];
 103:main.c        ****                         sprintf(msg, "Pressed: %d, Expected: %d, Time: %lu ms\r\n", pressed, target
 389              		.loc 1 103 0
 390 0126 0090     		str	r0, [sp]
 391 0128 3B00     		movs	r3, r7
 392 012a 2A00     		movs	r2, r5
 393 012c 2749     		ldr	r1, .L32+8
 394 012e 02A8     		add	r0, sp, #8
 395              	.LVL49:
 396 0130 FFF7FEFF 		bl	sprintf
 397              	.LVL50:
 104:main.c        **** 
 105:main.c        ****                         UART_UartPutString(msg);
 398              		.loc 1 105 0
 399 0134 02A8     		add	r0, sp, #8
 400 0136 FFF7FEFF 		bl	UART_UartPutString
 401              	.LVL51:
 106:main.c        **** 
 107:main.c        ****                         if (pressed == target && reactionTime <= TIMEOUT_MS)
 402              		.loc 1 107 0
 403 013a 4545     		cmp	r5, r8
 404 013c 0CD1     		bne	.L22
 405              		.loc 1 107 0 is_stmt 0 discriminator 1
 406 013e FA23     		movs	r3, #250
 407 0140 9B00     		lsls	r3, r3, #2
 408 0142 9C42     		cmp	r4, r3
 409 0144 08D8     		bhi	.L22
 108:main.c        ****                         {
 109:main.c        ****                             roundCount++;
 410              		.loc 1 109 0 is_stmt 1
 411 0146 204B     		ldr	r3, .L32+4
 412 0148 1A68     		ldr	r2, [r3]
 413 014a 0132     		adds	r2, r2, #1
 414 014c 1A60     		str	r2, [r3]
 110:main.c        ****                             totalReactionTime += reactionTime;
 415              		.loc 1 110 0
 416 014e 5A68     		ldr	r2, [r3, #4]
 417 0150 9446     		mov	ip, r2
 418 0152 6444     		add	r4, r4, ip
 419              	.LVL52:
 420 0154 5C60     		str	r4, [r3, #4]
 421 0156 06E0     		b	.L23
 422              	.LVL53:
 423              	.L22:
 111:main.c        ****                         }
 112:main.c        ****                         else
 113:main.c        ****                         {
 114:main.c        ****                             UART_UartPutString("Incorrect or Late Press!\r\n");
 424              		.loc 1 114 0
 425 0158 1D48     		ldr	r0, .L32+12
 426 015a FFF7FEFF 		bl	UART_UartPutString
 427              	.LVL54:
 115:main.c        ****                             BlinkUserLED();
ARM GAS  C:\Users\Petro\AppData\Local\Temp\cccspPL2.s 			page 12


 428              		.loc 1 115 0
 429 015e FFF7FEFF 		bl	BlinkUserLED
 430              	.LVL55:
 116:main.c        ****                             OutputStats();
 431              		.loc 1 116 0
 432 0162 FFF7FEFF 		bl	OutputStats
 433              	.LVL56:
 434              	.L23:
 117:main.c        ****                         }
 118:main.c        **** 
 119:main.c        ****                         hit = 1;
 435              		.loc 1 119 0
 436 0166 0124     		movs	r4, #1
 437 0168 0BE0     		b	.L24
 438              	.LVL57:
 439              	.L21:
 440              	.LBE11:
 120:main.c        ****                         break;
 121:main.c        ****                     }
 122:main.c        **** 
 123:main.c        ****                     CapSense_ScanAllWidgets();
 441              		.loc 1 123 0
 442 016a FFF7FEFF 		bl	CapSense_ScanAllWidgets
 443              	.LVL58:
 124:main.c        ****                     CyDelay(10);
 444              		.loc 1 124 0
 445 016e 0A20     		movs	r0, #10
 446 0170 FFF7FEFF 		bl	CyDelay
 447              	.LVL59:
 448              	.L17:
 449              	.LBE10:
  82:main.c        ****                 {
 450              		.loc 1 82 0
 451 0174 FFF7FEFF 		bl	CySysTickGetValue
 452              	.LVL60:
 453 0178 801B     		subs	r0, r0, r6
 454 017a 164B     		ldr	r3, .L32+16
 455 017c 9842     		cmp	r0, r3
 456 017e 92D9     		bls	.L25
  80:main.c        **** 
 457              		.loc 1 80 0
 458 0180 0024     		movs	r4, #0
 459              	.LVL61:
 460              	.L24:
 125:main.c        ****                 }
 126:main.c        **** 
 127:main.c        ****                 TurnOffAllLEDs(); // –≤–∏–º–∏–∫–∞—î–º–æ –≤—Å—ñ LED –ø—ñ—Å–ª—è —Ä–∞—É–Ω–¥—É
 461              		.loc 1 127 0
 462 0182 FFF7FEFF 		bl	TurnOffAllLEDs
 463              	.LVL62:
 128:main.c        **** 
 129:main.c        ****                 if (!hit)
 464              		.loc 1 129 0
 465 0186 002C     		cmp	r4, #0
 466 0188 07D1     		bne	.L26
 130:main.c        ****                 {
 131:main.c        ****                     UART_UartPutString("Miss or Timeout!\r\n");
ARM GAS  C:\Users\Petro\AppData\Local\Temp\cccspPL2.s 			page 13


 467              		.loc 1 131 0
 468 018a 1348     		ldr	r0, .L32+20
 469 018c FFF7FEFF 		bl	UART_UartPutString
 470              	.LVL63:
 132:main.c        ****                     BlinkUserLED();
 471              		.loc 1 132 0
 472 0190 FFF7FEFF 		bl	BlinkUserLED
 473              	.LVL64:
 133:main.c        ****                     OutputStats();
 474              		.loc 1 133 0
 475 0194 FFF7FEFF 		bl	OutputStats
 476              	.LVL65:
 134:main.c        ****                     
 135:main.c        ****                     continue; // –ø–æ–≤—Ç–æ—Ä–∏—Ç–∏ —Ä–∞—É–Ω–¥
 477              		.loc 1 135 0
 478 0198 5AE7     		b	.L11
 479              	.L26:
 136:main.c        ****                 }
 137:main.c        **** 
 138:main.c        ****                 CyDelay(500); // –ü–∞—É–∑–∞ –º—ñ–∂ —Ä–∞—É–Ω–¥–∞–º–∏
 480              		.loc 1 138 0
 481 019a FA20     		movs	r0, #250
 482 019c 4000     		lsls	r0, r0, #1
 483 019e FFF7FEFF 		bl	CyDelay
 484              	.LVL66:
 139:main.c        **** 
 140:main.c        ****                 // –ü–µ—Ä–µ–≤—ñ—Ä–∫–∞ –Ω–∞ –∑–∞–≤–µ—Ä—à–µ–Ω–Ω—è –≥—Ä–∏
 141:main.c        ****                 if (User_Button_Read() == 0)
 485              		.loc 1 141 0
 486 01a2 FFF7FEFF 		bl	User_Button_Read
 487              	.LVL67:
 488 01a6 0028     		cmp	r0, #0
 489 01a8 00D0     		beq	.LCB401
 490 01aa 51E7     		b	.L11	@long jump
 491              	.LCB401:
 142:main.c        ****                 {
 143:main.c        ****                     CyDelay(50);
 492              		.loc 1 143 0
 493 01ac 3230     		adds	r0, r0, #50
 494 01ae FFF7FEFF 		bl	CyDelay
 495              	.LVL68:
 144:main.c        ****                     if (User_Button_Read() == 0)
 496              		.loc 1 144 0
 497 01b2 FFF7FEFF 		bl	User_Button_Read
 498              	.LVL69:
 499 01b6 0028     		cmp	r0, #0
 500 01b8 00D0     		beq	.LCB408
 501 01ba 49E7     		b	.L11	@long jump
 502              	.LCB408:
 145:main.c        ****                     {
 146:main.c        ****                         UART_UartPutString("Game Restarted\r\n");
 503              		.loc 1 146 0
 504 01bc 0748     		ldr	r0, .L32+24
 505 01be FFF7FEFF 		bl	UART_UartPutString
 506              	.LVL70:
 147:main.c        ****                         break; // –í–∏—Ö—ñ–¥ —ñ–∑ –≥—Ä–∏, –ø–æ–≤–µ—Ä–Ω–µ–Ω–Ω—è –¥–æ –æ—á—ñ–∫—É–≤–∞–
 507              		.loc 1 147 0
ARM GAS  C:\Users\Petro\AppData\Local\Temp\cccspPL2.s 			page 14


 508 01c2 30E7     		b	.L9
 509              	.L33:
 510              		.align	2
 511              	.L32:
 512 01c4 20000000 		.word	.LC3
 513 01c8 00000000 		.word	.LANCHOR0
 514 01cc 30000000 		.word	.LC6
 515 01d0 5C000000 		.word	.LC8
 516 01d4 BFC62D00 		.word	2999999
 517 01d8 78000000 		.word	.LC10
 518 01dc 8C000000 		.word	.LC12
 519              	.LBE9:
 520              		.cfi_endproc
 521              	.LFE37:
 522              		.size	main, .-main
 523              		.global	totalReactionTime
 524              		.global	roundCount
 525              		.section	.rodata.str1.4,"aMS",%progbits,1
 526              		.align	2
 527              	.LC1:
 528 0000 526F756E 		.ascii	"Rounds: %lu, Avg Time: %lu ms\015\012\000"
 528      64733A20 
 528      256C752C 
 528      20417667 
 528      2054696D 
 529              	.LC3:
 530 0020 47616D65 		.ascii	"Game Started\012\000"
 530      20537461 
 530      72746564 
 530      0A00
 531 002e 0000     		.space	2
 532              	.LC6:
 533 0030 50726573 		.ascii	"Pressed: %d, Expected: %d, Time: %lu ms\015\012\000"
 533      7365643A 
 533      2025642C 
 533      20457870 
 533      65637465 
 534 005a 0000     		.space	2
 535              	.LC8:
 536 005c 496E636F 		.ascii	"Incorrect or Late Press!\015\012\000"
 536      72726563 
 536      74206F72 
 536      204C6174 
 536      65205072 
 537 0077 00       		.space	1
 538              	.LC10:
 539 0078 4D697373 		.ascii	"Miss or Timeout!\015\012\000"
 539      206F7220 
 539      54696D65 
 539      6F757421 
 539      0D0A00
 540 008b 00       		.space	1
 541              	.LC12:
 542 008c 47616D65 		.ascii	"Game Restarted\015\012\000"
 542      20526573 
 542      74617274 
 542      65640D0A 
ARM GAS  C:\Users\Petro\AppData\Local\Temp\cccspPL2.s 			page 15


 542      00
 543              		.bss
 544              		.align	2
 545              		.set	.LANCHOR0,. + 0
 546              		.type	roundCount, %object
 547              		.size	roundCount, 4
 548              	roundCount:
 549 0000 00000000 		.space	4
 550              		.type	totalReactionTime, %object
 551              		.size	totalReactionTime, 4
 552              	totalReactionTime:
 553 0004 00000000 		.space	4
 554              		.text
 555              	.Letext0:
 556              		.file 3 "d:\\psoc\\psoc creator\\4.4\\psoc creator\\import\\gnu\\arm\\5.4.1\\arm-none-eabi\\includ
 557              		.file 4 "d:\\psoc\\psoc creator\\4.4\\psoc creator\\import\\gnu\\arm\\5.4.1\\arm-none-eabi\\includ
 558              		.file 5 "Generated_Source\\PSoC4/cytypes.h"
 559              		.file 6 "Generated_Source\\PSoC4/LED_CapSense_Button_0.h"
 560              		.file 7 "Generated_Source\\PSoC4/LED_CapSense_Button_1.h"
 561              		.file 8 "Generated_Source\\PSoC4/LED_CapSense_Button_2.h"
 562              		.file 9 "Generated_Source\\PSoC4/LED_User_status.h"
 563              		.file 10 "Generated_Source\\PSoC4/CyLib.h"
 564              		.file 11 "d:\\psoc\\psoc creator\\4.4\\psoc creator\\import\\gnu\\arm\\5.4.1\\arm-none-eabi\\inclu
 565              		.file 12 "Generated_Source\\PSoC4/UART_SPI_UART.h"
 566              		.file 13 "Generated_Source\\PSoC4/CapSense_Control.h"
 567              		.file 14 "Generated_Source\\PSoC4/CapSense_Structure.h"
 568              		.file 15 "Generated_Source\\PSoC4/CapSense_Sensing.h"
 569              		.file 16 "d:\\psoc\\psoc creator\\4.4\\psoc creator\\import\\gnu\\arm\\5.4.1\\arm-none-eabi\\inclu
 570              		.file 17 "Generated_Source\\PSoC4/User_Button.h"
 571              		.file 18 "Generated_Source\\PSoC4/UART.h"
 572              		.section	.debug_info,"",%progbits
 573              	.Ldebug_info0:
 574 0000 2D060000 		.4byte	0x62d
 575 0004 0400     		.2byte	0x4
 576 0006 00000000 		.4byte	.Ldebug_abbrev0
 577 000a 04       		.byte	0x4
 578 000b 01       		.uleb128 0x1
 579 000c 7B020000 		.4byte	.LASF46
 580 0010 0C       		.byte	0xc
 581 0011 41020000 		.4byte	.LASF47
 582 0015 29030000 		.4byte	.LASF48
 583 0019 00000000 		.4byte	.Ldebug_ranges0+0
 584 001d 00000000 		.4byte	0
 585 0021 00000000 		.4byte	.Ldebug_line0
 586 0025 02       		.uleb128 0x2
 587 0026 01       		.byte	0x1
 588 0027 06       		.byte	0x6
 589 0028 0C020000 		.4byte	.LASF0
 590 002c 03       		.uleb128 0x3
 591 002d 15000000 		.4byte	.LASF5
 592 0031 03       		.byte	0x3
 593 0032 1D       		.byte	0x1d
 594 0033 37000000 		.4byte	0x37
 595 0037 02       		.uleb128 0x2
 596 0038 01       		.byte	0x1
 597 0039 08       		.byte	0x8
 598 003a A5000000 		.4byte	.LASF1
ARM GAS  C:\Users\Petro\AppData\Local\Temp\cccspPL2.s 			page 16


 599 003e 02       		.uleb128 0x2
 600 003f 02       		.byte	0x2
 601 0040 05       		.byte	0x5
 602 0041 4D020000 		.4byte	.LASF2
 603 0045 02       		.uleb128 0x2
 604 0046 02       		.byte	0x2
 605 0047 07       		.byte	0x7
 606 0048 FB000000 		.4byte	.LASF3
 607 004c 02       		.uleb128 0x2
 608 004d 04       		.byte	0x4
 609 004e 05       		.byte	0x5
 610 004f 66020000 		.4byte	.LASF4
 611 0053 03       		.uleb128 0x3
 612 0054 6C010000 		.4byte	.LASF6
 613 0058 03       		.byte	0x3
 614 0059 41       		.byte	0x41
 615 005a 5E000000 		.4byte	0x5e
 616 005e 02       		.uleb128 0x2
 617 005f 04       		.byte	0x4
 618 0060 07       		.byte	0x7
 619 0061 E9000000 		.4byte	.LASF7
 620 0065 02       		.uleb128 0x2
 621 0066 08       		.byte	0x8
 622 0067 05       		.byte	0x5
 623 0068 26020000 		.4byte	.LASF8
 624 006c 02       		.uleb128 0x2
 625 006d 08       		.byte	0x8
 626 006e 07       		.byte	0x7
 627 006f AA010000 		.4byte	.LASF9
 628 0073 04       		.uleb128 0x4
 629 0074 04       		.byte	0x4
 630 0075 05       		.byte	0x5
 631 0076 696E7400 		.ascii	"int\000"
 632 007a 02       		.uleb128 0x2
 633 007b 04       		.byte	0x4
 634 007c 07       		.byte	0x7
 635 007d 9D010000 		.4byte	.LASF10
 636 0081 03       		.uleb128 0x3
 637 0082 C1010000 		.4byte	.LASF11
 638 0086 04       		.byte	0x4
 639 0087 18       		.byte	0x18
 640 0088 2C000000 		.4byte	0x2c
 641 008c 03       		.uleb128 0x3
 642 008d 5D020000 		.4byte	.LASF12
 643 0091 04       		.byte	0x4
 644 0092 30       		.byte	0x30
 645 0093 53000000 		.4byte	0x53
 646 0097 05       		.uleb128 0x5
 647 0098 57020000 		.4byte	.LASF13
 648 009c 05       		.byte	0x5
 649 009d FB01     		.2byte	0x1fb
 650 009f 37000000 		.4byte	0x37
 651 00a3 02       		.uleb128 0x2
 652 00a4 04       		.byte	0x4
 653 00a5 04       		.byte	0x4
 654 00a6 6D000000 		.4byte	.LASF14
 655 00aa 02       		.uleb128 0x2
ARM GAS  C:\Users\Petro\AppData\Local\Temp\cccspPL2.s 			page 17


 656 00ab 08       		.byte	0x8
 657 00ac 04       		.byte	0x4
 658 00ad 54010000 		.4byte	.LASF15
 659 00b1 02       		.uleb128 0x2
 660 00b2 01       		.byte	0x1
 661 00b3 08       		.byte	0x8
 662 00b4 48020000 		.4byte	.LASF16
 663 00b8 02       		.uleb128 0x2
 664 00b9 08       		.byte	0x8
 665 00ba 04       		.byte	0x4
 666 00bb 6F020000 		.4byte	.LASF17
 667 00bf 02       		.uleb128 0x2
 668 00c0 04       		.byte	0x4
 669 00c1 07       		.byte	0x7
 670 00c2 18020000 		.4byte	.LASF18
 671 00c6 06       		.uleb128 0x6
 672 00c7 46000000 		.4byte	.LASF49
 673 00cb 02       		.byte	0x2
 674 00cc 4C       		.byte	0x4c
 675 00cd 03       		.byte	0x3
 676 00ce 07       		.uleb128 0x7
 677 00cf 73000000 		.4byte	.LASF19
 678 00d3 01       		.byte	0x1
 679 00d4 0B       		.byte	0xb
 680 00d5 00000000 		.4byte	.LFB34
 681 00d9 16000000 		.4byte	.LFE34-.LFB34
 682 00dd 01       		.uleb128 0x1
 683 00de 9C       		.byte	0x9c
 684 00df 19010000 		.4byte	0x119
 685 00e3 08       		.uleb128 0x8
 686 00e4 08000000 		.4byte	.LVL0
 687 00e8 72050000 		.4byte	0x572
 688 00ec F6000000 		.4byte	0xf6
 689 00f0 09       		.uleb128 0x9
 690 00f1 01       		.uleb128 0x1
 691 00f2 50       		.byte	0x50
 692 00f3 01       		.uleb128 0x1
 693 00f4 31       		.byte	0x31
 694 00f5 00       		.byte	0
 695 00f6 08       		.uleb128 0x8
 696 00f7 0E000000 		.4byte	.LVL1
 697 00fb 7D050000 		.4byte	0x57d
 698 00ff 09010000 		.4byte	0x109
 699 0103 09       		.uleb128 0x9
 700 0104 01       		.uleb128 0x1
 701 0105 50       		.byte	0x50
 702 0106 01       		.uleb128 0x1
 703 0107 31       		.byte	0x31
 704 0108 00       		.byte	0
 705 0109 0A       		.uleb128 0xa
 706 010a 14000000 		.4byte	.LVL2
 707 010e 88050000 		.4byte	0x588
 708 0112 09       		.uleb128 0x9
 709 0113 01       		.uleb128 0x1
 710 0114 50       		.byte	0x50
 711 0115 01       		.uleb128 0x1
 712 0116 31       		.byte	0x31
ARM GAS  C:\Users\Petro\AppData\Local\Temp\cccspPL2.s 			page 18


 713 0117 00       		.byte	0
 714 0118 00       		.byte	0
 715 0119 07       		.uleb128 0x7
 716 011a 00000000 		.4byte	.LASF20
 717 011e 01       		.byte	0x1
 718 011f 11       		.byte	0x11
 719 0120 00000000 		.4byte	.LFB35
 720 0124 16000000 		.4byte	.LFE35-.LFB35
 721 0128 01       		.uleb128 0x1
 722 0129 9C       		.byte	0x9c
 723 012a 65010000 		.4byte	0x165
 724 012e 08       		.uleb128 0x8
 725 012f 08000000 		.4byte	.LVL3
 726 0133 93050000 		.4byte	0x593
 727 0137 41010000 		.4byte	0x141
 728 013b 09       		.uleb128 0x9
 729 013c 01       		.uleb128 0x1
 730 013d 50       		.byte	0x50
 731 013e 01       		.uleb128 0x1
 732 013f 30       		.byte	0x30
 733 0140 00       		.byte	0
 734 0141 08       		.uleb128 0x8
 735 0142 0E000000 		.4byte	.LVL4
 736 0146 9E050000 		.4byte	0x59e
 737 014a 55010000 		.4byte	0x155
 738 014e 09       		.uleb128 0x9
 739 014f 01       		.uleb128 0x1
 740 0150 50       		.byte	0x50
 741 0151 02       		.uleb128 0x2
 742 0152 08       		.byte	0x8
 743 0153 C8       		.byte	0xc8
 744 0154 00       		.byte	0
 745 0155 0A       		.uleb128 0xa
 746 0156 14000000 		.4byte	.LVL5
 747 015a 93050000 		.4byte	0x593
 748 015e 09       		.uleb128 0x9
 749 015f 01       		.uleb128 0x1
 750 0160 50       		.byte	0x50
 751 0161 01       		.uleb128 0x1
 752 0162 31       		.byte	0x31
 753 0163 00       		.byte	0
 754 0164 00       		.byte	0
 755 0165 0B       		.uleb128 0xb
 756 0166 0D030000 		.4byte	.LASF21
 757 016a 01       		.byte	0x1
 758 016b 17       		.byte	0x17
 759 016c 00000000 		.4byte	.LFB36
 760 0170 34000000 		.4byte	.LFE36-.LFB36
 761 0174 01       		.uleb128 0x1
 762 0175 9C       		.byte	0x9c
 763 0176 BD010000 		.4byte	0x1bd
 764 017a 0C       		.uleb128 0xc
 765 017b 6D736700 		.ascii	"msg\000"
 766 017f 01       		.byte	0x1
 767 0180 18       		.byte	0x18
 768 0181 BD010000 		.4byte	0x1bd
 769 0185 03       		.uleb128 0x3
ARM GAS  C:\Users\Petro\AppData\Local\Temp\cccspPL2.s 			page 19


 770 0186 91       		.byte	0x91
 771 0187 B87F     		.sleb128 -72
 772 0189 08       		.uleb128 0x8
 773 018a 20000000 		.4byte	.LVL7
 774 018e A9050000 		.4byte	0x5a9
 775 0192 AC010000 		.4byte	0x1ac
 776 0196 09       		.uleb128 0x9
 777 0197 01       		.uleb128 0x1
 778 0198 50       		.byte	0x50
 779 0199 02       		.uleb128 0x2
 780 019a 7D       		.byte	0x7d
 781 019b 00       		.sleb128 0
 782 019c 09       		.uleb128 0x9
 783 019d 01       		.uleb128 0x1
 784 019e 51       		.byte	0x51
 785 019f 05       		.uleb128 0x5
 786 01a0 03       		.byte	0x3
 787 01a1 00000000 		.4byte	.LC1
 788 01a5 09       		.uleb128 0x9
 789 01a6 01       		.uleb128 0x1
 790 01a7 52       		.byte	0x52
 791 01a8 02       		.uleb128 0x2
 792 01a9 74       		.byte	0x74
 793 01aa 00       		.sleb128 0
 794 01ab 00       		.byte	0
 795 01ac 0A       		.uleb128 0xa
 796 01ad 26000000 		.4byte	.LVL8
 797 01b1 B4050000 		.4byte	0x5b4
 798 01b5 09       		.uleb128 0x9
 799 01b6 01       		.uleb128 0x1
 800 01b7 50       		.byte	0x50
 801 01b8 02       		.uleb128 0x2
 802 01b9 7D       		.byte	0x7d
 803 01ba 00       		.sleb128 0
 804 01bb 00       		.byte	0
 805 01bc 00       		.byte	0
 806 01bd 0D       		.uleb128 0xd
 807 01be B1000000 		.4byte	0xb1
 808 01c2 CD010000 		.4byte	0x1cd
 809 01c6 0E       		.uleb128 0xe
 810 01c7 BF000000 		.4byte	0xbf
 811 01cb 3F       		.byte	0x3f
 812 01cc 00       		.byte	0
 813 01cd 0F       		.uleb128 0xf
 814 01ce 21020000 		.4byte	.LASF50
 815 01d2 01       		.byte	0x1
 816 01d3 22       		.byte	0x22
 817 01d4 73000000 		.4byte	0x73
 818 01d8 00000000 		.4byte	.LFB37
 819 01dc E0010000 		.4byte	.LFE37-.LFB37
 820 01e0 01       		.uleb128 0x1
 821 01e1 9C       		.byte	0x9c
 822 01e2 50050000 		.4byte	0x550
 823 01e6 10       		.uleb128 0x10
 824 01e7 C6000000 		.4byte	0xc6
 825 01eb 08000000 		.4byte	.LBB7
 826 01ef 02000000 		.4byte	.LBE7-.LBB7
ARM GAS  C:\Users\Petro\AppData\Local\Temp\cccspPL2.s 			page 20


 827 01f3 01       		.byte	0x1
 828 01f4 24       		.byte	0x24
 829 01f5 11       		.uleb128 0x11
 830 01f6 50000000 		.4byte	.LBB9
 831 01fa 90010000 		.4byte	.LBE9-.LBB9
 832 01fe C0040000 		.4byte	0x4c0
 833 0202 12       		.uleb128 0x12
 834 0203 66000000 		.4byte	.LASF22
 835 0207 01       		.byte	0x1
 836 0208 44       		.byte	0x44
 837 0209 81000000 		.4byte	0x81
 838 020d 01       		.uleb128 0x1
 839 020e 58       		.byte	0x58
 840 020f 13       		.uleb128 0x13
 841 0210 93010000 		.4byte	.LASF23
 842 0214 01       		.byte	0x1
 843 0215 4E       		.byte	0x4e
 844 0216 8C000000 		.4byte	0x8c
 845 021a 00000000 		.4byte	.LLST0
 846 021e 13       		.uleb128 0x13
 847 021f 34020000 		.4byte	.LASF24
 848 0223 01       		.byte	0x1
 849 0224 4F       		.byte	0x4f
 850 0225 8C000000 		.4byte	0x8c
 851 0229 29000000 		.4byte	.LLST1
 852 022d 14       		.uleb128 0x14
 853 022e 68697400 		.ascii	"hit\000"
 854 0232 01       		.byte	0x1
 855 0233 50       		.byte	0x50
 856 0234 81000000 		.4byte	0x81
 857 0238 47000000 		.4byte	.LLST2
 858 023c 11       		.uleb128 0x11
 859 023d A6000000 		.4byte	.LBB10
 860 0241 CE000000 		.4byte	.LBE10-.LBB10
 861 0245 C9030000 		.4byte	0x3c9
 862 0249 13       		.uleb128 0x13
 863 024a 0D000000 		.4byte	.LASF25
 864 024e 01       		.byte	0x1
 865 024f 56       		.byte	0x56
 866 0250 81000000 		.4byte	0x81
 867 0254 7E000000 		.4byte	.LLST3
 868 0258 11       		.uleb128 0x11
 869 0259 16010000 		.4byte	.LBB11
 870 025d 54000000 		.4byte	.LBE11-.LBB11
 871 0261 FC020000 		.4byte	0x2fc
 872 0265 13       		.uleb128 0x13
 873 0266 47010000 		.4byte	.LASF26
 874 026a 01       		.byte	0x1
 875 026b 64       		.byte	0x64
 876 026c 8C000000 		.4byte	0x8c
 877 0270 9E000000 		.4byte	.LLST4
 878 0274 0C       		.uleb128 0xc
 879 0275 6D736700 		.ascii	"msg\000"
 880 0279 01       		.byte	0x1
 881 027a 66       		.byte	0x66
 882 027b BD010000 		.4byte	0x1bd
 883 027f 03       		.uleb128 0x3
ARM GAS  C:\Users\Petro\AppData\Local\Temp\cccspPL2.s 			page 21


 884 0280 91       		.byte	0x91
 885 0281 A87F     		.sleb128 -88
 886 0283 15       		.uleb128 0x15
 887 0284 1A010000 		.4byte	.LVL46
 888 0288 C0050000 		.4byte	0x5c0
 889 028c 08       		.uleb128 0x8
 890 028d 34010000 		.4byte	.LVL50
 891 0291 A9050000 		.4byte	0x5a9
 892 0295 BD020000 		.4byte	0x2bd
 893 0299 09       		.uleb128 0x9
 894 029a 01       		.uleb128 0x1
 895 029b 50       		.byte	0x50
 896 029c 03       		.uleb128 0x3
 897 029d 91       		.byte	0x91
 898 029e A87F     		.sleb128 -88
 899 02a0 09       		.uleb128 0x9
 900 02a1 01       		.uleb128 0x1
 901 02a2 51       		.byte	0x51
 902 02a3 05       		.uleb128 0x5
 903 02a4 03       		.byte	0x3
 904 02a5 30000000 		.4byte	.LC6
 905 02a9 09       		.uleb128 0x9
 906 02aa 01       		.uleb128 0x1
 907 02ab 52       		.byte	0x52
 908 02ac 02       		.uleb128 0x2
 909 02ad 75       		.byte	0x75
 910 02ae 00       		.sleb128 0
 911 02af 09       		.uleb128 0x9
 912 02b0 01       		.uleb128 0x1
 913 02b1 53       		.byte	0x53
 914 02b2 02       		.uleb128 0x2
 915 02b3 77       		.byte	0x77
 916 02b4 00       		.sleb128 0
 917 02b5 09       		.uleb128 0x9
 918 02b6 02       		.uleb128 0x2
 919 02b7 7D       		.byte	0x7d
 920 02b8 00       		.sleb128 0
 921 02b9 02       		.uleb128 0x2
 922 02ba 74       		.byte	0x74
 923 02bb 00       		.sleb128 0
 924 02bc 00       		.byte	0
 925 02bd 08       		.uleb128 0x8
 926 02be 3A010000 		.4byte	.LVL51
 927 02c2 B4050000 		.4byte	0x5b4
 928 02c6 D2020000 		.4byte	0x2d2
 929 02ca 09       		.uleb128 0x9
 930 02cb 01       		.uleb128 0x1
 931 02cc 50       		.byte	0x50
 932 02cd 03       		.uleb128 0x3
 933 02ce 91       		.byte	0x91
 934 02cf A87F     		.sleb128 -88
 935 02d1 00       		.byte	0
 936 02d2 08       		.uleb128 0x8
 937 02d3 5E010000 		.4byte	.LVL54
 938 02d7 B4050000 		.4byte	0x5b4
 939 02db E9020000 		.4byte	0x2e9
 940 02df 09       		.uleb128 0x9
ARM GAS  C:\Users\Petro\AppData\Local\Temp\cccspPL2.s 			page 22


 941 02e0 01       		.uleb128 0x1
 942 02e1 50       		.byte	0x50
 943 02e2 05       		.uleb128 0x5
 944 02e3 03       		.byte	0x3
 945 02e4 5C000000 		.4byte	.LC8
 946 02e8 00       		.byte	0
 947 02e9 15       		.uleb128 0x15
 948 02ea 62010000 		.4byte	.LVL55
 949 02ee 19010000 		.4byte	0x119
 950 02f2 15       		.uleb128 0x15
 951 02f3 66010000 		.4byte	.LVL56
 952 02f7 65010000 		.4byte	0x165
 953 02fb 00       		.byte	0
 954 02fc 15       		.uleb128 0x15
 955 02fd AA000000 		.4byte	.LVL35
 956 0301 CC050000 		.4byte	0x5cc
 957 0305 08       		.uleb128 0x8
 958 0306 B0000000 		.4byte	.LVL36
 959 030a D7050000 		.4byte	0x5d7
 960 030e 18030000 		.4byte	0x318
 961 0312 09       		.uleb128 0x9
 962 0313 01       		.uleb128 0x1
 963 0314 50       		.byte	0x50
 964 0315 01       		.uleb128 0x1
 965 0316 30       		.byte	0x30
 966 0317 00       		.byte	0
 967 0318 08       		.uleb128 0x8
 968 0319 BA000000 		.4byte	.LVL37
 969 031d 9E050000 		.4byte	0x59e
 970 0321 2B030000 		.4byte	0x32b
 971 0325 09       		.uleb128 0x9
 972 0326 01       		.uleb128 0x1
 973 0327 50       		.byte	0x50
 974 0328 01       		.uleb128 0x1
 975 0329 4E       		.byte	0x4e
 976 032a 00       		.byte	0
 977 032b 08       		.uleb128 0x8
 978 032c C0000000 		.4byte	.LVL38
 979 0330 D7050000 		.4byte	0x5d7
 980 0334 3E030000 		.4byte	0x33e
 981 0338 09       		.uleb128 0x9
 982 0339 01       		.uleb128 0x1
 983 033a 50       		.byte	0x50
 984 033b 01       		.uleb128 0x1
 985 033c 30       		.byte	0x30
 986 033d 00       		.byte	0
 987 033e 08       		.uleb128 0x8
 988 033f CE000000 		.4byte	.LVL39
 989 0343 D7050000 		.4byte	0x5d7
 990 0347 51030000 		.4byte	0x351
 991 034b 09       		.uleb128 0x9
 992 034c 01       		.uleb128 0x1
 993 034d 50       		.byte	0x50
 994 034e 01       		.uleb128 0x1
 995 034f 31       		.byte	0x31
 996 0350 00       		.byte	0
 997 0351 08       		.uleb128 0x8
ARM GAS  C:\Users\Petro\AppData\Local\Temp\cccspPL2.s 			page 23


 998 0352 D8000000 		.4byte	.LVL40
 999 0356 9E050000 		.4byte	0x59e
 1000 035a 64030000 		.4byte	0x364
 1001 035e 09       		.uleb128 0x9
 1002 035f 01       		.uleb128 0x1
 1003 0360 50       		.byte	0x50
 1004 0361 01       		.uleb128 0x1
 1005 0362 4E       		.byte	0x4e
 1006 0363 00       		.byte	0
 1007 0364 08       		.uleb128 0x8
 1008 0365 DE000000 		.4byte	.LVL41
 1009 0369 D7050000 		.4byte	0x5d7
 1010 036d 77030000 		.4byte	0x377
 1011 0371 09       		.uleb128 0x9
 1012 0372 01       		.uleb128 0x1
 1013 0373 50       		.byte	0x50
 1014 0374 01       		.uleb128 0x1
 1015 0375 31       		.byte	0x31
 1016 0376 00       		.byte	0
 1017 0377 08       		.uleb128 0x8
 1018 0378 EC000000 		.4byte	.LVL42
 1019 037c D7050000 		.4byte	0x5d7
 1020 0380 8A030000 		.4byte	0x38a
 1021 0384 09       		.uleb128 0x9
 1022 0385 01       		.uleb128 0x1
 1023 0386 50       		.byte	0x50
 1024 0387 01       		.uleb128 0x1
 1025 0388 32       		.byte	0x32
 1026 0389 00       		.byte	0
 1027 038a 08       		.uleb128 0x8
 1028 038b F6000000 		.4byte	.LVL43
 1029 038f 9E050000 		.4byte	0x59e
 1030 0393 9D030000 		.4byte	0x39d
 1031 0397 09       		.uleb128 0x9
 1032 0398 01       		.uleb128 0x1
 1033 0399 50       		.byte	0x50
 1034 039a 01       		.uleb128 0x1
 1035 039b 4E       		.byte	0x4e
 1036 039c 00       		.byte	0
 1037 039d 08       		.uleb128 0x8
 1038 039e FC000000 		.4byte	.LVL44
 1039 03a2 D7050000 		.4byte	0x5d7
 1040 03a6 B0030000 		.4byte	0x3b0
 1041 03aa 09       		.uleb128 0x9
 1042 03ab 01       		.uleb128 0x1
 1043 03ac 50       		.byte	0x50
 1044 03ad 01       		.uleb128 0x1
 1045 03ae 32       		.byte	0x32
 1046 03af 00       		.byte	0
 1047 03b0 15       		.uleb128 0x15
 1048 03b1 6E010000 		.4byte	.LVL58
 1049 03b5 E3050000 		.4byte	0x5e3
 1050 03b9 0A       		.uleb128 0xa
 1051 03ba 74010000 		.4byte	.LVL59
 1052 03be 9E050000 		.4byte	0x59e
 1053 03c2 09       		.uleb128 0x9
 1054 03c3 01       		.uleb128 0x1
ARM GAS  C:\Users\Petro\AppData\Local\Temp\cccspPL2.s 			page 24


 1055 03c4 50       		.byte	0x50
 1056 03c5 01       		.uleb128 0x1
 1057 03c6 3A       		.byte	0x3a
 1058 03c7 00       		.byte	0
 1059 03c8 00       		.byte	0
 1060 03c9 15       		.uleb128 0x15
 1061 03ca 54000000 		.4byte	.LVL20
 1062 03ce CC050000 		.4byte	0x5cc
 1063 03d2 15       		.uleb128 0x15
 1064 03d3 58000000 		.4byte	.LVL21
 1065 03d7 E3050000 		.4byte	0x5e3
 1066 03db 15       		.uleb128 0x15
 1067 03dc 5C000000 		.4byte	.LVL22
 1068 03e0 EE050000 		.4byte	0x5ee
 1069 03e4 15       		.uleb128 0x15
 1070 03e5 64000000 		.4byte	.LVL23
 1071 03e9 CE000000 		.4byte	0xce
 1072 03ed 15       		.uleb128 0x15
 1073 03ee 68000000 		.4byte	.LVL24
 1074 03f2 F9050000 		.4byte	0x5f9
 1075 03f6 08       		.uleb128 0x8
 1076 03f7 88000000 		.4byte	.LVL27
 1077 03fb 72050000 		.4byte	0x572
 1078 03ff 09040000 		.4byte	0x409
 1079 0403 09       		.uleb128 0x9
 1080 0404 01       		.uleb128 0x1
 1081 0405 50       		.byte	0x50
 1082 0406 01       		.uleb128 0x1
 1083 0407 30       		.byte	0x30
 1084 0408 00       		.byte	0
 1085 0409 08       		.uleb128 0x8
 1086 040a 90000000 		.4byte	.LVL28
 1087 040e 7D050000 		.4byte	0x57d
 1088 0412 1C040000 		.4byte	0x41c
 1089 0416 09       		.uleb128 0x9
 1090 0417 01       		.uleb128 0x1
 1091 0418 50       		.byte	0x50
 1092 0419 01       		.uleb128 0x1
 1093 041a 30       		.byte	0x30
 1094 041b 00       		.byte	0
 1095 041c 08       		.uleb128 0x8
 1096 041d 98000000 		.4byte	.LVL29
 1097 0421 88050000 		.4byte	0x588
 1098 0425 2F040000 		.4byte	0x42f
 1099 0429 09       		.uleb128 0x9
 1100 042a 01       		.uleb128 0x1
 1101 042b 50       		.byte	0x50
 1102 042c 01       		.uleb128 0x1
 1103 042d 30       		.byte	0x30
 1104 042e 00       		.byte	0
 1105 042f 15       		.uleb128 0x15
 1106 0430 9C000000 		.4byte	.LVL30
 1107 0434 C0050000 		.4byte	0x5c0
 1108 0438 15       		.uleb128 0x15
 1109 0439 A2000000 		.4byte	.LVL32
 1110 043d C0050000 		.4byte	0x5c0
 1111 0441 15       		.uleb128 0x15
ARM GAS  C:\Users\Petro\AppData\Local\Temp\cccspPL2.s 			page 25


 1112 0442 78010000 		.4byte	.LVL60
 1113 0446 C0050000 		.4byte	0x5c0
 1114 044a 15       		.uleb128 0x15
 1115 044b 86010000 		.4byte	.LVL62
 1116 044f CE000000 		.4byte	0xce
 1117 0453 08       		.uleb128 0x8
 1118 0454 90010000 		.4byte	.LVL63
 1119 0458 B4050000 		.4byte	0x5b4
 1120 045c 6A040000 		.4byte	0x46a
 1121 0460 09       		.uleb128 0x9
 1122 0461 01       		.uleb128 0x1
 1123 0462 50       		.byte	0x50
 1124 0463 05       		.uleb128 0x5
 1125 0464 03       		.byte	0x3
 1126 0465 78000000 		.4byte	.LC10
 1127 0469 00       		.byte	0
 1128 046a 15       		.uleb128 0x15
 1129 046b 94010000 		.4byte	.LVL64
 1130 046f 19010000 		.4byte	0x119
 1131 0473 15       		.uleb128 0x15
 1132 0474 98010000 		.4byte	.LVL65
 1133 0478 65010000 		.4byte	0x165
 1134 047c 08       		.uleb128 0x8
 1135 047d A2010000 		.4byte	.LVL66
 1136 0481 9E050000 		.4byte	0x59e
 1137 0485 91040000 		.4byte	0x491
 1138 0489 09       		.uleb128 0x9
 1139 048a 01       		.uleb128 0x1
 1140 048b 50       		.byte	0x50
 1141 048c 03       		.uleb128 0x3
 1142 048d 0A       		.byte	0xa
 1143 048e F401     		.2byte	0x1f4
 1144 0490 00       		.byte	0
 1145 0491 15       		.uleb128 0x15
 1146 0492 A6010000 		.4byte	.LVL67
 1147 0496 04060000 		.4byte	0x604
 1148 049a 15       		.uleb128 0x15
 1149 049b B2010000 		.4byte	.LVL68
 1150 049f 9E050000 		.4byte	0x59e
 1151 04a3 15       		.uleb128 0x15
 1152 04a4 B6010000 		.4byte	.LVL69
 1153 04a8 04060000 		.4byte	0x604
 1154 04ac 0A       		.uleb128 0xa
 1155 04ad C2010000 		.4byte	.LVL70
 1156 04b1 B4050000 		.4byte	0x5b4
 1157 04b5 09       		.uleb128 0x9
 1158 04b6 01       		.uleb128 0x1
 1159 04b7 50       		.byte	0x50
 1160 04b8 05       		.uleb128 0x5
 1161 04b9 03       		.byte	0x3
 1162 04ba 8C000000 		.4byte	.LC12
 1163 04be 00       		.byte	0
 1164 04bf 00       		.byte	0
 1165 04c0 15       		.uleb128 0x15
 1166 04c1 0E000000 		.4byte	.LVL9
 1167 04c5 0F060000 		.4byte	0x60f
 1168 04c9 15       		.uleb128 0x15
ARM GAS  C:\Users\Petro\AppData\Local\Temp\cccspPL2.s 			page 26


 1169 04ca 12000000 		.4byte	.LVL10
 1170 04ce 1A060000 		.4byte	0x61a
 1171 04d2 15       		.uleb128 0x15
 1172 04d3 16000000 		.4byte	.LVL11
 1173 04d7 25060000 		.4byte	0x625
 1174 04db 15       		.uleb128 0x15
 1175 04dc 1A000000 		.4byte	.LVL12
 1176 04e0 E3050000 		.4byte	0x5e3
 1177 04e4 08       		.uleb128 0x8
 1178 04e5 20000000 		.4byte	.LVL13
 1179 04e9 93050000 		.4byte	0x593
 1180 04ed F7040000 		.4byte	0x4f7
 1181 04f1 09       		.uleb128 0x9
 1182 04f2 01       		.uleb128 0x1
 1183 04f3 50       		.byte	0x50
 1184 04f4 01       		.uleb128 0x1
 1185 04f5 31       		.byte	0x31
 1186 04f6 00       		.byte	0
 1187 04f7 08       		.uleb128 0x8
 1188 04f8 26000000 		.4byte	.LVL14
 1189 04fc B4050000 		.4byte	0x5b4
 1190 0500 0E050000 		.4byte	0x50e
 1191 0504 09       		.uleb128 0x9
 1192 0505 01       		.uleb128 0x1
 1193 0506 50       		.byte	0x50
 1194 0507 05       		.uleb128 0x5
 1195 0508 03       		.byte	0x3
 1196 0509 20000000 		.4byte	.LC3
 1197 050d 00       		.byte	0
 1198 050e 15       		.uleb128 0x15
 1199 050f 2A000000 		.4byte	.LVL15
 1200 0513 04060000 		.4byte	0x604
 1201 0517 15       		.uleb128 0x15
 1202 0518 34000000 		.4byte	.LVL16
 1203 051c 9E050000 		.4byte	0x59e
 1204 0520 15       		.uleb128 0x15
 1205 0521 38000000 		.4byte	.LVL17
 1206 0525 04060000 		.4byte	0x604
 1207 0529 08       		.uleb128 0x8
 1208 052a 42000000 		.4byte	.LVL18
 1209 052e B4050000 		.4byte	0x5b4
 1210 0532 40050000 		.4byte	0x540
 1211 0536 09       		.uleb128 0x9
 1212 0537 01       		.uleb128 0x1
 1213 0538 50       		.byte	0x50
 1214 0539 05       		.uleb128 0x5
 1215 053a 03       		.byte	0x3
 1216 053b 20000000 		.4byte	.LC3
 1217 053f 00       		.byte	0
 1218 0540 0A       		.uleb128 0xa
 1219 0541 48000000 		.4byte	.LVL19
 1220 0545 93050000 		.4byte	0x593
 1221 0549 09       		.uleb128 0x9
 1222 054a 01       		.uleb128 0x1
 1223 054b 50       		.byte	0x50
 1224 054c 01       		.uleb128 0x1
 1225 054d 31       		.byte	0x31
ARM GAS  C:\Users\Petro\AppData\Local\Temp\cccspPL2.s 			page 27


 1226 054e 00       		.byte	0
 1227 054f 00       		.byte	0
 1228 0550 16       		.uleb128 0x16
 1229 0551 9A000000 		.4byte	.LASF27
 1230 0555 01       		.byte	0x1
 1231 0556 08       		.byte	0x8
 1232 0557 8C000000 		.4byte	0x8c
 1233 055b 05       		.uleb128 0x5
 1234 055c 03       		.byte	0x3
 1235 055d 00000000 		.4byte	roundCount
 1236 0561 16       		.uleb128 0x16
 1237 0562 FA010000 		.4byte	.LASF28
 1238 0566 01       		.byte	0x1
 1239 0567 09       		.byte	0x9
 1240 0568 8C000000 		.4byte	0x8c
 1241 056c 05       		.uleb128 0x5
 1242 056d 03       		.byte	0x3
 1243 056e 00000000 		.4byte	totalReactionTime
 1244 0572 17       		.uleb128 0x17
 1245 0573 CD000000 		.4byte	.LASF29
 1246 0577 CD000000 		.4byte	.LASF29
 1247 057b 06       		.byte	0x6
 1248 057c 33       		.byte	0x33
 1249 057d 17       		.uleb128 0x17
 1250 057e 19010000 		.4byte	.LASF30
 1251 0582 19010000 		.4byte	.LASF30
 1252 0586 07       		.byte	0x7
 1253 0587 33       		.byte	0x33
 1254 0588 17       		.uleb128 0x17
 1255 0589 77010000 		.4byte	.LASF31
 1256 058d 77010000 		.4byte	.LASF31
 1257 0591 08       		.byte	0x8
 1258 0592 33       		.byte	0x33
 1259 0593 17       		.uleb128 0x17
 1260 0594 C9010000 		.4byte	.LASF32
 1261 0598 C9010000 		.4byte	.LASF32
 1262 059c 09       		.byte	0x9
 1263 059d 33       		.byte	0x33
 1264 059e 17       		.uleb128 0x17
 1265 059f 21030000 		.4byte	.LASF33
 1266 05a3 21030000 		.4byte	.LASF33
 1267 05a7 0A       		.byte	0xa
 1268 05a8 EC       		.byte	0xec
 1269 05a9 17       		.uleb128 0x17
 1270 05aa 19030000 		.4byte	.LASF34
 1271 05ae 19030000 		.4byte	.LASF34
 1272 05b2 0B       		.byte	0xb
 1273 05b3 E7       		.byte	0xe7
 1274 05b4 18       		.uleb128 0x18
 1275 05b5 53000000 		.4byte	.LASF35
 1276 05b9 53000000 		.4byte	.LASF35
 1277 05bd 0C       		.byte	0xc
 1278 05be 2A03     		.2byte	0x32a
 1279 05c0 18       		.uleb128 0x18
 1280 05c1 35010000 		.4byte	.LASF36
 1281 05c5 35010000 		.4byte	.LASF36
 1282 05c9 0A       		.byte	0xa
ARM GAS  C:\Users\Petro\AppData\Local\Temp\cccspPL2.s 			page 28


 1283 05ca 1201     		.2byte	0x112
 1284 05cc 17       		.uleb128 0x17
 1285 05cd DF010000 		.4byte	.LASF37
 1286 05d1 DF010000 		.4byte	.LASF37
 1287 05d5 0D       		.byte	0xd
 1288 05d6 3F       		.byte	0x3f
 1289 05d7 18       		.uleb128 0x18
 1290 05d8 1F000000 		.4byte	.LASF38
 1291 05dc 1F000000 		.4byte	.LASF38
 1292 05e0 0E       		.byte	0xe
 1293 05e1 7E04     		.2byte	0x47e
 1294 05e3 17       		.uleb128 0x17
 1295 05e4 82000000 		.4byte	.LASF39
 1296 05e8 82000000 		.4byte	.LASF39
 1297 05ec 0F       		.byte	0xf
 1298 05ed 59       		.byte	0x59
 1299 05ee 17       		.uleb128 0x17
 1300 05ef BD000000 		.4byte	.LASF40
 1301 05f3 BD000000 		.4byte	.LASF40
 1302 05f7 0F       		.byte	0xf
 1303 05f8 5A       		.byte	0x5a
 1304 05f9 17       		.uleb128 0x17
 1305 05fa 79030000 		.4byte	.LASF41
 1306 05fe 79030000 		.4byte	.LASF41
 1307 0602 10       		.byte	0x10
 1308 0603 88       		.byte	0x88
 1309 0604 17       		.uleb128 0x17
 1310 0605 5B010000 		.4byte	.LASF42
 1311 0609 5B010000 		.4byte	.LASF42
 1312 060d 11       		.byte	0x11
 1313 060e 32       		.byte	0x32
 1314 060f 17       		.uleb128 0x17
 1315 0610 B3000000 		.4byte	.LASF43
 1316 0614 B3000000 		.4byte	.LASF43
 1317 0618 12       		.byte	0x12
 1318 0619 70       		.byte	0x70
 1319 061a 17       		.uleb128 0x17
 1320 061b 0E010000 		.4byte	.LASF44
 1321 061f 0E010000 		.4byte	.LASF44
 1322 0623 12       		.byte	0x12
 1323 0624 72       		.byte	0x72
 1324 0625 17       		.uleb128 0x17
 1325 0626 37000000 		.4byte	.LASF45
 1326 062a 37000000 		.4byte	.LASF45
 1327 062e 0D       		.byte	0xd
 1328 062f 3B       		.byte	0x3b
 1329 0630 00       		.byte	0
 1330              		.section	.debug_abbrev,"",%progbits
 1331              	.Ldebug_abbrev0:
 1332 0000 01       		.uleb128 0x1
 1333 0001 11       		.uleb128 0x11
 1334 0002 01       		.byte	0x1
 1335 0003 25       		.uleb128 0x25
 1336 0004 0E       		.uleb128 0xe
 1337 0005 13       		.uleb128 0x13
 1338 0006 0B       		.uleb128 0xb
 1339 0007 03       		.uleb128 0x3
ARM GAS  C:\Users\Petro\AppData\Local\Temp\cccspPL2.s 			page 29


 1340 0008 0E       		.uleb128 0xe
 1341 0009 1B       		.uleb128 0x1b
 1342 000a 0E       		.uleb128 0xe
 1343 000b 55       		.uleb128 0x55
 1344 000c 17       		.uleb128 0x17
 1345 000d 11       		.uleb128 0x11
 1346 000e 01       		.uleb128 0x1
 1347 000f 10       		.uleb128 0x10
 1348 0010 17       		.uleb128 0x17
 1349 0011 00       		.byte	0
 1350 0012 00       		.byte	0
 1351 0013 02       		.uleb128 0x2
 1352 0014 24       		.uleb128 0x24
 1353 0015 00       		.byte	0
 1354 0016 0B       		.uleb128 0xb
 1355 0017 0B       		.uleb128 0xb
 1356 0018 3E       		.uleb128 0x3e
 1357 0019 0B       		.uleb128 0xb
 1358 001a 03       		.uleb128 0x3
 1359 001b 0E       		.uleb128 0xe
 1360 001c 00       		.byte	0
 1361 001d 00       		.byte	0
 1362 001e 03       		.uleb128 0x3
 1363 001f 16       		.uleb128 0x16
 1364 0020 00       		.byte	0
 1365 0021 03       		.uleb128 0x3
 1366 0022 0E       		.uleb128 0xe
 1367 0023 3A       		.uleb128 0x3a
 1368 0024 0B       		.uleb128 0xb
 1369 0025 3B       		.uleb128 0x3b
 1370 0026 0B       		.uleb128 0xb
 1371 0027 49       		.uleb128 0x49
 1372 0028 13       		.uleb128 0x13
 1373 0029 00       		.byte	0
 1374 002a 00       		.byte	0
 1375 002b 04       		.uleb128 0x4
 1376 002c 24       		.uleb128 0x24
 1377 002d 00       		.byte	0
 1378 002e 0B       		.uleb128 0xb
 1379 002f 0B       		.uleb128 0xb
 1380 0030 3E       		.uleb128 0x3e
 1381 0031 0B       		.uleb128 0xb
 1382 0032 03       		.uleb128 0x3
 1383 0033 08       		.uleb128 0x8
 1384 0034 00       		.byte	0
 1385 0035 00       		.byte	0
 1386 0036 05       		.uleb128 0x5
 1387 0037 16       		.uleb128 0x16
 1388 0038 00       		.byte	0
 1389 0039 03       		.uleb128 0x3
 1390 003a 0E       		.uleb128 0xe
 1391 003b 3A       		.uleb128 0x3a
 1392 003c 0B       		.uleb128 0xb
 1393 003d 3B       		.uleb128 0x3b
 1394 003e 05       		.uleb128 0x5
 1395 003f 49       		.uleb128 0x49
 1396 0040 13       		.uleb128 0x13
ARM GAS  C:\Users\Petro\AppData\Local\Temp\cccspPL2.s 			page 30


 1397 0041 00       		.byte	0
 1398 0042 00       		.byte	0
 1399 0043 06       		.uleb128 0x6
 1400 0044 2E       		.uleb128 0x2e
 1401 0045 00       		.byte	0
 1402 0046 03       		.uleb128 0x3
 1403 0047 0E       		.uleb128 0xe
 1404 0048 3A       		.uleb128 0x3a
 1405 0049 0B       		.uleb128 0xb
 1406 004a 3B       		.uleb128 0x3b
 1407 004b 0B       		.uleb128 0xb
 1408 004c 27       		.uleb128 0x27
 1409 004d 19       		.uleb128 0x19
 1410 004e 20       		.uleb128 0x20
 1411 004f 0B       		.uleb128 0xb
 1412 0050 00       		.byte	0
 1413 0051 00       		.byte	0
 1414 0052 07       		.uleb128 0x7
 1415 0053 2E       		.uleb128 0x2e
 1416 0054 01       		.byte	0x1
 1417 0055 3F       		.uleb128 0x3f
 1418 0056 19       		.uleb128 0x19
 1419 0057 03       		.uleb128 0x3
 1420 0058 0E       		.uleb128 0xe
 1421 0059 3A       		.uleb128 0x3a
 1422 005a 0B       		.uleb128 0xb
 1423 005b 3B       		.uleb128 0x3b
 1424 005c 0B       		.uleb128 0xb
 1425 005d 11       		.uleb128 0x11
 1426 005e 01       		.uleb128 0x1
 1427 005f 12       		.uleb128 0x12
 1428 0060 06       		.uleb128 0x6
 1429 0061 40       		.uleb128 0x40
 1430 0062 18       		.uleb128 0x18
 1431 0063 9742     		.uleb128 0x2117
 1432 0065 19       		.uleb128 0x19
 1433 0066 01       		.uleb128 0x1
 1434 0067 13       		.uleb128 0x13
 1435 0068 00       		.byte	0
 1436 0069 00       		.byte	0
 1437 006a 08       		.uleb128 0x8
 1438 006b 898201   		.uleb128 0x4109
 1439 006e 01       		.byte	0x1
 1440 006f 11       		.uleb128 0x11
 1441 0070 01       		.uleb128 0x1
 1442 0071 31       		.uleb128 0x31
 1443 0072 13       		.uleb128 0x13
 1444 0073 01       		.uleb128 0x1
 1445 0074 13       		.uleb128 0x13
 1446 0075 00       		.byte	0
 1447 0076 00       		.byte	0
 1448 0077 09       		.uleb128 0x9
 1449 0078 8A8201   		.uleb128 0x410a
 1450 007b 00       		.byte	0
 1451 007c 02       		.uleb128 0x2
 1452 007d 18       		.uleb128 0x18
 1453 007e 9142     		.uleb128 0x2111
ARM GAS  C:\Users\Petro\AppData\Local\Temp\cccspPL2.s 			page 31


 1454 0080 18       		.uleb128 0x18
 1455 0081 00       		.byte	0
 1456 0082 00       		.byte	0
 1457 0083 0A       		.uleb128 0xa
 1458 0084 898201   		.uleb128 0x4109
 1459 0087 01       		.byte	0x1
 1460 0088 11       		.uleb128 0x11
 1461 0089 01       		.uleb128 0x1
 1462 008a 31       		.uleb128 0x31
 1463 008b 13       		.uleb128 0x13
 1464 008c 00       		.byte	0
 1465 008d 00       		.byte	0
 1466 008e 0B       		.uleb128 0xb
 1467 008f 2E       		.uleb128 0x2e
 1468 0090 01       		.byte	0x1
 1469 0091 3F       		.uleb128 0x3f
 1470 0092 19       		.uleb128 0x19
 1471 0093 03       		.uleb128 0x3
 1472 0094 0E       		.uleb128 0xe
 1473 0095 3A       		.uleb128 0x3a
 1474 0096 0B       		.uleb128 0xb
 1475 0097 3B       		.uleb128 0x3b
 1476 0098 0B       		.uleb128 0xb
 1477 0099 11       		.uleb128 0x11
 1478 009a 01       		.uleb128 0x1
 1479 009b 12       		.uleb128 0x12
 1480 009c 06       		.uleb128 0x6
 1481 009d 40       		.uleb128 0x40
 1482 009e 18       		.uleb128 0x18
 1483 009f 9642     		.uleb128 0x2116
 1484 00a1 19       		.uleb128 0x19
 1485 00a2 01       		.uleb128 0x1
 1486 00a3 13       		.uleb128 0x13
 1487 00a4 00       		.byte	0
 1488 00a5 00       		.byte	0
 1489 00a6 0C       		.uleb128 0xc
 1490 00a7 34       		.uleb128 0x34
 1491 00a8 00       		.byte	0
 1492 00a9 03       		.uleb128 0x3
 1493 00aa 08       		.uleb128 0x8
 1494 00ab 3A       		.uleb128 0x3a
 1495 00ac 0B       		.uleb128 0xb
 1496 00ad 3B       		.uleb128 0x3b
 1497 00ae 0B       		.uleb128 0xb
 1498 00af 49       		.uleb128 0x49
 1499 00b0 13       		.uleb128 0x13
 1500 00b1 02       		.uleb128 0x2
 1501 00b2 18       		.uleb128 0x18
 1502 00b3 00       		.byte	0
 1503 00b4 00       		.byte	0
 1504 00b5 0D       		.uleb128 0xd
 1505 00b6 01       		.uleb128 0x1
 1506 00b7 01       		.byte	0x1
 1507 00b8 49       		.uleb128 0x49
 1508 00b9 13       		.uleb128 0x13
 1509 00ba 01       		.uleb128 0x1
 1510 00bb 13       		.uleb128 0x13
ARM GAS  C:\Users\Petro\AppData\Local\Temp\cccspPL2.s 			page 32


 1511 00bc 00       		.byte	0
 1512 00bd 00       		.byte	0
 1513 00be 0E       		.uleb128 0xe
 1514 00bf 21       		.uleb128 0x21
 1515 00c0 00       		.byte	0
 1516 00c1 49       		.uleb128 0x49
 1517 00c2 13       		.uleb128 0x13
 1518 00c3 2F       		.uleb128 0x2f
 1519 00c4 0B       		.uleb128 0xb
 1520 00c5 00       		.byte	0
 1521 00c6 00       		.byte	0
 1522 00c7 0F       		.uleb128 0xf
 1523 00c8 2E       		.uleb128 0x2e
 1524 00c9 01       		.byte	0x1
 1525 00ca 3F       		.uleb128 0x3f
 1526 00cb 19       		.uleb128 0x19
 1527 00cc 03       		.uleb128 0x3
 1528 00cd 0E       		.uleb128 0xe
 1529 00ce 3A       		.uleb128 0x3a
 1530 00cf 0B       		.uleb128 0xb
 1531 00d0 3B       		.uleb128 0x3b
 1532 00d1 0B       		.uleb128 0xb
 1533 00d2 27       		.uleb128 0x27
 1534 00d3 19       		.uleb128 0x19
 1535 00d4 49       		.uleb128 0x49
 1536 00d5 13       		.uleb128 0x13
 1537 00d6 8701     		.uleb128 0x87
 1538 00d8 19       		.uleb128 0x19
 1539 00d9 11       		.uleb128 0x11
 1540 00da 01       		.uleb128 0x1
 1541 00db 12       		.uleb128 0x12
 1542 00dc 06       		.uleb128 0x6
 1543 00dd 40       		.uleb128 0x40
 1544 00de 18       		.uleb128 0x18
 1545 00df 9642     		.uleb128 0x2116
 1546 00e1 19       		.uleb128 0x19
 1547 00e2 01       		.uleb128 0x1
 1548 00e3 13       		.uleb128 0x13
 1549 00e4 00       		.byte	0
 1550 00e5 00       		.byte	0
 1551 00e6 10       		.uleb128 0x10
 1552 00e7 1D       		.uleb128 0x1d
 1553 00e8 00       		.byte	0
 1554 00e9 31       		.uleb128 0x31
 1555 00ea 13       		.uleb128 0x13
 1556 00eb 11       		.uleb128 0x11
 1557 00ec 01       		.uleb128 0x1
 1558 00ed 12       		.uleb128 0x12
 1559 00ee 06       		.uleb128 0x6
 1560 00ef 58       		.uleb128 0x58
 1561 00f0 0B       		.uleb128 0xb
 1562 00f1 59       		.uleb128 0x59
 1563 00f2 0B       		.uleb128 0xb
 1564 00f3 00       		.byte	0
 1565 00f4 00       		.byte	0
 1566 00f5 11       		.uleb128 0x11
 1567 00f6 0B       		.uleb128 0xb
ARM GAS  C:\Users\Petro\AppData\Local\Temp\cccspPL2.s 			page 33


 1568 00f7 01       		.byte	0x1
 1569 00f8 11       		.uleb128 0x11
 1570 00f9 01       		.uleb128 0x1
 1571 00fa 12       		.uleb128 0x12
 1572 00fb 06       		.uleb128 0x6
 1573 00fc 01       		.uleb128 0x1
 1574 00fd 13       		.uleb128 0x13
 1575 00fe 00       		.byte	0
 1576 00ff 00       		.byte	0
 1577 0100 12       		.uleb128 0x12
 1578 0101 34       		.uleb128 0x34
 1579 0102 00       		.byte	0
 1580 0103 03       		.uleb128 0x3
 1581 0104 0E       		.uleb128 0xe
 1582 0105 3A       		.uleb128 0x3a
 1583 0106 0B       		.uleb128 0xb
 1584 0107 3B       		.uleb128 0x3b
 1585 0108 0B       		.uleb128 0xb
 1586 0109 49       		.uleb128 0x49
 1587 010a 13       		.uleb128 0x13
 1588 010b 02       		.uleb128 0x2
 1589 010c 18       		.uleb128 0x18
 1590 010d 00       		.byte	0
 1591 010e 00       		.byte	0
 1592 010f 13       		.uleb128 0x13
 1593 0110 34       		.uleb128 0x34
 1594 0111 00       		.byte	0
 1595 0112 03       		.uleb128 0x3
 1596 0113 0E       		.uleb128 0xe
 1597 0114 3A       		.uleb128 0x3a
 1598 0115 0B       		.uleb128 0xb
 1599 0116 3B       		.uleb128 0x3b
 1600 0117 0B       		.uleb128 0xb
 1601 0118 49       		.uleb128 0x49
 1602 0119 13       		.uleb128 0x13
 1603 011a 02       		.uleb128 0x2
 1604 011b 17       		.uleb128 0x17
 1605 011c 00       		.byte	0
 1606 011d 00       		.byte	0
 1607 011e 14       		.uleb128 0x14
 1608 011f 34       		.uleb128 0x34
 1609 0120 00       		.byte	0
 1610 0121 03       		.uleb128 0x3
 1611 0122 08       		.uleb128 0x8
 1612 0123 3A       		.uleb128 0x3a
 1613 0124 0B       		.uleb128 0xb
 1614 0125 3B       		.uleb128 0x3b
 1615 0126 0B       		.uleb128 0xb
 1616 0127 49       		.uleb128 0x49
 1617 0128 13       		.uleb128 0x13
 1618 0129 02       		.uleb128 0x2
 1619 012a 17       		.uleb128 0x17
 1620 012b 00       		.byte	0
 1621 012c 00       		.byte	0
 1622 012d 15       		.uleb128 0x15
 1623 012e 898201   		.uleb128 0x4109
 1624 0131 00       		.byte	0
ARM GAS  C:\Users\Petro\AppData\Local\Temp\cccspPL2.s 			page 34


 1625 0132 11       		.uleb128 0x11
 1626 0133 01       		.uleb128 0x1
 1627 0134 31       		.uleb128 0x31
 1628 0135 13       		.uleb128 0x13
 1629 0136 00       		.byte	0
 1630 0137 00       		.byte	0
 1631 0138 16       		.uleb128 0x16
 1632 0139 34       		.uleb128 0x34
 1633 013a 00       		.byte	0
 1634 013b 03       		.uleb128 0x3
 1635 013c 0E       		.uleb128 0xe
 1636 013d 3A       		.uleb128 0x3a
 1637 013e 0B       		.uleb128 0xb
 1638 013f 3B       		.uleb128 0x3b
 1639 0140 0B       		.uleb128 0xb
 1640 0141 49       		.uleb128 0x49
 1641 0142 13       		.uleb128 0x13
 1642 0143 3F       		.uleb128 0x3f
 1643 0144 19       		.uleb128 0x19
 1644 0145 02       		.uleb128 0x2
 1645 0146 18       		.uleb128 0x18
 1646 0147 00       		.byte	0
 1647 0148 00       		.byte	0
 1648 0149 17       		.uleb128 0x17
 1649 014a 2E       		.uleb128 0x2e
 1650 014b 00       		.byte	0
 1651 014c 3F       		.uleb128 0x3f
 1652 014d 19       		.uleb128 0x19
 1653 014e 3C       		.uleb128 0x3c
 1654 014f 19       		.uleb128 0x19
 1655 0150 6E       		.uleb128 0x6e
 1656 0151 0E       		.uleb128 0xe
 1657 0152 03       		.uleb128 0x3
 1658 0153 0E       		.uleb128 0xe
 1659 0154 3A       		.uleb128 0x3a
 1660 0155 0B       		.uleb128 0xb
 1661 0156 3B       		.uleb128 0x3b
 1662 0157 0B       		.uleb128 0xb
 1663 0158 00       		.byte	0
 1664 0159 00       		.byte	0
 1665 015a 18       		.uleb128 0x18
 1666 015b 2E       		.uleb128 0x2e
 1667 015c 00       		.byte	0
 1668 015d 3F       		.uleb128 0x3f
 1669 015e 19       		.uleb128 0x19
 1670 015f 3C       		.uleb128 0x3c
 1671 0160 19       		.uleb128 0x19
 1672 0161 6E       		.uleb128 0x6e
 1673 0162 0E       		.uleb128 0xe
 1674 0163 03       		.uleb128 0x3
 1675 0164 0E       		.uleb128 0xe
 1676 0165 3A       		.uleb128 0x3a
 1677 0166 0B       		.uleb128 0xb
 1678 0167 3B       		.uleb128 0x3b
 1679 0168 05       		.uleb128 0x5
 1680 0169 00       		.byte	0
 1681 016a 00       		.byte	0
ARM GAS  C:\Users\Petro\AppData\Local\Temp\cccspPL2.s 			page 35


 1682 016b 00       		.byte	0
 1683              		.section	.debug_loc,"",%progbits
 1684              	.Ldebug_loc0:
 1685              	.LLST0:
 1686 0000 9E000000 		.4byte	.LVL31
 1687 0004 A1000000 		.4byte	.LVL32-1
 1688 0008 0100     		.2byte	0x1
 1689 000a 50       		.byte	0x50
 1690 000b A1000000 		.4byte	.LVL32-1
 1691 000f 26010000 		.4byte	.LVL48
 1692 0013 0100     		.2byte	0x1
 1693 0015 54       		.byte	0x54
 1694 0016 6A010000 		.4byte	.LVL57
 1695 001a 82010000 		.4byte	.LVL61
 1696 001e 0100     		.2byte	0x1
 1697 0020 54       		.byte	0x54
 1698 0021 00000000 		.4byte	0
 1699 0025 00000000 		.4byte	0
 1700              	.LLST1:
 1701 0029 A4000000 		.4byte	.LVL33
 1702 002d A6000000 		.4byte	.LVL34
 1703 0031 0100     		.2byte	0x1
 1704 0033 50       		.byte	0x50
 1705 0034 A6000000 		.4byte	.LVL34
 1706 0038 E0010000 		.4byte	.LFE37
 1707 003c 0100     		.2byte	0x1
 1708 003e 56       		.byte	0x56
 1709 003f 00000000 		.4byte	0
 1710 0043 00000000 		.4byte	0
 1711              	.LLST2:
 1712 0047 A4000000 		.4byte	.LVL33
 1713 004b 66010000 		.4byte	.LVL56
 1714 004f 0200     		.2byte	0x2
 1715 0051 30       		.byte	0x30
 1716 0052 9F       		.byte	0x9f
 1717 0053 66010000 		.4byte	.LVL56
 1718 0057 6A010000 		.4byte	.LVL57
 1719 005b 0200     		.2byte	0x2
 1720 005d 31       		.byte	0x31
 1721 005e 9F       		.byte	0x9f
 1722 005f 6A010000 		.4byte	.LVL57
 1723 0063 82010000 		.4byte	.LVL61
 1724 0067 0200     		.2byte	0x2
 1725 0069 30       		.byte	0x30
 1726 006a 9F       		.byte	0x9f
 1727 006b 82010000 		.4byte	.LVL61
 1728 006f E0010000 		.4byte	.LFE37
 1729 0073 0100     		.2byte	0x1
 1730 0075 54       		.byte	0x54
 1731 0076 00000000 		.4byte	0
 1732 007a 00000000 		.4byte	0
 1733              	.LLST3:
 1734 007e AA000000 		.4byte	.LVL35
 1735 0082 12010000 		.4byte	.LVL45
 1736 0086 0300     		.2byte	0x3
 1737 0088 09       		.byte	0x9
 1738 0089 FF       		.byte	0xff
ARM GAS  C:\Users\Petro\AppData\Local\Temp\cccspPL2.s 			page 36


 1739 008a 9F       		.byte	0x9f
 1740 008b 12010000 		.4byte	.LVL45
 1741 008f 74010000 		.4byte	.LVL59
 1742 0093 0100     		.2byte	0x1
 1743 0095 55       		.byte	0x55
 1744 0096 00000000 		.4byte	0
 1745 009a 00000000 		.4byte	0
 1746              	.LLST4:
 1747 009e 26010000 		.4byte	.LVL48
 1748 00a2 30010000 		.4byte	.LVL49
 1749 00a6 0100     		.2byte	0x1
 1750 00a8 50       		.byte	0x50
 1751 00a9 30010000 		.4byte	.LVL49
 1752 00ad 54010000 		.4byte	.LVL52
 1753 00b1 0100     		.2byte	0x1
 1754 00b3 54       		.byte	0x54
 1755 00b4 58010000 		.4byte	.LVL53
 1756 00b8 66010000 		.4byte	.LVL56
 1757 00bc 0100     		.2byte	0x1
 1758 00be 54       		.byte	0x54
 1759 00bf 00000000 		.4byte	0
 1760 00c3 00000000 		.4byte	0
 1761              		.section	.debug_aranges,"",%progbits
 1762 0000 34000000 		.4byte	0x34
 1763 0004 0200     		.2byte	0x2
 1764 0006 00000000 		.4byte	.Ldebug_info0
 1765 000a 04       		.byte	0x4
 1766 000b 00       		.byte	0
 1767 000c 0000     		.2byte	0
 1768 000e 0000     		.2byte	0
 1769 0010 00000000 		.4byte	.LFB34
 1770 0014 16000000 		.4byte	.LFE34-.LFB34
 1771 0018 00000000 		.4byte	.LFB35
 1772 001c 16000000 		.4byte	.LFE35-.LFB35
 1773 0020 00000000 		.4byte	.LFB36
 1774 0024 34000000 		.4byte	.LFE36-.LFB36
 1775 0028 00000000 		.4byte	.LFB37
 1776 002c E0010000 		.4byte	.LFE37-.LFB37
 1777 0030 00000000 		.4byte	0
 1778 0034 00000000 		.4byte	0
 1779              		.section	.debug_ranges,"",%progbits
 1780              	.Ldebug_ranges0:
 1781 0000 00000000 		.4byte	.LFB34
 1782 0004 16000000 		.4byte	.LFE34
 1783 0008 00000000 		.4byte	.LFB35
 1784 000c 16000000 		.4byte	.LFE35
 1785 0010 00000000 		.4byte	.LFB36
 1786 0014 34000000 		.4byte	.LFE36
 1787 0018 00000000 		.4byte	.LFB37
 1788 001c E0010000 		.4byte	.LFE37
 1789 0020 00000000 		.4byte	0
 1790 0024 00000000 		.4byte	0
 1791              		.section	.debug_line,"",%progbits
 1792              	.Ldebug_line0:
 1793 0000 1F030000 		.section	.debug_str,"MS",%progbits,1
 1793      02006A02 
 1793      00000201 
ARM GAS  C:\Users\Petro\AppData\Local\Temp\cccspPL2.s 			page 37


 1793      FB0E0D00 
 1793      01010101 
 1794              	.LASF20:
 1795 0000 426C696E 		.ascii	"BlinkUserLED\000"
 1795      6B557365 
 1795      724C4544 
 1795      00
 1796              	.LASF25:
 1797 000d 70726573 		.ascii	"pressed\000"
 1797      73656400 
 1798              	.LASF5:
 1799 0015 5F5F7569 		.ascii	"__uint8_t\000"
 1799      6E74385F 
 1799      7400
 1800              	.LASF38:
 1801 001f 43617053 		.ascii	"CapSense_IsWidgetActive\000"
 1801      656E7365 
 1801      5F497357 
 1801      69646765 
 1801      74416374 
 1802              	.LASF45:
 1803 0037 43617053 		.ascii	"CapSense_Start\000"
 1803      656E7365 
 1803      5F537461 
 1803      727400
 1804              	.LASF49:
 1805 0046 5F5F656E 		.ascii	"__enable_irq\000"
 1805      61626C65 
 1805      5F697271 
 1805      00
 1806              	.LASF35:
 1807 0053 55415254 		.ascii	"UART_UartPutString\000"
 1807      5F556172 
 1807      74507574 
 1807      53747269 
 1807      6E6700
 1808              	.LASF22:
 1809 0066 74617267 		.ascii	"target\000"
 1809      657400
 1810              	.LASF14:
 1811 006d 666C6F61 		.ascii	"float\000"
 1811      7400
 1812              	.LASF19:
 1813 0073 5475726E 		.ascii	"TurnOffAllLEDs\000"
 1813      4F666641 
 1813      6C6C4C45 
 1813      447300
 1814              	.LASF39:
 1815 0082 43617053 		.ascii	"CapSense_ScanAllWidgets\000"
 1815      656E7365 
 1815      5F536361 
 1815      6E416C6C 
 1815      57696467 
 1816              	.LASF27:
 1817 009a 726F756E 		.ascii	"roundCount\000"
 1817      64436F75 
 1817      6E7400
ARM GAS  C:\Users\Petro\AppData\Local\Temp\cccspPL2.s 			page 38


 1818              	.LASF1:
 1819 00a5 756E7369 		.ascii	"unsigned char\000"
 1819      676E6564 
 1819      20636861 
 1819      7200
 1820              	.LASF43:
 1821 00b3 55415254 		.ascii	"UART_Init\000"
 1821      5F496E69 
 1821      7400
 1822              	.LASF40:
 1823 00bd 43617053 		.ascii	"CapSense_IsBusy\000"
 1823      656E7365 
 1823      5F497342 
 1823      75737900 
 1824              	.LASF29:
 1825 00cd 4C45445F 		.ascii	"LED_CapSense_Button_0_Write\000"
 1825      43617053 
 1825      656E7365 
 1825      5F427574 
 1825      746F6E5F 
 1826              	.LASF7:
 1827 00e9 6C6F6E67 		.ascii	"long unsigned int\000"
 1827      20756E73 
 1827      69676E65 
 1827      6420696E 
 1827      7400
 1828              	.LASF3:
 1829 00fb 73686F72 		.ascii	"short unsigned int\000"
 1829      7420756E 
 1829      7369676E 
 1829      65642069 
 1829      6E7400
 1830              	.LASF44:
 1831 010e 55415254 		.ascii	"UART_Start\000"
 1831      5F537461 
 1831      727400
 1832              	.LASF30:
 1833 0119 4C45445F 		.ascii	"LED_CapSense_Button_1_Write\000"
 1833      43617053 
 1833      656E7365 
 1833      5F427574 
 1833      746F6E5F 
 1834              	.LASF36:
 1835 0135 43795379 		.ascii	"CySysTickGetValue\000"
 1835      73546963 
 1835      6B476574 
 1835      56616C75 
 1835      6500
 1836              	.LASF26:
 1837 0147 72656163 		.ascii	"reactionTime\000"
 1837      74696F6E 
 1837      54696D65 
 1837      00
 1838              	.LASF15:
 1839 0154 646F7562 		.ascii	"double\000"
 1839      6C6500
 1840              	.LASF42:
ARM GAS  C:\Users\Petro\AppData\Local\Temp\cccspPL2.s 			page 39


 1841 015b 55736572 		.ascii	"User_Button_Read\000"
 1841      5F427574 
 1841      746F6E5F 
 1841      52656164 
 1841      00
 1842              	.LASF6:
 1843 016c 5F5F7569 		.ascii	"__uint32_t\000"
 1843      6E743332 
 1843      5F7400
 1844              	.LASF31:
 1845 0177 4C45445F 		.ascii	"LED_CapSense_Button_2_Write\000"
 1845      43617053 
 1845      656E7365 
 1845      5F427574 
 1845      746F6E5F 
 1846              	.LASF23:
 1847 0193 73746172 		.ascii	"startTime\000"
 1847      7454696D 
 1847      6500
 1848              	.LASF10:
 1849 019d 756E7369 		.ascii	"unsigned int\000"
 1849      676E6564 
 1849      20696E74 
 1849      00
 1850              	.LASF9:
 1851 01aa 6C6F6E67 		.ascii	"long long unsigned int\000"
 1851      206C6F6E 
 1851      6720756E 
 1851      7369676E 
 1851      65642069 
 1852              	.LASF11:
 1853 01c1 75696E74 		.ascii	"uint8_t\000"
 1853      385F7400 
 1854              	.LASF32:
 1855 01c9 4C45445F 		.ascii	"LED_User_status_Write\000"
 1855      55736572 
 1855      5F737461 
 1855      7475735F 
 1855      57726974 
 1856              	.LASF37:
 1857 01df 43617053 		.ascii	"CapSense_ProcessAllWidgets\000"
 1857      656E7365 
 1857      5F50726F 
 1857      63657373 
 1857      416C6C57 
 1858              	.LASF28:
 1859 01fa 746F7461 		.ascii	"totalReactionTime\000"
 1859      6C526561 
 1859      6374696F 
 1859      6E54696D 
 1859      6500
 1860              	.LASF0:
 1861 020c 7369676E 		.ascii	"signed char\000"
 1861      65642063 
 1861      68617200 
 1862              	.LASF18:
 1863 0218 73697A65 		.ascii	"sizetype\000"
ARM GAS  C:\Users\Petro\AppData\Local\Temp\cccspPL2.s 			page 40


 1863      74797065 
 1863      00
 1864              	.LASF50:
 1865 0221 6D61696E 		.ascii	"main\000"
 1865      00
 1866              	.LASF8:
 1867 0226 6C6F6E67 		.ascii	"long long int\000"
 1867      206C6F6E 
 1867      6720696E 
 1867      7400
 1868              	.LASF24:
 1869 0234 74696D65 		.ascii	"timeoutStart\000"
 1869      6F757453 
 1869      74617274 
 1869      00
 1870              	.LASF47:
 1871 0241 6D61696E 		.ascii	"main.c\000"
 1871      2E6300
 1872              	.LASF16:
 1873 0248 63686172 		.ascii	"char\000"
 1873      00
 1874              	.LASF2:
 1875 024d 73686F72 		.ascii	"short int\000"
 1875      7420696E 
 1875      7400
 1876              	.LASF13:
 1877 0257 75696E74 		.ascii	"uint8\000"
 1877      3800
 1878              	.LASF12:
 1879 025d 75696E74 		.ascii	"uint32_t\000"
 1879      33325F74 
 1879      00
 1880              	.LASF4:
 1881 0266 6C6F6E67 		.ascii	"long int\000"
 1881      20696E74 
 1881      00
 1882              	.LASF17:
 1883 026f 6C6F6E67 		.ascii	"long double\000"
 1883      20646F75 
 1883      626C6500 
 1884              	.LASF46:
 1885 027b 474E5520 		.ascii	"GNU C11 5.4.1 20160609 (release) [ARM/embedded-5-br"
 1885      43313120 
 1885      352E342E 
 1885      31203230 
 1885      31363036 
 1886 02ae 616E6368 		.ascii	"anch revision 237715] -mcpu=cortex-m0plus -mthumb -"
 1886      20726576 
 1886      6973696F 
 1886      6E203233 
 1886      37373135 
 1887 02e1 67202D4F 		.ascii	"g -Og -ffunction-sections -ffat-lto-objects\000"
 1887      67202D66 
 1887      66756E63 
 1887      74696F6E 
 1887      2D736563 
 1888              	.LASF21:
ARM GAS  C:\Users\Petro\AppData\Local\Temp\cccspPL2.s 			page 41


 1889 030d 4F757470 		.ascii	"OutputStats\000"
 1889      75745374 
 1889      61747300 
 1890              	.LASF34:
 1891 0319 73707269 		.ascii	"sprintf\000"
 1891      6E746600 
 1892              	.LASF33:
 1893 0321 43794465 		.ascii	"CyDelay\000"
 1893      6C617900 
 1894              	.LASF48:
 1895 0329 433A5C55 		.ascii	"C:\\Users\\Petro\\Documents\\PSoC Creator\\CapSense"
 1895      73657273 
 1895      5C506574 
 1895      726F5C44 
 1895      6F63756D 
 1896 0357 5F546173 		.ascii	"_Tasks\\Taks_2_Reaction_Game.cydsn\000"
 1896      6B735C54 
 1896      616B735F 
 1896      325F5265 
 1896      61637469 
 1897              	.LASF41:
 1898 0379 72616E64 		.ascii	"rand\000"
 1898      00
 1899              		.ident	"GCC: (GNU Tools for ARM Embedded Processors) 5.4.1 20160609 (release) [ARM/embedded-5-bran
