Loading plugins phase: Elapsed time ==> 0s.111ms
<CYPRESSTAG name="CyDsfit arguments...">
cydsfit arguments: -.fdsnotice -.fdswarpdepfile=warp_dependencies.txt -.fdselabdepfile=elab_dependencies.txt -.fdsbldfile=generated_files.txt -.fdsreffile=referenced_files.txt -p F:\CapSense_Tasks\Task_2.cydsn\Task_2.cyprj -d CY8C4045AZI-S413 -s F:\CapSense_Tasks\Task_2.cydsn\Generated_Source\PSoC4 -- -yv2 -q10 -ygs -o2 -v3 -.fftcfgtype=LE
</CYPRESSTAG>
<CYPRESSTAG name="Design elaboration results...">
</CYPRESSTAG>
Elaboration phase: Elapsed time ==> 1s.608ms
<CYPRESSTAG name="HDL generation results...">
</CYPRESSTAG>
HDL generation phase: Elapsed time ==> 0s.029ms
<CYPRESSTAG name="Synthesis results...">

     | | | | | | |
   _________________
  -|               |-
  -|               |-
  -|               |-
  -|    CYPRESS    |-
  -|               |-
  -|               |-   Warp Verilog Synthesis Compiler: Version 6.3 IR 41
  -|               |-   Copyright (C) 1991-2001 Cypress Semiconductor
   |_______________|
     | | | | | | |

======================================================================
Compiling:  Task_2.v
Program  :   F:\psoccreator\PSoC Creator\4.4\PSoC Creator\warp\bin\warp.exe
Options  :    -yv2 -q10 -ygs -o2 -v3 -.fftcfgtype=LE -ya -.fftprj=F:\CapSense_Tasks\Task_2.cydsn\Task_2.cyprj -dcpsoc3 Task_2.v -verilog
======================================================================

======================================================================
Compiling:  Task_2.v
Program  :   F:\psoccreator\PSoC Creator\4.4\PSoC Creator\warp\bin\warp.exe
Options  :    -yv2 -q10 -ygs -o2 -v3 -.fftcfgtype=LE -ya -.fftprj=F:\CapSense_Tasks\Task_2.cydsn\Task_2.cyprj -dcpsoc3 Task_2.v -verilog
======================================================================

======================================================================
Compiling:  Task_2.v
Program  :   vlogfe
Options  :    -yv2 -q10 -ygs -o2 -v3 -.fftcfgtype=LE -ya -.fftprj=F:\CapSense_Tasks\Task_2.cydsn\Task_2.cyprj -dcpsoc3 -verilog Task_2.v
======================================================================

vlogfe V6.3 IR 41:  Verilog parser
Sun Jun 01 13:34:03 2025


======================================================================
Compiling:  Task_2.v
Program  :   vpp
Options  :    -yv2 -q10 Task_2.v
======================================================================

vpp V6.3 IR 41:  Verilog Pre-Processor
Sun Jun 01 13:34:03 2025

Flattening file 'F:\psoccreator\PSoC Creator\4.4\PSoC Creator\psoc\content\CyPrimitives\cyprimitives.cylib\cy_analog_virtualmux_v1_0\cy_analog_virtualmux_v1_0.v'
Flattening file 'F:\psoccreator\PSoC Creator\4.4\PSoC Creator\psoc\content\CyPrimitives\cyprimitives.cylib\ZeroTerminal\ZeroTerminal.v'
Flattening file 'F:\psoccreator\PSoC Creator\4.4\PSoC Creator\psoc\content\CyPrimitives\cyprimitives.cylib\or_v1_0\or_v1_0.v'
Flattening file 'F:\psoccreator\PSoC Creator\4.4\PSoC Creator\psoc\content\CyPrimitives\cyprimitives.cylib\cy_virtualmux_v1_0\cy_virtualmux_v1_0.v'

vpp:  No errors.

Library 'work' => directory 'lcpsoc3'
General_symbol_table
General_symbol_table
Linking 'F:\psoccreator\PSoC Creator\4.4\PSoC Creator\warp\lib\common\std.vhd'.
Linking 'F:\psoccreator\PSoC Creator\4.4\PSoC Creator\warp\lib\common\cypress.vhd'.
Linking 'F:\psoccreator\PSoC Creator\4.4\PSoC Creator\warp\lib\common\work\cypress.vif'.
Linking 'F:\psoccreator\PSoC Creator\4.4\PSoC Creator\warp\lib\ieee\work\stdlogic.vif'.
Linking 'F:\psoccreator\PSoC Creator\4.4\PSoC Creator\warp\lib\common\stdlogic\lpmpkg.vif'.
Linking 'F:\psoccreator\PSoC Creator\4.4\PSoC Creator\warp\lib\common\stdlogic\rtlpkg.vif'.
Linking 'F:\psoccreator\PSoC Creator\4.4\PSoC Creator\warp\lib\common\stdlogic\mod_cnst.vif'.
Linking 'F:\psoccreator\PSoC Creator\4.4\PSoC Creator\warp\lib\common\stdlogic\mod_mthv.vif'.
Linking 'F:\psoccreator\PSoC Creator\4.4\PSoC Creator\warp\lib\common\stdlogic\mod_genv.vif'.
Using control file 'Task_2.ctl'.

vlogfe:  No errors.


======================================================================
Compiling:  Task_2.v
Program  :   tovif
Options  :    -yv2 -q10 -ygs -o2 -v3 -.fftcfgtype=LE -ya -.fftprj=F:\CapSense_Tasks\Task_2.cydsn\Task_2.cyprj -dcpsoc3 -verilog Task_2.v
======================================================================

tovif V6.3 IR 41:  High-level synthesis
Sun Jun 01 13:34:03 2025

Linking 'F:\psoccreator\PSoC Creator\4.4\PSoC Creator\warp\lib\common\std.vhd'.
Linking 'F:\psoccreator\PSoC Creator\4.4\PSoC Creator\warp\lib\common\cypress.vhd'.
Linking 'F:\psoccreator\PSoC Creator\4.4\PSoC Creator\warp\lib\common\work\cypress.vif'.
Linking 'F:\psoccreator\PSoC Creator\4.4\PSoC Creator\warp\lib\ieee\work\stdlogic.vif'.
Linking 'F:\psoccreator\PSoC Creator\4.4\PSoC Creator\warp\lib\common\stdlogic\lpmpkg.vif'.
Linking 'F:\psoccreator\PSoC Creator\4.4\PSoC Creator\warp\lib\common\stdlogic\rtlpkg.vif'.
Linking 'F:\psoccreator\PSoC Creator\4.4\PSoC Creator\warp\lib\common\stdlogic\mod_cnst.vif'.
Linking 'F:\psoccreator\PSoC Creator\4.4\PSoC Creator\warp\lib\common\stdlogic\mod_mthv.vif'.
Linking 'F:\psoccreator\PSoC Creator\4.4\PSoC Creator\warp\lib\common\stdlogic\mod_genv.vif'.
Linking 'F:\CapSense_Tasks\Task_2.cydsn\codegentemp\Task_2.ctl'.
Linking 'F:\psoccreator\PSoC Creator\4.4\PSoC Creator\psoc\content\CyPrimitives\cyprimitives.cylib\cy_analog_virtualmux_v1_0\cy_analog_virtualmux_v1_0.v'.
Linking 'F:\CapSense_Tasks\Task_2.cydsn\codegentemp\Task_2.v'.
Linking 'F:\psoccreator\PSoC Creator\4.4\PSoC Creator\psoc\content\CyPrimitives\cyprimitives.cylib\ZeroTerminal\ZeroTerminal.v'.
Linking 'F:\psoccreator\PSoC Creator\4.4\PSoC Creator\psoc\content\CyPrimitives\cyprimitives.cylib\or_v1_0\or_v1_0.v'.
Linking 'F:\psoccreator\PSoC Creator\4.4\PSoC Creator\psoc\content\CyPrimitives\cyprimitives.cylib\cy_virtualmux_v1_0\cy_virtualmux_v1_0.v'.

tovif:  No errors.


======================================================================
Compiling:  Task_2.v
Program  :   topld
Options  :    -yv2 -q10 -ygs -o2 -v3 -.fftcfgtype=LE -ya -.fftprj=F:\CapSense_Tasks\Task_2.cydsn\Task_2.cyprj -dcpsoc3 -verilog Task_2.v
======================================================================

topld V6.3 IR 41:  Synthesis and optimization
Sun Jun 01 13:34:03 2025

Linking 'F:\psoccreator\PSoC Creator\4.4\PSoC Creator\warp\lib\common\std.vhd'.
Linking 'F:\psoccreator\PSoC Creator\4.4\PSoC Creator\warp\lib\common\cypress.vhd'.
Linking 'F:\psoccreator\PSoC Creator\4.4\PSoC Creator\warp\lib\common\work\cypress.vif'.
Linking 'F:\psoccreator\PSoC Creator\4.4\PSoC Creator\warp\lib\ieee\work\stdlogic.vif'.
Linking 'F:\psoccreator\PSoC Creator\4.4\PSoC Creator\warp\lib\common\stdlogic\lpmpkg.vif'.
Linking 'F:\psoccreator\PSoC Creator\4.4\PSoC Creator\warp\lib\common\stdlogic\rtlpkg.vif'.
Linking 'F:\psoccreator\PSoC Creator\4.4\PSoC Creator\warp\lib\common\stdlogic\mod_cnst.vif'.
Linking 'F:\psoccreator\PSoC Creator\4.4\PSoC Creator\warp\lib\common\stdlogic\mod_mthv.vif'.
Linking 'F:\psoccreator\PSoC Creator\4.4\PSoC Creator\warp\lib\common\stdlogic\mod_genv.vif'.
Linking 'F:\CapSense_Tasks\Task_2.cydsn\codegentemp\Task_2.ctl'.
Linking 'F:\psoccreator\PSoC Creator\4.4\PSoC Creator\psoc\content\CyPrimitives\cyprimitives.cylib\cy_analog_virtualmux_v1_0\cy_analog_virtualmux_v1_0.v'.
Linking 'F:\CapSense_Tasks\Task_2.cydsn\codegentemp\Task_2.v'.
Linking 'F:\psoccreator\PSoC Creator\4.4\PSoC Creator\psoc\content\CyPrimitives\cyprimitives.cylib\ZeroTerminal\ZeroTerminal.v'.
Linking 'F:\psoccreator\PSoC Creator\4.4\PSoC Creator\psoc\content\CyPrimitives\cyprimitives.cylib\or_v1_0\or_v1_0.v'.
Linking 'F:\psoccreator\PSoC Creator\4.4\PSoC Creator\psoc\content\CyPrimitives\cyprimitives.cylib\cy_virtualmux_v1_0\cy_virtualmux_v1_0.v'.
Linking 'F:\psoccreator\PSoC Creator\4.4\PSoC Creator\warp\lib\lcpsoc3\stdlogic\cpsoc3.vif'.

----------------------------------------------------------
Detecting unused logic.
----------------------------------------------------------
    User names
	\CapSense:Net_147\
	\CapSense:Net_146\
	\UART:Net_1257\
	\UART:uncfg_rx_irq\
	\UART:Net_1099\
	\UART:Net_1258\
	Net_1170
	Net_1171
	Net_1172
	Net_1173
	Net_1174
	Net_1175
	Net_1176
	Net_1179
	Net_1180
	Net_1187


Deleted 16 User equations/components.
Deleted 0 Synthesized equations/components.

------------------------------------------------------
Alias Detection
------------------------------------------------------
Aliasing one to tmpOE__User_button_pin_net_0
Aliasing tmpOE__LED_User_status_net_0 to tmpOE__User_button_pin_net_0
Aliasing \CapSense:Net_95\ to zero
Aliasing \CapSense:Net_94\ to zero
Aliasing \CapSense:Net_93\ to zero
Aliasing \CapSense:Net_92\ to zero
Aliasing \CapSense:tmpOE__Sns_net_2\ to tmpOE__User_button_pin_net_0
Aliasing \CapSense:tmpOE__Sns_net_1\ to tmpOE__User_button_pin_net_0
Aliasing \CapSense:tmpOE__Sns_net_0\ to tmpOE__User_button_pin_net_0
Aliasing \CapSense:Net_57\ to zero
Aliasing \CapSense:Net_56\ to zero
Aliasing \CapSense:Net_55\ to zero
Aliasing \CapSense:Net_54\ to zero
Aliasing \CapSense:Net_44\ to zero
Aliasing \CapSense:Net_46\ to zero
Aliasing \CapSense:Net_47\ to zero
Aliasing \CapSense:Net_48\ to zero
Aliasing \CapSense:tmpOE__Cmod_net_0\ to tmpOE__User_button_pin_net_0
Aliasing \UART:select_s_wire\ to zero
Aliasing \UART:sclk_s_wire\ to zero
Aliasing \UART:mosi_s_wire\ to zero
Aliasing \UART:miso_m_wire\ to zero
Aliasing \UART:tmpOE__tx_net_0\ to tmpOE__User_button_pin_net_0
Aliasing \UART:tmpOE__rx_net_0\ to tmpOE__User_button_pin_net_0
Aliasing \UART:cts_wire\ to zero
Aliasing tmpOE__LED_CapSense_Button_0_net_0 to tmpOE__User_button_pin_net_0
Aliasing tmpOE__LED_CapSense_Button_1_net_0 to tmpOE__User_button_pin_net_0
Aliasing tmpOE__LED_CapSense_Button_2_net_0 to tmpOE__User_button_pin_net_0
Removing Lhs of wire one[8] = tmpOE__User_button_pin_net_0[3]
Removing Lhs of wire tmpOE__LED_User_status_net_0[10] = tmpOE__User_button_pin_net_0[3]
Removing Lhs of wire \CapSense:Net_95\[35] = zero[4]
Removing Lhs of wire \CapSense:Net_94\[36] = zero[4]
Removing Lhs of wire \CapSense:Net_93\[40] = zero[4]
Removing Lhs of wire \CapSense:Net_92\[60] = zero[4]
Removing Lhs of wire \CapSense:tmpOE__Sns_net_2\[63] = tmpOE__User_button_pin_net_0[3]
Removing Lhs of wire \CapSense:tmpOE__Sns_net_1\[64] = tmpOE__User_button_pin_net_0[3]
Removing Lhs of wire \CapSense:tmpOE__Sns_net_0\[65] = tmpOE__User_button_pin_net_0[3]
Removing Lhs of wire \CapSense:Net_57\[77] = zero[4]
Removing Lhs of wire \CapSense:Net_56\[78] = zero[4]
Removing Lhs of wire \CapSense:Net_55\[79] = zero[4]
Removing Lhs of wire \CapSense:Net_54\[80] = zero[4]
Removing Lhs of wire \CapSense:Net_44\[83] = zero[4]
Removing Lhs of wire \CapSense:Net_46\[84] = zero[4]
Removing Lhs of wire \CapSense:Net_47\[85] = zero[4]
Removing Lhs of wire \CapSense:Net_48\[86] = zero[4]
Removing Lhs of wire \CapSense:tmpOE__Cmod_net_0\[88] = tmpOE__User_button_pin_net_0[3]
Removing Lhs of wire \UART:select_s_wire\[100] = zero[4]
Removing Rhs of wire \UART:rx_wire\[101] = \UART:Net_1268\[102]
Removing Lhs of wire \UART:Net_1170\[105] = \UART:Net_847\[99]
Removing Lhs of wire \UART:sclk_s_wire\[106] = zero[4]
Removing Lhs of wire \UART:mosi_s_wire\[107] = zero[4]
Removing Lhs of wire \UART:miso_m_wire\[108] = zero[4]
Removing Lhs of wire \UART:tmpOE__tx_net_0\[110] = tmpOE__User_button_pin_net_0[3]
Removing Lhs of wire \UART:tmpOE__rx_net_0\[119] = tmpOE__User_button_pin_net_0[3]
Removing Lhs of wire \UART:cts_wire\[123] = zero[4]
Removing Lhs of wire tmpOE__LED_CapSense_Button_0_net_0[150] = tmpOE__User_button_pin_net_0[3]
Removing Lhs of wire tmpOE__LED_CapSense_Button_1_net_0[156] = tmpOE__User_button_pin_net_0[3]
Removing Lhs of wire tmpOE__LED_CapSense_Button_2_net_0[162] = tmpOE__User_button_pin_net_0[3]

------------------------------------------------------
Aliased 0 equations, 30 wires.
------------------------------------------------------

----------------------------------------------------------
Circuit simplification
----------------------------------------------------------

Substituting virtuals - pass 1:


----------------------------------------------------------
Circuit simplification results:

	Expanded 0 signals.
	Turned 0 signals into soft nodes.
	Maximum default expansion cost was set at 3.
----------------------------------------------------------

topld:  No errors.

CYPRESS_DIR    : F:\psoccreator\PSoC Creator\4.4\PSoC Creator\warp
Warp Program   : F:\psoccreator\PSoC Creator\4.4\PSoC Creator\warp\bin\warp.exe
Warp Arguments : -yv2 -q10 -ygs -o2 -v3 -.fftcfgtype=LE -ya -.fftprj=F:\CapSense_Tasks\Task_2.cydsn\Task_2.cyprj -dcpsoc3 Task_2.v -verilog
</CYPRESSTAG>
Warp synthesis phase: Elapsed time ==> 0s.267ms
<CYPRESSTAG name="Fitter results...">
<CYPRESSTAG name="Fitter startup details...">
cyp3fit: V4.4.0.80, Family: PSoC3, Started at: Sunday, 01 June 2025 13:34:03
Options: -yv2 -q10 -ygs -o2 -v3 -.fftcfgtype=LE -ya -.fftprj=F:\CapSense_Tasks\Task_2.cydsn\Task_2.cyprj -d CY8C4045AZI-S413 Task_2.v -verilog
</CYPRESSTAG>
<CYPRESSTAG name="Design parsing">
Design parsing phase: Elapsed time ==> 0s.008ms
</CYPRESSTAG>
<CYPRESSTAG name="Tech Mapping">
<CYPRESSTAG name="Initial Mapping" icon="FILE_RPT_TECHM">
<CYPRESSTAG name="Global Clock Selection" icon="FILE_RPT_TECHM">
    Fixed Function Clock 2: Automatic-assigning  clock 'CapSense_ModClk'. Signal=\CapSense:Net_1423_ff2\
    Fixed Function Clock 0: Automatic-assigning  clock 'UART_SCBCLK'. Signal=\UART:Net_847_ff0\
<CYPRESSTAG name="UDB Clock/Enable Remapping Results">
</CYPRESSTAG>
</CYPRESSTAG>
ADD: pft.M0040: information: The following 3 pin(s) will be assigned a location by the fitter: \CapSense:Cmod(0)\, \UART:rx(0)\, \UART:tx(0)\


Removing unused cells resulting from optimization
Done removing unused cells.
<CYPRESSTAG name="Duplicate Macrocell detection">
</CYPRESSTAG>
</CYPRESSTAG>
<CYPRESSTAG name="Duplicate Macrocell detection">
</CYPRESSTAG>
<CYPRESSTAG name="Design Equations" icon="FILE_RPT_EQUATION">

------------------------------------------------------------
Design Equations
------------------------------------------------------------
    <CYPRESSTAG name="Pin listing">

    ------------------------------------------------------------
    Pin listing
    ------------------------------------------------------------

    Pin : Name = User_button_pin(0)
        Attributes:
            In Group/Port: True
            In Sync Option: NOSYNC
            Out Sync Option: AUTO
            Interrupt generated: True
            Interrupt mode: FALLING
            Drive mode: RES_PULL_UP
            VTrip: CMOS
            Slew: FAST
            Input Sync needed: False
            Output Sync needed: False
            SC shield enabled: False
            POR State: ANY
            LCD Mode: COMMON
            Register Mode: RegComb
            CaSense Mode: NEITHER
            Treat as pin: False
            Is OE Registered: False
            Uses Analog: False
            Can contain Digital: True
            Is SIO: False
            SIO Output Buf: NONREGULATED
            SIO Input Buf: SINGLE_ENDED
            SIO HiFreq: LOW
            SIO Hyst: DISABLED
            SIO Vtrip: MULTIPLIER_0_5
            SIO Multiplier Index: 0
            SIO RefSel: VCC_IO
            Required Capabilities: DIGITAL, PORT_INTERRUPT
            Initial Value: 1
            IO Voltage: 0
        PORT MAP (
            pa_out => User_button_pin(0)__PA ,
            pad => User_button_pin(0)_PAD );
        Properties:
        {
        }

    Pin : Name = LED_User_status(0)
        Attributes:
            In Group/Port: True
            In Sync Option: AUTO
            Out Sync Option: NOSYNC
            Interrupt generated: False
            Interrupt mode: NONE
            Drive mode: CMOS_OUT
            VTrip: EITHER
            Slew: FAST
            Input Sync needed: False
            Output Sync needed: False
            SC shield enabled: False
            POR State: ANY
            LCD Mode: COMMON
            Register Mode: RegComb
            CaSense Mode: NEITHER
            Treat as pin: True
            Is OE Registered: False
            Uses Analog: False
            Can contain Digital: True
            Is SIO: False
            SIO Output Buf: NONREGULATED
            SIO Input Buf: SINGLE_ENDED
            SIO HiFreq: LOW
            SIO Hyst: DISABLED
            SIO Vtrip: MULTIPLIER_0_5
            SIO Multiplier Index: 0
            SIO RefSel: VCC_IO
            Required Capabilities: DIGITAL
            Initial Value: 0
            IO Voltage: 0
        PORT MAP (
            pa_out => LED_User_status(0)__PA ,
            pad => LED_User_status(0)_PAD );
        Properties:
        {
        }

    Pin : Name = \CapSense:Sns(0)\
        Attributes:
            Alias: Button0_Sns0
            In Group/Port: True
            In Sync Option: AUTO
            Out Sync Option: AUTO
            Interrupt generated: False
            Interrupt mode: NONE
            Drive mode: HI_Z_ANALOG
            VTrip: EITHER
            Slew: FAST
            Input Sync needed: False
            Output Sync needed: False
            SC shield enabled: False
            POR State: ANY
            LCD Mode: COMMON
            Register Mode: RegComb
            CaSense Mode: NEITHER
            Treat as pin: True
            Is OE Registered: False
            Uses Analog: True
            Can contain Digital: False
            Is SIO: False
            SIO Output Buf: NONREGULATED
            SIO Input Buf: SINGLE_ENDED
            SIO HiFreq: LOW
            SIO Hyst: DISABLED
            SIO Vtrip: MULTIPLIER_0_5
            SIO Multiplier Index: 0
            SIO RefSel: VCC_IO
            Required Capabilities: ANALOG
            Initial Value: 0
            IO Voltage: 0
        PORT MAP (
            pa_out => \CapSense:Sns(0)\__PA ,
            analog_term => \CapSense:Net_2_0\ ,
            pad => \CapSense:Sns(0)_PAD\ );
        Properties:
        {
        }

    Pin : Name = \CapSense:Sns(1)\
        Attributes:
            Alias: Button1_Sns0
            In Group/Port: True
            In Sync Option: AUTO
            Out Sync Option: AUTO
            Interrupt generated: False
            Interrupt mode: NONE
            Drive mode: HI_Z_ANALOG
            VTrip: EITHER
            Slew: FAST
            Input Sync needed: False
            Output Sync needed: False
            SC shield enabled: False
            POR State: ANY
            LCD Mode: COMMON
            Register Mode: RegComb
            CaSense Mode: NEITHER
            Treat as pin: True
            Is OE Registered: False
            Uses Analog: True
            Can contain Digital: False
            Is SIO: False
            SIO Output Buf: NONREGULATED
            SIO Input Buf: SINGLE_ENDED
            SIO HiFreq: LOW
            SIO Hyst: DISABLED
            SIO Vtrip: MULTIPLIER_0_5
            SIO Multiplier Index: 0
            SIO RefSel: VCC_IO
            Required Capabilities: ANALOG
            Initial Value: 1
            IO Voltage: 0
        PORT MAP (
            pa_out => \CapSense:Sns(1)\__PA ,
            analog_term => \CapSense:Net_2_0\ ,
            pad => \CapSense:Sns(1)_PAD\ );
        Properties:
        {
        }

    Pin : Name = \CapSense:Sns(2)\
        Attributes:
            Alias: Button2_Sns0
            In Group/Port: True
            In Sync Option: AUTO
            Out Sync Option: AUTO
            Interrupt generated: False
            Interrupt mode: NONE
            Drive mode: HI_Z_ANALOG
            VTrip: EITHER
            Slew: FAST
            Input Sync needed: False
            Output Sync needed: False
            SC shield enabled: False
            POR State: ANY
            LCD Mode: COMMON
            Register Mode: RegComb
            CaSense Mode: NEITHER
            Treat as pin: True
            Is OE Registered: False
            Uses Analog: True
            Can contain Digital: False
            Is SIO: False
            SIO Output Buf: NONREGULATED
            SIO Input Buf: SINGLE_ENDED
            SIO HiFreq: LOW
            SIO Hyst: DISABLED
            SIO Vtrip: MULTIPLIER_0_5
            SIO Multiplier Index: 0
            SIO RefSel: VCC_IO
            Required Capabilities: ANALOG
            Initial Value: 1
            IO Voltage: 0
        PORT MAP (
            pa_out => \CapSense:Sns(2)\__PA ,
            analog_term => \CapSense:Net_2_0\ ,
            pad => \CapSense:Sns(2)_PAD\ );
        Properties:
        {
        }

    Pin : Name = \CapSense:Cmod(0)\
        Attributes:
            Alias: Cmod
            In Group/Port: True
            In Sync Option: AUTO
            Out Sync Option: AUTO
            Interrupt generated: False
            Interrupt mode: NONE
            Drive mode: HI_Z_ANALOG
            VTrip: EITHER
            Slew: FAST
            Input Sync needed: False
            Output Sync needed: False
            SC shield enabled: False
            POR State: ANY
            LCD Mode: COMMON
            Register Mode: RegComb
            CaSense Mode: NEITHER
            Treat as pin: True
            Is OE Registered: False
            Uses Analog: True
            Can contain Digital: False
            Is SIO: False
            SIO Output Buf: NONREGULATED
            SIO Input Buf: SINGLE_ENDED
            SIO HiFreq: LOW
            SIO Hyst: DISABLED
            SIO Vtrip: MULTIPLIER_0_5
            SIO Multiplier Index: 0
            SIO RefSel: VCC_IO
            Required Capabilities: ANALOG
            Initial Value: 0
            IO Voltage: 0
        PORT MAP (
            pa_out => \CapSense:Cmod(0)\__PA ,
            analog_term => \CapSense:dedicated_io_bus_0\ ,
            pad => \CapSense:Cmod(0)_PAD\ );

    Pin : Name = \UART:tx(0)\
        Attributes:
            In Group/Port: True
            In Sync Option: NOSYNC
            Out Sync Option: NOSYNC
            Interrupt generated: False
            Interrupt mode: NONE
            Drive mode: CMOS_OUT
            VTrip: CMOS
            Slew: FAST
            Input Sync needed: False
            Output Sync needed: False
            SC shield enabled: False
            POR State: ANY
            LCD Mode: COMMON
            Register Mode: RegComb
            CaSense Mode: NEITHER
            Treat as pin: True
            Is OE Registered: False
            Uses Analog: False
            Can contain Digital: True
            Is SIO: False
            SIO Output Buf: NONREGULATED
            SIO Input Buf: SINGLE_ENDED
            SIO HiFreq: LOW
            SIO Hyst: DISABLED
            SIO Vtrip: MULTIPLIER_0_5
            SIO Multiplier Index: 0
            SIO RefSel: VCC_IO
            Required Capabilities: DIGITAL
            Initial Value: 1
            IO Voltage: 0
        PORT MAP (
            pa_out => \UART:tx(0)\__PA ,
            pin_input => \UART:tx_wire\ ,
            pad => \UART:tx(0)_PAD\ );

    Pin : Name = \UART:rx(0)\
        Attributes:
            In Group/Port: True
            In Sync Option: NOSYNC
            Out Sync Option: AUTO
            Interrupt generated: False
            Interrupt mode: NONE
            Drive mode: HI_Z_DIGITAL
            VTrip: CMOS
            Slew: FAST
            Input Sync needed: False
            Output Sync needed: False
            SC shield enabled: False
            POR State: ANY
            LCD Mode: COMMON
            Register Mode: RegComb
            CaSense Mode: NEITHER
            Treat as pin: True
            Is OE Registered: False
            Uses Analog: False
            Can contain Digital: True
            Is SIO: False
            SIO Output Buf: NONREGULATED
            SIO Input Buf: SINGLE_ENDED
            SIO HiFreq: LOW
            SIO Hyst: DISABLED
            SIO Vtrip: MULTIPLIER_0_5
            SIO Multiplier Index: 0
            SIO RefSel: VCC_IO
            Required Capabilities: DIGITAL
            Initial Value: 0
            IO Voltage: 0
        PORT MAP (
            pa_out => \UART:rx(0)\__PA ,
            fb => \UART:rx_wire\ ,
            pad => \UART:rx(0)_PAD\ );

    Pin : Name = LED_CapSense_Button_0(0)
        Attributes:
            In Group/Port: True
            In Sync Option: AUTO
            Out Sync Option: NOSYNC
            Interrupt generated: False
            Interrupt mode: NONE
            Drive mode: CMOS_OUT
            VTrip: EITHER
            Slew: FAST
            Input Sync needed: False
            Output Sync needed: False
            SC shield enabled: False
            POR State: ANY
            LCD Mode: COMMON
            Register Mode: RegComb
            CaSense Mode: NEITHER
            Treat as pin: True
            Is OE Registered: False
            Uses Analog: False
            Can contain Digital: True
            Is SIO: False
            SIO Output Buf: NONREGULATED
            SIO Input Buf: SINGLE_ENDED
            SIO HiFreq: LOW
            SIO Hyst: DISABLED
            SIO Vtrip: MULTIPLIER_0_5
            SIO Multiplier Index: 0
            SIO RefSel: VCC_IO
            Required Capabilities: DIGITAL
            Initial Value: 0
            IO Voltage: 0
        PORT MAP (
            pa_out => LED_CapSense_Button_0(0)__PA ,
            pad => LED_CapSense_Button_0(0)_PAD );
        Properties:
        {
        }

    Pin : Name = LED_CapSense_Button_1(0)
        Attributes:
            In Group/Port: True
            In Sync Option: AUTO
            Out Sync Option: NOSYNC
            Interrupt generated: False
            Interrupt mode: NONE
            Drive mode: CMOS_OUT
            VTrip: EITHER
            Slew: FAST
            Input Sync needed: False
            Output Sync needed: False
            SC shield enabled: False
            POR State: ANY
            LCD Mode: COMMON
            Register Mode: RegComb
            CaSense Mode: NEITHER
            Treat as pin: True
            Is OE Registered: False
            Uses Analog: False
            Can contain Digital: True
            Is SIO: False
            SIO Output Buf: NONREGULATED
            SIO Input Buf: SINGLE_ENDED
            SIO HiFreq: LOW
            SIO Hyst: DISABLED
            SIO Vtrip: MULTIPLIER_0_5
            SIO Multiplier Index: 0
            SIO RefSel: VCC_IO
            Required Capabilities: DIGITAL
            Initial Value: 0
            IO Voltage: 0
        PORT MAP (
            pa_out => LED_CapSense_Button_1(0)__PA ,
            pad => LED_CapSense_Button_1(0)_PAD );
        Properties:
        {
        }

    Pin : Name = LED_CapSense_Button_2(0)
        Attributes:
            In Group/Port: True
            In Sync Option: AUTO
            Out Sync Option: NOSYNC
            Interrupt generated: False
            Interrupt mode: NONE
            Drive mode: CMOS_OUT
            VTrip: EITHER
            Slew: FAST
            Input Sync needed: False
            Output Sync needed: False
            SC shield enabled: False
            POR State: ANY
            LCD Mode: COMMON
            Register Mode: RegComb
            CaSense Mode: NEITHER
            Treat as pin: True
            Is OE Registered: False
            Uses Analog: False
            Can contain Digital: True
            Is SIO: False
            SIO Output Buf: NONREGULATED
            SIO Input Buf: SINGLE_ENDED
            SIO HiFreq: LOW
            SIO Hyst: DISABLED
            SIO Vtrip: MULTIPLIER_0_5
            SIO Multiplier Index: 0
            SIO RefSel: VCC_IO
            Required Capabilities: DIGITAL
            Initial Value: 0
            IO Voltage: 0
        PORT MAP (
            pa_out => LED_CapSense_Button_2(0)__PA ,
            pad => LED_CapSense_Button_2(0)_PAD );
        Properties:
        {
        }
    </CYPRESSTAG>
    <CYPRESSTAG name="Macrocell listing" icon="FILE_RPT_EQUATION">
    </CYPRESSTAG>
    <CYPRESSTAG name="Datapath listing">
    </CYPRESSTAG>
    <CYPRESSTAG name="Status register listing">
    </CYPRESSTAG>
    <CYPRESSTAG name="StatusI register listing">
    </CYPRESSTAG>
    <CYPRESSTAG name="Sync listing">
    </CYPRESSTAG>
    <CYPRESSTAG name="Control register listing">
    </CYPRESSTAG>
    <CYPRESSTAG name="Count7 listing">
    </CYPRESSTAG>
    <CYPRESSTAG name="DRQ listing">
    </CYPRESSTAG>
    <CYPRESSTAG name="Interrupt listing">

    ------------------------------------------------------------
    Interrupt listing
    ------------------------------------------------------------

    interrupt: Name =User_button_isr
        PORT MAP (
            interrupt => Net_1211 );
        Properties:
        {
            int_type = "10"
            is_nmi = 0
        }

    interrupt: Name =\CapSense:ISR\
        PORT MAP (
            interrupt => \CapSense:Net_120\ );
        Properties:
        {
            int_type = "10"
            is_nmi = 0
        }
    </CYPRESSTAG>
</CYPRESSTAG>
<CYPRESSTAG name="Technology mapping summary" expanded>

------------------------------------------------------------
Technology mapping summary
------------------------------------------------------------

Resource Type                 : Used : Free :  Max :  % Used
============================================================
Interrupts                    :    2 :   14 :   16 : 12.50 %
IO                            :   13 :   23 :   36 : 36.11 %
Segment LCD                   :    0 :    1 :    1 :  0.00 %
CapSense                      :    1 :    0 :    1 : 100.00 %
Serial Communication (SCB)    :    1 :    1 :    2 : 50.00 %
Timer/Counter/PWM             :    0 :    5 :    5 :  0.00 %
Smart IO Ports                :    0 :    2 :    2 :  0.00 %
Comparator                    :    1 :    0 :    1 : 100.00 %
LP Comparator                 :    0 :    2 :    2 :  0.00 %
DAC                           :      :      :      :        
  7-bit IDAC                  :    2 :    0 :    2 : 100.00 %
</CYPRESSTAG>
Technology Mapping: Elapsed time ==> 0s.017ms
Tech Mapping phase: Elapsed time ==> 0s.025ms
</CYPRESSTAG>
<CYPRESSTAG name="Analog Placement">
<CYPRESSTAG name="FFB & IO Pre Placement">
<CYPRESSTAG name="Placement" icon="FILE_RPT_PLACEMENT">

Cell                                : Block                              
=========================================================================
User_button_pin(0)                  : [IOP=(0)][IoId=(7)]                
LED_User_status(0)                  : [IOP=(2)][IoId=(5)]                
\CapSense:Sns(0)\                   : [IOP=(1)][IoId=(4)]                
\CapSense:Sns(1)\                   : [IOP=(1)][IoId=(5)]                
\CapSense:Sns(2)\                   : [IOP=(1)][IoId=(6)]                
LED_CapSense_Button_0(0)            : [IOP=(3)][IoId=(4)]                
LED_CapSense_Button_1(0)            : [IOP=(3)][IoId=(5)]                
LED_CapSense_Button_2(0)            : [IOP=(3)][IoId=(6)]                
ClockGenBlock                       : CLK_GEN_[FFB(CLK_GEN,0)]           
\CapSense:CSD\                      : CSD_[FFB(CSD,0)]                   
\CapSense:IDACMod\                  : CSIDAC7_[FFB(CSIDAC7,0)]           
\CapSense:IDACComp\                 : CSIDAC7_[FFB(CSIDAC7,1)]           
\UART:SCB\                          : SCB_[FFB(SCB,0)]                   
\UART:tx(0)\                        : [IOP=(1)][IoId=(1)]                
\UART:rx(0)\                        : [IOP=(1)][IoId=(0)]                
\CapSense:Cmod(0)\                  : [IOP=(4)][IoId=(1)]                

</CYPRESSTAG>
</CYPRESSTAG>
<CYPRESSTAG name="Real Analog Placement">
Elapsed time ==> 0.1111970s
</CYPRESSTAG>
Analog Placement phase: Elapsed time ==> 0s.237ms
</CYPRESSTAG>
<CYPRESSTAG name="Analog Routing">
<CYPRESSTAG name="Analog Routing">
Route success=True, Iterations=1 Elapsed=0.0018099 secs
</CYPRESSTAG>
Analog Routing phase: Elapsed time ==> 0s.002ms
</CYPRESSTAG>
<CYPRESSTAG name="Analog Code Generation">
============ Analog Final Answer Routes ============
Dump of CyAnalogRoutingResultsDB
Map of net to items {
  Net: \CapSense:Net_150\ {
  }
  Net: \CapSense:Net_2_0\ {
    CSD0_sense_internal
    swh_7
    sense0
    BYA
    amuxbusa
    P1_P44
    p1_4
    P1_P45
    p1_5
    P1_P46
    p1_6
    idac1_out
    IAIB
    idac0_out
    swhv_3
    P4_P43
    p4_3
  }
}
Map of item to net {
  CSD0_sense_internal                              -> \CapSense:Net_2_0\
  swh_7                                            -> \CapSense:Net_2_0\
  sense0                                           -> \CapSense:Net_2_0\
  BYA                                              -> \CapSense:Net_2_0\
  amuxbusa                                         -> \CapSense:Net_2_0\
  P1_P44                                           -> \CapSense:Net_2_0\
  p1_4                                             -> \CapSense:Net_2_0\
  P1_P45                                           -> \CapSense:Net_2_0\
  p1_5                                             -> \CapSense:Net_2_0\
  P1_P46                                           -> \CapSense:Net_2_0\
  p1_6                                             -> \CapSense:Net_2_0\
  idac1_out                                        -> \CapSense:Net_2_0\
  IAIB                                             -> \CapSense:Net_2_0\
  idac0_out                                        -> \CapSense:Net_2_0\
  swhv_3                                           -> \CapSense:Net_2_0\
  P4_P43                                           -> \CapSense:Net_2_0\
  p4_3                                             -> \CapSense:Net_2_0\
}
Mux Info {
}
Analog Code Generation phase: Elapsed time ==> 0s.013ms
</CYPRESSTAG>
<CYPRESSTAG name="Digital Placement">
<CYPRESSTAG name="Detailed placement messages">
I2076: Total run-time: 0.1 sec.

</CYPRESSTAG>
<CYPRESSTAG name="PLD Packing">
<CYPRESSTAG name="PLD Packing Summary">
No PLDs were packed.
</CYPRESSTAG>
PLD Packing: Elapsed time ==> 0s.000ms
</CYPRESSTAG>
<CYPRESSTAG name="Partitioning">
<CYPRESSTAG name="Initial Partitioning Summary">
Initial Partitioning Summary not displayed at this verbose level.</CYPRESSTAG>
<CYPRESSTAG name="Final Partitioning Summary">
Final Partitioning Summary not displayed at this verbose level.</CYPRESSTAG>
Partitioning: Elapsed time ==> 0s.006ms
</CYPRESSTAG>
<CYPRESSTAG name="Final Placement Summary">

------------------------------------------------------------
Final Placement Summary
------------------------------------------------------------

       Resource Type :      Count : Avg Inputs : Avg Outputs
    ========================================================
                 UDB :          0 :       0.00 :       0.00
<CYPRESSTAG name="Final Placement Details">
<CYPRESSTAG name="Component Details">

------------------------------------------------------------
Component Placement Details
------------------------------------------------------------
Intr container @ [IntrContainer=(0)]: 
  Intr@ [IntrContainer=(0)][IntrId=(0)] 
    interrupt: Name =User_button_isr
        PORT MAP (
            interrupt => Net_1211 );
        Properties:
        {
            int_type = "10"
            is_nmi = 0
        }
  Intr@ [IntrContainer=(0)][IntrId=(10)] 
    interrupt: Name =\CapSense:ISR\
        PORT MAP (
            interrupt => \CapSense:Net_120\ );
        Properties:
        {
            int_type = "10"
            is_nmi = 0
        }
Port 0 generates interrupt for logical port:
    logicalport: Name =User_button_pin
        PORT MAP (
            in_clock_en => tmpOE__User_button_pin_net_0 ,
            in_reset => zero ,
            out_clock_en => tmpOE__User_button_pin_net_0 ,
            out_reset => zero ,
            interrupt => Net_1211 );
        Properties:
        {
            drive_mode = "010"
            ibuf_enabled = "1"
            id = "bf490928-5c45-4dcc-8821-3ec31f7b4f9a"
            init_dr_st = "1"
            input_buffer_sel = "00"
            input_clk_en = 0
            input_sync = "0"
            input_sync_mode = "0"
            intr_mode = "10"
            invert_in_clock = 0
            invert_in_clock_en = 0
            invert_in_reset = 0
            invert_out_clock = 0
            invert_out_clock_en = 0
            invert_out_reset = 0
            io_voltage = ""
            layout_mode = "CONTIGUOUS"
            oe_conn = "0"
            oe_reset = 0
            oe_sync = "0"
            output_clk_en = 0
            output_clock_mode = "0"
            output_conn = "0"
            output_mode = "0"
            output_reset = 0
            output_sync = "0"
            ovt_hyst_trim = "0"
            ovt_needed = "0"
            ovt_slew_control = "00"
            pa_in_clock = -1
            pa_in_clock_en = -1
            pa_in_reset = -1
            pa_out_clock = -1
            pa_out_clock_en = -1
            pa_out_reset = -1
            pin_aliases = ""
            pin_mode = "I"
            por_state = 4
            port_alias_group = ""
            port_alias_required = 0
            sio_group_cnt = 0
            sio_hifreq = "00000000"
            sio_hyst = "1"
            sio_ibuf = "00000000"
            sio_info = "00"
            sio_obuf = "00000000"
            sio_refsel = "00000000"
            sio_vohsel = "00000000"
            sio_vtrip = "00000000"
            slew_rate = "0"
            spanning = 0
            sw_only = 0
            use_annotation = "0"
            vtrip = "00"
            width = 1
        }
    and contains the following IO cells:
[IoId=7]: 
Pin : Name = User_button_pin(0)
    Attributes:
        In Group/Port: True
        In Sync Option: NOSYNC
        Out Sync Option: AUTO
        Interrupt generated: True
        Interrupt mode: FALLING
        Drive mode: RES_PULL_UP
        VTrip: CMOS
        Slew: FAST
        Input Sync needed: False
        Output Sync needed: False
        SC shield enabled: False
        POR State: ANY
        LCD Mode: COMMON
        Register Mode: RegComb
        CaSense Mode: NEITHER
        Treat as pin: False
        Is OE Registered: False
        Uses Analog: False
        Can contain Digital: True
        Is SIO: False
        SIO Output Buf: NONREGULATED
        SIO Input Buf: SINGLE_ENDED
        SIO HiFreq: LOW
        SIO Hyst: DISABLED
        SIO Vtrip: MULTIPLIER_0_5
        SIO Multiplier Index: 0
        SIO RefSel: VCC_IO
        Required Capabilities: DIGITAL, PORT_INTERRUPT
        Initial Value: 1
        IO Voltage: 0
    PORT MAP (
        pa_out => User_button_pin(0)__PA ,
        pad => User_button_pin(0)_PAD );
    Properties:
    {
    }

Port 1 contains the following IO cells:
[IoId=0]: 
Pin : Name = \UART:rx(0)\
    Attributes:
        In Group/Port: True
        In Sync Option: NOSYNC
        Out Sync Option: AUTO
        Interrupt generated: False
        Interrupt mode: NONE
        Drive mode: HI_Z_DIGITAL
        VTrip: CMOS
        Slew: FAST
        Input Sync needed: False
        Output Sync needed: False
        SC shield enabled: False
        POR State: ANY
        LCD Mode: COMMON
        Register Mode: RegComb
        CaSense Mode: NEITHER
        Treat as pin: True
        Is OE Registered: False
        Uses Analog: False
        Can contain Digital: True
        Is SIO: False
        SIO Output Buf: NONREGULATED
        SIO Input Buf: SINGLE_ENDED
        SIO HiFreq: LOW
        SIO Hyst: DISABLED
        SIO Vtrip: MULTIPLIER_0_5
        SIO Multiplier Index: 0
        SIO RefSel: VCC_IO
        Required Capabilities: DIGITAL
        Initial Value: 0
        IO Voltage: 0
    PORT MAP (
        pa_out => \UART:rx(0)\__PA ,
        fb => \UART:rx_wire\ ,
        pad => \UART:rx(0)_PAD\ );
    Properties:
    {
    }

[IoId=1]: 
Pin : Name = \UART:tx(0)\
    Attributes:
        In Group/Port: True
        In Sync Option: NOSYNC
        Out Sync Option: NOSYNC
        Interrupt generated: False
        Interrupt mode: NONE
        Drive mode: CMOS_OUT
        VTrip: CMOS
        Slew: FAST
        Input Sync needed: False
        Output Sync needed: False
        SC shield enabled: False
        POR State: ANY
        LCD Mode: COMMON
        Register Mode: RegComb
        CaSense Mode: NEITHER
        Treat as pin: True
        Is OE Registered: False
        Uses Analog: False
        Can contain Digital: True
        Is SIO: False
        SIO Output Buf: NONREGULATED
        SIO Input Buf: SINGLE_ENDED
        SIO HiFreq: LOW
        SIO Hyst: DISABLED
        SIO Vtrip: MULTIPLIER_0_5
        SIO Multiplier Index: 0
        SIO RefSel: VCC_IO
        Required Capabilities: DIGITAL
        Initial Value: 1
        IO Voltage: 0
    PORT MAP (
        pa_out => \UART:tx(0)\__PA ,
        pin_input => \UART:tx_wire\ ,
        pad => \UART:tx(0)_PAD\ );
    Properties:
    {
    }

[IoId=4]: 
Pin : Name = \CapSense:Sns(0)\
    Attributes:
        Alias: Button0_Sns0
        In Group/Port: True
        In Sync Option: AUTO
        Out Sync Option: AUTO
        Interrupt generated: False
        Interrupt mode: NONE
        Drive mode: HI_Z_ANALOG
        VTrip: EITHER
        Slew: FAST
        Input Sync needed: False
        Output Sync needed: False
        SC shield enabled: False
        POR State: ANY
        LCD Mode: COMMON
        Register Mode: RegComb
        CaSense Mode: NEITHER
        Treat as pin: True
        Is OE Registered: False
        Uses Analog: True
        Can contain Digital: False
        Is SIO: False
        SIO Output Buf: NONREGULATED
        SIO Input Buf: SINGLE_ENDED
        SIO HiFreq: LOW
        SIO Hyst: DISABLED
        SIO Vtrip: MULTIPLIER_0_5
        SIO Multiplier Index: 0
        SIO RefSel: VCC_IO
        Required Capabilities: ANALOG
        Initial Value: 0
        IO Voltage: 0
    PORT MAP (
        pa_out => \CapSense:Sns(0)\__PA ,
        analog_term => \CapSense:Net_2_0\ ,
        pad => \CapSense:Sns(0)_PAD\ );
    Properties:
    {
    }

[IoId=5]: 
Pin : Name = \CapSense:Sns(1)\
    Attributes:
        Alias: Button1_Sns0
        In Group/Port: True
        In Sync Option: AUTO
        Out Sync Option: AUTO
        Interrupt generated: False
        Interrupt mode: NONE
        Drive mode: HI_Z_ANALOG
        VTrip: EITHER
        Slew: FAST
        Input Sync needed: False
        Output Sync needed: False
        SC shield enabled: False
        POR State: ANY
        LCD Mode: COMMON
        Register Mode: RegComb
        CaSense Mode: NEITHER
        Treat as pin: True
        Is OE Registered: False
        Uses Analog: True
        Can contain Digital: False
        Is SIO: False
        SIO Output Buf: NONREGULATED
        SIO Input Buf: SINGLE_ENDED
        SIO HiFreq: LOW
        SIO Hyst: DISABLED
        SIO Vtrip: MULTIPLIER_0_5
        SIO Multiplier Index: 0
        SIO RefSel: VCC_IO
        Required Capabilities: ANALOG
        Initial Value: 1
        IO Voltage: 0
    PORT MAP (
        pa_out => \CapSense:Sns(1)\__PA ,
        analog_term => \CapSense:Net_2_0\ ,
        pad => \CapSense:Sns(1)_PAD\ );
    Properties:
    {
    }

[IoId=6]: 
Pin : Name = \CapSense:Sns(2)\
    Attributes:
        Alias: Button2_Sns0
        In Group/Port: True
        In Sync Option: AUTO
        Out Sync Option: AUTO
        Interrupt generated: False
        Interrupt mode: NONE
        Drive mode: HI_Z_ANALOG
        VTrip: EITHER
        Slew: FAST
        Input Sync needed: False
        Output Sync needed: False
        SC shield enabled: False
        POR State: ANY
        LCD Mode: COMMON
        Register Mode: RegComb
        CaSense Mode: NEITHER
        Treat as pin: True
        Is OE Registered: False
        Uses Analog: True
        Can contain Digital: False
        Is SIO: False
        SIO Output Buf: NONREGULATED
        SIO Input Buf: SINGLE_ENDED
        SIO HiFreq: LOW
        SIO Hyst: DISABLED
        SIO Vtrip: MULTIPLIER_0_5
        SIO Multiplier Index: 0
        SIO RefSel: VCC_IO
        Required Capabilities: ANALOG
        Initial Value: 1
        IO Voltage: 0
    PORT MAP (
        pa_out => \CapSense:Sns(2)\__PA ,
        analog_term => \CapSense:Net_2_0\ ,
        pad => \CapSense:Sns(2)_PAD\ );
    Properties:
    {
    }

Port 2 contains the following IO cells:
[IoId=5]: 
Pin : Name = LED_User_status(0)
    Attributes:
        In Group/Port: True
        In Sync Option: AUTO
        Out Sync Option: NOSYNC
        Interrupt generated: False
        Interrupt mode: NONE
        Drive mode: CMOS_OUT
        VTrip: EITHER
        Slew: FAST
        Input Sync needed: False
        Output Sync needed: False
        SC shield enabled: False
        POR State: ANY
        LCD Mode: COMMON
        Register Mode: RegComb
        CaSense Mode: NEITHER
        Treat as pin: True
        Is OE Registered: False
        Uses Analog: False
        Can contain Digital: True
        Is SIO: False
        SIO Output Buf: NONREGULATED
        SIO Input Buf: SINGLE_ENDED
        SIO HiFreq: LOW
        SIO Hyst: DISABLED
        SIO Vtrip: MULTIPLIER_0_5
        SIO Multiplier Index: 0
        SIO RefSel: VCC_IO
        Required Capabilities: DIGITAL
        Initial Value: 0
        IO Voltage: 0
    PORT MAP (
        pa_out => LED_User_status(0)__PA ,
        pad => LED_User_status(0)_PAD );
    Properties:
    {
    }

Port 3 contains the following IO cells:
[IoId=4]: 
Pin : Name = LED_CapSense_Button_0(0)
    Attributes:
        In Group/Port: True
        In Sync Option: AUTO
        Out Sync Option: NOSYNC
        Interrupt generated: False
        Interrupt mode: NONE
        Drive mode: CMOS_OUT
        VTrip: EITHER
        Slew: FAST
        Input Sync needed: False
        Output Sync needed: False
        SC shield enabled: False
        POR State: ANY
        LCD Mode: COMMON
        Register Mode: RegComb
        CaSense Mode: NEITHER
        Treat as pin: True
        Is OE Registered: False
        Uses Analog: False
        Can contain Digital: True
        Is SIO: False
        SIO Output Buf: NONREGULATED
        SIO Input Buf: SINGLE_ENDED
        SIO HiFreq: LOW
        SIO Hyst: DISABLED
        SIO Vtrip: MULTIPLIER_0_5
        SIO Multiplier Index: 0
        SIO RefSel: VCC_IO
        Required Capabilities: DIGITAL
        Initial Value: 0
        IO Voltage: 0
    PORT MAP (
        pa_out => LED_CapSense_Button_0(0)__PA ,
        pad => LED_CapSense_Button_0(0)_PAD );
    Properties:
    {
    }

[IoId=5]: 
Pin : Name = LED_CapSense_Button_1(0)
    Attributes:
        In Group/Port: True
        In Sync Option: AUTO
        Out Sync Option: NOSYNC
        Interrupt generated: False
        Interrupt mode: NONE
        Drive mode: CMOS_OUT
        VTrip: EITHER
        Slew: FAST
        Input Sync needed: False
        Output Sync needed: False
        SC shield enabled: False
        POR State: ANY
        LCD Mode: COMMON
        Register Mode: RegComb
        CaSense Mode: NEITHER
        Treat as pin: True
        Is OE Registered: False
        Uses Analog: False
        Can contain Digital: True
        Is SIO: False
        SIO Output Buf: NONREGULATED
        SIO Input Buf: SINGLE_ENDED
        SIO HiFreq: LOW
        SIO Hyst: DISABLED
        SIO Vtrip: MULTIPLIER_0_5
        SIO Multiplier Index: 0
        SIO RefSel: VCC_IO
        Required Capabilities: DIGITAL
        Initial Value: 0
        IO Voltage: 0
    PORT MAP (
        pa_out => LED_CapSense_Button_1(0)__PA ,
        pad => LED_CapSense_Button_1(0)_PAD );
    Properties:
    {
    }

[IoId=6]: 
Pin : Name = LED_CapSense_Button_2(0)
    Attributes:
        In Group/Port: True
        In Sync Option: AUTO
        Out Sync Option: NOSYNC
        Interrupt generated: False
        Interrupt mode: NONE
        Drive mode: CMOS_OUT
        VTrip: EITHER
        Slew: FAST
        Input Sync needed: False
        Output Sync needed: False
        SC shield enabled: False
        POR State: ANY
        LCD Mode: COMMON
        Register Mode: RegComb
        CaSense Mode: NEITHER
        Treat as pin: True
        Is OE Registered: False
        Uses Analog: False
        Can contain Digital: True
        Is SIO: False
        SIO Output Buf: NONREGULATED
        SIO Input Buf: SINGLE_ENDED
        SIO HiFreq: LOW
        SIO Hyst: DISABLED
        SIO Vtrip: MULTIPLIER_0_5
        SIO Multiplier Index: 0
        SIO RefSel: VCC_IO
        Required Capabilities: DIGITAL
        Initial Value: 0
        IO Voltage: 0
    PORT MAP (
        pa_out => LED_CapSense_Button_2(0)__PA ,
        pad => LED_CapSense_Button_2(0)_PAD );
    Properties:
    {
    }

Port 4 contains the following IO cells:
[IoId=3]: 
Pin : Name = \CapSense:Cmod(0)\
    Attributes:
        Alias: Cmod
        In Group/Port: True
        In Sync Option: AUTO
        Out Sync Option: AUTO
        Interrupt generated: False
        Interrupt mode: NONE
        Drive mode: HI_Z_ANALOG
        VTrip: EITHER
        Slew: FAST
        Input Sync needed: False
        Output Sync needed: False
        SC shield enabled: False
        POR State: ANY
        LCD Mode: COMMON
        Register Mode: RegComb
        CaSense Mode: NEITHER
        Treat as pin: True
        Is OE Registered: False
        Uses Analog: True
        Can contain Digital: False
        Is SIO: False
        SIO Output Buf: NONREGULATED
        SIO Input Buf: SINGLE_ENDED
        SIO HiFreq: LOW
        SIO Hyst: DISABLED
        SIO Vtrip: MULTIPLIER_0_5
        SIO Multiplier Index: 0
        SIO RefSel: VCC_IO
        Required Capabilities: ANALOG
        Initial Value: 0
        IO Voltage: 0
    PORT MAP (
        pa_out => \CapSense:Cmod(0)\__PA ,
        analog_term => \CapSense:Net_2_0\ ,
        pad => \CapSense:Cmod(0)_PAD\ );
    Properties:
    {
    }

Clock group 0: 
    Clock Block @ F(Clock,0): 
    m0s8clockblockcell: Name =ClockBlock
        PORT MAP (
            hfclk => ClockBlock_HFClk ,
            imo => ClockBlock_IMO ,
            ext => ClockBlock_ExtClk ,
            sysclk => ClockBlock_SysClk ,
            ilo => ClockBlock_ILO ,
            lfclk => ClockBlock_LFClk ,
            wco => ClockBlock_WCO ,
            ff_div_2 => \CapSense:Net_1423_ff2\ ,
            ff_div_0 => \UART:Net_847_ff0\ );
        Properties:
        {
        }
LCD group 0: empty
PICU group 0: empty
LPCOMP group 0: empty
SCB group 0: 
    SCB Block @ F(SCB,0): 
    m0s8scbcell: Name =\UART:SCB\
        PORT MAP (
            clock => \UART:Net_847_ff0\ ,
            interrupt => Net_1168 ,
            uart_rx => \UART:rx_wire\ ,
            uart_tx => \UART:tx_wire\ ,
            uart_rts => \UART:rts_wire\ ,
            mosi_m => \UART:mosi_m_wire\ ,
            select_m_3 => \UART:select_m_wire_3\ ,
            select_m_2 => \UART:select_m_wire_2\ ,
            select_m_1 => \UART:select_m_wire_1\ ,
            select_m_0 => \UART:select_m_wire_0\ ,
            sclk_m => \UART:sclk_m_wire\ ,
            miso_s => \UART:miso_s_wire\ ,
            tr_tx_req => Net_1186 ,
            tr_rx_req => Net_1177 );
        Properties:
        {
            cy_registers = ""
            scb_mode = 2
        }
CSD group 0: 
    CapSense @ F(CSD,0): 
    p4csdcell: Name =\CapSense:CSD\
        PORT MAP (
            source => \CapSense:Net_2_0\ ,
            shield => \CapSense:Net_122\ ,
            csh => \CapSense:Net_84\ ,
            cmod => \CapSense:Net_86\ ,
            shield_pad => \CapSense:Net_15\ ,
            vref_ext => \CapSense:Net_150\ ,
            sense_out => \CapSense:Net_317\ ,
            sample_out => \CapSense:Net_316\ ,
            dsi_csh_tank => \CapSense:Net_323\ ,
            dsi_cmod => \CapSense:Net_322\ ,
            dsi_hscmp => \CapSense:Net_321\ ,
            dsi_sampling => \CapSense:Net_318\ ,
            dsi_adc_on => \CapSense:Net_319\ ,
            tr_adc_done => \CapSense:Net_354\ ,
            dsi_count_15 => \CapSense:Net_320_15\ ,
            dsi_count_14 => \CapSense:Net_320_14\ ,
            dsi_count_13 => \CapSense:Net_320_13\ ,
            dsi_count_12 => \CapSense:Net_320_12\ ,
            dsi_count_11 => \CapSense:Net_320_11\ ,
            dsi_count_10 => \CapSense:Net_320_10\ ,
            dsi_count_9 => \CapSense:Net_320_9\ ,
            dsi_count_8 => \CapSense:Net_320_8\ ,
            dsi_count_7 => \CapSense:Net_320_7\ ,
            dsi_count_6 => \CapSense:Net_320_6\ ,
            dsi_count_5 => \CapSense:Net_320_5\ ,
            dsi_count_4 => \CapSense:Net_320_4\ ,
            dsi_count_3 => \CapSense:Net_320_3\ ,
            dsi_count_2 => \CapSense:Net_320_2\ ,
            dsi_count_1 => \CapSense:Net_320_1\ ,
            dsi_count_0 => \CapSense:Net_320_0\ ,
            clk => \CapSense:Net_1423_ff2\ ,
            irq => \CapSense:Net_120\ );
        Properties:
        {
            adc_channel_count = 1
            cy_registers = ""
            dedicated_io_count = 2
            ganged_csx = 0
            is_capsense = 1
            is_cmod_charge = 0
            is_csh_charge = 0
            is_mutual = 0
            rx_count = 1
            sense_as_shield = 0
            sensors_count = 3
            shield_as_sense = 0
            shield_count = 1
            tx_count = 1
        }
CSIDAC7 group 0: 
    7-bit IDAC @ F(CSIDAC7,0): 
    p4csidacV2cell: Name =\CapSense:IDACMod\
        PORT MAP (
            iout => \CapSense:Net_2_0\ );
        Properties:
        {
            cy_registers = ""
            leg3_needed = 0
        }
    7-bit IDAC @ F(CSIDAC7,1): 
    p4csidacV2cell: Name =\CapSense:IDACComp\
        PORT MAP (
            iout => \CapSense:Net_2_0\ );
        Properties:
        {
            cy_registers = ""
            leg3_needed = 1
        }
TCPWM group 0: empty
CLK_GEN group 0: 
    M0S8 Clock Gen Block @ F(CLK_GEN,0): 
    m0s8clockgenblockcell: Name =ClockGenBlock
        PORT MAP (
             );
        Properties:
        {
        }
LPCOMPBLOCK group 0: empty
WCO group 0: empty
SmartIO group 0: empty
SRSS group 0: empty
CPUSS group 0: empty
IOSS group 0: empty
EXCO group 0: empty
</CYPRESSTAG>
<CYPRESSTAG name="Port Configuration Details">

------------------------------------------------------------
Port Configuration report
------------------------------------------------------------
     |     |       | Interrupt |                  |                          | 
Port | Pin | Fixed |      Type |       Drive Mode |                     Name | Connections
-----+-----+-------+-----------+------------------+--------------------------+---------------------------
   0 |   7 |     * |   FALLING |      RES_PULL_UP |       User_button_pin(0) | 
-----+-----+-------+-----------+------------------+--------------------------+---------------------------
   1 |   0 |       |      NONE |     HI_Z_DIGITAL |             \UART:rx(0)\ | FB(\UART:rx_wire\)
     |   1 |       |      NONE |         CMOS_OUT |             \UART:tx(0)\ | In(\UART:tx_wire\)
     |   4 |     * |      NONE |      HI_Z_ANALOG |        \CapSense:Sns(0)\ | Analog(\CapSense:Net_2_0\)
     |   5 |     * |      NONE |      HI_Z_ANALOG |        \CapSense:Sns(1)\ | Analog(\CapSense:Net_2_0\)
     |   6 |     * |      NONE |      HI_Z_ANALOG |        \CapSense:Sns(2)\ | Analog(\CapSense:Net_2_0\)
-----+-----+-------+-----------+------------------+--------------------------+---------------------------
   2 |   5 |     * |      NONE |         CMOS_OUT |       LED_User_status(0) | 
-----+-----+-------+-----------+------------------+--------------------------+---------------------------
   3 |   4 |     * |      NONE |         CMOS_OUT | LED_CapSense_Button_0(0) | 
     |   5 |     * |      NONE |         CMOS_OUT | LED_CapSense_Button_1(0) | 
     |   6 |     * |      NONE |         CMOS_OUT | LED_CapSense_Button_2(0) | 
-----+-----+-------+-----------+------------------+--------------------------+---------------------------
   4 |   3 |       |      NONE |      HI_Z_ANALOG |       \CapSense:Cmod(0)\ | Analog(\CapSense:Net_2_0\)
---------------------------------------------------------------------------------------------------------
</CYPRESSTAG>
</CYPRESSTAG>
</CYPRESSTAG>
Digital component placer commit/Report: Elapsed time ==> 0s.011ms
Digital Placement phase: Elapsed time ==> 0s.120ms
</CYPRESSTAG>
<CYPRESSTAG name="Digital Routing">
"F:\psoccreator\PSoC Creator\4.4\PSoC Creator\bin/sjrouter.exe" --xml-path "F:\psoccreator\PSoC Creator\4.4\PSoC Creator\dev\psoc4/9/route_arch-rrg.cydata" --vh2-path "Task_2_r.vh2" --pcf-path "Task_2.pco" --des-name "Task_2" --dsf-path "Task_2.dsf"
Routing successful.
Digital Routing phase: Elapsed time ==> 0s.119ms
</CYPRESSTAG>
<CYPRESSTAG name="Bitstream Generation">
Bitstream Generation phase: Elapsed time ==> 0s.086ms
</CYPRESSTAG>
<CYPRESSTAG name="Bitstream Verification">
Bitstream Verification phase: Elapsed time ==> 0s.001ms
</CYPRESSTAG>
<CYPRESSTAG name="Static timing analysis">
No timing parameter file available for CY8C4045AZI-S413
Static timing analysis phase: Elapsed time ==> 0s.000ms
</CYPRESSTAG>
<CYPRESSTAG name="Data reporting">
Data reporting phase: Elapsed time ==> 0s.000ms
</CYPRESSTAG>
<CYPRESSTAG name="Database update...">
Design database save phase: Elapsed time ==> 0s.124ms
</CYPRESSTAG>
cydsfit: Elapsed time ==> 0s.753ms
</CYPRESSTAG>
Fitter phase: Elapsed time ==> 0s.753ms
API generation phase: Elapsed time ==> 1s.772ms
Dependency generation phase: Elapsed time ==> 0s.023ms
Cleanup phase: Elapsed time ==> 0s.000ms
