--------------- Clean Started: 05/24/2025 15:34:16 Project: Task_1, Configuration: ARM GCC 5.4-2016-q2-update Debug ---------------
Deleting file ".\CortexM0p\ARM_GCC_541\Debug\main.o"
Deleting file ".\CortexM0p\ARM_GCC_541\Debug\cyfitter_cfg.o"
Deleting file ".\CortexM0p\ARM_GCC_541\Debug\cymetadata.o"
Deleting file ".\CortexM0p\ARM_GCC_541\Debug\Cm0plusStart.o"
Deleting file ".\CortexM0p\ARM_GCC_541\Debug\CyFlash.o"
Deleting file ".\CortexM0p\ARM_GCC_541\Debug\CyLib.o"
Deleting file ".\CortexM0p\ARM_GCC_541\Debug\cyPm.o"
Deleting file ".\CortexM0p\ARM_GCC_541\Debug\cyutils.o"
Deleting file ".\CortexM0p\ARM_GCC_541\Debug\CyBootAsmGnu.o"
Deleting file ".\CortexM0p\ARM_GCC_541\Debug\CyLFClk.o"
Deleting file ".\CortexM0p\ARM_GCC_541\Debug\cy_em_eeprom.o"
Deleting file ".\CortexM0p\ARM_GCC_541\Debug\UART.o"
Deleting file ".\CortexM0p\ARM_GCC_541\Debug\UART_SPI_UART.o"
Deleting file ".\CortexM0p\ARM_GCC_541\Debug\UART_SPI_UART_INT.o"
Deleting file ".\CortexM0p\ARM_GCC_541\Debug\UART_PM.o"
Deleting file ".\CortexM0p\ARM_GCC_541\Debug\UART_UART.o"
Deleting file ".\CortexM0p\ARM_GCC_541\Debug\UART_BOOT.o"
Deleting file ".\CortexM0p\ARM_GCC_541\Debug\UART_UART_BOOT.o"
Deleting file ".\CortexM0p\ARM_GCC_541\Debug\UART_SCBCLK.o"
Deleting file ".\CortexM0p\ARM_GCC_541\Debug\UART_tx.o"
Deleting file ".\CortexM0p\ARM_GCC_541\Debug\UART_tx_PM.o"
Deleting file ".\CortexM0p\ARM_GCC_541\Debug\UART_rx.o"
Deleting file ".\CortexM0p\ARM_GCC_541\Debug\UART_rx_PM.o"
Deleting file ".\CortexM0p\ARM_GCC_541\Debug\CapSense_Control.o"
Deleting file ".\CortexM0p\ARM_GCC_541\Debug\CapSense_Processing.o"
Deleting file ".\CortexM0p\ARM_GCC_541\Debug\CapSense_Structure.o"
Deleting file ".\CortexM0p\ARM_GCC_541\Debug\CapSense_Tuner.o"
Deleting file ".\CortexM0p\ARM_GCC_541\Debug\CapSense_Filter.o"
Deleting file ".\CortexM0p\ARM_GCC_541\Debug\CapSense_Sensing.o"
Deleting file ".\CortexM0p\ARM_GCC_541\Debug\CapSense_INT.o"
Deleting file ".\CortexM0p\ARM_GCC_541\Debug\CapSense_SensingCSD_LL.o"
Deleting file ".\CortexM0p\ARM_GCC_541\Debug\CapSense_Centroid_LL.o"
Deleting file ".\CortexM0p\ARM_GCC_541\Debug\CapSense_ISR.o"
Deleting file ".\CortexM0p\ARM_GCC_541\Debug\LED_Slider_1.o"
Deleting file ".\CortexM0p\ARM_GCC_541\Debug\LED_Slider_1_PM.o"
Deleting file ".\CortexM0p\ARM_GCC_541\Debug\LED_Slider_2.o"
Deleting file ".\CortexM0p\ARM_GCC_541\Debug\LED_Slider_2_PM.o"
Deleting file ".\CortexM0p\ARM_GCC_541\Debug\LED_Slider_3.o"
Deleting file ".\CortexM0p\ARM_GCC_541\Debug\LED_Slider_3_PM.o"
Deleting file ".\CortexM0p\ARM_GCC_541\Debug\LED_Slider_4.o"
Deleting file ".\CortexM0p\ARM_GCC_541\Debug\LED_Slider_4_PM.o"
Deleting file ".\CortexM0p\ARM_GCC_541\Debug\LED_Slider_5.o"
Deleting file ".\CortexM0p\ARM_GCC_541\Debug\LED_Slider_5_PM.o"
Deleting file ".\CortexM0p\ARM_GCC_541\Debug\Task_1.hex"
Deleting file ".\CortexM0p\ARM_GCC_541\Debug\Task_1.elf"
Deleting file ".\CortexM0p\ARM_GCC_541\Debug\Task_1.map"
Deleting file ".\Task_1.cycdx"
Deleting file ".\Task_1.rpt"
Deleting file ".\CortexM0p\ARM_GCC_541\Debug\.deps\SOURCE_C__ARM_GCC_GENERIC.P"
Deleting file ".\CortexM0p\ARM_GCC_541\Debug\.deps\SOURCE_ASM__ARM_GCC_GENERIC.P"
--------------- Clean Succeeded: 05/24/2025 15:34:17 ---------------
