ARM GAS  C:\Users\Petro\AppData\Local\Temp\ccX48NDI.s 			page 1


   1              		.syntax unified
   2              		.cpu cortex-m0plus
   3              		.fpu softvfp
   4              		.eabi_attribute 20, 1
   5              		.eabi_attribute 21, 1
   6              		.eabi_attribute 23, 3
   7              		.eabi_attribute 24, 1
   8              		.eabi_attribute 25, 1
   9              		.eabi_attribute 26, 1
  10              		.eabi_attribute 30, 1
  11              		.eabi_attribute 34, 0
  12              		.eabi_attribute 18, 4
  13              		.thumb
  14              		.syntax unified
  15              		.file	"cyfitter_cfg.c"
  16              		.text
  17              	.Ltext0:
  18              		.cfi_sections	.debug_frame
  19              		.section	.psocinit,"ax",%progbits
  20              		.align	2
  21              		.code	16
  22              		.thumb_func
  23              		.type	ClockSetup, %function
  24              	ClockSetup:
  25              	.LFB4:
  26              		.file 1 "Generated_Source\\PSoC4\\cyfitter_cfg.c"
   1:Generated_Source\PSoC4/cyfitter_cfg.c **** 
   2:Generated_Source\PSoC4/cyfitter_cfg.c **** /*******************************************************************************
   3:Generated_Source\PSoC4/cyfitter_cfg.c **** * File Name: cyfitter_cfg.c
   4:Generated_Source\PSoC4/cyfitter_cfg.c **** * 
   5:Generated_Source\PSoC4/cyfitter_cfg.c **** * PSoC Creator  4.4
   6:Generated_Source\PSoC4/cyfitter_cfg.c **** *
   7:Generated_Source\PSoC4/cyfitter_cfg.c **** * Description:
   8:Generated_Source\PSoC4/cyfitter_cfg.c **** * This file contains device initialization code.
   9:Generated_Source\PSoC4/cyfitter_cfg.c **** * Except for the user defined sections in CyClockStartupError(), this file should not be modified.
  10:Generated_Source\PSoC4/cyfitter_cfg.c **** * This file is automatically generated by PSoC Creator.
  11:Generated_Source\PSoC4/cyfitter_cfg.c **** *
  12:Generated_Source\PSoC4/cyfitter_cfg.c **** ********************************************************************************
  13:Generated_Source\PSoC4/cyfitter_cfg.c **** * Copyright (c) 2007-2020 Cypress Semiconductor.  All rights reserved.
  14:Generated_Source\PSoC4/cyfitter_cfg.c **** * You may use this file only in accordance with the license, terms, conditions, 
  15:Generated_Source\PSoC4/cyfitter_cfg.c **** * disclaimers, and limitations in the end user license agreement accompanying 
  16:Generated_Source\PSoC4/cyfitter_cfg.c **** * the software package with which this file was provided.
  17:Generated_Source\PSoC4/cyfitter_cfg.c **** ********************************************************************************/
  18:Generated_Source\PSoC4/cyfitter_cfg.c **** 
  19:Generated_Source\PSoC4/cyfitter_cfg.c **** #include <string.h>
  20:Generated_Source\PSoC4/cyfitter_cfg.c **** #include "cytypes.h"
  21:Generated_Source\PSoC4/cyfitter_cfg.c **** #include "cydevice_trm.h"
  22:Generated_Source\PSoC4/cyfitter_cfg.c **** #include "cyfitter.h"
  23:Generated_Source\PSoC4/cyfitter_cfg.c **** #include "CyLib.h"
  24:Generated_Source\PSoC4/cyfitter_cfg.c **** #include "cyfitter_cfg.h"
  25:Generated_Source\PSoC4/cyfitter_cfg.c **** #include "cyapicallbacks.h"
  26:Generated_Source\PSoC4/cyfitter_cfg.c **** 
  27:Generated_Source\PSoC4/cyfitter_cfg.c **** 
  28:Generated_Source\PSoC4/cyfitter_cfg.c **** #if defined(__GNUC__) || defined(__ARMCC_VERSION)
  29:Generated_Source\PSoC4/cyfitter_cfg.c ****     #define CYPACKED 
  30:Generated_Source\PSoC4/cyfitter_cfg.c ****     #define CYPACKED_ATTR __attribute__ ((packed))
  31:Generated_Source\PSoC4/cyfitter_cfg.c ****     #define CYALIGNED __attribute__ ((aligned))
ARM GAS  C:\Users\Petro\AppData\Local\Temp\ccX48NDI.s 			page 2


  32:Generated_Source\PSoC4/cyfitter_cfg.c ****     #define CY_CFG_UNUSED __attribute__ ((unused))
  33:Generated_Source\PSoC4/cyfitter_cfg.c ****     #ifndef CY_CFG_SECTION
  34:Generated_Source\PSoC4/cyfitter_cfg.c ****         #define CY_CFG_SECTION __attribute__ ((section(".psocinit")))
  35:Generated_Source\PSoC4/cyfitter_cfg.c ****     #endif
  36:Generated_Source\PSoC4/cyfitter_cfg.c ****     
  37:Generated_Source\PSoC4/cyfitter_cfg.c ****     #if defined(__ARMCC_VERSION)
  38:Generated_Source\PSoC4/cyfitter_cfg.c ****         #define CY_CFG_MEMORY_BARRIER() __memory_changed()
  39:Generated_Source\PSoC4/cyfitter_cfg.c ****     #else
  40:Generated_Source\PSoC4/cyfitter_cfg.c ****         #define CY_CFG_MEMORY_BARRIER() __sync_synchronize()
  41:Generated_Source\PSoC4/cyfitter_cfg.c ****     #endif
  42:Generated_Source\PSoC4/cyfitter_cfg.c ****     
  43:Generated_Source\PSoC4/cyfitter_cfg.c **** #elif defined(__ICCARM__)
  44:Generated_Source\PSoC4/cyfitter_cfg.c ****     #include <intrinsics.h>
  45:Generated_Source\PSoC4/cyfitter_cfg.c **** 
  46:Generated_Source\PSoC4/cyfitter_cfg.c ****     #define CYPACKED __packed
  47:Generated_Source\PSoC4/cyfitter_cfg.c ****     #define CYPACKED_ATTR 
  48:Generated_Source\PSoC4/cyfitter_cfg.c ****     #define CYALIGNED _Pragma("data_alignment=4")
  49:Generated_Source\PSoC4/cyfitter_cfg.c ****     #define CY_CFG_UNUSED _Pragma("diag_suppress=Pe177")
  50:Generated_Source\PSoC4/cyfitter_cfg.c ****     #define CY_CFG_SECTION _Pragma("location=\".psocinit\"")
  51:Generated_Source\PSoC4/cyfitter_cfg.c ****     
  52:Generated_Source\PSoC4/cyfitter_cfg.c ****     #define CY_CFG_MEMORY_BARRIER() __DMB()
  53:Generated_Source\PSoC4/cyfitter_cfg.c ****     
  54:Generated_Source\PSoC4/cyfitter_cfg.c **** #else
  55:Generated_Source\PSoC4/cyfitter_cfg.c ****     #error Unsupported toolchain
  56:Generated_Source\PSoC4/cyfitter_cfg.c **** #endif
  57:Generated_Source\PSoC4/cyfitter_cfg.c **** 
  58:Generated_Source\PSoC4/cyfitter_cfg.c **** #ifndef CYCODE
  59:Generated_Source\PSoC4/cyfitter_cfg.c ****     #define CYCODE
  60:Generated_Source\PSoC4/cyfitter_cfg.c **** #endif
  61:Generated_Source\PSoC4/cyfitter_cfg.c **** #ifndef CYDATA
  62:Generated_Source\PSoC4/cyfitter_cfg.c ****     #define CYDATA
  63:Generated_Source\PSoC4/cyfitter_cfg.c **** #endif
  64:Generated_Source\PSoC4/cyfitter_cfg.c **** #ifndef CYFAR
  65:Generated_Source\PSoC4/cyfitter_cfg.c ****     #define CYFAR
  66:Generated_Source\PSoC4/cyfitter_cfg.c **** #endif
  67:Generated_Source\PSoC4/cyfitter_cfg.c **** #ifndef CYXDATA
  68:Generated_Source\PSoC4/cyfitter_cfg.c ****     #define CYXDATA
  69:Generated_Source\PSoC4/cyfitter_cfg.c **** #endif
  70:Generated_Source\PSoC4/cyfitter_cfg.c **** 
  71:Generated_Source\PSoC4/cyfitter_cfg.c **** 
  72:Generated_Source\PSoC4/cyfitter_cfg.c **** CY_CFG_UNUSED
  73:Generated_Source\PSoC4/cyfitter_cfg.c **** static void CYMEMZERO(void *s, size_t n);
  74:Generated_Source\PSoC4/cyfitter_cfg.c **** CY_CFG_UNUSED
  75:Generated_Source\PSoC4/cyfitter_cfg.c **** static void CYMEMZERO(void *s, size_t n)
  76:Generated_Source\PSoC4/cyfitter_cfg.c **** {
  77:Generated_Source\PSoC4/cyfitter_cfg.c **** 	(void)memset(s, 0, n);
  78:Generated_Source\PSoC4/cyfitter_cfg.c **** }
  79:Generated_Source\PSoC4/cyfitter_cfg.c **** CY_CFG_UNUSED
  80:Generated_Source\PSoC4/cyfitter_cfg.c **** static void CYCONFIGCPY(void *dest, const void *src, size_t n);
  81:Generated_Source\PSoC4/cyfitter_cfg.c **** CY_CFG_UNUSED
  82:Generated_Source\PSoC4/cyfitter_cfg.c **** static void CYCONFIGCPY(void *dest, const void *src, size_t n)
  83:Generated_Source\PSoC4/cyfitter_cfg.c **** {
  84:Generated_Source\PSoC4/cyfitter_cfg.c **** 	(void)memcpy(dest, src, n);
  85:Generated_Source\PSoC4/cyfitter_cfg.c **** }
  86:Generated_Source\PSoC4/cyfitter_cfg.c **** CY_CFG_UNUSED
  87:Generated_Source\PSoC4/cyfitter_cfg.c **** static void CYCONFIGCPYCODE(void *dest, const void *src, size_t n);
  88:Generated_Source\PSoC4/cyfitter_cfg.c **** CY_CFG_UNUSED
ARM GAS  C:\Users\Petro\AppData\Local\Temp\ccX48NDI.s 			page 3


  89:Generated_Source\PSoC4/cyfitter_cfg.c **** static void CYCONFIGCPYCODE(void *dest, const void *src, size_t n)
  90:Generated_Source\PSoC4/cyfitter_cfg.c **** {
  91:Generated_Source\PSoC4/cyfitter_cfg.c **** 	(void)memcpy(dest, src, n);
  92:Generated_Source\PSoC4/cyfitter_cfg.c **** }
  93:Generated_Source\PSoC4/cyfitter_cfg.c **** 
  94:Generated_Source\PSoC4/cyfitter_cfg.c **** 
  95:Generated_Source\PSoC4/cyfitter_cfg.c **** 
  96:Generated_Source\PSoC4/cyfitter_cfg.c **** 
  97:Generated_Source\PSoC4/cyfitter_cfg.c **** /* Clock startup error codes                                                   */
  98:Generated_Source\PSoC4/cyfitter_cfg.c **** #define CYCLOCKSTART_NO_ERROR    0u
  99:Generated_Source\PSoC4/cyfitter_cfg.c **** #define CYCLOCKSTART_XTAL_ERROR  1u
 100:Generated_Source\PSoC4/cyfitter_cfg.c **** #define CYCLOCKSTART_32KHZ_ERROR 2u
 101:Generated_Source\PSoC4/cyfitter_cfg.c **** #define CYCLOCKSTART_PLL_ERROR   3u
 102:Generated_Source\PSoC4/cyfitter_cfg.c **** #define CYCLOCKSTART_FLL_ERROR   4u
 103:Generated_Source\PSoC4/cyfitter_cfg.c **** #define CYCLOCKSTART_WCO_ERROR   5u
 104:Generated_Source\PSoC4/cyfitter_cfg.c **** 
 105:Generated_Source\PSoC4/cyfitter_cfg.c **** 
 106:Generated_Source\PSoC4/cyfitter_cfg.c **** #ifdef CY_NEED_CYCLOCKSTARTUPERROR
 107:Generated_Source\PSoC4/cyfitter_cfg.c **** /*******************************************************************************
 108:Generated_Source\PSoC4/cyfitter_cfg.c **** * Function Name: CyClockStartupError
 109:Generated_Source\PSoC4/cyfitter_cfg.c **** ********************************************************************************
 110:Generated_Source\PSoC4/cyfitter_cfg.c **** * Summary:
 111:Generated_Source\PSoC4/cyfitter_cfg.c **** *  If an error is encountered during clock configuration (crystal startup error,
 112:Generated_Source\PSoC4/cyfitter_cfg.c **** *  PLL lock error, etc.), the system will end up here.  Unless reimplemented by
 113:Generated_Source\PSoC4/cyfitter_cfg.c **** *  the customer, this function will stop in an infinite loop.
 114:Generated_Source\PSoC4/cyfitter_cfg.c **** *
 115:Generated_Source\PSoC4/cyfitter_cfg.c **** * Parameters:
 116:Generated_Source\PSoC4/cyfitter_cfg.c **** *   void
 117:Generated_Source\PSoC4/cyfitter_cfg.c **** *
 118:Generated_Source\PSoC4/cyfitter_cfg.c **** * Return:
 119:Generated_Source\PSoC4/cyfitter_cfg.c **** *   void
 120:Generated_Source\PSoC4/cyfitter_cfg.c **** *
 121:Generated_Source\PSoC4/cyfitter_cfg.c **** *******************************************************************************/
 122:Generated_Source\PSoC4/cyfitter_cfg.c **** CY_CFG_UNUSED
 123:Generated_Source\PSoC4/cyfitter_cfg.c **** static void CyClockStartupError(uint8 errorCode);
 124:Generated_Source\PSoC4/cyfitter_cfg.c **** CY_CFG_UNUSED
 125:Generated_Source\PSoC4/cyfitter_cfg.c **** static void CyClockStartupError(uint8 errorCode)
 126:Generated_Source\PSoC4/cyfitter_cfg.c **** {
 127:Generated_Source\PSoC4/cyfitter_cfg.c ****     /* To remove the compiler warning if errorCode not used.                */
 128:Generated_Source\PSoC4/cyfitter_cfg.c ****     errorCode = errorCode;
 129:Generated_Source\PSoC4/cyfitter_cfg.c **** 
 130:Generated_Source\PSoC4/cyfitter_cfg.c ****     /* If we have a clock startup error (bad MHz crystal, PLL lock, etc.),  */
 131:Generated_Source\PSoC4/cyfitter_cfg.c ****     /* we will end up here to allow the customer to implement something to  */
 132:Generated_Source\PSoC4/cyfitter_cfg.c ****     /* deal with the clock condition.                                       */
 133:Generated_Source\PSoC4/cyfitter_cfg.c **** 
 134:Generated_Source\PSoC4/cyfitter_cfg.c **** #ifdef CY_CFG_CLOCK_STARTUP_ERROR_CALLBACK
 135:Generated_Source\PSoC4/cyfitter_cfg.c ****     CY_CFG_Clock_Startup_ErrorCallback();
 136:Generated_Source\PSoC4/cyfitter_cfg.c **** #else
 137:Generated_Source\PSoC4/cyfitter_cfg.c ****     /*  If not using CY_CFG_CLOCK_STARTUP_ERROR_CALLBACK, place your clock startup code here. */
 138:Generated_Source\PSoC4/cyfitter_cfg.c ****     /* `#START CyClockStartupError` */
 139:Generated_Source\PSoC4/cyfitter_cfg.c **** 
 140:Generated_Source\PSoC4/cyfitter_cfg.c **** 
 141:Generated_Source\PSoC4/cyfitter_cfg.c **** 
 142:Generated_Source\PSoC4/cyfitter_cfg.c ****     /* `#END` */
 143:Generated_Source\PSoC4/cyfitter_cfg.c **** 
 144:Generated_Source\PSoC4/cyfitter_cfg.c ****     while(1) {}
 145:Generated_Source\PSoC4/cyfitter_cfg.c **** #endif /* CY_CFG_CLOCK_STARTUP_ERROR_CALLBACK */
ARM GAS  C:\Users\Petro\AppData\Local\Temp\ccX48NDI.s 			page 4


 146:Generated_Source\PSoC4/cyfitter_cfg.c **** }
 147:Generated_Source\PSoC4/cyfitter_cfg.c **** #endif
 148:Generated_Source\PSoC4/cyfitter_cfg.c **** 
 149:Generated_Source\PSoC4/cyfitter_cfg.c **** 
 150:Generated_Source\PSoC4/cyfitter_cfg.c **** 
 151:Generated_Source\PSoC4/cyfitter_cfg.c **** /*******************************************************************************
 152:Generated_Source\PSoC4/cyfitter_cfg.c **** * Function Name: ClockSetup
 153:Generated_Source\PSoC4/cyfitter_cfg.c **** ********************************************************************************
 154:Generated_Source\PSoC4/cyfitter_cfg.c **** *
 155:Generated_Source\PSoC4/cyfitter_cfg.c **** * Summary:
 156:Generated_Source\PSoC4/cyfitter_cfg.c **** *   Performs the initialization of all of the clocks in the device based on the
 157:Generated_Source\PSoC4/cyfitter_cfg.c **** *   settings in the Clock tab of the DWR.  This includes enabling the requested
 158:Generated_Source\PSoC4/cyfitter_cfg.c **** *   clocks and setting the necessary dividers to produce the desired frequency. 
 159:Generated_Source\PSoC4/cyfitter_cfg.c **** *
 160:Generated_Source\PSoC4/cyfitter_cfg.c **** * Parameters:
 161:Generated_Source\PSoC4/cyfitter_cfg.c **** *   void
 162:Generated_Source\PSoC4/cyfitter_cfg.c **** *
 163:Generated_Source\PSoC4/cyfitter_cfg.c **** * Return:
 164:Generated_Source\PSoC4/cyfitter_cfg.c **** *   void
 165:Generated_Source\PSoC4/cyfitter_cfg.c **** *
 166:Generated_Source\PSoC4/cyfitter_cfg.c **** *******************************************************************************/
 167:Generated_Source\PSoC4/cyfitter_cfg.c **** static void ClockSetup(void);
 168:Generated_Source\PSoC4/cyfitter_cfg.c **** CY_CFG_SECTION
 169:Generated_Source\PSoC4/cyfitter_cfg.c **** static void ClockSetup(void)
 170:Generated_Source\PSoC4/cyfitter_cfg.c **** {
  27              		.loc 1 170 0
  28              		.cfi_startproc
  29              		@ args = 0, pretend = 0, frame = 0
  30              		@ frame_needed = 0, uses_anonymous_args = 0
  31 0000 10B5     		push	{r4, lr}
  32              		.cfi_def_cfa_offset 8
  33              		.cfi_offset 4, -8
  34              		.cfi_offset 14, -4
 171:Generated_Source\PSoC4/cyfitter_cfg.c **** 
 172:Generated_Source\PSoC4/cyfitter_cfg.c **** 	/* Set Flash Cycles based on max possible frequency in case a glitch occurs during ClockSetup(). *
 173:Generated_Source\PSoC4/cyfitter_cfg.c **** 	CY_SET_REG32((void CYXDATA *)(CYREG_CPUSS_FLASH_CTL), (0x0012u));
  35              		.loc 1 173 0
  36 0002 0F4C     		ldr	r4, .L2
  37 0004 1223     		movs	r3, #18
  38 0006 2360     		str	r3, [r4]
 174:Generated_Source\PSoC4/cyfitter_cfg.c **** 	/* Update IMO to new clock speed. */
 175:Generated_Source\PSoC4/cyfitter_cfg.c **** 	CySysClkWriteImoFreq(24u);
  39              		.loc 1 175 0
  40 0008 1820     		movs	r0, #24
  41 000a FFF7FEFF 		bl	CySysClkWriteImoFreq
  42              	.LVL0:
 176:Generated_Source\PSoC4/cyfitter_cfg.c **** 
 177:Generated_Source\PSoC4/cyfitter_cfg.c **** 	/* Setup phase aligned clocks */
 178:Generated_Source\PSoC4/cyfitter_cfg.c **** 	CY_SET_REG32((void *)CYREG_PERI_DIV_16_CTL0, 0x0000FE00u);
  43              		.loc 1 178 0
  44 000e FE22     		movs	r2, #254
  45 0010 1202     		lsls	r2, r2, #8
  46 0012 0C4B     		ldr	r3, .L2+4
  47 0014 1A60     		str	r2, [r3]
 179:Generated_Source\PSoC4/cyfitter_cfg.c **** 	CY_SET_REG32((void *)CYREG_PERI_DIV_CMD, 0x8000FF40u);
  48              		.loc 1 179 0
  49 0016 0C4B     		ldr	r3, .L2+8
ARM GAS  C:\Users\Petro\AppData\Local\Temp\ccX48NDI.s 			page 5


  50 0018 0C4A     		ldr	r2, .L2+12
  51 001a 1A60     		str	r2, [r3]
 180:Generated_Source\PSoC4/cyfitter_cfg.c **** 	CY_SET_REG32((void *)CYREG_PERI_DIV_16_CTL1, 0x00001000u);
  52              		.loc 1 180 0
  53 001c 8021     		movs	r1, #128
  54 001e 4901     		lsls	r1, r1, #5
  55 0020 0B4A     		ldr	r2, .L2+16
  56 0022 1160     		str	r1, [r2]
 181:Generated_Source\PSoC4/cyfitter_cfg.c **** 	CY_SET_REG32((void *)CYREG_PERI_DIV_CMD, 0x8000FF41u);
  57              		.loc 1 181 0
  58 0024 0B4A     		ldr	r2, .L2+20
  59 0026 1A60     		str	r2, [r3]
 182:Generated_Source\PSoC4/cyfitter_cfg.c **** 
 183:Generated_Source\PSoC4/cyfitter_cfg.c **** 	/* CYDEV_CLK_SELECT Starting address: CYDEV_CLK_SELECT */
 184:Generated_Source\PSoC4/cyfitter_cfg.c **** 	CY_SET_REG32((void *)(CYREG_CLK_SELECT), 0x00000000u);
  60              		.loc 1 184 0
  61 0028 0022     		movs	r2, #0
  62 002a 0B4B     		ldr	r3, .L2+24
  63 002c 1A60     		str	r2, [r3]
 185:Generated_Source\PSoC4/cyfitter_cfg.c **** 
 186:Generated_Source\PSoC4/cyfitter_cfg.c **** 	/* CYDEV_PERI_PCLK_CTL2 Starting address: CYDEV_PERI_PCLK_CTL2 */
 187:Generated_Source\PSoC4/cyfitter_cfg.c **** 	CY_SET_REG32((void *)(CYREG_PERI_PCLK_CTL2), 0x00000040u);
  64              		.loc 1 187 0
  65 002e 4032     		adds	r2, r2, #64
  66 0030 0A4B     		ldr	r3, .L2+28
  67 0032 1A60     		str	r2, [r3]
 188:Generated_Source\PSoC4/cyfitter_cfg.c **** 
 189:Generated_Source\PSoC4/cyfitter_cfg.c **** 	/* CYDEV_PERI_PCLK_CTL0 Starting address: CYDEV_PERI_PCLK_CTL0 */
 190:Generated_Source\PSoC4/cyfitter_cfg.c **** 	CY_SET_REG32((void *)(CYREG_PERI_PCLK_CTL0), 0x00000041u);
  68              		.loc 1 190 0
  69 0034 0132     		adds	r2, r2, #1
  70 0036 0A4B     		ldr	r3, .L2+32
  71 0038 1A60     		str	r2, [r3]
 191:Generated_Source\PSoC4/cyfitter_cfg.c **** 
 192:Generated_Source\PSoC4/cyfitter_cfg.c **** 	/* Set Flash Cycles based on newly configured 24.00MHz HFCLK. */
 193:Generated_Source\PSoC4/cyfitter_cfg.c **** 	CY_SET_REG32((void CYXDATA *)(CYREG_CPUSS_FLASH_CTL), (0x0011u));
  72              		.loc 1 193 0
  73 003a 1123     		movs	r3, #17
  74 003c 2360     		str	r3, [r4]
 194:Generated_Source\PSoC4/cyfitter_cfg.c **** }
  75              		.loc 1 194 0
  76              		@ sp needed
  77 003e 10BD     		pop	{r4, pc}
  78              	.L3:
  79              		.align	2
  80              	.L2:
  81 0040 30001040 		.word	1074790448
  82 0044 00030140 		.word	1073808128
  83 0048 00000140 		.word	1073807360
  84 004c 40FF0080 		.word	-2147418304
  85 0050 04030140 		.word	1073808132
  86 0054 41FF0080 		.word	-2147418303
  87 0058 28000340 		.word	1073938472
  88 005c 08010140 		.word	1073807624
  89 0060 00010140 		.word	1073807616
  90              		.cfi_endproc
  91              	.LFE4:
ARM GAS  C:\Users\Petro\AppData\Local\Temp\ccX48NDI.s 			page 6


  92              		.size	ClockSetup, .-ClockSetup
  93              		.section	.text.SetAnalogRoutingPumps,"ax",%progbits
  94              		.align	2
  95              		.global	SetAnalogRoutingPumps
  96              		.code	16
  97              		.thumb_func
  98              		.type	SetAnalogRoutingPumps, %function
  99              	SetAnalogRoutingPumps:
 100              	.LFB6:
 195:Generated_Source\PSoC4/cyfitter_cfg.c **** 
 196:Generated_Source\PSoC4/cyfitter_cfg.c **** 
 197:Generated_Source\PSoC4/cyfitter_cfg.c **** /* Analog API Functions */
 198:Generated_Source\PSoC4/cyfitter_cfg.c **** 
 199:Generated_Source\PSoC4/cyfitter_cfg.c **** 
 200:Generated_Source\PSoC4/cyfitter_cfg.c **** /*******************************************************************************
 201:Generated_Source\PSoC4/cyfitter_cfg.c **** * Function Name: AnalogSetDefault
 202:Generated_Source\PSoC4/cyfitter_cfg.c **** ********************************************************************************
 203:Generated_Source\PSoC4/cyfitter_cfg.c **** *
 204:Generated_Source\PSoC4/cyfitter_cfg.c **** * Summary:
 205:Generated_Source\PSoC4/cyfitter_cfg.c **** *  Sets up the analog portions of the chip to default values based on chip
 206:Generated_Source\PSoC4/cyfitter_cfg.c **** *  configuration options from the project.
 207:Generated_Source\PSoC4/cyfitter_cfg.c **** *
 208:Generated_Source\PSoC4/cyfitter_cfg.c **** * Parameters:
 209:Generated_Source\PSoC4/cyfitter_cfg.c **** *  void
 210:Generated_Source\PSoC4/cyfitter_cfg.c **** *
 211:Generated_Source\PSoC4/cyfitter_cfg.c **** * Return:
 212:Generated_Source\PSoC4/cyfitter_cfg.c **** *  void
 213:Generated_Source\PSoC4/cyfitter_cfg.c **** *
 214:Generated_Source\PSoC4/cyfitter_cfg.c **** *******************************************************************************/
 215:Generated_Source\PSoC4/cyfitter_cfg.c **** static void AnalogSetDefault(void);
 216:Generated_Source\PSoC4/cyfitter_cfg.c **** static void AnalogSetDefault(void)
 217:Generated_Source\PSoC4/cyfitter_cfg.c **** {
 218:Generated_Source\PSoC4/cyfitter_cfg.c **** 	SetAnalogRoutingPumps(1);
 219:Generated_Source\PSoC4/cyfitter_cfg.c **** }
 220:Generated_Source\PSoC4/cyfitter_cfg.c **** 
 221:Generated_Source\PSoC4/cyfitter_cfg.c **** 
 222:Generated_Source\PSoC4/cyfitter_cfg.c **** /*******************************************************************************
 223:Generated_Source\PSoC4/cyfitter_cfg.c **** * Function Name: SetAnalogRoutingPumps
 224:Generated_Source\PSoC4/cyfitter_cfg.c **** ********************************************************************************
 225:Generated_Source\PSoC4/cyfitter_cfg.c **** *
 226:Generated_Source\PSoC4/cyfitter_cfg.c **** * Summary:
 227:Generated_Source\PSoC4/cyfitter_cfg.c **** * Enables or disables the analog pumps feeding analog routing switches.
 228:Generated_Source\PSoC4/cyfitter_cfg.c **** * Intended to be called at startup, based on the Vdda system configuration;
 229:Generated_Source\PSoC4/cyfitter_cfg.c **** * may be called during operation when the user informs us that the Vdda voltage crossed the pump th
 230:Generated_Source\PSoC4/cyfitter_cfg.c **** *
 231:Generated_Source\PSoC4/cyfitter_cfg.c **** * Parameters:
 232:Generated_Source\PSoC4/cyfitter_cfg.c **** *  enabled - 1 to enable the pumps, 0 to disable the pumps
 233:Generated_Source\PSoC4/cyfitter_cfg.c **** *
 234:Generated_Source\PSoC4/cyfitter_cfg.c **** * Return:
 235:Generated_Source\PSoC4/cyfitter_cfg.c **** *  void
 236:Generated_Source\PSoC4/cyfitter_cfg.c **** *
 237:Generated_Source\PSoC4/cyfitter_cfg.c **** *******************************************************************************/
 238:Generated_Source\PSoC4/cyfitter_cfg.c **** void SetAnalogRoutingPumps(uint8 enabled)
 239:Generated_Source\PSoC4/cyfitter_cfg.c **** {
 101              		.loc 1 239 0
 102              		.cfi_startproc
 103              		@ args = 0, pretend = 0, frame = 0
ARM GAS  C:\Users\Petro\AppData\Local\Temp\ccX48NDI.s 			page 7


 104              		@ frame_needed = 0, uses_anonymous_args = 0
 105              		@ link register save eliminated.
 106              	.LVL1:
 240:Generated_Source\PSoC4/cyfitter_cfg.c **** 	uint32 regValue = CY_GET_XTND_REG32((void *)(CYREG_HSIOM_PUMP_CTL));
 107              		.loc 1 240 0
 108 0000 0B4B     		ldr	r3, .L9
 109 0002 1B68     		ldr	r3, [r3]
 110              	.LVL2:
 241:Generated_Source\PSoC4/cyfitter_cfg.c **** 	if (enabled != 0u)
 111              		.loc 1 241 0
 112 0004 0028     		cmp	r0, #0
 113 0006 03D0     		beq	.L5
 242:Generated_Source\PSoC4/cyfitter_cfg.c **** 	{
 243:Generated_Source\PSoC4/cyfitter_cfg.c **** 		regValue |= 0x80000000u;
 114              		.loc 1 243 0
 115 0008 8022     		movs	r2, #128
 116 000a 1206     		lsls	r2, r2, #24
 117 000c 1343     		orrs	r3, r2
 118              	.LVL3:
 119 000e 01E0     		b	.L6
 120              	.L5:
 244:Generated_Source\PSoC4/cyfitter_cfg.c **** 	}
 245:Generated_Source\PSoC4/cyfitter_cfg.c **** 	else
 246:Generated_Source\PSoC4/cyfitter_cfg.c **** 	{
 247:Generated_Source\PSoC4/cyfitter_cfg.c **** 		regValue &= ~0x80000000u;
 121              		.loc 1 247 0
 122 0010 5B00     		lsls	r3, r3, #1
 123              	.LVL4:
 124 0012 5B08     		lsrs	r3, r3, #1
 125              	.LVL5:
 126              	.L6:
 248:Generated_Source\PSoC4/cyfitter_cfg.c **** 	}
 249:Generated_Source\PSoC4/cyfitter_cfg.c **** 	CY_SET_XTND_REG32((void *)(CYREG_HSIOM_PUMP_CTL), regValue);
 127              		.loc 1 249 0
 128 0014 064A     		ldr	r2, .L9
 129 0016 1360     		str	r3, [r2]
 250:Generated_Source\PSoC4/cyfitter_cfg.c **** 	regValue = CY_GET_XTND_REG32((void *)(CYREG_CLK_SELECT));
 130              		.loc 1 250 0
 131 0018 064B     		ldr	r3, .L9+4
 132              	.LVL6:
 133 001a 1B68     		ldr	r3, [r3]
 134              	.LVL7:
 251:Generated_Source\PSoC4/cyfitter_cfg.c **** 	if (enabled != 0u)
 135              		.loc 1 251 0
 136 001c 0028     		cmp	r0, #0
 137 001e 02D0     		beq	.L7
 252:Generated_Source\PSoC4/cyfitter_cfg.c **** 	{
 253:Generated_Source\PSoC4/cyfitter_cfg.c **** 		regValue |= 0x00000020u;
 138              		.loc 1 253 0
 139 0020 2022     		movs	r2, #32
 140 0022 1343     		orrs	r3, r2
 141              	.LVL8:
 142 0024 01E0     		b	.L8
 143              	.L7:
 254:Generated_Source\PSoC4/cyfitter_cfg.c **** 	}
 255:Generated_Source\PSoC4/cyfitter_cfg.c **** 	else
 256:Generated_Source\PSoC4/cyfitter_cfg.c **** 	{
ARM GAS  C:\Users\Petro\AppData\Local\Temp\ccX48NDI.s 			page 8


 257:Generated_Source\PSoC4/cyfitter_cfg.c **** 		regValue &= ~0x00000020u;
 144              		.loc 1 257 0
 145 0026 2022     		movs	r2, #32
 146 0028 9343     		bics	r3, r2
 147              	.LVL9:
 148              	.L8:
 258:Generated_Source\PSoC4/cyfitter_cfg.c **** 	}
 259:Generated_Source\PSoC4/cyfitter_cfg.c **** 	CY_SET_XTND_REG32((void *)(CYREG_CLK_SELECT), regValue);
 149              		.loc 1 259 0
 150 002a 024A     		ldr	r2, .L9+4
 151 002c 1360     		str	r3, [r2]
 260:Generated_Source\PSoC4/cyfitter_cfg.c **** }
 152              		.loc 1 260 0
 153              		@ sp needed
 154 002e 7047     		bx	lr
 155              	.L10:
 156              		.align	2
 157              	.L9:
 158 0030 00200240 		.word	1073881088
 159 0034 28000340 		.word	1073938472
 160              		.cfi_endproc
 161              	.LFE6:
 162              		.size	SetAnalogRoutingPumps, .-SetAnalogRoutingPumps
 163              		.section	.text.AnalogSetDefault,"ax",%progbits
 164              		.align	2
 165              		.code	16
 166              		.thumb_func
 167              		.type	AnalogSetDefault, %function
 168              	AnalogSetDefault:
 169              	.LFB5:
 217:Generated_Source\PSoC4/cyfitter_cfg.c **** 	SetAnalogRoutingPumps(1);
 170              		.loc 1 217 0
 171              		.cfi_startproc
 172              		@ args = 0, pretend = 0, frame = 0
 173              		@ frame_needed = 0, uses_anonymous_args = 0
 174 0000 10B5     		push	{r4, lr}
 175              		.cfi_def_cfa_offset 8
 176              		.cfi_offset 4, -8
 177              		.cfi_offset 14, -4
 218:Generated_Source\PSoC4/cyfitter_cfg.c **** }
 178              		.loc 1 218 0
 179 0002 0120     		movs	r0, #1
 180 0004 FFF7FEFF 		bl	SetAnalogRoutingPumps
 181              	.LVL10:
 219:Generated_Source\PSoC4/cyfitter_cfg.c **** 
 182              		.loc 1 219 0
 183              		@ sp needed
 184 0008 10BD     		pop	{r4, pc}
 185              		.cfi_endproc
 186              	.LFE5:
 187              		.size	AnalogSetDefault, .-AnalogSetDefault
 188              		.section	.psocinit
 189              		.align	2
 190              		.global	cyfitter_cfg
 191              		.code	16
 192              		.thumb_func
 193              		.type	cyfitter_cfg, %function
ARM GAS  C:\Users\Petro\AppData\Local\Temp\ccX48NDI.s 			page 9


 194              	cyfitter_cfg:
 195              	.LFB7:
 261:Generated_Source\PSoC4/cyfitter_cfg.c **** 
 262:Generated_Source\PSoC4/cyfitter_cfg.c **** 
 263:Generated_Source\PSoC4/cyfitter_cfg.c **** 
 264:Generated_Source\PSoC4/cyfitter_cfg.c **** 
 265:Generated_Source\PSoC4/cyfitter_cfg.c **** /*******************************************************************************
 266:Generated_Source\PSoC4/cyfitter_cfg.c **** * Function Name: cyfitter_cfg
 267:Generated_Source\PSoC4/cyfitter_cfg.c **** ********************************************************************************
 268:Generated_Source\PSoC4/cyfitter_cfg.c **** * Summary:
 269:Generated_Source\PSoC4/cyfitter_cfg.c **** *  This function is called by the start-up code for the selected device. It
 270:Generated_Source\PSoC4/cyfitter_cfg.c **** *  performs all of the necessary device configuration based on the design
 271:Generated_Source\PSoC4/cyfitter_cfg.c **** *  settings.  This includes settings from the Design Wide Resources (DWR) such
 272:Generated_Source\PSoC4/cyfitter_cfg.c **** *  as Clocks and Pins as well as any component configuration that is necessary.
 273:Generated_Source\PSoC4/cyfitter_cfg.c **** *
 274:Generated_Source\PSoC4/cyfitter_cfg.c **** * Parameters:
 275:Generated_Source\PSoC4/cyfitter_cfg.c **** *   void
 276:Generated_Source\PSoC4/cyfitter_cfg.c **** *
 277:Generated_Source\PSoC4/cyfitter_cfg.c **** * Return:
 278:Generated_Source\PSoC4/cyfitter_cfg.c **** *   void
 279:Generated_Source\PSoC4/cyfitter_cfg.c **** *
 280:Generated_Source\PSoC4/cyfitter_cfg.c **** *******************************************************************************/
 281:Generated_Source\PSoC4/cyfitter_cfg.c **** CY_CFG_SECTION
 282:Generated_Source\PSoC4/cyfitter_cfg.c **** void cyfitter_cfg(void)
 283:Generated_Source\PSoC4/cyfitter_cfg.c **** {
 196              		.loc 1 283 0
 197              		.cfi_startproc
 198              		@ args = 0, pretend = 0, frame = 0
 199              		@ frame_needed = 0, uses_anonymous_args = 0
 200 0064 10B5     		push	{r4, lr}
 201              		.cfi_def_cfa_offset 8
 202              		.cfi_offset 4, -8
 203              		.cfi_offset 14, -4
 284:Generated_Source\PSoC4/cyfitter_cfg.c **** 	/* Disable interrupts by default. Let user enable if/when they want. */
 285:Generated_Source\PSoC4/cyfitter_cfg.c **** 	CyGlobalIntDisable;
 204              		.loc 1 285 0
 205              		.syntax divided
 206              	@ 285 "Generated_Source\PSoC4\cyfitter_cfg.c" 1
 207 0066 72B6     		CPSID   i
 208              	@ 0 "" 2
 286:Generated_Source\PSoC4/cyfitter_cfg.c **** 
 287:Generated_Source\PSoC4/cyfitter_cfg.c **** 	{
 288:Generated_Source\PSoC4/cyfitter_cfg.c **** 		/* HSIOM Starting address: CYDEV_HSIOM_BASE */
 289:Generated_Source\PSoC4/cyfitter_cfg.c **** 		CY_SET_REG32((void *)(CYREG_HSIOM_PORT_SEL1), 0x00000099u);
 209              		.loc 1 289 0
 210              		.thumb
 211              		.syntax unified
 212 0068 9922     		movs	r2, #153
 213 006a 124B     		ldr	r3, .L13
 214 006c 1A60     		str	r2, [r3]
 290:Generated_Source\PSoC4/cyfitter_cfg.c **** 		CY_SET_REG32((void *)(CYREG_HSIOM_PORT_SEL3), 0x0000EE00u);
 215              		.loc 1 290 0
 216 006e EE22     		movs	r2, #238
 217 0070 1202     		lsls	r2, r2, #8
 218 0072 114B     		ldr	r3, .L13+4
 219 0074 1A60     		str	r2, [r3]
 291:Generated_Source\PSoC4/cyfitter_cfg.c **** 
ARM GAS  C:\Users\Petro\AppData\Local\Temp\ccX48NDI.s 			page 10


 292:Generated_Source\PSoC4/cyfitter_cfg.c **** 	}
 293:Generated_Source\PSoC4/cyfitter_cfg.c **** 
 294:Generated_Source\PSoC4/cyfitter_cfg.c **** 	/* Perform second pass device configuration. These items must be configured in specific order afte
 295:Generated_Source\PSoC4/cyfitter_cfg.c **** 	/* IOPINS0_0 Starting address: CYDEV_GPIO_PRT0_BASE */
 296:Generated_Source\PSoC4/cyfitter_cfg.c **** 	CY_SET_REG32((void *)(CYDEV_GPIO_PRT0_BASE), 0x0000004Eu);
 220              		.loc 1 296 0
 221 0076 4E22     		movs	r2, #78
 222 0078 104B     		ldr	r3, .L13+8
 223 007a 1A60     		str	r2, [r3]
 297:Generated_Source\PSoC4/cyfitter_cfg.c **** 	CY_SET_REG32((void *)(CYREG_GPIO_PRT0_PC2), 0x0000004Fu);
 224              		.loc 1 297 0
 225 007c 0132     		adds	r2, r2, #1
 226 007e 104B     		ldr	r3, .L13+12
 227 0080 1A60     		str	r2, [r3]
 298:Generated_Source\PSoC4/cyfitter_cfg.c **** 
 299:Generated_Source\PSoC4/cyfitter_cfg.c **** 	/* IOPINS0_1 Starting address: CYDEV_GPIO_PRT1_BASE */
 300:Generated_Source\PSoC4/cyfitter_cfg.c **** 	CY_SET_REG32((void *)(CYDEV_GPIO_PRT1_BASE), 0x00000002u);
 228              		.loc 1 300 0
 229 0082 0223     		movs	r3, #2
 230 0084 0F4A     		ldr	r2, .L13+16
 231 0086 1360     		str	r3, [r2]
 301:Generated_Source\PSoC4/cyfitter_cfg.c **** 	CY_SET_REG32((void *)(CYREG_GPIO_PRT1_PC), 0x00000031u);
 232              		.loc 1 301 0
 233 0088 3121     		movs	r1, #49
 234 008a 0F4A     		ldr	r2, .L13+20
 235 008c 1160     		str	r1, [r2]
 302:Generated_Source\PSoC4/cyfitter_cfg.c **** 	CY_SET_REG32((void *)(CYREG_GPIO_PRT1_PC2), 0x00000002u);
 236              		.loc 1 302 0
 237 008e 0F4A     		ldr	r2, .L13+24
 238 0090 1360     		str	r3, [r2]
 303:Generated_Source\PSoC4/cyfitter_cfg.c **** 
 304:Generated_Source\PSoC4/cyfitter_cfg.c **** 	/* IOPINS0_2 Starting address: CYDEV_GPIO_PRT2_BASE */
 305:Generated_Source\PSoC4/cyfitter_cfg.c **** 	CY_SET_REG32((void *)(CYDEV_GPIO_PRT2_BASE), 0x0000001Fu);
 239              		.loc 1 305 0
 240 0092 1239     		subs	r1, r1, #18
 241 0094 0E4A     		ldr	r2, .L13+28
 242 0096 1160     		str	r1, [r2]
 306:Generated_Source\PSoC4/cyfitter_cfg.c **** 	CY_SET_REG32((void *)(CYREG_GPIO_PRT2_PC), 0x00006DB6u);
 243              		.loc 1 306 0
 244 0098 0E49     		ldr	r1, .L13+32
 245 009a 0F4A     		ldr	r2, .L13+36
 246 009c 1160     		str	r1, [r2]
 307:Generated_Source\PSoC4/cyfitter_cfg.c **** 
 308:Generated_Source\PSoC4/cyfitter_cfg.c **** 	/* IOPINS0_3 Starting address: CYDEV_GPIO_PRT3_BASE */
 309:Generated_Source\PSoC4/cyfitter_cfg.c **** 	CY_SET_REG32((void *)(CYREG_GPIO_PRT3_PC), 0x00000D80u);
 247              		.loc 1 309 0
 248 009e D821     		movs	r1, #216
 249 00a0 0901     		lsls	r1, r1, #4
 250 00a2 0E4A     		ldr	r2, .L13+40
 251 00a4 1160     		str	r1, [r2]
 310:Generated_Source\PSoC4/cyfitter_cfg.c **** 
 311:Generated_Source\PSoC4/cyfitter_cfg.c **** 	/* IOPINS0_4 Starting address: CYDEV_GPIO_PRT4_BASE */
 312:Generated_Source\PSoC4/cyfitter_cfg.c **** 	CY_SET_REG32((void *)(CYREG_GPIO_PRT4_PC2), 0x00000002u);
 252              		.loc 1 312 0
 253 00a6 0E4A     		ldr	r2, .L13+44
 254 00a8 1360     		str	r3, [r2]
 313:Generated_Source\PSoC4/cyfitter_cfg.c **** 
ARM GAS  C:\Users\Petro\AppData\Local\Temp\ccX48NDI.s 			page 11


 314:Generated_Source\PSoC4/cyfitter_cfg.c **** 
 315:Generated_Source\PSoC4/cyfitter_cfg.c **** 	/* Setup clocks based on selections from Clock DWR */
 316:Generated_Source\PSoC4/cyfitter_cfg.c **** 	ClockSetup();
 255              		.loc 1 316 0
 256 00aa FFF7A9FF 		bl	ClockSetup
 257              	.LVL11:
 317:Generated_Source\PSoC4/cyfitter_cfg.c **** 
 318:Generated_Source\PSoC4/cyfitter_cfg.c **** 	/* Perform basic analog initialization to defaults */
 319:Generated_Source\PSoC4/cyfitter_cfg.c **** 	AnalogSetDefault();
 258              		.loc 1 319 0
 259 00ae FFF7FEFF 		bl	AnalogSetDefault
 260              	.LVL12:
 320:Generated_Source\PSoC4/cyfitter_cfg.c **** 
 321:Generated_Source\PSoC4/cyfitter_cfg.c **** }
 261              		.loc 1 321 0
 262              		@ sp needed
 263 00b2 10BD     		pop	{r4, pc}
 264              	.L14:
 265              		.align	2
 266              	.L13:
 267 00b4 00010240 		.word	1073873152
 268 00b8 00030240 		.word	1073873664
 269 00bc 00000440 		.word	1074003968
 270 00c0 18000440 		.word	1074003992
 271 00c4 00010440 		.word	1074004224
 272 00c8 08010440 		.word	1074004232
 273 00cc 18010440 		.word	1074004248
 274 00d0 00020440 		.word	1074004480
 275 00d4 B66D0000 		.word	28086
 276 00d8 08020440 		.word	1074004488
 277 00dc 08030440 		.word	1074004744
 278 00e0 18040440 		.word	1074005016
 279              		.cfi_endproc
 280              	.LFE7:
 281              		.size	cyfitter_cfg, .-cyfitter_cfg
 282              		.text
 283              	.Letext0:
 284              		.file 2 "Generated_Source\\PSoC4\\cytypes.h"
 285              		.file 3 "Generated_Source\\PSoC4\\CyLib.h"
 286              		.section	.debug_info,"",%progbits
 287              	.Ldebug_info0:
 288 0000 64010000 		.4byte	0x164
 289 0004 0400     		.2byte	0x4
 290 0006 00000000 		.4byte	.Ldebug_abbrev0
 291 000a 04       		.byte	0x4
 292 000b 01       		.uleb128 0x1
 293 000c 82010000 		.4byte	.LASF21
 294 0010 0C       		.byte	0xc
 295 0011 15000000 		.4byte	.LASF22
 296 0015 B2000000 		.4byte	.LASF23
 297 0019 00000000 		.4byte	.Ldebug_ranges0+0
 298 001d 00000000 		.4byte	0
 299 0021 00000000 		.4byte	.Ldebug_line0
 300 0025 02       		.uleb128 0x2
 301 0026 04       		.byte	0x4
 302 0027 05       		.byte	0x5
 303 0028 696E7400 		.ascii	"int\000"
ARM GAS  C:\Users\Petro\AppData\Local\Temp\ccX48NDI.s 			page 12


 304 002c 03       		.uleb128 0x3
 305 002d 04       		.byte	0x4
 306 002e 07       		.byte	0x7
 307 002f 3B000000 		.4byte	.LASF0
 308 0033 03       		.uleb128 0x3
 309 0034 08       		.byte	0x8
 310 0035 05       		.byte	0x5
 311 0036 00000000 		.4byte	.LASF1
 312 003a 03       		.uleb128 0x3
 313 003b 08       		.byte	0x8
 314 003c 04       		.byte	0x4
 315 003d 5B010000 		.4byte	.LASF2
 316 0041 03       		.uleb128 0x3
 317 0042 01       		.byte	0x1
 318 0043 06       		.byte	0x6
 319 0044 4F010000 		.4byte	.LASF3
 320 0048 03       		.uleb128 0x3
 321 0049 01       		.byte	0x1
 322 004a 08       		.byte	0x8
 323 004b A4000000 		.4byte	.LASF4
 324 004f 03       		.uleb128 0x3
 325 0050 02       		.byte	0x2
 326 0051 05       		.byte	0x5
 327 0052 78010000 		.4byte	.LASF5
 328 0056 03       		.uleb128 0x3
 329 0057 02       		.byte	0x2
 330 0058 07       		.byte	0x7
 331 0059 3C010000 		.4byte	.LASF6
 332 005d 03       		.uleb128 0x3
 333 005e 04       		.byte	0x4
 334 005f 05       		.byte	0x5
 335 0060 F4000000 		.4byte	.LASF7
 336 0064 03       		.uleb128 0x3
 337 0065 04       		.byte	0x4
 338 0066 07       		.byte	0x7
 339 0067 4E000000 		.4byte	.LASF8
 340 006b 03       		.uleb128 0x3
 341 006c 08       		.byte	0x8
 342 006d 07       		.byte	0x7
 343 006e 6D000000 		.4byte	.LASF9
 344 0072 03       		.uleb128 0x3
 345 0073 04       		.byte	0x4
 346 0074 07       		.byte	0x7
 347 0075 14020000 		.4byte	.LASF10
 348 0079 03       		.uleb128 0x3
 349 007a 01       		.byte	0x1
 350 007b 08       		.byte	0x8
 351 007c 8A000000 		.4byte	.LASF11
 352 0080 04       		.uleb128 0x4
 353 0081 48000000 		.4byte	.LASF12
 354 0085 02       		.byte	0x2
 355 0086 FB01     		.2byte	0x1fb
 356 0088 48000000 		.4byte	0x48
 357 008c 04       		.uleb128 0x4
 358 008d 0E000000 		.4byte	.LASF13
 359 0091 02       		.byte	0x2
 360 0092 FD01     		.2byte	0x1fd
ARM GAS  C:\Users\Petro\AppData\Local\Temp\ccX48NDI.s 			page 13


 361 0094 64000000 		.4byte	0x64
 362 0098 03       		.uleb128 0x3
 363 0099 04       		.byte	0x4
 364 009a 04       		.byte	0x4
 365 009b 84000000 		.4byte	.LASF14
 366 009f 03       		.uleb128 0x3
 367 00a0 08       		.byte	0x8
 368 00a1 04       		.byte	0x4
 369 00a2 19010000 		.4byte	.LASF15
 370 00a6 04       		.uleb128 0x4
 371 00a7 36010000 		.4byte	.LASF16
 372 00ab 02       		.byte	0x2
 373 00ac A702     		.2byte	0x2a7
 374 00ae B2000000 		.4byte	0xb2
 375 00b2 05       		.uleb128 0x5
 376 00b3 8C000000 		.4byte	0x8c
 377 00b7 06       		.uleb128 0x6
 378 00b8 0E010000 		.4byte	.LASF17
 379 00bc 01       		.byte	0x1
 380 00bd A9       		.byte	0xa9
 381 00be 00000000 		.4byte	.LFB4
 382 00c2 64000000 		.4byte	.LFE4-.LFB4
 383 00c6 01       		.uleb128 0x1
 384 00c7 9C       		.byte	0x9c
 385 00c8 DC000000 		.4byte	0xdc
 386 00cc 07       		.uleb128 0x7
 387 00cd 0E000000 		.4byte	.LVL0
 388 00d1 5C010000 		.4byte	0x15c
 389 00d5 08       		.uleb128 0x8
 390 00d6 01       		.uleb128 0x1
 391 00d7 50       		.byte	0x50
 392 00d8 01       		.uleb128 0x1
 393 00d9 48       		.byte	0x48
 394 00da 00       		.byte	0
 395 00db 00       		.byte	0
 396 00dc 09       		.uleb128 0x9
 397 00dd 20010000 		.4byte	.LASF19
 398 00e1 01       		.byte	0x1
 399 00e2 EE       		.byte	0xee
 400 00e3 00000000 		.4byte	.LFB6
 401 00e7 38000000 		.4byte	.LFE6-.LFB6
 402 00eb 01       		.uleb128 0x1
 403 00ec 9C       		.byte	0x9c
 404 00ed 0E010000 		.4byte	0x10e
 405 00f1 0A       		.uleb128 0xa
 406 00f2 67010000 		.4byte	.LASF24
 407 00f6 01       		.byte	0x1
 408 00f7 EE       		.byte	0xee
 409 00f8 80000000 		.4byte	0x80
 410 00fc 01       		.uleb128 0x1
 411 00fd 50       		.byte	0x50
 412 00fe 0B       		.uleb128 0xb
 413 00ff 6F010000 		.4byte	.LASF25
 414 0103 01       		.byte	0x1
 415 0104 F0       		.byte	0xf0
 416 0105 8C000000 		.4byte	0x8c
 417 0109 00000000 		.4byte	.LLST0
ARM GAS  C:\Users\Petro\AppData\Local\Temp\ccX48NDI.s 			page 14


 418 010d 00       		.byte	0
 419 010e 06       		.uleb128 0x6
 420 010f FD000000 		.4byte	.LASF18
 421 0113 01       		.byte	0x1
 422 0114 D8       		.byte	0xd8
 423 0115 00000000 		.4byte	.LFB5
 424 0119 0A000000 		.4byte	.LFE5-.LFB5
 425 011d 01       		.uleb128 0x1
 426 011e 9C       		.byte	0x9c
 427 011f 33010000 		.4byte	0x133
 428 0123 07       		.uleb128 0x7
 429 0124 08000000 		.4byte	.LVL10
 430 0128 DC000000 		.4byte	0xdc
 431 012c 08       		.uleb128 0x8
 432 012d 01       		.uleb128 0x1
 433 012e 50       		.byte	0x50
 434 012f 01       		.uleb128 0x1
 435 0130 31       		.byte	0x31
 436 0131 00       		.byte	0
 437 0132 00       		.byte	0
 438 0133 0C       		.uleb128 0xc
 439 0134 60000000 		.4byte	.LASF20
 440 0138 01       		.byte	0x1
 441 0139 1A01     		.2byte	0x11a
 442 013b 64000000 		.4byte	.LFB7
 443 013f 80000000 		.4byte	.LFE7-.LFB7
 444 0143 01       		.uleb128 0x1
 445 0144 9C       		.byte	0x9c
 446 0145 5C010000 		.4byte	0x15c
 447 0149 0D       		.uleb128 0xd
 448 014a AE000000 		.4byte	.LVL11
 449 014e B7000000 		.4byte	0xb7
 450 0152 0D       		.uleb128 0xd
 451 0153 B2000000 		.4byte	.LVL12
 452 0157 0E010000 		.4byte	0x10e
 453 015b 00       		.byte	0
 454 015c 0E       		.uleb128 0xe
 455 015d 8F000000 		.4byte	.LASF26
 456 0161 8F000000 		.4byte	.LASF26
 457 0165 03       		.byte	0x3
 458 0166 6C       		.byte	0x6c
 459 0167 00       		.byte	0
 460              		.section	.debug_abbrev,"",%progbits
 461              	.Ldebug_abbrev0:
 462 0000 01       		.uleb128 0x1
 463 0001 11       		.uleb128 0x11
 464 0002 01       		.byte	0x1
 465 0003 25       		.uleb128 0x25
 466 0004 0E       		.uleb128 0xe
 467 0005 13       		.uleb128 0x13
 468 0006 0B       		.uleb128 0xb
 469 0007 03       		.uleb128 0x3
 470 0008 0E       		.uleb128 0xe
 471 0009 1B       		.uleb128 0x1b
 472 000a 0E       		.uleb128 0xe
 473 000b 55       		.uleb128 0x55
 474 000c 17       		.uleb128 0x17
ARM GAS  C:\Users\Petro\AppData\Local\Temp\ccX48NDI.s 			page 15


 475 000d 11       		.uleb128 0x11
 476 000e 01       		.uleb128 0x1
 477 000f 10       		.uleb128 0x10
 478 0010 17       		.uleb128 0x17
 479 0011 00       		.byte	0
 480 0012 00       		.byte	0
 481 0013 02       		.uleb128 0x2
 482 0014 24       		.uleb128 0x24
 483 0015 00       		.byte	0
 484 0016 0B       		.uleb128 0xb
 485 0017 0B       		.uleb128 0xb
 486 0018 3E       		.uleb128 0x3e
 487 0019 0B       		.uleb128 0xb
 488 001a 03       		.uleb128 0x3
 489 001b 08       		.uleb128 0x8
 490 001c 00       		.byte	0
 491 001d 00       		.byte	0
 492 001e 03       		.uleb128 0x3
 493 001f 24       		.uleb128 0x24
 494 0020 00       		.byte	0
 495 0021 0B       		.uleb128 0xb
 496 0022 0B       		.uleb128 0xb
 497 0023 3E       		.uleb128 0x3e
 498 0024 0B       		.uleb128 0xb
 499 0025 03       		.uleb128 0x3
 500 0026 0E       		.uleb128 0xe
 501 0027 00       		.byte	0
 502 0028 00       		.byte	0
 503 0029 04       		.uleb128 0x4
 504 002a 16       		.uleb128 0x16
 505 002b 00       		.byte	0
 506 002c 03       		.uleb128 0x3
 507 002d 0E       		.uleb128 0xe
 508 002e 3A       		.uleb128 0x3a
 509 002f 0B       		.uleb128 0xb
 510 0030 3B       		.uleb128 0x3b
 511 0031 05       		.uleb128 0x5
 512 0032 49       		.uleb128 0x49
 513 0033 13       		.uleb128 0x13
 514 0034 00       		.byte	0
 515 0035 00       		.byte	0
 516 0036 05       		.uleb128 0x5
 517 0037 35       		.uleb128 0x35
 518 0038 00       		.byte	0
 519 0039 49       		.uleb128 0x49
 520 003a 13       		.uleb128 0x13
 521 003b 00       		.byte	0
 522 003c 00       		.byte	0
 523 003d 06       		.uleb128 0x6
 524 003e 2E       		.uleb128 0x2e
 525 003f 01       		.byte	0x1
 526 0040 03       		.uleb128 0x3
 527 0041 0E       		.uleb128 0xe
 528 0042 3A       		.uleb128 0x3a
 529 0043 0B       		.uleb128 0xb
 530 0044 3B       		.uleb128 0x3b
 531 0045 0B       		.uleb128 0xb
ARM GAS  C:\Users\Petro\AppData\Local\Temp\ccX48NDI.s 			page 16


 532 0046 27       		.uleb128 0x27
 533 0047 19       		.uleb128 0x19
 534 0048 11       		.uleb128 0x11
 535 0049 01       		.uleb128 0x1
 536 004a 12       		.uleb128 0x12
 537 004b 06       		.uleb128 0x6
 538 004c 40       		.uleb128 0x40
 539 004d 18       		.uleb128 0x18
 540 004e 9742     		.uleb128 0x2117
 541 0050 19       		.uleb128 0x19
 542 0051 01       		.uleb128 0x1
 543 0052 13       		.uleb128 0x13
 544 0053 00       		.byte	0
 545 0054 00       		.byte	0
 546 0055 07       		.uleb128 0x7
 547 0056 898201   		.uleb128 0x4109
 548 0059 01       		.byte	0x1
 549 005a 11       		.uleb128 0x11
 550 005b 01       		.uleb128 0x1
 551 005c 31       		.uleb128 0x31
 552 005d 13       		.uleb128 0x13
 553 005e 00       		.byte	0
 554 005f 00       		.byte	0
 555 0060 08       		.uleb128 0x8
 556 0061 8A8201   		.uleb128 0x410a
 557 0064 00       		.byte	0
 558 0065 02       		.uleb128 0x2
 559 0066 18       		.uleb128 0x18
 560 0067 9142     		.uleb128 0x2111
 561 0069 18       		.uleb128 0x18
 562 006a 00       		.byte	0
 563 006b 00       		.byte	0
 564 006c 09       		.uleb128 0x9
 565 006d 2E       		.uleb128 0x2e
 566 006e 01       		.byte	0x1
 567 006f 3F       		.uleb128 0x3f
 568 0070 19       		.uleb128 0x19
 569 0071 03       		.uleb128 0x3
 570 0072 0E       		.uleb128 0xe
 571 0073 3A       		.uleb128 0x3a
 572 0074 0B       		.uleb128 0xb
 573 0075 3B       		.uleb128 0x3b
 574 0076 0B       		.uleb128 0xb
 575 0077 27       		.uleb128 0x27
 576 0078 19       		.uleb128 0x19
 577 0079 11       		.uleb128 0x11
 578 007a 01       		.uleb128 0x1
 579 007b 12       		.uleb128 0x12
 580 007c 06       		.uleb128 0x6
 581 007d 40       		.uleb128 0x40
 582 007e 18       		.uleb128 0x18
 583 007f 9742     		.uleb128 0x2117
 584 0081 19       		.uleb128 0x19
 585 0082 01       		.uleb128 0x1
 586 0083 13       		.uleb128 0x13
 587 0084 00       		.byte	0
 588 0085 00       		.byte	0
ARM GAS  C:\Users\Petro\AppData\Local\Temp\ccX48NDI.s 			page 17


 589 0086 0A       		.uleb128 0xa
 590 0087 05       		.uleb128 0x5
 591 0088 00       		.byte	0
 592 0089 03       		.uleb128 0x3
 593 008a 0E       		.uleb128 0xe
 594 008b 3A       		.uleb128 0x3a
 595 008c 0B       		.uleb128 0xb
 596 008d 3B       		.uleb128 0x3b
 597 008e 0B       		.uleb128 0xb
 598 008f 49       		.uleb128 0x49
 599 0090 13       		.uleb128 0x13
 600 0091 02       		.uleb128 0x2
 601 0092 18       		.uleb128 0x18
 602 0093 00       		.byte	0
 603 0094 00       		.byte	0
 604 0095 0B       		.uleb128 0xb
 605 0096 34       		.uleb128 0x34
 606 0097 00       		.byte	0
 607 0098 03       		.uleb128 0x3
 608 0099 0E       		.uleb128 0xe
 609 009a 3A       		.uleb128 0x3a
 610 009b 0B       		.uleb128 0xb
 611 009c 3B       		.uleb128 0x3b
 612 009d 0B       		.uleb128 0xb
 613 009e 49       		.uleb128 0x49
 614 009f 13       		.uleb128 0x13
 615 00a0 02       		.uleb128 0x2
 616 00a1 17       		.uleb128 0x17
 617 00a2 00       		.byte	0
 618 00a3 00       		.byte	0
 619 00a4 0C       		.uleb128 0xc
 620 00a5 2E       		.uleb128 0x2e
 621 00a6 01       		.byte	0x1
 622 00a7 3F       		.uleb128 0x3f
 623 00a8 19       		.uleb128 0x19
 624 00a9 03       		.uleb128 0x3
 625 00aa 0E       		.uleb128 0xe
 626 00ab 3A       		.uleb128 0x3a
 627 00ac 0B       		.uleb128 0xb
 628 00ad 3B       		.uleb128 0x3b
 629 00ae 05       		.uleb128 0x5
 630 00af 27       		.uleb128 0x27
 631 00b0 19       		.uleb128 0x19
 632 00b1 11       		.uleb128 0x11
 633 00b2 01       		.uleb128 0x1
 634 00b3 12       		.uleb128 0x12
 635 00b4 06       		.uleb128 0x6
 636 00b5 40       		.uleb128 0x40
 637 00b6 18       		.uleb128 0x18
 638 00b7 9742     		.uleb128 0x2117
 639 00b9 19       		.uleb128 0x19
 640 00ba 01       		.uleb128 0x1
 641 00bb 13       		.uleb128 0x13
 642 00bc 00       		.byte	0
 643 00bd 00       		.byte	0
 644 00be 0D       		.uleb128 0xd
 645 00bf 898201   		.uleb128 0x4109
ARM GAS  C:\Users\Petro\AppData\Local\Temp\ccX48NDI.s 			page 18


 646 00c2 00       		.byte	0
 647 00c3 11       		.uleb128 0x11
 648 00c4 01       		.uleb128 0x1
 649 00c5 31       		.uleb128 0x31
 650 00c6 13       		.uleb128 0x13
 651 00c7 00       		.byte	0
 652 00c8 00       		.byte	0
 653 00c9 0E       		.uleb128 0xe
 654 00ca 2E       		.uleb128 0x2e
 655 00cb 00       		.byte	0
 656 00cc 3F       		.uleb128 0x3f
 657 00cd 19       		.uleb128 0x19
 658 00ce 3C       		.uleb128 0x3c
 659 00cf 19       		.uleb128 0x19
 660 00d0 6E       		.uleb128 0x6e
 661 00d1 0E       		.uleb128 0xe
 662 00d2 03       		.uleb128 0x3
 663 00d3 0E       		.uleb128 0xe
 664 00d4 3A       		.uleb128 0x3a
 665 00d5 0B       		.uleb128 0xb
 666 00d6 3B       		.uleb128 0x3b
 667 00d7 0B       		.uleb128 0xb
 668 00d8 00       		.byte	0
 669 00d9 00       		.byte	0
 670 00da 00       		.byte	0
 671              		.section	.debug_loc,"",%progbits
 672              	.Ldebug_loc0:
 673              	.LLST0:
 674 0000 04000000 		.4byte	.LVL2
 675 0004 12000000 		.4byte	.LVL4
 676 0008 0100     		.2byte	0x1
 677 000a 53       		.byte	0x53
 678 000b 14000000 		.4byte	.LVL5
 679 000f 1A000000 		.4byte	.LVL6
 680 0013 0100     		.2byte	0x1
 681 0015 53       		.byte	0x53
 682 0016 1A000000 		.4byte	.LVL6
 683 001a 1C000000 		.4byte	.LVL7
 684 001e 0200     		.2byte	0x2
 685 0020 72       		.byte	0x72
 686 0021 00       		.sleb128 0
 687 0022 1C000000 		.4byte	.LVL7
 688 0026 38000000 		.4byte	.LFE6
 689 002a 0100     		.2byte	0x1
 690 002c 53       		.byte	0x53
 691 002d 00000000 		.4byte	0
 692 0031 00000000 		.4byte	0
 693              		.section	.debug_aranges,"",%progbits
 694 0000 34000000 		.4byte	0x34
 695 0004 0200     		.2byte	0x2
 696 0006 00000000 		.4byte	.Ldebug_info0
 697 000a 04       		.byte	0x4
 698 000b 00       		.byte	0
 699 000c 0000     		.2byte	0
 700 000e 0000     		.2byte	0
 701 0010 00000000 		.4byte	.LFB4
 702 0014 64000000 		.4byte	.LFE4-.LFB4
ARM GAS  C:\Users\Petro\AppData\Local\Temp\ccX48NDI.s 			page 19


 703 0018 00000000 		.4byte	.LFB6
 704 001c 38000000 		.4byte	.LFE6-.LFB6
 705 0020 00000000 		.4byte	.LFB5
 706 0024 0A000000 		.4byte	.LFE5-.LFB5
 707 0028 64000000 		.4byte	.LFB7
 708 002c 80000000 		.4byte	.LFE7-.LFB7
 709 0030 00000000 		.4byte	0
 710 0034 00000000 		.4byte	0
 711              		.section	.debug_ranges,"",%progbits
 712              	.Ldebug_ranges0:
 713 0000 00000000 		.4byte	.LFB4
 714 0004 64000000 		.4byte	.LFE4
 715 0008 00000000 		.4byte	.LFB6
 716 000c 38000000 		.4byte	.LFE6
 717 0010 00000000 		.4byte	.LFB5
 718 0014 0A000000 		.4byte	.LFE5
 719 0018 64000000 		.4byte	.LFB7
 720 001c E4000000 		.4byte	.LFE7
 721 0020 00000000 		.4byte	0
 722 0024 00000000 		.4byte	0
 723              		.section	.debug_line,"",%progbits
 724              	.Ldebug_line0:
 725 0000 B6000000 		.section	.debug_str,"MS",%progbits,1
 725      02005400 
 725      00000201 
 725      FB0E0D00 
 725      01010101 
 726              	.LASF1:
 727 0000 6C6F6E67 		.ascii	"long long int\000"
 727      206C6F6E 
 727      6720696E 
 727      7400
 728              	.LASF13:
 729 000e 75696E74 		.ascii	"uint32\000"
 729      333200
 730              	.LASF22:
 731 0015 47656E65 		.ascii	"Generated_Source\\PSoC4\\cyfitter_cfg.c\000"
 731      72617465 
 731      645F536F 
 731      75726365 
 731      5C50536F 
 732              	.LASF0:
 733 003b 756E7369 		.ascii	"unsigned int\000"
 733      676E6564 
 733      20696E74 
 733      00
 734              	.LASF12:
 735 0048 75696E74 		.ascii	"uint8\000"
 735      3800
 736              	.LASF8:
 737 004e 6C6F6E67 		.ascii	"long unsigned int\000"
 737      20756E73 
 737      69676E65 
 737      6420696E 
 737      7400
 738              	.LASF20:
 739 0060 63796669 		.ascii	"cyfitter_cfg\000"
ARM GAS  C:\Users\Petro\AppData\Local\Temp\ccX48NDI.s 			page 20


 739      74746572 
 739      5F636667 
 739      00
 740              	.LASF9:
 741 006d 6C6F6E67 		.ascii	"long long unsigned int\000"
 741      206C6F6E 
 741      6720756E 
 741      7369676E 
 741      65642069 
 742              	.LASF14:
 743 0084 666C6F61 		.ascii	"float\000"
 743      7400
 744              	.LASF11:
 745 008a 63686172 		.ascii	"char\000"
 745      00
 746              	.LASF26:
 747 008f 43795379 		.ascii	"CySysClkWriteImoFreq\000"
 747      73436C6B 
 747      57726974 
 747      65496D6F 
 747      46726571 
 748              	.LASF4:
 749 00a4 756E7369 		.ascii	"unsigned char\000"
 749      676E6564 
 749      20636861 
 749      7200
 750              	.LASF23:
 751 00b2 433A5C55 		.ascii	"C:\\Users\\Petro\\Documents\\PSoC Creator\\CapSense"
 751      73657273 
 751      5C506574 
 751      726F5C44 
 751      6F63756D 
 752 00e0 5F546173 		.ascii	"_Tasks\\Task_1.cydsn\000"
 752      6B735C54 
 752      61736B5F 
 752      312E6379 
 752      64736E00 
 753              	.LASF7:
 754 00f4 6C6F6E67 		.ascii	"long int\000"
 754      20696E74 
 754      00
 755              	.LASF18:
 756 00fd 416E616C 		.ascii	"AnalogSetDefault\000"
 756      6F675365 
 756      74446566 
 756      61756C74 
 756      00
 757              	.LASF17:
 758 010e 436C6F63 		.ascii	"ClockSetup\000"
 758      6B536574 
 758      757000
 759              	.LASF15:
 760 0119 646F7562 		.ascii	"double\000"
 760      6C6500
 761              	.LASF19:
 762 0120 53657441 		.ascii	"SetAnalogRoutingPumps\000"
 762      6E616C6F 
ARM GAS  C:\Users\Petro\AppData\Local\Temp\ccX48NDI.s 			page 21


 762      67526F75 
 762      74696E67 
 762      50756D70 
 763              	.LASF16:
 764 0136 72656733 		.ascii	"reg32\000"
 764      3200
 765              	.LASF6:
 766 013c 73686F72 		.ascii	"short unsigned int\000"
 766      7420756E 
 766      7369676E 
 766      65642069 
 766      6E7400
 767              	.LASF3:
 768 014f 7369676E 		.ascii	"signed char\000"
 768      65642063 
 768      68617200 
 769              	.LASF2:
 770 015b 6C6F6E67 		.ascii	"long double\000"
 770      20646F75 
 770      626C6500 
 771              	.LASF24:
 772 0167 656E6162 		.ascii	"enabled\000"
 772      6C656400 
 773              	.LASF25:
 774 016f 72656756 		.ascii	"regValue\000"
 774      616C7565 
 774      00
 775              	.LASF5:
 776 0178 73686F72 		.ascii	"short int\000"
 776      7420696E 
 776      7400
 777              	.LASF21:
 778 0182 474E5520 		.ascii	"GNU C11 5.4.1 20160609 (release) [ARM/embedded-5-br"
 778      43313120 
 778      352E342E 
 778      31203230 
 778      31363036 
 779 01b5 616E6368 		.ascii	"anch revision 237715] -mcpu=cortex-m0plus -mthumb -"
 779      20726576 
 779      6973696F 
 779      6E203233 
 779      37373135 
 780 01e8 67202D4F 		.ascii	"g -Og -ffunction-sections -ffat-lto-objects\000"
 780      67202D66 
 780      66756E63 
 780      74696F6E 
 780      2D736563 
 781              	.LASF10:
 782 0214 73697A65 		.ascii	"sizetype\000"
 782      74797065 
 782      00
 783              		.ident	"GCC: (GNU Tools for ARM Embedded Processors) 5.4.1 20160609 (release) [ARM/embedded-5-bran
