ARM GAS  C:\Users\Petro\AppData\Local\Temp\ccHhacOt.s 			page 1


   1              		.syntax unified
   2              		.cpu cortex-m0plus
   3              		.fpu softvfp
   4              		.eabi_attribute 20, 1
   5              		.eabi_attribute 21, 1
   6              		.eabi_attribute 23, 3
   7              		.eabi_attribute 24, 1
   8              		.eabi_attribute 25, 1
   9              		.eabi_attribute 26, 1
  10              		.eabi_attribute 30, 1
  11              		.eabi_attribute 34, 0
  12              		.eabi_attribute 18, 4
  13              		.thumb
  14              		.syntax unified
  15              		.file	"main.c"
  16              		.text
  17              	.Ltext0:
  18              		.cfi_sections	.debug_frame
  19              		.section	.text.main,"ax",%progbits
  20              		.align	2
  21              		.global	main
  22              		.code	16
  23              		.thumb_func
  24              		.type	main, %function
  25              	main:
  26              	.LFB34:
  27              		.file 1 "main.c"
   1:main.c        **** #include "project.h"
   2:main.c        **** #include <stdio.h>
   3:main.c        **** 
   4:main.c        **** int main(void)
   5:main.c        **** {
  28              		.loc 1 5 0
  29              		.cfi_startproc
  30              		@ args = 0, pretend = 0, frame = 16
  31              		@ frame_needed = 0, uses_anonymous_args = 0
  32 0000 70B5     		push	{r4, r5, r6, lr}
  33              		.cfi_def_cfa_offset 16
  34              		.cfi_offset 4, -16
  35              		.cfi_offset 5, -12
  36              		.cfi_offset 6, -8
  37              		.cfi_offset 14, -4
  38 0002 84B0     		sub	sp, sp, #16
  39              		.cfi_def_cfa_offset 32
  40              	.LVL0:
   6:main.c        ****     uint16 slidervalue;
   7:main.c        ****     uint16 oldslidervalue = 0xFFFF;
   8:main.c        ****     char msg[16];
   9:main.c        ****     
  10:main.c        ****     
  11:main.c        ****     UART_Init();
  41              		.loc 1 11 0
  42 0004 FFF7FEFF 		bl	UART_Init
  43              	.LVL1:
  44              	.LBB4:
  45              	.LBB5:
  46              		.file 2 "Generated_Source\\PSoC4/cmsis_gcc.h"
ARM GAS  C:\Users\Petro\AppData\Local\Temp\ccHhacOt.s 			page 2


   1:Generated_Source\PSoC4/cmsis_gcc.h **** /**************************************************************************//**
   2:Generated_Source\PSoC4/cmsis_gcc.h ****  * @file     cmsis_gcc.h
   3:Generated_Source\PSoC4/cmsis_gcc.h ****  * @brief    CMSIS Cortex-M Core Function/Instruction Header File
   4:Generated_Source\PSoC4/cmsis_gcc.h ****  * @version  V5.00
   5:Generated_Source\PSoC4/cmsis_gcc.h ****  * @date     28. October 2016
   6:Generated_Source\PSoC4/cmsis_gcc.h ****  ******************************************************************************/
   7:Generated_Source\PSoC4/cmsis_gcc.h **** /*
   8:Generated_Source\PSoC4/cmsis_gcc.h ****  * Copyright (c) 2009-2016 ARM Limited. All rights reserved.
   9:Generated_Source\PSoC4/cmsis_gcc.h ****  *
  10:Generated_Source\PSoC4/cmsis_gcc.h ****  * SPDX-License-Identifier: Apache-2.0
  11:Generated_Source\PSoC4/cmsis_gcc.h ****  *
  12:Generated_Source\PSoC4/cmsis_gcc.h ****  * Licensed under the Apache License, Version 2.0 (the License); you may
  13:Generated_Source\PSoC4/cmsis_gcc.h ****  * not use this file except in compliance with the License.
  14:Generated_Source\PSoC4/cmsis_gcc.h ****  * You may obtain a copy of the License at
  15:Generated_Source\PSoC4/cmsis_gcc.h ****  *
  16:Generated_Source\PSoC4/cmsis_gcc.h ****  * http://www.apache.org/licenses/LICENSE-2.0
  17:Generated_Source\PSoC4/cmsis_gcc.h ****  *
  18:Generated_Source\PSoC4/cmsis_gcc.h ****  * Unless required by applicable law or agreed to in writing, software
  19:Generated_Source\PSoC4/cmsis_gcc.h ****  * distributed under the License is distributed on an AS IS BASIS, WITHOUT
  20:Generated_Source\PSoC4/cmsis_gcc.h ****  * WARRANTIES OR CONDITIONS OF ANY KIND, either express or implied.
  21:Generated_Source\PSoC4/cmsis_gcc.h ****  * See the License for the specific language governing permissions and
  22:Generated_Source\PSoC4/cmsis_gcc.h ****  * limitations under the License.
  23:Generated_Source\PSoC4/cmsis_gcc.h ****  */
  24:Generated_Source\PSoC4/cmsis_gcc.h **** 
  25:Generated_Source\PSoC4/cmsis_gcc.h **** #ifndef __CMSIS_GCC_H
  26:Generated_Source\PSoC4/cmsis_gcc.h **** #define __CMSIS_GCC_H
  27:Generated_Source\PSoC4/cmsis_gcc.h **** 
  28:Generated_Source\PSoC4/cmsis_gcc.h **** /* ignore some GCC warnings */
  29:Generated_Source\PSoC4/cmsis_gcc.h **** #pragma GCC diagnostic push
  30:Generated_Source\PSoC4/cmsis_gcc.h **** #pragma GCC diagnostic ignored "-Wsign-conversion"
  31:Generated_Source\PSoC4/cmsis_gcc.h **** #pragma GCC diagnostic ignored "-Wconversion"
  32:Generated_Source\PSoC4/cmsis_gcc.h **** #pragma GCC diagnostic ignored "-Wunused-parameter"
  33:Generated_Source\PSoC4/cmsis_gcc.h **** 
  34:Generated_Source\PSoC4/cmsis_gcc.h **** /* CMSIS compiler specific defines */
  35:Generated_Source\PSoC4/cmsis_gcc.h **** #ifndef   __ASM
  36:Generated_Source\PSoC4/cmsis_gcc.h ****   #define __ASM                     __asm
  37:Generated_Source\PSoC4/cmsis_gcc.h **** #endif
  38:Generated_Source\PSoC4/cmsis_gcc.h **** #ifndef   __INLINE
  39:Generated_Source\PSoC4/cmsis_gcc.h ****   #define __INLINE                  inline
  40:Generated_Source\PSoC4/cmsis_gcc.h **** #endif
  41:Generated_Source\PSoC4/cmsis_gcc.h **** #ifndef   __STATIC_INLINE
  42:Generated_Source\PSoC4/cmsis_gcc.h ****   #define __STATIC_INLINE           static inline
  43:Generated_Source\PSoC4/cmsis_gcc.h **** #endif
  44:Generated_Source\PSoC4/cmsis_gcc.h **** #ifndef   __NO_RETURN
  45:Generated_Source\PSoC4/cmsis_gcc.h ****   #define __NO_RETURN               __attribute__((noreturn))
  46:Generated_Source\PSoC4/cmsis_gcc.h **** #endif
  47:Generated_Source\PSoC4/cmsis_gcc.h **** #ifndef   __USED
  48:Generated_Source\PSoC4/cmsis_gcc.h ****   #define __USED                    __attribute__((used))
  49:Generated_Source\PSoC4/cmsis_gcc.h **** #endif
  50:Generated_Source\PSoC4/cmsis_gcc.h **** #ifndef   _WEAK
  51:Generated_Source\PSoC4/cmsis_gcc.h ****   #define __WEAK                    __attribute__((weak))
  52:Generated_Source\PSoC4/cmsis_gcc.h **** #endif
  53:Generated_Source\PSoC4/cmsis_gcc.h **** #ifndef   __UNALIGNED_UINT32
  54:Generated_Source\PSoC4/cmsis_gcc.h ****   struct __attribute__((packed)) T_UINT32 { uint32_t v; };
  55:Generated_Source\PSoC4/cmsis_gcc.h ****   #define __UNALIGNED_UINT32(x)     (((struct T_UINT32 *)(x))->v)
  56:Generated_Source\PSoC4/cmsis_gcc.h **** #endif
  57:Generated_Source\PSoC4/cmsis_gcc.h **** #ifndef   __ALIGNED
ARM GAS  C:\Users\Petro\AppData\Local\Temp\ccHhacOt.s 			page 3


  58:Generated_Source\PSoC4/cmsis_gcc.h ****   #define __ALIGNED(x)              __attribute__((aligned(x)))
  59:Generated_Source\PSoC4/cmsis_gcc.h **** #endif
  60:Generated_Source\PSoC4/cmsis_gcc.h **** #ifndef   __PACKED
  61:Generated_Source\PSoC4/cmsis_gcc.h ****   #define __PACKED                  __attribute__((packed, aligned(1)))
  62:Generated_Source\PSoC4/cmsis_gcc.h **** #endif
  63:Generated_Source\PSoC4/cmsis_gcc.h **** 
  64:Generated_Source\PSoC4/cmsis_gcc.h **** 
  65:Generated_Source\PSoC4/cmsis_gcc.h **** /* ###########################  Core Function Access  ########################### */
  66:Generated_Source\PSoC4/cmsis_gcc.h **** /** \ingroup  CMSIS_Core_FunctionInterface
  67:Generated_Source\PSoC4/cmsis_gcc.h ****     \defgroup CMSIS_Core_RegAccFunctions CMSIS Core Register Access Functions
  68:Generated_Source\PSoC4/cmsis_gcc.h ****   @{
  69:Generated_Source\PSoC4/cmsis_gcc.h ****  */
  70:Generated_Source\PSoC4/cmsis_gcc.h **** 
  71:Generated_Source\PSoC4/cmsis_gcc.h **** /**
  72:Generated_Source\PSoC4/cmsis_gcc.h ****   \brief   Enable IRQ Interrupts
  73:Generated_Source\PSoC4/cmsis_gcc.h ****   \details Enables IRQ interrupts by clearing the I-bit in the CPSR.
  74:Generated_Source\PSoC4/cmsis_gcc.h ****            Can only be executed in Privileged modes.
  75:Generated_Source\PSoC4/cmsis_gcc.h ****  */
  76:Generated_Source\PSoC4/cmsis_gcc.h **** __attribute__((always_inline)) __STATIC_INLINE void __enable_irq(void)
  77:Generated_Source\PSoC4/cmsis_gcc.h **** {
  78:Generated_Source\PSoC4/cmsis_gcc.h ****   __ASM volatile ("cpsie i" : : : "memory");
  47              		.loc 2 78 0
  48              		.syntax divided
  49              	@ 78 "Generated_Source\PSoC4/cmsis_gcc.h" 1
  50 0008 62B6     		cpsie i
  51              	@ 0 "" 2
  52              		.thumb
  53              		.syntax unified
  54              	.LBE5:
  55              	.LBE4:
  12:main.c        ****     
  13:main.c        ****     __enable_irq();
  14:main.c        ****     UART_Start();
  56              		.loc 1 14 0
  57 000a FFF7FEFF 		bl	UART_Start
  58              	.LVL2:
  15:main.c        ****     CapSense_Start();
  59              		.loc 1 15 0
  60 000e FFF7FEFF 		bl	CapSense_Start
  61              	.LVL3:
  16:main.c        ****     CapSense_ScanAllWidgets();
  62              		.loc 1 16 0
  63 0012 FFF7FEFF 		bl	CapSense_ScanAllWidgets
  64              	.LVL4:
  17:main.c        ****     UART_UartPutString("Started\n");
  65              		.loc 1 17 0
  66 0016 3148     		ldr	r0, .L11
  67 0018 FFF7FEFF 		bl	UART_UartPutString
  68              	.LVL5:
   7:main.c        ****     char msg[16];
  69              		.loc 1 7 0
  70 001c 304E     		ldr	r6, .L11+4
  71              	.LVL6:
  72              	.L2:
  18:main.c        **** 
  19:main.c        **** 
  20:main.c        ****     for(;;)
ARM GAS  C:\Users\Petro\AppData\Local\Temp\ccHhacOt.s 			page 4


  21:main.c        ****     {
  22:main.c        ****         if(!CapSense_IsBusy())
  73              		.loc 1 22 0
  74 001e FFF7FEFF 		bl	CapSense_IsBusy
  75              	.LVL7:
  76 0022 0028     		cmp	r0, #0
  77 0024 FBD1     		bne	.L2
  23:main.c        ****         {
  24:main.c        ****             
  25:main.c        ****             CapSense_ProcessAllWidgets();
  78              		.loc 1 25 0
  79 0026 FFF7FEFF 		bl	CapSense_ProcessAllWidgets
  80              	.LVL8:
  26:main.c        ****             slidervalue = CapSense_GetCentroidPos(CapSense_LINEARSLIDER0_WDGT_ID);
  81              		.loc 1 26 0
  82 002a 0020     		movs	r0, #0
  83 002c FFF7FEFF 		bl	CapSense_GetCentroidPos
  84              	.LVL9:
  85 0030 0500     		movs	r5, r0
  86 0032 84B2     		uxth	r4, r0
  87              	.LVL10:
  27:main.c        ****             
  28:main.c        ****             if (slidervalue != 0xFFFF)
  88              		.loc 1 28 0
  89 0034 2A4B     		ldr	r3, .L11+4
  90 0036 9C42     		cmp	r4, r3
  91 0038 2CD0     		beq	.L3
  29:main.c        ****             {   
  30:main.c        ****                 // turning off all leds after scrolling a slider
  31:main.c        ****                 LED_Slider_1_Write(1);
  92              		.loc 1 31 0
  93 003a 0120     		movs	r0, #1
  94 003c FFF7FEFF 		bl	LED_Slider_1_Write
  95              	.LVL11:
  32:main.c        ****                 LED_Slider_2_Write(1);
  96              		.loc 1 32 0
  97 0040 0120     		movs	r0, #1
  98 0042 FFF7FEFF 		bl	LED_Slider_2_Write
  99              	.LVL12:
  33:main.c        ****                 LED_Slider_3_Write(1);
 100              		.loc 1 33 0
 101 0046 0120     		movs	r0, #1
 102 0048 FFF7FEFF 		bl	LED_Slider_3_Write
 103              	.LVL13:
  34:main.c        ****                 LED_Slider_4_Write(1);
 104              		.loc 1 34 0
 105 004c 0120     		movs	r0, #1
 106 004e FFF7FEFF 		bl	LED_Slider_4_Write
 107              	.LVL14:
  35:main.c        ****                 LED_Slider_5_Write(1);
 108              		.loc 1 35 0
 109 0052 0120     		movs	r0, #1
 110 0054 FFF7FEFF 		bl	LED_Slider_5_Write
 111              	.LVL15:
  36:main.c        ****                 
  37:main.c        ****                 if (slidervalue > 80)
 112              		.loc 1 37 0
ARM GAS  C:\Users\Petro\AppData\Local\Temp\ccHhacOt.s 			page 5


 113 0058 502C     		cmp	r4, #80
 114 005a 03D9     		bls	.L4
  38:main.c        ****                     LED_Slider_1_Write(0); 
 115              		.loc 1 38 0
 116 005c 0020     		movs	r0, #0
 117 005e FFF7FEFF 		bl	LED_Slider_1_Write
 118              	.LVL16:
 119 0062 26E0     		b	.L5
 120              	.L4:
  39:main.c        ****                 else if (slidervalue > 60)
 121              		.loc 1 39 0
 122 0064 3C2C     		cmp	r4, #60
 123 0066 03D9     		bls	.L6
  40:main.c        ****                     LED_Slider_2_Write(0); 
 124              		.loc 1 40 0
 125 0068 0020     		movs	r0, #0
 126 006a FFF7FEFF 		bl	LED_Slider_2_Write
 127              	.LVL17:
 128 006e 20E0     		b	.L5
 129              	.L6:
  41:main.c        ****                 else if (slidervalue > 40)
 130              		.loc 1 41 0
 131 0070 282C     		cmp	r4, #40
 132 0072 03D9     		bls	.L7
  42:main.c        ****                     LED_Slider_3_Write(0);
 133              		.loc 1 42 0
 134 0074 0020     		movs	r0, #0
 135 0076 FFF7FEFF 		bl	LED_Slider_3_Write
 136              	.LVL18:
 137 007a 1AE0     		b	.L5
 138              	.L7:
  43:main.c        ****                 else if (slidervalue > 20)
 139              		.loc 1 43 0
 140 007c 142C     		cmp	r4, #20
 141 007e 03D9     		bls	.L8
  44:main.c        ****                     LED_Slider_4_Write(0);
 142              		.loc 1 44 0
 143 0080 0020     		movs	r0, #0
 144 0082 FFF7FEFF 		bl	LED_Slider_4_Write
 145              	.LVL19:
 146 0086 14E0     		b	.L5
 147              	.L8:
  45:main.c        ****                 else if (slidervalue > 0)
 148              		.loc 1 45 0
 149 0088 002C     		cmp	r4, #0
 150 008a 12D0     		beq	.L5
  46:main.c        ****                     LED_Slider_5_Write(0);
 151              		.loc 1 46 0
 152 008c 0020     		movs	r0, #0
 153 008e FFF7FEFF 		bl	LED_Slider_5_Write
 154              	.LVL20:
 155 0092 0EE0     		b	.L5
 156              	.L3:
  47:main.c        ****             }
  48:main.c        ****             else
  49:main.c        ****             {
  50:main.c        ****                 // if no capsense touched - all led are turn off
ARM GAS  C:\Users\Petro\AppData\Local\Temp\ccHhacOt.s 			page 6


  51:main.c        ****                 LED_Slider_1_Write(1);
 157              		.loc 1 51 0
 158 0094 0120     		movs	r0, #1
 159 0096 FFF7FEFF 		bl	LED_Slider_1_Write
 160              	.LVL21:
  52:main.c        ****                 LED_Slider_2_Write(1);
 161              		.loc 1 52 0
 162 009a 0120     		movs	r0, #1
 163 009c FFF7FEFF 		bl	LED_Slider_2_Write
 164              	.LVL22:
  53:main.c        ****                 LED_Slider_3_Write(1);
 165              		.loc 1 53 0
 166 00a0 0120     		movs	r0, #1
 167 00a2 FFF7FEFF 		bl	LED_Slider_3_Write
 168              	.LVL23:
  54:main.c        ****                 LED_Slider_4_Write(1);
 169              		.loc 1 54 0
 170 00a6 0120     		movs	r0, #1
 171 00a8 FFF7FEFF 		bl	LED_Slider_4_Write
 172              	.LVL24:
  55:main.c        ****                 LED_Slider_5_Write(1);
 173              		.loc 1 55 0
 174 00ac 0120     		movs	r0, #1
 175 00ae FFF7FEFF 		bl	LED_Slider_5_Write
 176              	.LVL25:
 177              	.L5:
  56:main.c        ****             }
  57:main.c        ****             
  58:main.c        ****             // output via uart
  59:main.c        ****             if(slidervalue != 0xFFFF && slidervalue != oldslidervalue)
 178              		.loc 1 59 0
 179 00b2 0B4B     		ldr	r3, .L11+4
 180 00b4 9C42     		cmp	r4, r3
 181 00b6 0ED0     		beq	.L9
 182              		.loc 1 59 0 is_stmt 0 discriminator 1
 183 00b8 A642     		cmp	r6, r4
 184 00ba 0CD0     		beq	.L9
  60:main.c        ****             {
  61:main.c        ****                 sprintf(msg, "Pos: %d\r\n", slidervalue);
 185              		.loc 1 61 0 is_stmt 1
 186 00bc 2A04     		lsls	r2, r5, #16
 187 00be 120C     		lsrs	r2, r2, #16
 188 00c0 0849     		ldr	r1, .L11+8
 189 00c2 6846     		mov	r0, sp
 190 00c4 FFF7FEFF 		bl	sprintf
 191              	.LVL26:
  62:main.c        ****                 UART_UartPutString(msg);
 192              		.loc 1 62 0
 193 00c8 6846     		mov	r0, sp
 194 00ca FFF7FEFF 		bl	UART_UartPutString
 195              	.LVL27:
  63:main.c        ****                 CyDelay(10);
 196              		.loc 1 63 0
 197 00ce 0A20     		movs	r0, #10
 198 00d0 FFF7FEFF 		bl	CyDelay
 199              	.LVL28:
  64:main.c        ****                 oldslidervalue = slidervalue;
ARM GAS  C:\Users\Petro\AppData\Local\Temp\ccHhacOt.s 			page 7


 200              		.loc 1 64 0
 201 00d4 2600     		movs	r6, r4
 202              	.LVL29:
 203              	.L9:
  65:main.c        ****             }
  66:main.c        **** 
  67:main.c        ****             CapSense_ScanAllWidgets();
 204              		.loc 1 67 0
 205 00d6 FFF7FEFF 		bl	CapSense_ScanAllWidgets
 206              	.LVL30:
 207 00da A0E7     		b	.L2
 208              	.L12:
 209              		.align	2
 210              	.L11:
 211 00dc 00000000 		.word	.LC0
 212 00e0 FFFF0000 		.word	65535
 213 00e4 0C000000 		.word	.LC2
 214              		.cfi_endproc
 215              	.LFE34:
 216              		.size	main, .-main
 217              		.section	.rodata.str1.4,"aMS",%progbits,1
 218              		.align	2
 219              	.LC0:
 220 0000 53746172 		.ascii	"Started\012\000"
 220      7465640A 
 220      00
 221 0009 000000   		.space	3
 222              	.LC2:
 223 000c 506F733A 		.ascii	"Pos: %d\015\012\000"
 223      2025640D 
 223      0A00
 224              		.text
 225              	.Letext0:
 226              		.file 3 "Generated_Source\\PSoC4/UART.h"
 227              		.file 4 "Generated_Source\\PSoC4/CapSense_Control.h"
 228              		.file 5 "Generated_Source\\PSoC4/CapSense_Sensing.h"
 229              		.file 6 "Generated_Source\\PSoC4/UART_SPI_UART.h"
 230              		.file 7 "Generated_Source\\PSoC4/CapSense_Structure.h"
 231              		.file 8 "Generated_Source\\PSoC4/LED_Slider_1.h"
 232              		.file 9 "Generated_Source\\PSoC4/LED_Slider_2.h"
 233              		.file 10 "Generated_Source\\PSoC4/LED_Slider_3.h"
 234              		.file 11 "Generated_Source\\PSoC4/LED_Slider_4.h"
 235              		.file 12 "Generated_Source\\PSoC4/LED_Slider_5.h"
 236              		.file 13 "d:\\psoc\\psoc creator\\4.4\\psoc creator\\import\\gnu\\arm\\5.4.1\\arm-none-eabi\\inclu
 237              		.file 14 "Generated_Source\\PSoC4/CyLib.h"
 238              		.file 15 "Generated_Source\\PSoC4/cytypes.h"
 239              		.section	.debug_info,"",%progbits
 240              	.Ldebug_info0:
 241 0000 7D030000 		.4byte	0x37d
 242 0004 0400     		.2byte	0x4
 243 0006 00000000 		.4byte	.Ldebug_abbrev0
 244 000a 04       		.byte	0x4
 245 000b 01       		.uleb128 0x1
 246 000c FA010000 		.4byte	.LASF31
 247 0010 0C       		.byte	0xc
 248 0011 BC010000 		.4byte	.LASF32
 249 0015 00000000 		.4byte	.LASF33
ARM GAS  C:\Users\Petro\AppData\Local\Temp\ccHhacOt.s 			page 8


 250 0019 00000000 		.4byte	.Ldebug_ranges0+0
 251 001d 00000000 		.4byte	0
 252 0021 00000000 		.4byte	.Ldebug_line0
 253 0025 02       		.uleb128 0x2
 254 0026 01       		.byte	0x1
 255 0027 06       		.byte	0x6
 256 0028 8C020000 		.4byte	.LASF0
 257 002c 02       		.uleb128 0x2
 258 002d 01       		.byte	0x1
 259 002e 08       		.byte	0x8
 260 002f CD000000 		.4byte	.LASF1
 261 0033 02       		.uleb128 0x2
 262 0034 02       		.byte	0x2
 263 0035 05       		.byte	0x5
 264 0036 C8010000 		.4byte	.LASF2
 265 003a 02       		.uleb128 0x2
 266 003b 02       		.byte	0x2
 267 003c 07       		.byte	0x7
 268 003d 07010000 		.4byte	.LASF3
 269 0041 02       		.uleb128 0x2
 270 0042 04       		.byte	0x4
 271 0043 05       		.byte	0x5
 272 0044 DE010000 		.4byte	.LASF4
 273 0048 02       		.uleb128 0x2
 274 0049 04       		.byte	0x4
 275 004a 07       		.byte	0x7
 276 004b F5000000 		.4byte	.LASF5
 277 004f 02       		.uleb128 0x2
 278 0050 08       		.byte	0x8
 279 0051 05       		.byte	0x5
 280 0052 AE010000 		.4byte	.LASF6
 281 0056 02       		.uleb128 0x2
 282 0057 08       		.byte	0x8
 283 0058 07       		.byte	0x7
 284 0059 58010000 		.4byte	.LASF7
 285 005d 03       		.uleb128 0x3
 286 005e 04       		.byte	0x4
 287 005f 05       		.byte	0x5
 288 0060 696E7400 		.ascii	"int\000"
 289 0064 02       		.uleb128 0x2
 290 0065 04       		.byte	0x4
 291 0066 07       		.byte	0x7
 292 0067 38010000 		.4byte	.LASF8
 293 006b 04       		.uleb128 0x4
 294 006c 31010000 		.4byte	.LASF34
 295 0070 0F       		.byte	0xf
 296 0071 FC01     		.2byte	0x1fc
 297 0073 3A000000 		.4byte	0x3a
 298 0077 02       		.uleb128 0x2
 299 0078 04       		.byte	0x4
 300 0079 04       		.byte	0x4
 301 007a A2000000 		.4byte	.LASF9
 302 007e 02       		.uleb128 0x2
 303 007f 08       		.byte	0x8
 304 0080 04       		.byte	0x4
 305 0081 25010000 		.4byte	.LASF10
 306 0085 02       		.uleb128 0x2
ARM GAS  C:\Users\Petro\AppData\Local\Temp\ccHhacOt.s 			page 9


 307 0086 01       		.byte	0x1
 308 0087 08       		.byte	0x8
 309 0088 C3010000 		.4byte	.LASF11
 310 008c 02       		.uleb128 0x2
 311 008d 08       		.byte	0x8
 312 008e 04       		.byte	0x4
 313 008f 99010000 		.4byte	.LASF12
 314 0093 02       		.uleb128 0x2
 315 0094 04       		.byte	0x4
 316 0095 07       		.byte	0x7
 317 0096 A5010000 		.4byte	.LASF13
 318 009a 05       		.uleb128 0x5
 319 009b A8000000 		.4byte	.LASF35
 320 009f 02       		.byte	0x2
 321 00a0 4C       		.byte	0x4c
 322 00a1 03       		.byte	0x3
 323 00a2 06       		.uleb128 0x6
 324 00a3 2C010000 		.4byte	.LASF36
 325 00a7 01       		.byte	0x1
 326 00a8 04       		.byte	0x4
 327 00a9 5D000000 		.4byte	0x5d
 328 00ad 00000000 		.4byte	.LFB34
 329 00b1 E8000000 		.4byte	.LFE34-.LFB34
 330 00b5 01       		.uleb128 0x1
 331 00b6 9C       		.byte	0x9c
 332 00b7 C9020000 		.4byte	0x2c9
 333 00bb 07       		.uleb128 0x7
 334 00bc D2010000 		.4byte	.LASF14
 335 00c0 01       		.byte	0x1
 336 00c1 06       		.byte	0x6
 337 00c2 6B000000 		.4byte	0x6b
 338 00c6 01       		.uleb128 0x1
 339 00c7 54       		.byte	0x54
 340 00c8 08       		.uleb128 0x8
 341 00c9 6F010000 		.4byte	.LASF15
 342 00cd 01       		.byte	0x1
 343 00ce 07       		.byte	0x7
 344 00cf 6B000000 		.4byte	0x6b
 345 00d3 00000000 		.4byte	.LLST0
 346 00d7 09       		.uleb128 0x9
 347 00d8 6D736700 		.ascii	"msg\000"
 348 00dc 01       		.byte	0x1
 349 00dd 08       		.byte	0x8
 350 00de C9020000 		.4byte	0x2c9
 351 00e2 02       		.uleb128 0x2
 352 00e3 91       		.byte	0x91
 353 00e4 60       		.sleb128 -32
 354 00e5 0A       		.uleb128 0xa
 355 00e6 9A000000 		.4byte	0x9a
 356 00ea 08000000 		.4byte	.LBB4
 357 00ee 02000000 		.4byte	.LBE4-.LBB4
 358 00f2 01       		.byte	0x1
 359 00f3 0D       		.byte	0xd
 360 00f4 0B       		.uleb128 0xb
 361 00f5 08000000 		.4byte	.LVL1
 362 00f9 D9020000 		.4byte	0x2d9
 363 00fd 0B       		.uleb128 0xb
ARM GAS  C:\Users\Petro\AppData\Local\Temp\ccHhacOt.s 			page 10


 364 00fe 0E000000 		.4byte	.LVL2
 365 0102 E4020000 		.4byte	0x2e4
 366 0106 0B       		.uleb128 0xb
 367 0107 12000000 		.4byte	.LVL3
 368 010b EF020000 		.4byte	0x2ef
 369 010f 0B       		.uleb128 0xb
 370 0110 16000000 		.4byte	.LVL4
 371 0114 FA020000 		.4byte	0x2fa
 372 0118 0C       		.uleb128 0xc
 373 0119 1C000000 		.4byte	.LVL5
 374 011d 05030000 		.4byte	0x305
 375 0121 2F010000 		.4byte	0x12f
 376 0125 0D       		.uleb128 0xd
 377 0126 01       		.uleb128 0x1
 378 0127 50       		.byte	0x50
 379 0128 05       		.uleb128 0x5
 380 0129 03       		.byte	0x3
 381 012a 00000000 		.4byte	.LC0
 382 012e 00       		.byte	0
 383 012f 0B       		.uleb128 0xb
 384 0130 22000000 		.4byte	.LVL7
 385 0134 11030000 		.4byte	0x311
 386 0138 0B       		.uleb128 0xb
 387 0139 2A000000 		.4byte	.LVL8
 388 013d 1C030000 		.4byte	0x31c
 389 0141 0C       		.uleb128 0xc
 390 0142 30000000 		.4byte	.LVL9
 391 0146 27030000 		.4byte	0x327
 392 014a 54010000 		.4byte	0x154
 393 014e 0D       		.uleb128 0xd
 394 014f 01       		.uleb128 0x1
 395 0150 50       		.byte	0x50
 396 0151 01       		.uleb128 0x1
 397 0152 30       		.byte	0x30
 398 0153 00       		.byte	0
 399 0154 0C       		.uleb128 0xc
 400 0155 40000000 		.4byte	.LVL11
 401 0159 33030000 		.4byte	0x333
 402 015d 67010000 		.4byte	0x167
 403 0161 0D       		.uleb128 0xd
 404 0162 01       		.uleb128 0x1
 405 0163 50       		.byte	0x50
 406 0164 01       		.uleb128 0x1
 407 0165 31       		.byte	0x31
 408 0166 00       		.byte	0
 409 0167 0C       		.uleb128 0xc
 410 0168 46000000 		.4byte	.LVL12
 411 016c 3E030000 		.4byte	0x33e
 412 0170 7A010000 		.4byte	0x17a
 413 0174 0D       		.uleb128 0xd
 414 0175 01       		.uleb128 0x1
 415 0176 50       		.byte	0x50
 416 0177 01       		.uleb128 0x1
 417 0178 31       		.byte	0x31
 418 0179 00       		.byte	0
 419 017a 0C       		.uleb128 0xc
 420 017b 4C000000 		.4byte	.LVL13
ARM GAS  C:\Users\Petro\AppData\Local\Temp\ccHhacOt.s 			page 11


 421 017f 49030000 		.4byte	0x349
 422 0183 8D010000 		.4byte	0x18d
 423 0187 0D       		.uleb128 0xd
 424 0188 01       		.uleb128 0x1
 425 0189 50       		.byte	0x50
 426 018a 01       		.uleb128 0x1
 427 018b 31       		.byte	0x31
 428 018c 00       		.byte	0
 429 018d 0C       		.uleb128 0xc
 430 018e 52000000 		.4byte	.LVL14
 431 0192 54030000 		.4byte	0x354
 432 0196 A0010000 		.4byte	0x1a0
 433 019a 0D       		.uleb128 0xd
 434 019b 01       		.uleb128 0x1
 435 019c 50       		.byte	0x50
 436 019d 01       		.uleb128 0x1
 437 019e 31       		.byte	0x31
 438 019f 00       		.byte	0
 439 01a0 0C       		.uleb128 0xc
 440 01a1 58000000 		.4byte	.LVL15
 441 01a5 5F030000 		.4byte	0x35f
 442 01a9 B3010000 		.4byte	0x1b3
 443 01ad 0D       		.uleb128 0xd
 444 01ae 01       		.uleb128 0x1
 445 01af 50       		.byte	0x50
 446 01b0 01       		.uleb128 0x1
 447 01b1 31       		.byte	0x31
 448 01b2 00       		.byte	0
 449 01b3 0C       		.uleb128 0xc
 450 01b4 62000000 		.4byte	.LVL16
 451 01b8 33030000 		.4byte	0x333
 452 01bc C6010000 		.4byte	0x1c6
 453 01c0 0D       		.uleb128 0xd
 454 01c1 01       		.uleb128 0x1
 455 01c2 50       		.byte	0x50
 456 01c3 01       		.uleb128 0x1
 457 01c4 30       		.byte	0x30
 458 01c5 00       		.byte	0
 459 01c6 0C       		.uleb128 0xc
 460 01c7 6E000000 		.4byte	.LVL17
 461 01cb 3E030000 		.4byte	0x33e
 462 01cf D9010000 		.4byte	0x1d9
 463 01d3 0D       		.uleb128 0xd
 464 01d4 01       		.uleb128 0x1
 465 01d5 50       		.byte	0x50
 466 01d6 01       		.uleb128 0x1
 467 01d7 30       		.byte	0x30
 468 01d8 00       		.byte	0
 469 01d9 0C       		.uleb128 0xc
 470 01da 7A000000 		.4byte	.LVL18
 471 01de 49030000 		.4byte	0x349
 472 01e2 EC010000 		.4byte	0x1ec
 473 01e6 0D       		.uleb128 0xd
 474 01e7 01       		.uleb128 0x1
 475 01e8 50       		.byte	0x50
 476 01e9 01       		.uleb128 0x1
 477 01ea 30       		.byte	0x30
ARM GAS  C:\Users\Petro\AppData\Local\Temp\ccHhacOt.s 			page 12


 478 01eb 00       		.byte	0
 479 01ec 0C       		.uleb128 0xc
 480 01ed 86000000 		.4byte	.LVL19
 481 01f1 54030000 		.4byte	0x354
 482 01f5 FF010000 		.4byte	0x1ff
 483 01f9 0D       		.uleb128 0xd
 484 01fa 01       		.uleb128 0x1
 485 01fb 50       		.byte	0x50
 486 01fc 01       		.uleb128 0x1
 487 01fd 30       		.byte	0x30
 488 01fe 00       		.byte	0
 489 01ff 0C       		.uleb128 0xc
 490 0200 92000000 		.4byte	.LVL20
 491 0204 5F030000 		.4byte	0x35f
 492 0208 12020000 		.4byte	0x212
 493 020c 0D       		.uleb128 0xd
 494 020d 01       		.uleb128 0x1
 495 020e 50       		.byte	0x50
 496 020f 01       		.uleb128 0x1
 497 0210 30       		.byte	0x30
 498 0211 00       		.byte	0
 499 0212 0C       		.uleb128 0xc
 500 0213 9A000000 		.4byte	.LVL21
 501 0217 33030000 		.4byte	0x333
 502 021b 25020000 		.4byte	0x225
 503 021f 0D       		.uleb128 0xd
 504 0220 01       		.uleb128 0x1
 505 0221 50       		.byte	0x50
 506 0222 01       		.uleb128 0x1
 507 0223 31       		.byte	0x31
 508 0224 00       		.byte	0
 509 0225 0C       		.uleb128 0xc
 510 0226 A0000000 		.4byte	.LVL22
 511 022a 3E030000 		.4byte	0x33e
 512 022e 38020000 		.4byte	0x238
 513 0232 0D       		.uleb128 0xd
 514 0233 01       		.uleb128 0x1
 515 0234 50       		.byte	0x50
 516 0235 01       		.uleb128 0x1
 517 0236 31       		.byte	0x31
 518 0237 00       		.byte	0
 519 0238 0C       		.uleb128 0xc
 520 0239 A6000000 		.4byte	.LVL23
 521 023d 49030000 		.4byte	0x349
 522 0241 4B020000 		.4byte	0x24b
 523 0245 0D       		.uleb128 0xd
 524 0246 01       		.uleb128 0x1
 525 0247 50       		.byte	0x50
 526 0248 01       		.uleb128 0x1
 527 0249 31       		.byte	0x31
 528 024a 00       		.byte	0
 529 024b 0C       		.uleb128 0xc
 530 024c AC000000 		.4byte	.LVL24
 531 0250 54030000 		.4byte	0x354
 532 0254 5E020000 		.4byte	0x25e
 533 0258 0D       		.uleb128 0xd
 534 0259 01       		.uleb128 0x1
ARM GAS  C:\Users\Petro\AppData\Local\Temp\ccHhacOt.s 			page 13


 535 025a 50       		.byte	0x50
 536 025b 01       		.uleb128 0x1
 537 025c 31       		.byte	0x31
 538 025d 00       		.byte	0
 539 025e 0C       		.uleb128 0xc
 540 025f B2000000 		.4byte	.LVL25
 541 0263 5F030000 		.4byte	0x35f
 542 0267 71020000 		.4byte	0x271
 543 026b 0D       		.uleb128 0xd
 544 026c 01       		.uleb128 0x1
 545 026d 50       		.byte	0x50
 546 026e 01       		.uleb128 0x1
 547 026f 31       		.byte	0x31
 548 0270 00       		.byte	0
 549 0271 0C       		.uleb128 0xc
 550 0272 C8000000 		.4byte	.LVL26
 551 0276 6A030000 		.4byte	0x36a
 552 027a 98020000 		.4byte	0x298
 553 027e 0D       		.uleb128 0xd
 554 027f 01       		.uleb128 0x1
 555 0280 50       		.byte	0x50
 556 0281 02       		.uleb128 0x2
 557 0282 7D       		.byte	0x7d
 558 0283 00       		.sleb128 0
 559 0284 0D       		.uleb128 0xd
 560 0285 01       		.uleb128 0x1
 561 0286 51       		.byte	0x51
 562 0287 05       		.uleb128 0x5
 563 0288 03       		.byte	0x3
 564 0289 0C000000 		.4byte	.LC2
 565 028d 0D       		.uleb128 0xd
 566 028e 01       		.uleb128 0x1
 567 028f 52       		.byte	0x52
 568 0290 06       		.uleb128 0x6
 569 0291 75       		.byte	0x75
 570 0292 00       		.sleb128 0
 571 0293 40       		.byte	0x40
 572 0294 24       		.byte	0x24
 573 0295 40       		.byte	0x40
 574 0296 25       		.byte	0x25
 575 0297 00       		.byte	0
 576 0298 0C       		.uleb128 0xc
 577 0299 CE000000 		.4byte	.LVL27
 578 029d 05030000 		.4byte	0x305
 579 02a1 AC020000 		.4byte	0x2ac
 580 02a5 0D       		.uleb128 0xd
 581 02a6 01       		.uleb128 0x1
 582 02a7 50       		.byte	0x50
 583 02a8 02       		.uleb128 0x2
 584 02a9 7D       		.byte	0x7d
 585 02aa 00       		.sleb128 0
 586 02ab 00       		.byte	0
 587 02ac 0C       		.uleb128 0xc
 588 02ad D4000000 		.4byte	.LVL28
 589 02b1 75030000 		.4byte	0x375
 590 02b5 BF020000 		.4byte	0x2bf
 591 02b9 0D       		.uleb128 0xd
ARM GAS  C:\Users\Petro\AppData\Local\Temp\ccHhacOt.s 			page 14


 592 02ba 01       		.uleb128 0x1
 593 02bb 50       		.byte	0x50
 594 02bc 01       		.uleb128 0x1
 595 02bd 3A       		.byte	0x3a
 596 02be 00       		.byte	0
 597 02bf 0B       		.uleb128 0xb
 598 02c0 DA000000 		.4byte	.LVL30
 599 02c4 FA020000 		.4byte	0x2fa
 600 02c8 00       		.byte	0
 601 02c9 0E       		.uleb128 0xe
 602 02ca 85000000 		.4byte	0x85
 603 02ce D9020000 		.4byte	0x2d9
 604 02d2 0F       		.uleb128 0xf
 605 02d3 93000000 		.4byte	0x93
 606 02d7 0F       		.byte	0xf
 607 02d8 00       		.byte	0
 608 02d9 10       		.uleb128 0x10
 609 02da DB000000 		.4byte	.LASF16
 610 02de DB000000 		.4byte	.LASF16
 611 02e2 03       		.byte	0x3
 612 02e3 70       		.byte	0x70
 613 02e4 10       		.uleb128 0x10
 614 02e5 1A010000 		.4byte	.LASF17
 615 02e9 1A010000 		.4byte	.LASF17
 616 02ed 03       		.byte	0x3
 617 02ee 72       		.byte	0x72
 618 02ef 10       		.uleb128 0x10
 619 02f0 6D000000 		.4byte	.LASF18
 620 02f4 6D000000 		.4byte	.LASF18
 621 02f8 04       		.byte	0x4
 622 02f9 3B       		.byte	0x3b
 623 02fa 10       		.uleb128 0x10
 624 02fb B5000000 		.4byte	.LASF19
 625 02ff B5000000 		.4byte	.LASF19
 626 0303 05       		.byte	0x5
 627 0304 59       		.byte	0x59
 628 0305 11       		.uleb128 0x11
 629 0306 8F000000 		.4byte	.LASF20
 630 030a 8F000000 		.4byte	.LASF20
 631 030e 06       		.byte	0x6
 632 030f 2A03     		.2byte	0x32a
 633 0311 10       		.uleb128 0x10
 634 0312 E5000000 		.4byte	.LASF21
 635 0316 E5000000 		.4byte	.LASF21
 636 031a 05       		.byte	0x5
 637 031b 5A       		.byte	0x5a
 638 031c 10       		.uleb128 0x10
 639 031d 7E010000 		.4byte	.LASF22
 640 0321 7E010000 		.4byte	.LASF22
 641 0325 04       		.byte	0x4
 642 0326 3F       		.byte	0x3f
 643 0327 11       		.uleb128 0x11
 644 0328 42000000 		.4byte	.LASF23
 645 032c 42000000 		.4byte	.LASF23
 646 0330 07       		.byte	0x7
 647 0331 9404     		.2byte	0x494
 648 0333 10       		.uleb128 0x10
ARM GAS  C:\Users\Petro\AppData\Local\Temp\ccHhacOt.s 			page 15


 649 0334 45010000 		.4byte	.LASF24
 650 0338 45010000 		.4byte	.LASF24
 651 033c 08       		.byte	0x8
 652 033d 33       		.byte	0x33
 653 033e 10       		.uleb128 0x10
 654 033f E7010000 		.4byte	.LASF25
 655 0343 E7010000 		.4byte	.LASF25
 656 0347 09       		.byte	0x9
 657 0348 33       		.byte	0x33
 658 0349 10       		.uleb128 0x10
 659 034a A8020000 		.4byte	.LASF26
 660 034e A8020000 		.4byte	.LASF26
 661 0352 0A       		.byte	0xa
 662 0353 33       		.byte	0x33
 663 0354 10       		.uleb128 0x10
 664 0355 5A000000 		.4byte	.LASF27
 665 0359 5A000000 		.4byte	.LASF27
 666 035d 0B       		.byte	0xb
 667 035e 33       		.byte	0x33
 668 035f 10       		.uleb128 0x10
 669 0360 7C000000 		.4byte	.LASF28
 670 0364 7C000000 		.4byte	.LASF28
 671 0368 0C       		.byte	0xc
 672 0369 33       		.byte	0x33
 673 036a 10       		.uleb128 0x10
 674 036b 98020000 		.4byte	.LASF29
 675 036f 98020000 		.4byte	.LASF29
 676 0373 0D       		.byte	0xd
 677 0374 E7       		.byte	0xe7
 678 0375 10       		.uleb128 0x10
 679 0376 A0020000 		.4byte	.LASF30
 680 037a A0020000 		.4byte	.LASF30
 681 037e 0E       		.byte	0xe
 682 037f EC       		.byte	0xec
 683 0380 00       		.byte	0
 684              		.section	.debug_abbrev,"",%progbits
 685              	.Ldebug_abbrev0:
 686 0000 01       		.uleb128 0x1
 687 0001 11       		.uleb128 0x11
 688 0002 01       		.byte	0x1
 689 0003 25       		.uleb128 0x25
 690 0004 0E       		.uleb128 0xe
 691 0005 13       		.uleb128 0x13
 692 0006 0B       		.uleb128 0xb
 693 0007 03       		.uleb128 0x3
 694 0008 0E       		.uleb128 0xe
 695 0009 1B       		.uleb128 0x1b
 696 000a 0E       		.uleb128 0xe
 697 000b 55       		.uleb128 0x55
 698 000c 17       		.uleb128 0x17
 699 000d 11       		.uleb128 0x11
 700 000e 01       		.uleb128 0x1
 701 000f 10       		.uleb128 0x10
 702 0010 17       		.uleb128 0x17
 703 0011 00       		.byte	0
 704 0012 00       		.byte	0
 705 0013 02       		.uleb128 0x2
ARM GAS  C:\Users\Petro\AppData\Local\Temp\ccHhacOt.s 			page 16


 706 0014 24       		.uleb128 0x24
 707 0015 00       		.byte	0
 708 0016 0B       		.uleb128 0xb
 709 0017 0B       		.uleb128 0xb
 710 0018 3E       		.uleb128 0x3e
 711 0019 0B       		.uleb128 0xb
 712 001a 03       		.uleb128 0x3
 713 001b 0E       		.uleb128 0xe
 714 001c 00       		.byte	0
 715 001d 00       		.byte	0
 716 001e 03       		.uleb128 0x3
 717 001f 24       		.uleb128 0x24
 718 0020 00       		.byte	0
 719 0021 0B       		.uleb128 0xb
 720 0022 0B       		.uleb128 0xb
 721 0023 3E       		.uleb128 0x3e
 722 0024 0B       		.uleb128 0xb
 723 0025 03       		.uleb128 0x3
 724 0026 08       		.uleb128 0x8
 725 0027 00       		.byte	0
 726 0028 00       		.byte	0
 727 0029 04       		.uleb128 0x4
 728 002a 16       		.uleb128 0x16
 729 002b 00       		.byte	0
 730 002c 03       		.uleb128 0x3
 731 002d 0E       		.uleb128 0xe
 732 002e 3A       		.uleb128 0x3a
 733 002f 0B       		.uleb128 0xb
 734 0030 3B       		.uleb128 0x3b
 735 0031 05       		.uleb128 0x5
 736 0032 49       		.uleb128 0x49
 737 0033 13       		.uleb128 0x13
 738 0034 00       		.byte	0
 739 0035 00       		.byte	0
 740 0036 05       		.uleb128 0x5
 741 0037 2E       		.uleb128 0x2e
 742 0038 00       		.byte	0
 743 0039 03       		.uleb128 0x3
 744 003a 0E       		.uleb128 0xe
 745 003b 3A       		.uleb128 0x3a
 746 003c 0B       		.uleb128 0xb
 747 003d 3B       		.uleb128 0x3b
 748 003e 0B       		.uleb128 0xb
 749 003f 27       		.uleb128 0x27
 750 0040 19       		.uleb128 0x19
 751 0041 20       		.uleb128 0x20
 752 0042 0B       		.uleb128 0xb
 753 0043 00       		.byte	0
 754 0044 00       		.byte	0
 755 0045 06       		.uleb128 0x6
 756 0046 2E       		.uleb128 0x2e
 757 0047 01       		.byte	0x1
 758 0048 3F       		.uleb128 0x3f
 759 0049 19       		.uleb128 0x19
 760 004a 03       		.uleb128 0x3
 761 004b 0E       		.uleb128 0xe
 762 004c 3A       		.uleb128 0x3a
ARM GAS  C:\Users\Petro\AppData\Local\Temp\ccHhacOt.s 			page 17


 763 004d 0B       		.uleb128 0xb
 764 004e 3B       		.uleb128 0x3b
 765 004f 0B       		.uleb128 0xb
 766 0050 27       		.uleb128 0x27
 767 0051 19       		.uleb128 0x19
 768 0052 49       		.uleb128 0x49
 769 0053 13       		.uleb128 0x13
 770 0054 8701     		.uleb128 0x87
 771 0056 19       		.uleb128 0x19
 772 0057 11       		.uleb128 0x11
 773 0058 01       		.uleb128 0x1
 774 0059 12       		.uleb128 0x12
 775 005a 06       		.uleb128 0x6
 776 005b 40       		.uleb128 0x40
 777 005c 18       		.uleb128 0x18
 778 005d 9742     		.uleb128 0x2117
 779 005f 19       		.uleb128 0x19
 780 0060 01       		.uleb128 0x1
 781 0061 13       		.uleb128 0x13
 782 0062 00       		.byte	0
 783 0063 00       		.byte	0
 784 0064 07       		.uleb128 0x7
 785 0065 34       		.uleb128 0x34
 786 0066 00       		.byte	0
 787 0067 03       		.uleb128 0x3
 788 0068 0E       		.uleb128 0xe
 789 0069 3A       		.uleb128 0x3a
 790 006a 0B       		.uleb128 0xb
 791 006b 3B       		.uleb128 0x3b
 792 006c 0B       		.uleb128 0xb
 793 006d 49       		.uleb128 0x49
 794 006e 13       		.uleb128 0x13
 795 006f 02       		.uleb128 0x2
 796 0070 18       		.uleb128 0x18
 797 0071 00       		.byte	0
 798 0072 00       		.byte	0
 799 0073 08       		.uleb128 0x8
 800 0074 34       		.uleb128 0x34
 801 0075 00       		.byte	0
 802 0076 03       		.uleb128 0x3
 803 0077 0E       		.uleb128 0xe
 804 0078 3A       		.uleb128 0x3a
 805 0079 0B       		.uleb128 0xb
 806 007a 3B       		.uleb128 0x3b
 807 007b 0B       		.uleb128 0xb
 808 007c 49       		.uleb128 0x49
 809 007d 13       		.uleb128 0x13
 810 007e 02       		.uleb128 0x2
 811 007f 17       		.uleb128 0x17
 812 0080 00       		.byte	0
 813 0081 00       		.byte	0
 814 0082 09       		.uleb128 0x9
 815 0083 34       		.uleb128 0x34
 816 0084 00       		.byte	0
 817 0085 03       		.uleb128 0x3
 818 0086 08       		.uleb128 0x8
 819 0087 3A       		.uleb128 0x3a
ARM GAS  C:\Users\Petro\AppData\Local\Temp\ccHhacOt.s 			page 18


 820 0088 0B       		.uleb128 0xb
 821 0089 3B       		.uleb128 0x3b
 822 008a 0B       		.uleb128 0xb
 823 008b 49       		.uleb128 0x49
 824 008c 13       		.uleb128 0x13
 825 008d 02       		.uleb128 0x2
 826 008e 18       		.uleb128 0x18
 827 008f 00       		.byte	0
 828 0090 00       		.byte	0
 829 0091 0A       		.uleb128 0xa
 830 0092 1D       		.uleb128 0x1d
 831 0093 00       		.byte	0
 832 0094 31       		.uleb128 0x31
 833 0095 13       		.uleb128 0x13
 834 0096 11       		.uleb128 0x11
 835 0097 01       		.uleb128 0x1
 836 0098 12       		.uleb128 0x12
 837 0099 06       		.uleb128 0x6
 838 009a 58       		.uleb128 0x58
 839 009b 0B       		.uleb128 0xb
 840 009c 59       		.uleb128 0x59
 841 009d 0B       		.uleb128 0xb
 842 009e 00       		.byte	0
 843 009f 00       		.byte	0
 844 00a0 0B       		.uleb128 0xb
 845 00a1 898201   		.uleb128 0x4109
 846 00a4 00       		.byte	0
 847 00a5 11       		.uleb128 0x11
 848 00a6 01       		.uleb128 0x1
 849 00a7 31       		.uleb128 0x31
 850 00a8 13       		.uleb128 0x13
 851 00a9 00       		.byte	0
 852 00aa 00       		.byte	0
 853 00ab 0C       		.uleb128 0xc
 854 00ac 898201   		.uleb128 0x4109
 855 00af 01       		.byte	0x1
 856 00b0 11       		.uleb128 0x11
 857 00b1 01       		.uleb128 0x1
 858 00b2 31       		.uleb128 0x31
 859 00b3 13       		.uleb128 0x13
 860 00b4 01       		.uleb128 0x1
 861 00b5 13       		.uleb128 0x13
 862 00b6 00       		.byte	0
 863 00b7 00       		.byte	0
 864 00b8 0D       		.uleb128 0xd
 865 00b9 8A8201   		.uleb128 0x410a
 866 00bc 00       		.byte	0
 867 00bd 02       		.uleb128 0x2
 868 00be 18       		.uleb128 0x18
 869 00bf 9142     		.uleb128 0x2111
 870 00c1 18       		.uleb128 0x18
 871 00c2 00       		.byte	0
 872 00c3 00       		.byte	0
 873 00c4 0E       		.uleb128 0xe
 874 00c5 01       		.uleb128 0x1
 875 00c6 01       		.byte	0x1
 876 00c7 49       		.uleb128 0x49
ARM GAS  C:\Users\Petro\AppData\Local\Temp\ccHhacOt.s 			page 19


 877 00c8 13       		.uleb128 0x13
 878 00c9 01       		.uleb128 0x1
 879 00ca 13       		.uleb128 0x13
 880 00cb 00       		.byte	0
 881 00cc 00       		.byte	0
 882 00cd 0F       		.uleb128 0xf
 883 00ce 21       		.uleb128 0x21
 884 00cf 00       		.byte	0
 885 00d0 49       		.uleb128 0x49
 886 00d1 13       		.uleb128 0x13
 887 00d2 2F       		.uleb128 0x2f
 888 00d3 0B       		.uleb128 0xb
 889 00d4 00       		.byte	0
 890 00d5 00       		.byte	0
 891 00d6 10       		.uleb128 0x10
 892 00d7 2E       		.uleb128 0x2e
 893 00d8 00       		.byte	0
 894 00d9 3F       		.uleb128 0x3f
 895 00da 19       		.uleb128 0x19
 896 00db 3C       		.uleb128 0x3c
 897 00dc 19       		.uleb128 0x19
 898 00dd 6E       		.uleb128 0x6e
 899 00de 0E       		.uleb128 0xe
 900 00df 03       		.uleb128 0x3
 901 00e0 0E       		.uleb128 0xe
 902 00e1 3A       		.uleb128 0x3a
 903 00e2 0B       		.uleb128 0xb
 904 00e3 3B       		.uleb128 0x3b
 905 00e4 0B       		.uleb128 0xb
 906 00e5 00       		.byte	0
 907 00e6 00       		.byte	0
 908 00e7 11       		.uleb128 0x11
 909 00e8 2E       		.uleb128 0x2e
 910 00e9 00       		.byte	0
 911 00ea 3F       		.uleb128 0x3f
 912 00eb 19       		.uleb128 0x19
 913 00ec 3C       		.uleb128 0x3c
 914 00ed 19       		.uleb128 0x19
 915 00ee 6E       		.uleb128 0x6e
 916 00ef 0E       		.uleb128 0xe
 917 00f0 03       		.uleb128 0x3
 918 00f1 0E       		.uleb128 0xe
 919 00f2 3A       		.uleb128 0x3a
 920 00f3 0B       		.uleb128 0xb
 921 00f4 3B       		.uleb128 0x3b
 922 00f5 05       		.uleb128 0x5
 923 00f6 00       		.byte	0
 924 00f7 00       		.byte	0
 925 00f8 00       		.byte	0
 926              		.section	.debug_loc,"",%progbits
 927              	.Ldebug_loc0:
 928              	.LLST0:
 929 0000 04000000 		.4byte	.LVL0
 930 0004 1E000000 		.4byte	.LVL6
 931 0008 0300     		.2byte	0x3
 932 000a 09       		.byte	0x9
 933 000b FF       		.byte	0xff
ARM GAS  C:\Users\Petro\AppData\Local\Temp\ccHhacOt.s 			page 20


 934 000c 9F       		.byte	0x9f
 935 000d 1E000000 		.4byte	.LVL6
 936 0011 D4000000 		.4byte	.LVL28
 937 0015 0100     		.2byte	0x1
 938 0017 56       		.byte	0x56
 939 0018 D4000000 		.4byte	.LVL28
 940 001c D6000000 		.4byte	.LVL29
 941 0020 0100     		.2byte	0x1
 942 0022 54       		.byte	0x54
 943 0023 D6000000 		.4byte	.LVL29
 944 0027 E8000000 		.4byte	.LFE34
 945 002b 0100     		.2byte	0x1
 946 002d 56       		.byte	0x56
 947 002e 00000000 		.4byte	0
 948 0032 00000000 		.4byte	0
 949              		.section	.debug_aranges,"",%progbits
 950 0000 1C000000 		.4byte	0x1c
 951 0004 0200     		.2byte	0x2
 952 0006 00000000 		.4byte	.Ldebug_info0
 953 000a 04       		.byte	0x4
 954 000b 00       		.byte	0
 955 000c 0000     		.2byte	0
 956 000e 0000     		.2byte	0
 957 0010 00000000 		.4byte	.LFB34
 958 0014 E8000000 		.4byte	.LFE34-.LFB34
 959 0018 00000000 		.4byte	0
 960 001c 00000000 		.4byte	0
 961              		.section	.debug_ranges,"",%progbits
 962              	.Ldebug_ranges0:
 963 0000 00000000 		.4byte	.LFB34
 964 0004 E8000000 		.4byte	.LFE34
 965 0008 00000000 		.4byte	0
 966 000c 00000000 		.4byte	0
 967              		.section	.debug_line,"",%progbits
 968              	.Ldebug_line0:
 969 0000 BE010000 		.section	.debug_str,"MS",%progbits,1
 969      02007201 
 969      00000201 
 969      FB0E0D00 
 969      01010101 
 970              	.LASF33:
 971 0000 433A5C55 		.ascii	"C:\\Users\\Petro\\Documents\\PSoC Creator\\CapSense"
 971      73657273 
 971      5C506574 
 971      726F5C44 
 971      6F63756D 
 972 002e 5F546173 		.ascii	"_Tasks\\Task_1.cydsn\000"
 972      6B735C54 
 972      61736B5F 
 972      312E6379 
 972      64736E00 
 973              	.LASF23:
 974 0042 43617053 		.ascii	"CapSense_GetCentroidPos\000"
 974      656E7365 
 974      5F476574 
 974      43656E74 
 974      726F6964 
ARM GAS  C:\Users\Petro\AppData\Local\Temp\ccHhacOt.s 			page 21


 975              	.LASF27:
 976 005a 4C45445F 		.ascii	"LED_Slider_4_Write\000"
 976      536C6964 
 976      65725F34 
 976      5F577269 
 976      746500
 977              	.LASF18:
 978 006d 43617053 		.ascii	"CapSense_Start\000"
 978      656E7365 
 978      5F537461 
 978      727400
 979              	.LASF28:
 980 007c 4C45445F 		.ascii	"LED_Slider_5_Write\000"
 980      536C6964 
 980      65725F35 
 980      5F577269 
 980      746500
 981              	.LASF20:
 982 008f 55415254 		.ascii	"UART_UartPutString\000"
 982      5F556172 
 982      74507574 
 982      53747269 
 982      6E6700
 983              	.LASF9:
 984 00a2 666C6F61 		.ascii	"float\000"
 984      7400
 985              	.LASF35:
 986 00a8 5F5F656E 		.ascii	"__enable_irq\000"
 986      61626C65 
 986      5F697271 
 986      00
 987              	.LASF19:
 988 00b5 43617053 		.ascii	"CapSense_ScanAllWidgets\000"
 988      656E7365 
 988      5F536361 
 988      6E416C6C 
 988      57696467 
 989              	.LASF1:
 990 00cd 756E7369 		.ascii	"unsigned char\000"
 990      676E6564 
 990      20636861 
 990      7200
 991              	.LASF16:
 992 00db 55415254 		.ascii	"UART_Init\000"
 992      5F496E69 
 992      7400
 993              	.LASF21:
 994 00e5 43617053 		.ascii	"CapSense_IsBusy\000"
 994      656E7365 
 994      5F497342 
 994      75737900 
 995              	.LASF5:
 996 00f5 6C6F6E67 		.ascii	"long unsigned int\000"
 996      20756E73 
 996      69676E65 
 996      6420696E 
 996      7400
ARM GAS  C:\Users\Petro\AppData\Local\Temp\ccHhacOt.s 			page 22


 997              	.LASF3:
 998 0107 73686F72 		.ascii	"short unsigned int\000"
 998      7420756E 
 998      7369676E 
 998      65642069 
 998      6E7400
 999              	.LASF17:
 1000 011a 55415254 		.ascii	"UART_Start\000"
 1000      5F537461 
 1000      727400
 1001              	.LASF10:
 1002 0125 646F7562 		.ascii	"double\000"
 1002      6C6500
 1003              	.LASF36:
 1004 012c 6D61696E 		.ascii	"main\000"
 1004      00
 1005              	.LASF34:
 1006 0131 75696E74 		.ascii	"uint16\000"
 1006      313600
 1007              	.LASF8:
 1008 0138 756E7369 		.ascii	"unsigned int\000"
 1008      676E6564 
 1008      20696E74 
 1008      00
 1009              	.LASF24:
 1010 0145 4C45445F 		.ascii	"LED_Slider_1_Write\000"
 1010      536C6964 
 1010      65725F31 
 1010      5F577269 
 1010      746500
 1011              	.LASF7:
 1012 0158 6C6F6E67 		.ascii	"long long unsigned int\000"
 1012      206C6F6E 
 1012      6720756E 
 1012      7369676E 
 1012      65642069 
 1013              	.LASF15:
 1014 016f 6F6C6473 		.ascii	"oldslidervalue\000"
 1014      6C696465 
 1014      7276616C 
 1014      756500
 1015              	.LASF22:
 1016 017e 43617053 		.ascii	"CapSense_ProcessAllWidgets\000"
 1016      656E7365 
 1016      5F50726F 
 1016      63657373 
 1016      416C6C57 
 1017              	.LASF12:
 1018 0199 6C6F6E67 		.ascii	"long double\000"
 1018      20646F75 
 1018      626C6500 
 1019              	.LASF13:
 1020 01a5 73697A65 		.ascii	"sizetype\000"
 1020      74797065 
 1020      00
 1021              	.LASF6:
 1022 01ae 6C6F6E67 		.ascii	"long long int\000"
ARM GAS  C:\Users\Petro\AppData\Local\Temp\ccHhacOt.s 			page 23


 1022      206C6F6E 
 1022      6720696E 
 1022      7400
 1023              	.LASF32:
 1024 01bc 6D61696E 		.ascii	"main.c\000"
 1024      2E6300
 1025              	.LASF11:
 1026 01c3 63686172 		.ascii	"char\000"
 1026      00
 1027              	.LASF2:
 1028 01c8 73686F72 		.ascii	"short int\000"
 1028      7420696E 
 1028      7400
 1029              	.LASF14:
 1030 01d2 736C6964 		.ascii	"slidervalue\000"
 1030      65727661 
 1030      6C756500 
 1031              	.LASF4:
 1032 01de 6C6F6E67 		.ascii	"long int\000"
 1032      20696E74 
 1032      00
 1033              	.LASF25:
 1034 01e7 4C45445F 		.ascii	"LED_Slider_2_Write\000"
 1034      536C6964 
 1034      65725F32 
 1034      5F577269 
 1034      746500
 1035              	.LASF31:
 1036 01fa 474E5520 		.ascii	"GNU C11 5.4.1 20160609 (release) [ARM/embedded-5-br"
 1036      43313120 
 1036      352E342E 
 1036      31203230 
 1036      31363036 
 1037 022d 616E6368 		.ascii	"anch revision 237715] -mcpu=cortex-m0plus -mthumb -"
 1037      20726576 
 1037      6973696F 
 1037      6E203233 
 1037      37373135 
 1038 0260 67202D4F 		.ascii	"g -Og -ffunction-sections -ffat-lto-objects\000"
 1038      67202D66 
 1038      66756E63 
 1038      74696F6E 
 1038      2D736563 
 1039              	.LASF0:
 1040 028c 7369676E 		.ascii	"signed char\000"
 1040      65642063 
 1040      68617200 
 1041              	.LASF29:
 1042 0298 73707269 		.ascii	"sprintf\000"
 1042      6E746600 
 1043              	.LASF30:
 1044 02a0 43794465 		.ascii	"CyDelay\000"
 1044      6C617900 
 1045              	.LASF26:
 1046 02a8 4C45445F 		.ascii	"LED_Slider_3_Write\000"
 1046      536C6964 
 1046      65725F33 
ARM GAS  C:\Users\Petro\AppData\Local\Temp\ccHhacOt.s 			page 24


 1046      5F577269 
 1046      746500
 1047              		.ident	"GCC: (GNU Tools for ARM Embedded Processors) 5.4.1 20160609 (release) [ARM/embedded-5-bran
