ARM GAS  C:\Users\adm\AppData\Local\Temp\ccFuHAF0.s 			page 1


   1              		.syntax unified
   2              		.cpu cortex-m0plus
   3              		.fpu softvfp
   4              		.eabi_attribute 20, 1
   5              		.eabi_attribute 21, 1
   6              		.eabi_attribute 23, 3
   7              		.eabi_attribute 24, 1
   8              		.eabi_attribute 25, 1
   9              		.eabi_attribute 26, 1
  10              		.eabi_attribute 30, 1
  11              		.eabi_attribute 34, 0
  12              		.eabi_attribute 18, 4
  13              		.thumb
  14              		.syntax unified
  15              		.file	"CapSense_Tuner.c"
  16              		.text
  17              	.Ltext0:
  18              		.cfi_sections	.debug_frame
  19              		.section	.text.CapSense_TuInitialize,"ax",%progbits
  20              		.align	2
  21              		.global	CapSense_TuInitialize
  22              		.code	16
  23              		.thumb_func
  24              		.type	CapSense_TuInitialize, %function
  25              	CapSense_TuInitialize:
  26              	.LFB1:
  27              		.file 1 "Generated_Source\\PSoC4\\CapSense_Tuner.c"
   1:Generated_Source\PSoC4/CapSense_Tuner.c **** /***************************************************************************//**
   2:Generated_Source\PSoC4/CapSense_Tuner.c **** * \file CapSense_Tuner.c
   3:Generated_Source\PSoC4/CapSense_Tuner.c **** * \version 7.0
   4:Generated_Source\PSoC4/CapSense_Tuner.c **** *
   5:Generated_Source\PSoC4/CapSense_Tuner.c **** * \brief
   6:Generated_Source\PSoC4/CapSense_Tuner.c **** *   This file provides the source code for the Tuner module API of the Component.
   7:Generated_Source\PSoC4/CapSense_Tuner.c **** *
   8:Generated_Source\PSoC4/CapSense_Tuner.c **** * \see CapSense v7.0 Datasheet
   9:Generated_Source\PSoC4/CapSense_Tuner.c **** *
  10:Generated_Source\PSoC4/CapSense_Tuner.c **** *//*****************************************************************************
  11:Generated_Source\PSoC4/CapSense_Tuner.c **** * Copyright (2016-2019), Cypress Semiconductor Corporation.
  12:Generated_Source\PSoC4/CapSense_Tuner.c **** ********************************************************************************
  13:Generated_Source\PSoC4/CapSense_Tuner.c **** * This software is owned by Cypress Semiconductor Corporation (Cypress) and is
  14:Generated_Source\PSoC4/CapSense_Tuner.c **** * protected by and subject to worldwide patent protection (United States and
  15:Generated_Source\PSoC4/CapSense_Tuner.c **** * foreign), United States copyright laws and international treaty provisions.
  16:Generated_Source\PSoC4/CapSense_Tuner.c **** * Cypress hereby grants to licensee a personal, non-exclusive, non-transferable
  17:Generated_Source\PSoC4/CapSense_Tuner.c **** * license to copy, use, modify, create derivative works of, and compile the
  18:Generated_Source\PSoC4/CapSense_Tuner.c **** * Cypress Source Code and derivative works for the sole purpose of creating
  19:Generated_Source\PSoC4/CapSense_Tuner.c **** * custom software in support of licensee product to be used only in conjunction
  20:Generated_Source\PSoC4/CapSense_Tuner.c **** * with a Cypress integrated circuit as specified in the applicable agreement.
  21:Generated_Source\PSoC4/CapSense_Tuner.c **** * Any reproduction, modification, translation, compilation, or representation of
  22:Generated_Source\PSoC4/CapSense_Tuner.c **** * this software except as specified above is prohibited without the express
  23:Generated_Source\PSoC4/CapSense_Tuner.c **** * written permission of Cypress.
  24:Generated_Source\PSoC4/CapSense_Tuner.c **** *
  25:Generated_Source\PSoC4/CapSense_Tuner.c **** * Disclaimer: CYPRESS MAKES NO WARRANTY OF ANY KIND, EXPRESS OR IMPLIED, WITH
  26:Generated_Source\PSoC4/CapSense_Tuner.c **** * REGARD TO THIS MATERIAL, INCLUDING, BUT NOT LIMITED TO, THE IMPLIED
  27:Generated_Source\PSoC4/CapSense_Tuner.c **** * WARRANTIES OF MERCHANTABILITY AND FITNESS FOR A PARTICULAR PURPOSE.
  28:Generated_Source\PSoC4/CapSense_Tuner.c **** * Cypress reserves the right to make changes without further notice to the
  29:Generated_Source\PSoC4/CapSense_Tuner.c **** * materials described herein. Cypress does not assume any liability arising out
  30:Generated_Source\PSoC4/CapSense_Tuner.c **** * of the application or use of any product or circuit described herein. Cypress
ARM GAS  C:\Users\adm\AppData\Local\Temp\ccFuHAF0.s 			page 2


  31:Generated_Source\PSoC4/CapSense_Tuner.c **** * does not authorize its products for use as critical components in life-support
  32:Generated_Source\PSoC4/CapSense_Tuner.c **** * systems where a malfunction or failure may reasonably be expected to result in
  33:Generated_Source\PSoC4/CapSense_Tuner.c **** * significant injury to the user. The inclusion of Cypress' product in a life-
  34:Generated_Source\PSoC4/CapSense_Tuner.c **** * support systems application implies that the manufacturer assumes all risk of
  35:Generated_Source\PSoC4/CapSense_Tuner.c **** * such use and in doing so indemnifies Cypress against all charges. Use may be
  36:Generated_Source\PSoC4/CapSense_Tuner.c **** * limited by and subject to the applicable Cypress software license agreement.
  37:Generated_Source\PSoC4/CapSense_Tuner.c **** *******************************************************************************/
  38:Generated_Source\PSoC4/CapSense_Tuner.c **** 
  39:Generated_Source\PSoC4/CapSense_Tuner.c **** #include "cytypes.h"
  40:Generated_Source\PSoC4/CapSense_Tuner.c **** #include "CyLib.h"
  41:Generated_Source\PSoC4/CapSense_Tuner.c **** #include "CapSense_Structure.h"
  42:Generated_Source\PSoC4/CapSense_Tuner.c **** #include "CapSense_Tuner.h"
  43:Generated_Source\PSoC4/CapSense_Tuner.c **** #include "CapSense_Control.h"
  44:Generated_Source\PSoC4/CapSense_Tuner.c **** #include "CapSense_Configuration.h"
  45:Generated_Source\PSoC4/CapSense_Tuner.c **** 
  46:Generated_Source\PSoC4/CapSense_Tuner.c **** /* Tuner states definition */
  47:Generated_Source\PSoC4/CapSense_Tuner.c **** #define TU_FSM_RUNNING      (0u)
  48:Generated_Source\PSoC4/CapSense_Tuner.c **** #define TU_FSM_SUSPENDED    (1u)
  49:Generated_Source\PSoC4/CapSense_Tuner.c **** #define TU_FSM_SNR_TEST     (2u)
  50:Generated_Source\PSoC4/CapSense_Tuner.c **** #define TU_FSM_ONE_SCAN     (3u)
  51:Generated_Source\PSoC4/CapSense_Tuner.c **** 
  52:Generated_Source\PSoC4/CapSense_Tuner.c **** /* Tuner state variable */
  53:Generated_Source\PSoC4/CapSense_Tuner.c **** static uint32 tunerFsm = TU_FSM_RUNNING;
  54:Generated_Source\PSoC4/CapSense_Tuner.c **** 
  55:Generated_Source\PSoC4/CapSense_Tuner.c **** 
  56:Generated_Source\PSoC4/CapSense_Tuner.c **** /*******************************************************************************
  57:Generated_Source\PSoC4/CapSense_Tuner.c **** * Function Name: CapSense_TuInitialize
  58:Generated_Source\PSoC4/CapSense_Tuner.c **** ****************************************************************************//**
  59:Generated_Source\PSoC4/CapSense_Tuner.c **** *
  60:Generated_Source\PSoC4/CapSense_Tuner.c **** * \brief
  61:Generated_Source\PSoC4/CapSense_Tuner.c **** *   This function initializes the communication interface with the Tuner GUI.
  62:Generated_Source\PSoC4/CapSense_Tuner.c **** *
  63:Generated_Source\PSoC4/CapSense_Tuner.c **** * \details
  64:Generated_Source\PSoC4/CapSense_Tuner.c **** *   This API sets the tuner state machine to the default state. It is called by
  65:Generated_Source\PSoC4/CapSense_Tuner.c **** *   the CapSense_Start() API.
  66:Generated_Source\PSoC4/CapSense_Tuner.c **** *
  67:Generated_Source\PSoC4/CapSense_Tuner.c **** *******************************************************************************/
  68:Generated_Source\PSoC4/CapSense_Tuner.c **** void CapSense_TuInitialize(void)
  69:Generated_Source\PSoC4/CapSense_Tuner.c **** {
  28              		.loc 1 69 0
  29              		.cfi_startproc
  30              		@ args = 0, pretend = 0, frame = 0
  31              		@ frame_needed = 0, uses_anonymous_args = 0
  32              		@ link register save eliminated.
  33              	.LVL0:
  70:Generated_Source\PSoC4/CapSense_Tuner.c ****     volatile CapSense_RAM_STRUCT *ptrDsRam = &CapSense_dsRam;
  71:Generated_Source\PSoC4/CapSense_Tuner.c **** 
  72:Generated_Source\PSoC4/CapSense_Tuner.c ****     ptrDsRam->tunerCmd = (uint16)CapSense_TU_CMD_NONE_E;
  34              		.loc 1 72 0
  35 0000 0023     		movs	r3, #0
  36 0002 024A     		ldr	r2, .L2
  37 0004 D380     		strh	r3, [r2, #6]
  73:Generated_Source\PSoC4/CapSense_Tuner.c ****     tunerFsm = TU_FSM_RUNNING;
  38              		.loc 1 73 0
  39 0006 024A     		ldr	r2, .L2+4
  40 0008 1360     		str	r3, [r2]
  74:Generated_Source\PSoC4/CapSense_Tuner.c **** }
ARM GAS  C:\Users\adm\AppData\Local\Temp\ccFuHAF0.s 			page 3


  41              		.loc 1 74 0
  42              		@ sp needed
  43 000a 7047     		bx	lr
  44              	.L3:
  45              		.align	2
  46              	.L2:
  47 000c 00000000 		.word	CapSense_dsRam
  48 0010 00000000 		.word	.LANCHOR0
  49              		.cfi_endproc
  50              	.LFE1:
  51              		.size	CapSense_TuInitialize, .-CapSense_TuInitialize
  52              		.section	.text.CapSense_RunTuner,"ax",%progbits
  53              		.align	2
  54              		.global	CapSense_RunTuner
  55              		.code	16
  56              		.thumb_func
  57              		.type	CapSense_RunTuner, %function
  58              	CapSense_RunTuner:
  59              	.LFB2:
  75:Generated_Source\PSoC4/CapSense_Tuner.c **** 
  76:Generated_Source\PSoC4/CapSense_Tuner.c **** /*******************************************************************************
  77:Generated_Source\PSoC4/CapSense_Tuner.c **** * Function Name: CapSense_RunTuner
  78:Generated_Source\PSoC4/CapSense_Tuner.c **** ****************************************************************************//**
  79:Generated_Source\PSoC4/CapSense_Tuner.c **** *
  80:Generated_Source\PSoC4/CapSense_Tuner.c **** * \brief
  81:Generated_Source\PSoC4/CapSense_Tuner.c **** *  Establishes synchronized communication with the Tuner application.
  82:Generated_Source\PSoC4/CapSense_Tuner.c **** *
  83:Generated_Source\PSoC4/CapSense_Tuner.c **** * \details
  84:Generated_Source\PSoC4/CapSense_Tuner.c **** *  This function is used to establish synchronized communication between the
  85:Generated_Source\PSoC4/CapSense_Tuner.c **** *  CapSense Component and Tuner application (or other host controllers).
  86:Generated_Source\PSoC4/CapSense_Tuner.c **** *  This function is called periodically in the application program loop
  87:Generated_Source\PSoC4/CapSense_Tuner.c **** *  to serve the Tuner application (or host controller) requests and commands.
  88:Generated_Source\PSoC4/CapSense_Tuner.c **** *  In most cases, the best place to call this function is after processing and
  89:Generated_Source\PSoC4/CapSense_Tuner.c **** *  before next scanning.
  90:Generated_Source\PSoC4/CapSense_Tuner.c **** *
  91:Generated_Source\PSoC4/CapSense_Tuner.c **** *  If this function is absent in the application program, then communication is
  92:Generated_Source\PSoC4/CapSense_Tuner.c **** *  asynchronous and the following disadvantages are applicable:
  93:Generated_Source\PSoC4/CapSense_Tuner.c **** *    - The raw counts displayed in the tuner may be filtered and/or unfiltered.
  94:Generated_Source\PSoC4/CapSense_Tuner.c **** *      As a result, noise and SNR measurements will not be accurate.
  95:Generated_Source\PSoC4/CapSense_Tuner.c **** *    - The Tuner tool may read the sensor data such as raw counts from a scan
  96:Generated_Source\PSoC4/CapSense_Tuner.c **** *      multiple times, as a result, noise and SNR measurement will not be
  97:Generated_Source\PSoC4/CapSense_Tuner.c **** *      accurate.
  98:Generated_Source\PSoC4/CapSense_Tuner.c **** *    - The Tuner tool and host controller should not change the Component parameters
  99:Generated_Source\PSoC4/CapSense_Tuner.c **** *      via the tuner interface. Changing the Component parameters via the tuner
 100:Generated_Source\PSoC4/CapSense_Tuner.c **** *      interface in the async mode will result in Component abnormal behavior.
 101:Generated_Source\PSoC4/CapSense_Tuner.c **** *
 102:Generated_Source\PSoC4/CapSense_Tuner.c **** *  Note that calling this function is not mandatory for the application, but
 103:Generated_Source\PSoC4/CapSense_Tuner.c **** *  required only to synchronize the communication with the host controller or
 104:Generated_Source\PSoC4/CapSense_Tuner.c **** *  tuner application.
 105:Generated_Source\PSoC4/CapSense_Tuner.c **** *
 106:Generated_Source\PSoC4/CapSense_Tuner.c **** * \return
 107:Generated_Source\PSoC4/CapSense_Tuner.c **** *  In some cases, the application program may need to know if the Component was
 108:Generated_Source\PSoC4/CapSense_Tuner.c **** *  re-initialized. The return indicates if a restart command was executed or not:
 109:Generated_Source\PSoC4/CapSense_Tuner.c **** *    - CapSense_STATUS_RESTART_DONE - Based on a received command, the
 110:Generated_Source\PSoC4/CapSense_Tuner.c **** *      Component was restarted.
 111:Generated_Source\PSoC4/CapSense_Tuner.c **** *    -  CapSense_STATUS_RESTART_NONE - No restart was executed by this
 112:Generated_Source\PSoC4/CapSense_Tuner.c **** *      function.
ARM GAS  C:\Users\adm\AppData\Local\Temp\ccFuHAF0.s 			page 4


 113:Generated_Source\PSoC4/CapSense_Tuner.c **** *
 114:Generated_Source\PSoC4/CapSense_Tuner.c **** *******************************************************************************/
 115:Generated_Source\PSoC4/CapSense_Tuner.c **** uint32 CapSense_RunTuner(void)
 116:Generated_Source\PSoC4/CapSense_Tuner.c **** {
  60              		.loc 1 116 0
  61              		.cfi_startproc
  62              		@ args = 0, pretend = 0, frame = 0
  63              		@ frame_needed = 0, uses_anonymous_args = 0
  64 0000 70B5     		push	{r4, r5, r6, lr}
  65              		.cfi_def_cfa_offset 16
  66              		.cfi_offset 4, -16
  67              		.cfi_offset 5, -12
  68              		.cfi_offset 6, -8
  69              		.cfi_offset 14, -4
  70              	.LVL1:
 117:Generated_Source\PSoC4/CapSense_Tuner.c ****     uint8 interruptState;
 118:Generated_Source\PSoC4/CapSense_Tuner.c ****     uint32 widgetId;
 119:Generated_Source\PSoC4/CapSense_Tuner.c ****     uint32 sensorId;
 120:Generated_Source\PSoC4/CapSense_Tuner.c ****     uint32 updateFlag = 0Lu;
 121:Generated_Source\PSoC4/CapSense_Tuner.c ****     CapSense_TU_CMD_ENUM command;
 122:Generated_Source\PSoC4/CapSense_Tuner.c ****     uint32 tunerStatus = CapSense_STATUS_RESTART_NONE;
  71              		.loc 1 122 0
  72 0002 0025     		movs	r5, #0
 120:Generated_Source\PSoC4/CapSense_Tuner.c ****     CapSense_TU_CMD_ENUM command;
  73              		.loc 1 120 0
  74 0004 0026     		movs	r6, #0
  75              	.LVL2:
  76              	.L16:
 123:Generated_Source\PSoC4/CapSense_Tuner.c **** 
 124:Generated_Source\PSoC4/CapSense_Tuner.c ****     volatile CapSense_RAM_STRUCT *ptrDsRam;
 125:Generated_Source\PSoC4/CapSense_Tuner.c ****     volatile CapSense_RAM_SNS_STRUCT *ptrSnsTmp;
 126:Generated_Source\PSoC4/CapSense_Tuner.c **** 
 127:Generated_Source\PSoC4/CapSense_Tuner.c ****     ptrDsRam = &CapSense_dsRam;
 128:Generated_Source\PSoC4/CapSense_Tuner.c **** 
 129:Generated_Source\PSoC4/CapSense_Tuner.c ****     do
 130:Generated_Source\PSoC4/CapSense_Tuner.c ****     {
 131:Generated_Source\PSoC4/CapSense_Tuner.c ****         /* ONE_SCAN command could be interpreted as two commands:
 132:Generated_Source\PSoC4/CapSense_Tuner.c ****         * RESUME till next call of this function and then
 133:Generated_Source\PSoC4/CapSense_Tuner.c ****         * SUSPEND till next command receiving.
 134:Generated_Source\PSoC4/CapSense_Tuner.c ****         */
 135:Generated_Source\PSoC4/CapSense_Tuner.c ****         if (TU_FSM_ONE_SCAN == tunerFsm)
  77              		.loc 1 135 0
  78 0006 3D4B     		ldr	r3, .L18
  79 0008 1B68     		ldr	r3, [r3]
  80 000a 032B     		cmp	r3, #3
  81 000c 06D1     		bne	.L5
 136:Generated_Source\PSoC4/CapSense_Tuner.c ****         {
 137:Generated_Source\PSoC4/CapSense_Tuner.c ****             interruptState = CyEnterCriticalSection();
  82              		.loc 1 137 0
  83 000e FFF7FEFF 		bl	CyEnterCriticalSection
  84              	.LVL3:
 138:Generated_Source\PSoC4/CapSense_Tuner.c ****             ptrDsRam->tunerCmd = (uint16)CapSense_TU_CMD_SUSPEND_E;
  85              		.loc 1 138 0
  86 0012 0122     		movs	r2, #1
  87 0014 3A4B     		ldr	r3, .L18+4
  88 0016 DA80     		strh	r2, [r3, #6]
 139:Generated_Source\PSoC4/CapSense_Tuner.c ****             CyExitCriticalSection(interruptState);
ARM GAS  C:\Users\adm\AppData\Local\Temp\ccFuHAF0.s 			page 5


  89              		.loc 1 139 0
  90 0018 FFF7FEFF 		bl	CyExitCriticalSection
  91              	.LVL4:
  92              	.L5:
 140:Generated_Source\PSoC4/CapSense_Tuner.c ****         }
 141:Generated_Source\PSoC4/CapSense_Tuner.c ****         command = (CapSense_TU_CMD_ENUM)ptrDsRam->tunerCmd;
  93              		.loc 1 141 0
  94 001c 384B     		ldr	r3, .L18+4
  95 001e DC88     		ldrh	r4, [r3, #6]
  96 0020 E4B2     		uxtb	r4, r4
  97              	.LVL5:
 142:Generated_Source\PSoC4/CapSense_Tuner.c **** 
 143:Generated_Source\PSoC4/CapSense_Tuner.c ****         /* Check command register */
 144:Generated_Source\PSoC4/CapSense_Tuner.c ****         switch (command)
  98              		.loc 1 144 0
  99 0022 062C     		cmp	r4, #6
 100 0024 23D8     		bhi	.L6
 101 0026 A300     		lsls	r3, r4, #2
 102 0028 364A     		ldr	r2, .L18+8
 103 002a D358     		ldr	r3, [r2, r3]
 104 002c 9F46     		mov	pc, r3
 105              		.section	.rodata
 106              		.align	2
 107              	.L8:
 108 0000 6E000000 		.word	.L6
 109 0004 2E000000 		.word	.L7
 110 0008 38000000 		.word	.L9
 111 000c 42000000 		.word	.L10
 112 0010 52000000 		.word	.L11
 113 0014 5C000000 		.word	.L12
 114 0018 66000000 		.word	.L13
 115              		.section	.text.CapSense_RunTuner
 116              	.L7:
 145:Generated_Source\PSoC4/CapSense_Tuner.c ****         {
 146:Generated_Source\PSoC4/CapSense_Tuner.c ****         case CapSense_TU_CMD_SUSPEND_E:
 147:Generated_Source\PSoC4/CapSense_Tuner.c ****             tunerFsm = TU_FSM_SUSPENDED;
 117              		.loc 1 147 0
 118 002e 0122     		movs	r2, #1
 119 0030 324B     		ldr	r3, .L18
 120 0032 1A60     		str	r2, [r3]
 121              	.LVL6:
 148:Generated_Source\PSoC4/CapSense_Tuner.c ****             updateFlag = 1Lu;
 122              		.loc 1 148 0
 123 0034 0126     		movs	r6, #1
 149:Generated_Source\PSoC4/CapSense_Tuner.c ****             break;
 124              		.loc 1 149 0
 125 0036 1AE0     		b	.L6
 126              	.LVL7:
 127              	.L9:
 150:Generated_Source\PSoC4/CapSense_Tuner.c **** 
 151:Generated_Source\PSoC4/CapSense_Tuner.c ****         case CapSense_TU_CMD_RESUME_E:
 152:Generated_Source\PSoC4/CapSense_Tuner.c ****             tunerFsm = TU_FSM_RUNNING;
 128              		.loc 1 152 0
 129 0038 0022     		movs	r2, #0
 130 003a 304B     		ldr	r3, .L18
 131 003c 1A60     		str	r2, [r3]
 132              	.LVL8:
ARM GAS  C:\Users\adm\AppData\Local\Temp\ccFuHAF0.s 			page 6


 153:Generated_Source\PSoC4/CapSense_Tuner.c ****             updateFlag = 1Lu;
 133              		.loc 1 153 0
 134 003e 0126     		movs	r6, #1
 154:Generated_Source\PSoC4/CapSense_Tuner.c ****             break;
 135              		.loc 1 154 0
 136 0040 15E0     		b	.L6
 137              	.LVL9:
 138              	.L10:
 155:Generated_Source\PSoC4/CapSense_Tuner.c **** 
 156:Generated_Source\PSoC4/CapSense_Tuner.c ****         case CapSense_TU_CMD_RESTART_E:
 157:Generated_Source\PSoC4/CapSense_Tuner.c ****             (void)CapSense_Start();
 139              		.loc 1 157 0
 140 0042 FFF7FEFF 		bl	CapSense_Start
 141              	.LVL10:
 158:Generated_Source\PSoC4/CapSense_Tuner.c ****             tunerStatus = CapSense_STATUS_RESTART_DONE;
 159:Generated_Source\PSoC4/CapSense_Tuner.c ****             tunerFsm = TU_FSM_RUNNING;
 142              		.loc 1 159 0
 143 0046 0022     		movs	r2, #0
 144 0048 2C4B     		ldr	r3, .L18
 145 004a 1A60     		str	r2, [r3]
 146              	.LVL11:
 158:Generated_Source\PSoC4/CapSense_Tuner.c ****             tunerStatus = CapSense_STATUS_RESTART_DONE;
 147              		.loc 1 158 0
 148 004c 0125     		movs	r5, #1
 160:Generated_Source\PSoC4/CapSense_Tuner.c ****             updateFlag = 1Lu;
 149              		.loc 1 160 0
 150 004e 0126     		movs	r6, #1
 161:Generated_Source\PSoC4/CapSense_Tuner.c ****             break;
 151              		.loc 1 161 0
 152 0050 0DE0     		b	.L6
 153              	.LVL12:
 154              	.L11:
 162:Generated_Source\PSoC4/CapSense_Tuner.c **** 
 163:Generated_Source\PSoC4/CapSense_Tuner.c ****         case CapSense_TU_CMD_RUN_SNR_TEST_E:
 164:Generated_Source\PSoC4/CapSense_Tuner.c ****             tunerFsm = TU_FSM_SNR_TEST;
 155              		.loc 1 164 0
 156 0052 0222     		movs	r2, #2
 157 0054 294B     		ldr	r3, .L18
 158 0056 1A60     		str	r2, [r3]
 159              	.LVL13:
 165:Generated_Source\PSoC4/CapSense_Tuner.c ****             updateFlag = 1Lu;
 160              		.loc 1 165 0
 161 0058 0126     		movs	r6, #1
 166:Generated_Source\PSoC4/CapSense_Tuner.c ****             break;
 162              		.loc 1 166 0
 163 005a 08E0     		b	.L6
 164              	.LVL14:
 165              	.L12:
 167:Generated_Source\PSoC4/CapSense_Tuner.c **** 
 168:Generated_Source\PSoC4/CapSense_Tuner.c ****         case CapSense_TU_CMD_PING_E:
 169:Generated_Source\PSoC4/CapSense_Tuner.c ****             tunerFsm = TU_FSM_RUNNING;
 166              		.loc 1 169 0
 167 005c 0022     		movs	r2, #0
 168 005e 274B     		ldr	r3, .L18
 169 0060 1A60     		str	r2, [r3]
 170              	.LVL15:
 170:Generated_Source\PSoC4/CapSense_Tuner.c ****             updateFlag = 1Lu;
ARM GAS  C:\Users\adm\AppData\Local\Temp\ccFuHAF0.s 			page 7


 171              		.loc 1 170 0
 172 0062 0126     		movs	r6, #1
 171:Generated_Source\PSoC4/CapSense_Tuner.c ****             break;
 173              		.loc 1 171 0
 174 0064 03E0     		b	.L6
 175              	.LVL16:
 176              	.L13:
 172:Generated_Source\PSoC4/CapSense_Tuner.c **** 
 173:Generated_Source\PSoC4/CapSense_Tuner.c ****         case CapSense_TU_CMD_ONE_SCAN_E:
 174:Generated_Source\PSoC4/CapSense_Tuner.c ****             tunerFsm = TU_FSM_ONE_SCAN;
 177              		.loc 1 174 0
 178 0066 0322     		movs	r2, #3
 179 0068 244B     		ldr	r3, .L18
 180 006a 1A60     		str	r2, [r3]
 181              	.LVL17:
 175:Generated_Source\PSoC4/CapSense_Tuner.c ****             updateFlag = 0Lu;
 182              		.loc 1 175 0
 183 006c 0026     		movs	r6, #0
 184              	.LVL18:
 185              	.L6:
 176:Generated_Source\PSoC4/CapSense_Tuner.c ****             break;
 177:Generated_Source\PSoC4/CapSense_Tuner.c **** 
 178:Generated_Source\PSoC4/CapSense_Tuner.c ****         default:
 179:Generated_Source\PSoC4/CapSense_Tuner.c ****             break;
 180:Generated_Source\PSoC4/CapSense_Tuner.c ****         }
 181:Generated_Source\PSoC4/CapSense_Tuner.c **** 
 182:Generated_Source\PSoC4/CapSense_Tuner.c ****         /* Set Complete flag in command register if needed */
 183:Generated_Source\PSoC4/CapSense_Tuner.c ****         if (0Lu != updateFlag)
 186              		.loc 1 183 0
 187 006e 002E     		cmp	r6, #0
 188 0070 0FD0     		beq	.L14
 184:Generated_Source\PSoC4/CapSense_Tuner.c ****         {
 185:Generated_Source\PSoC4/CapSense_Tuner.c ****             interruptState = CyEnterCriticalSection();
 189              		.loc 1 185 0
 190 0072 FFF7FEFF 		bl	CyEnterCriticalSection
 191              	.LVL19:
 186:Generated_Source\PSoC4/CapSense_Tuner.c **** 
 187:Generated_Source\PSoC4/CapSense_Tuner.c ****             /* Check if command wasn't overwritten with new command */
 188:Generated_Source\PSoC4/CapSense_Tuner.c ****             if (command == (CapSense_TU_CMD_ENUM)ptrDsRam->tunerCmd)
 192              		.loc 1 188 0
 193 0076 224B     		ldr	r3, .L18+4
 194 0078 DB88     		ldrh	r3, [r3, #6]
 195 007a DBB2     		uxtb	r3, r3
 196 007c 9C42     		cmp	r4, r3
 197 007e 05D1     		bne	.L15
 189:Generated_Source\PSoC4/CapSense_Tuner.c ****             {
 190:Generated_Source\PSoC4/CapSense_Tuner.c ****                 ptrDsRam->tunerCmd |= CapSense_TU_CMD_COMPLETE_BIT;
 198              		.loc 1 190 0
 199 0080 1F4A     		ldr	r2, .L18+4
 200 0082 D188     		ldrh	r1, [r2, #6]
 201 0084 204B     		ldr	r3, .L18+12
 202 0086 0B43     		orrs	r3, r1
 203 0088 9BB2     		uxth	r3, r3
 204 008a D380     		strh	r3, [r2, #6]
 205              	.L15:
 191:Generated_Source\PSoC4/CapSense_Tuner.c ****             }
 192:Generated_Source\PSoC4/CapSense_Tuner.c ****             CyExitCriticalSection(interruptState);
ARM GAS  C:\Users\adm\AppData\Local\Temp\ccFuHAF0.s 			page 8


 206              		.loc 1 192 0
 207 008c FFF7FEFF 		bl	CyExitCriticalSection
 208              	.LVL20:
 193:Generated_Source\PSoC4/CapSense_Tuner.c **** 
 194:Generated_Source\PSoC4/CapSense_Tuner.c ****             updateFlag = 0Lu;
 209              		.loc 1 194 0
 210 0090 0026     		movs	r6, #0
 211              	.LVL21:
 212              	.L14:
 195:Generated_Source\PSoC4/CapSense_Tuner.c ****         }
 196:Generated_Source\PSoC4/CapSense_Tuner.c ****     } while (TU_FSM_SUSPENDED == tunerFsm);
 213              		.loc 1 196 0
 214 0092 1A4B     		ldr	r3, .L18
 215 0094 1B68     		ldr	r3, [r3]
 216 0096 012B     		cmp	r3, #1
 217 0098 B5D0     		beq	.L16
 197:Generated_Source\PSoC4/CapSense_Tuner.c **** 
 198:Generated_Source\PSoC4/CapSense_Tuner.c ****     /* Check for SNR Test mode and do appropriate actions */
 199:Generated_Source\PSoC4/CapSense_Tuner.c ****     if (TU_FSM_SNR_TEST == tunerFsm)
 218              		.loc 1 199 0
 219 009a 022B     		cmp	r3, #2
 220 009c 2BD1     		bne	.L17
 200:Generated_Source\PSoC4/CapSense_Tuner.c ****     {
 201:Generated_Source\PSoC4/CapSense_Tuner.c ****         widgetId = ptrDsRam->snrTestWidgetId;
 221              		.loc 1 201 0
 222 009e 184A     		ldr	r2, .L18+4
 223 00a0 7833     		adds	r3, r3, #120
 224 00a2 D35C     		ldrb	r3, [r2, r3]
 225 00a4 DBB2     		uxtb	r3, r3
 226              	.LVL22:
 202:Generated_Source\PSoC4/CapSense_Tuner.c ****         sensorId = ptrDsRam->snrTestSensorId;
 227              		.loc 1 202 0
 228 00a6 7B21     		movs	r1, #123
 229 00a8 525C     		ldrb	r2, [r2, r1]
 230 00aa D2B2     		uxtb	r2, r2
 231              	.LVL23:
 203:Generated_Source\PSoC4/CapSense_Tuner.c **** 
 204:Generated_Source\PSoC4/CapSense_Tuner.c ****         /* Check if widgetId and sensorId are in range,
 205:Generated_Source\PSoC4/CapSense_Tuner.c ****          * and data was updated in RAM (scan counter changed)
 206:Generated_Source\PSoC4/CapSense_Tuner.c ****          */
 207:Generated_Source\PSoC4/CapSense_Tuner.c ****         if ((widgetId < CapSense_TOTAL_WIDGETS)              &&
 232              		.loc 1 207 0
 233 00ac 022B     		cmp	r3, #2
 234 00ae 22D8     		bhi	.L17
 208:Generated_Source\PSoC4/CapSense_Tuner.c ****             (sensorId < CapSense_GET_SENSOR_COUNT(widgetId)) &&
 235              		.loc 1 208 0 discriminator 1
 236 00b0 5901     		lsls	r1, r3, #5
 237 00b2 1648     		ldr	r0, .L18+16
 238 00b4 4118     		adds	r1, r0, r1
 239 00b6 098B     		ldrh	r1, [r1, #24]
 207:Generated_Source\PSoC4/CapSense_Tuner.c ****             (sensorId < CapSense_GET_SENSOR_COUNT(widgetId)) &&
 240              		.loc 1 207 0 discriminator 1
 241 00b8 8A42     		cmp	r2, r1
 242 00ba 1CD2     		bcs	.L17
 209:Generated_Source\PSoC4/CapSense_Tuner.c ****             (ptrDsRam->scanCounter != ptrDsRam->snrTestScanCounter))
 243              		.loc 1 209 0
 244 00bc 1049     		ldr	r1, .L18+4
ARM GAS  C:\Users\adm\AppData\Local\Temp\ccFuHAF0.s 			page 9


 245 00be 0889     		ldrh	r0, [r1, #8]
 246 00c0 80B2     		uxth	r0, r0
 247 00c2 7C24     		movs	r4, #124
 248              	.LVL24:
 249 00c4 095B     		ldrh	r1, [r1, r4]
 250 00c6 89B2     		uxth	r1, r1
 208:Generated_Source\PSoC4/CapSense_Tuner.c ****             (sensorId < CapSense_GET_SENSOR_COUNT(widgetId)) &&
 251              		.loc 1 208 0
 252 00c8 8842     		cmp	r0, r1
 253 00ca 14D0     		beq	.L17
 210:Generated_Source\PSoC4/CapSense_Tuner.c ****         {
 211:Generated_Source\PSoC4/CapSense_Tuner.c ****             /* Get access to the Sensor Object */
 212:Generated_Source\PSoC4/CapSense_Tuner.c ****             ptrSnsTmp = CapSense_dsFlash.wdgtArray[widgetId].ptr2SnsRam;
 254              		.loc 1 212 0
 255 00cc 5B01     		lsls	r3, r3, #5
 256              	.LVL25:
 257 00ce 0F49     		ldr	r1, .L18+16
 258 00d0 CB18     		adds	r3, r1, r3
 259 00d2 9C68     		ldr	r4, [r3, #8]
 260              	.LVL26:
 213:Generated_Source\PSoC4/CapSense_Tuner.c ****             ptrSnsTmp += sensorId;
 261              		.loc 1 213 0
 262 00d4 9300     		lsls	r3, r2, #2
 263 00d6 9A18     		adds	r2, r3, r2
 264              	.LVL27:
 265 00d8 5300     		lsls	r3, r2, #1
 266 00da E418     		adds	r4, r4, r3
 267              	.LVL28:
 214:Generated_Source\PSoC4/CapSense_Tuner.c **** 
 215:Generated_Source\PSoC4/CapSense_Tuner.c ****             /* Update data in SNR Test Object */
 216:Generated_Source\PSoC4/CapSense_Tuner.c ****             interruptState = CyEnterCriticalSection();
 268              		.loc 1 216 0
 269 00dc FFF7FEFF 		bl	CyEnterCriticalSection
 270              	.LVL29:
 217:Generated_Source\PSoC4/CapSense_Tuner.c ****             ptrDsRam->snrTestScanCounter = ptrDsRam->scanCounter;
 271              		.loc 1 217 0
 272 00e0 074B     		ldr	r3, .L18+4
 273 00e2 1A89     		ldrh	r2, [r3, #8]
 274 00e4 92B2     		uxth	r2, r2
 275 00e6 7C21     		movs	r1, #124
 276 00e8 5A52     		strh	r2, [r3, r1]
 218:Generated_Source\PSoC4/CapSense_Tuner.c ****             ptrDsRam->snrTestRawCount[0u] = ptrSnsTmp->raw[0u];
 277              		.loc 1 218 0
 278 00ea 2288     		ldrh	r2, [r4]
 279 00ec 92B2     		uxth	r2, r2
 280 00ee 0231     		adds	r1, r1, #2
 281 00f0 5A52     		strh	r2, [r3, r1]
 219:Generated_Source\PSoC4/CapSense_Tuner.c **** 
 220:Generated_Source\PSoC4/CapSense_Tuner.c ****             #if (0u != CapSense_MULTI_FREQ_SCAN_EN)
 221:Generated_Source\PSoC4/CapSense_Tuner.c ****                 ptrDsRam->snrTestRawCount[1u] = ptrSnsTmp->raw[1u];
 222:Generated_Source\PSoC4/CapSense_Tuner.c ****                 ptrDsRam->snrTestRawCount[2u] = ptrSnsTmp->raw[2u];
 223:Generated_Source\PSoC4/CapSense_Tuner.c ****             #endif
 224:Generated_Source\PSoC4/CapSense_Tuner.c **** 
 225:Generated_Source\PSoC4/CapSense_Tuner.c ****             CyExitCriticalSection(interruptState);
 282              		.loc 1 225 0
 283 00f2 FFF7FEFF 		bl	CyExitCriticalSection
 284              	.LVL30:
ARM GAS  C:\Users\adm\AppData\Local\Temp\ccFuHAF0.s 			page 10


 285              	.L17:
 226:Generated_Source\PSoC4/CapSense_Tuner.c ****         }
 227:Generated_Source\PSoC4/CapSense_Tuner.c ****     }
 228:Generated_Source\PSoC4/CapSense_Tuner.c ****     return tunerStatus;
 229:Generated_Source\PSoC4/CapSense_Tuner.c **** }
 286              		.loc 1 229 0
 287 00f6 2800     		movs	r0, r5
 288              		@ sp needed
 289              	.LVL31:
 290              	.LVL32:
 291 00f8 70BD     		pop	{r4, r5, r6, pc}
 292              	.L19:
 293 00fa C046     		.align	2
 294              	.L18:
 295 00fc 00000000 		.word	.LANCHOR0
 296 0100 00000000 		.word	CapSense_dsRam
 297 0104 00000000 		.word	.L8
 298 0108 0080FFFF 		.word	-32768
 299 010c 00000000 		.word	CapSense_dsFlash
 300              		.cfi_endproc
 301              	.LFE2:
 302              		.size	CapSense_RunTuner, .-CapSense_RunTuner
 303              		.bss
 304              		.align	2
 305              		.set	.LANCHOR0,. + 0
 306              		.type	tunerFsm, %object
 307              		.size	tunerFsm, 4
 308              	tunerFsm:
 309 0000 00000000 		.space	4
 310              		.text
 311              	.Letext0:
 312              		.file 2 "Generated_Source\\PSoC4\\cytypes.h"
 313              		.file 3 "Generated_Source\\PSoC4\\CapSense_Configuration.h"
 314              		.file 4 "Generated_Source\\PSoC4\\CapSense_SmartSense_LL.h"
 315              		.file 5 "Generated_Source\\PSoC4\\CapSense_Structure.h"
 316              		.file 6 "Generated_Source\\PSoC4\\CapSense_Tuner.h"
 317              		.file 7 "Generated_Source\\PSoC4\\CyLib.h"
 318              		.file 8 "Generated_Source\\PSoC4\\CapSense_Control.h"
 319              		.section	.debug_info,"",%progbits
 320              	.Ldebug_info0:
 321 0000 B8060000 		.4byte	0x6b8
 322 0004 0400     		.2byte	0x4
 323 0006 00000000 		.4byte	.Ldebug_abbrev0
 324 000a 04       		.byte	0x4
 325 000b 01       		.uleb128 0x1
 326 000c 55010000 		.4byte	.LASF107
 327 0010 0C       		.byte	0xc
 328 0011 01030000 		.4byte	.LASF108
 329 0015 08060000 		.4byte	.LASF109
 330 0019 00000000 		.4byte	.Ldebug_ranges0+0
 331 001d 00000000 		.4byte	0
 332 0021 00000000 		.4byte	.Ldebug_line0
 333 0025 02       		.uleb128 0x2
 334 0026 01       		.byte	0x1
 335 0027 06       		.byte	0x6
 336 0028 DC030000 		.4byte	.LASF0
 337 002c 02       		.uleb128 0x2
ARM GAS  C:\Users\adm\AppData\Local\Temp\ccFuHAF0.s 			page 11


 338 002d 01       		.byte	0x1
 339 002e 08       		.byte	0x8
 340 002f B6030000 		.4byte	.LASF1
 341 0033 02       		.uleb128 0x2
 342 0034 02       		.byte	0x2
 343 0035 05       		.byte	0x5
 344 0036 DD000000 		.4byte	.LASF2
 345 003a 02       		.uleb128 0x2
 346 003b 02       		.byte	0x2
 347 003c 07       		.byte	0x7
 348 003d E4040000 		.4byte	.LASF3
 349 0041 02       		.uleb128 0x2
 350 0042 04       		.byte	0x4
 351 0043 05       		.byte	0x5
 352 0044 EF020000 		.4byte	.LASF4
 353 0048 02       		.uleb128 0x2
 354 0049 04       		.byte	0x4
 355 004a 07       		.byte	0x7
 356 004b 45040000 		.4byte	.LASF5
 357 004f 02       		.uleb128 0x2
 358 0050 08       		.byte	0x8
 359 0051 05       		.byte	0x5
 360 0052 FB010000 		.4byte	.LASF6
 361 0056 02       		.uleb128 0x2
 362 0057 08       		.byte	0x8
 363 0058 07       		.byte	0x7
 364 0059 05040000 		.4byte	.LASF7
 365 005d 03       		.uleb128 0x3
 366 005e 04       		.byte	0x4
 367 005f 05       		.byte	0x5
 368 0060 696E7400 		.ascii	"int\000"
 369 0064 02       		.uleb128 0x2
 370 0065 04       		.byte	0x4
 371 0066 07       		.byte	0x7
 372 0067 38040000 		.4byte	.LASF8
 373 006b 04       		.uleb128 0x4
 374 006c 8A020000 		.4byte	.LASF9
 375 0070 02       		.byte	0x2
 376 0071 FB01     		.2byte	0x1fb
 377 0073 2C000000 		.4byte	0x2c
 378 0077 04       		.uleb128 0x4
 379 0078 61020000 		.4byte	.LASF10
 380 007c 02       		.byte	0x2
 381 007d FC01     		.2byte	0x1fc
 382 007f 3A000000 		.4byte	0x3a
 383 0083 04       		.uleb128 0x4
 384 0084 55050000 		.4byte	.LASF11
 385 0088 02       		.byte	0x2
 386 0089 FD01     		.2byte	0x1fd
 387 008b 48000000 		.4byte	0x48
 388 008f 02       		.uleb128 0x2
 389 0090 04       		.byte	0x4
 390 0091 04       		.byte	0x4
 391 0092 97020000 		.4byte	.LASF12
 392 0096 02       		.uleb128 0x2
 393 0097 08       		.byte	0x8
 394 0098 04       		.byte	0x4
ARM GAS  C:\Users\adm\AppData\Local\Temp\ccFuHAF0.s 			page 12


 395 0099 70050000 		.4byte	.LASF13
 396 009d 02       		.uleb128 0x2
 397 009e 01       		.byte	0x1
 398 009f 08       		.byte	0x8
 399 00a0 EA020000 		.4byte	.LASF14
 400 00a4 05       		.uleb128 0x5
 401 00a5 83000000 		.4byte	0x83
 402 00a9 02       		.uleb128 0x2
 403 00aa 08       		.byte	0x8
 404 00ab 04       		.byte	0x4
 405 00ac 7E030000 		.4byte	.LASF15
 406 00b0 02       		.uleb128 0x2
 407 00b1 04       		.byte	0x4
 408 00b2 07       		.byte	0x7
 409 00b3 10010000 		.4byte	.LASF16
 410 00b7 06       		.uleb128 0x6
 411 00b8 04       		.byte	0x4
 412 00b9 04       		.uleb128 0x4
 413 00ba C4030000 		.4byte	.LASF17
 414 00be 03       		.byte	0x3
 415 00bf 2601     		.2byte	0x126
 416 00c1 77000000 		.4byte	0x77
 417 00c5 04       		.uleb128 0x4
 418 00c6 9B040000 		.4byte	.LASF18
 419 00ca 03       		.byte	0x3
 420 00cb 2A01     		.2byte	0x12a
 421 00cd 6B000000 		.4byte	0x6b
 422 00d1 07       		.uleb128 0x7
 423 00d2 0C       		.byte	0xc
 424 00d3 04       		.byte	0x4
 425 00d4 75       		.byte	0x75
 426 00d5 2E010000 		.4byte	0x12e
 427 00d9 08       		.uleb128 0x8
 428 00da 09020000 		.4byte	.LASF19
 429 00de 04       		.byte	0x4
 430 00df 7A       		.byte	0x7a
 431 00e0 77000000 		.4byte	0x77
 432 00e4 00       		.byte	0
 433 00e5 08       		.uleb128 0x8
 434 00e6 62040000 		.4byte	.LASF20
 435 00ea 04       		.byte	0x4
 436 00eb 7E       		.byte	0x7e
 437 00ec 77000000 		.4byte	0x77
 438 00f0 02       		.byte	0x2
 439 00f1 08       		.uleb128 0x8
 440 00f2 1D020000 		.4byte	.LASF21
 441 00f6 04       		.byte	0x4
 442 00f7 82       		.byte	0x82
 443 00f8 77000000 		.4byte	0x77
 444 00fc 04       		.byte	0x4
 445 00fd 08       		.uleb128 0x8
 446 00fe 24020000 		.4byte	.LASF22
 447 0102 04       		.byte	0x4
 448 0103 86       		.byte	0x86
 449 0104 77000000 		.4byte	0x77
 450 0108 06       		.byte	0x6
 451 0109 08       		.uleb128 0x8
ARM GAS  C:\Users\adm\AppData\Local\Temp\ccFuHAF0.s 			page 13


 452 010a 6E030000 		.4byte	.LASF23
 453 010e 04       		.byte	0x4
 454 010f 8A       		.byte	0x8a
 455 0110 77000000 		.4byte	0x77
 456 0114 08       		.byte	0x8
 457 0115 08       		.uleb128 0x8
 458 0116 42020000 		.4byte	.LASF24
 459 011a 04       		.byte	0x4
 460 011b 8E       		.byte	0x8e
 461 011c 6B000000 		.4byte	0x6b
 462 0120 0A       		.byte	0xa
 463 0121 08       		.uleb128 0x8
 464 0122 49020000 		.4byte	.LASF25
 465 0126 04       		.byte	0x4
 466 0127 92       		.byte	0x92
 467 0128 6B000000 		.4byte	0x6b
 468 012c 0B       		.byte	0xb
 469 012d 00       		.byte	0
 470 012e 09       		.uleb128 0x9
 471 012f 48060000 		.4byte	.LASF26
 472 0133 04       		.byte	0x4
 473 0134 93       		.byte	0x93
 474 0135 D1000000 		.4byte	0xd1
 475 0139 0A       		.uleb128 0xa
 476 013a 6B000000 		.4byte	0x6b
 477 013e 49010000 		.4byte	0x149
 478 0142 0B       		.uleb128 0xb
 479 0143 B0000000 		.4byte	0xb0
 480 0147 00       		.byte	0
 481 0148 00       		.byte	0
 482 0149 07       		.uleb128 0x7
 483 014a 14       		.byte	0x14
 484 014b 05       		.byte	0x5
 485 014c FE       		.byte	0xfe
 486 014d FB010000 		.4byte	0x1fb
 487 0151 0C       		.uleb128 0xc
 488 0152 D9040000 		.4byte	.LASF27
 489 0156 05       		.byte	0x5
 490 0157 0301     		.2byte	0x103
 491 0159 77000000 		.4byte	0x77
 492 015d 00       		.byte	0
 493 015e 0C       		.uleb128 0xc
 494 015f 29030000 		.4byte	.LASF28
 495 0163 05       		.byte	0x5
 496 0164 0801     		.2byte	0x108
 497 0166 B9000000 		.4byte	0xb9
 498 016a 02       		.byte	0x2
 499 016b 0C       		.uleb128 0xc
 500 016c 50020000 		.4byte	.LASF29
 501 0170 05       		.byte	0x5
 502 0171 0D01     		.2byte	0x10d
 503 0173 6B000000 		.4byte	0x6b
 504 0177 04       		.byte	0x4
 505 0178 0C       		.uleb128 0xc
 506 0179 22050000 		.4byte	.LASF30
 507 017d 05       		.byte	0x5
 508 017e 1201     		.2byte	0x112
ARM GAS  C:\Users\adm\AppData\Local\Temp\ccFuHAF0.s 			page 14


 509 0180 6B000000 		.4byte	0x6b
 510 0184 05       		.byte	0x5
 511 0185 0C       		.uleb128 0xc
 512 0186 63030000 		.4byte	.LASF31
 513 018a 05       		.byte	0x5
 514 018b 1801     		.2byte	0x118
 515 018d 6B000000 		.4byte	0x6b
 516 0191 06       		.byte	0x6
 517 0192 0C       		.uleb128 0xc
 518 0193 05010000 		.4byte	.LASF32
 519 0197 05       		.byte	0x5
 520 0198 1E01     		.2byte	0x11e
 521 019a 6B000000 		.4byte	0x6b
 522 019e 07       		.byte	0x7
 523 019f 0C       		.uleb128 0xc
 524 01a0 8D000000 		.4byte	.LASF33
 525 01a4 05       		.byte	0x5
 526 01a5 2501     		.2byte	0x125
 527 01a7 C5000000 		.4byte	0xc5
 528 01ab 08       		.byte	0x8
 529 01ac 0C       		.uleb128 0xc
 530 01ad D5000000 		.4byte	.LASF34
 531 01b1 05       		.byte	0x5
 532 01b2 2C01     		.2byte	0x12c
 533 01b4 39010000 		.4byte	0x139
 534 01b8 09       		.byte	0x9
 535 01b9 0C       		.uleb128 0xc
 536 01ba 6A000000 		.4byte	.LASF35
 537 01be 05       		.byte	0x5
 538 01bf 3101     		.2byte	0x131
 539 01c1 6B000000 		.4byte	0x6b
 540 01c5 0A       		.byte	0xa
 541 01c6 0C       		.uleb128 0xc
 542 01c7 90020000 		.4byte	.LASF36
 543 01cb 05       		.byte	0x5
 544 01cc 3901     		.2byte	0x139
 545 01ce 77000000 		.4byte	0x77
 546 01d2 0C       		.byte	0xc
 547 01d3 0C       		.uleb128 0xc
 548 01d4 10020000 		.4byte	.LASF37
 549 01d8 05       		.byte	0x5
 550 01d9 3E01     		.2byte	0x13e
 551 01db 6B000000 		.4byte	0x6b
 552 01df 0E       		.byte	0xe
 553 01e0 0C       		.uleb128 0xc
 554 01e1 9D020000 		.4byte	.LASF38
 555 01e5 05       		.byte	0x5
 556 01e6 4401     		.2byte	0x144
 557 01e8 77000000 		.4byte	0x77
 558 01ec 10       		.byte	0x10
 559 01ed 0C       		.uleb128 0xc
 560 01ee 4E050000 		.4byte	.LASF39
 561 01f2 05       		.byte	0x5
 562 01f3 4901     		.2byte	0x149
 563 01f5 77000000 		.4byte	0x77
 564 01f9 12       		.byte	0x12
 565 01fa 00       		.byte	0
ARM GAS  C:\Users\adm\AppData\Local\Temp\ccFuHAF0.s 			page 15


 566 01fb 04       		.uleb128 0x4
 567 01fc E7000000 		.4byte	.LASF40
 568 0200 05       		.byte	0x5
 569 0201 4A01     		.2byte	0x14a
 570 0203 49010000 		.4byte	0x149
 571 0207 0D       		.uleb128 0xd
 572 0208 3C       		.byte	0x3c
 573 0209 05       		.byte	0x5
 574 020a 5001     		.2byte	0x150
 575 020c 38020000 		.4byte	0x238
 576 0210 0C       		.uleb128 0xc
 577 0211 62000000 		.4byte	.LASF41
 578 0215 05       		.byte	0x5
 579 0216 5501     		.2byte	0x155
 580 0218 FB010000 		.4byte	0x1fb
 581 021c 00       		.byte	0
 582 021d 0C       		.uleb128 0xc
 583 021e DE050000 		.4byte	.LASF42
 584 0222 05       		.byte	0x5
 585 0223 5A01     		.2byte	0x15a
 586 0225 FB010000 		.4byte	0x1fb
 587 0229 14       		.byte	0x14
 588 022a 0C       		.uleb128 0xc
 589 022b E6050000 		.4byte	.LASF43
 590 022f 05       		.byte	0x5
 591 0230 5F01     		.2byte	0x15f
 592 0232 FB010000 		.4byte	0x1fb
 593 0236 28       		.byte	0x28
 594 0237 00       		.byte	0
 595 0238 04       		.uleb128 0x4
 596 0239 A7020000 		.4byte	.LASF44
 597 023d 05       		.byte	0x5
 598 023e 6001     		.2byte	0x160
 599 0240 07020000 		.4byte	0x207
 600 0244 0D       		.uleb128 0xd
 601 0245 0A       		.byte	0xa
 602 0246 05       		.byte	0x5
 603 0247 6601     		.2byte	0x166
 604 0249 9C020000 		.4byte	0x29c
 605 024d 0E       		.uleb128 0xe
 606 024e 72617700 		.ascii	"raw\000"
 607 0252 05       		.byte	0x5
 608 0253 6B01     		.2byte	0x16b
 609 0255 9C020000 		.4byte	0x29c
 610 0259 00       		.byte	0
 611 025a 0C       		.uleb128 0xc
 612 025b 54000000 		.4byte	.LASF45
 613 025f 05       		.byte	0x5
 614 0260 7001     		.2byte	0x170
 615 0262 9C020000 		.4byte	0x29c
 616 0266 02       		.byte	0x2
 617 0267 0C       		.uleb128 0xc
 618 0268 77050000 		.4byte	.LASF46
 619 026c 05       		.byte	0x5
 620 026d 7601     		.2byte	0x176
 621 026f 39010000 		.4byte	0x139
 622 0273 04       		.byte	0x4
ARM GAS  C:\Users\adm\AppData\Local\Temp\ccFuHAF0.s 			page 16


 623 0274 0C       		.uleb128 0xc
 624 0275 8B060000 		.4byte	.LASF47
 625 0279 05       		.byte	0x5
 626 027a 7B01     		.2byte	0x17b
 627 027c B9000000 		.4byte	0xb9
 628 0280 06       		.byte	0x6
 629 0281 0C       		.uleb128 0xc
 630 0282 32030000 		.4byte	.LASF48
 631 0286 05       		.byte	0x5
 632 0287 8001     		.2byte	0x180
 633 0289 AC020000 		.4byte	0x2ac
 634 028d 08       		.byte	0x8
 635 028e 0C       		.uleb128 0xc
 636 028f E7010000 		.4byte	.LASF49
 637 0293 05       		.byte	0x5
 638 0294 8501     		.2byte	0x185
 639 0296 39010000 		.4byte	0x139
 640 029a 09       		.byte	0x9
 641 029b 00       		.byte	0
 642 029c 0A       		.uleb128 0xa
 643 029d 77000000 		.4byte	0x77
 644 02a1 AC020000 		.4byte	0x2ac
 645 02a5 0B       		.uleb128 0xb
 646 02a6 B0000000 		.4byte	0xb0
 647 02aa 00       		.byte	0
 648 02ab 00       		.byte	0
 649 02ac 0A       		.uleb128 0xa
 650 02ad C5000000 		.4byte	0xc5
 651 02b1 BC020000 		.4byte	0x2bc
 652 02b5 0B       		.uleb128 0xb
 653 02b6 B0000000 		.4byte	0xb0
 654 02ba 00       		.byte	0
 655 02bb 00       		.byte	0
 656 02bc 04       		.uleb128 0x4
 657 02bd 83040000 		.4byte	.LASF50
 658 02c1 05       		.byte	0x5
 659 02c2 8601     		.2byte	0x186
 660 02c4 44020000 		.4byte	0x244
 661 02c8 0D       		.uleb128 0xd
 662 02c9 1E       		.byte	0x1e
 663 02ca 05       		.byte	0x5
 664 02cb 8C01     		.2byte	0x18c
 665 02cd F9020000 		.4byte	0x2f9
 666 02d1 0C       		.uleb128 0xc
 667 02d2 62000000 		.4byte	.LASF41
 668 02d6 05       		.byte	0x5
 669 02d7 9101     		.2byte	0x191
 670 02d9 F9020000 		.4byte	0x2f9
 671 02dd 00       		.byte	0
 672 02de 0C       		.uleb128 0xc
 673 02df DE050000 		.4byte	.LASF42
 674 02e3 05       		.byte	0x5
 675 02e4 9601     		.2byte	0x196
 676 02e6 F9020000 		.4byte	0x2f9
 677 02ea 0A       		.byte	0xa
 678 02eb 0C       		.uleb128 0xc
 679 02ec E6050000 		.4byte	.LASF43
ARM GAS  C:\Users\adm\AppData\Local\Temp\ccFuHAF0.s 			page 17


 680 02f0 05       		.byte	0x5
 681 02f1 9B01     		.2byte	0x19b
 682 02f3 F9020000 		.4byte	0x2f9
 683 02f7 14       		.byte	0x14
 684 02f8 00       		.byte	0
 685 02f9 0A       		.uleb128 0xa
 686 02fa BC020000 		.4byte	0x2bc
 687 02fe 09030000 		.4byte	0x309
 688 0302 0B       		.uleb128 0xb
 689 0303 B0000000 		.4byte	0xb0
 690 0307 00       		.byte	0
 691 0308 00       		.byte	0
 692 0309 04       		.uleb128 0x4
 693 030a E8030000 		.4byte	.LASF51
 694 030e 05       		.byte	0x5
 695 030f 9C01     		.2byte	0x19c
 696 0311 C8020000 		.4byte	0x2c8
 697 0315 0D       		.uleb128 0xd
 698 0316 84       		.byte	0x84
 699 0317 05       		.byte	0x5
 700 0318 A201     		.2byte	0x1a2
 701 031a 16040000 		.4byte	0x416
 702 031e 0C       		.uleb128 0xc
 703 031f 4C010000 		.4byte	.LASF52
 704 0323 05       		.byte	0x5
 705 0324 A901     		.2byte	0x1a9
 706 0326 77000000 		.4byte	0x77
 707 032a 00       		.byte	0
 708 032b 0C       		.uleb128 0xc
 709 032c 58020000 		.4byte	.LASF53
 710 0330 05       		.byte	0x5
 711 0331 AE01     		.2byte	0x1ae
 712 0333 77000000 		.4byte	0x77
 713 0337 02       		.byte	0x2
 714 0338 0C       		.uleb128 0xc
 715 0339 A7050000 		.4byte	.LASF54
 716 033d 05       		.byte	0x5
 717 033e B301     		.2byte	0x1b3
 718 0340 77000000 		.4byte	0x77
 719 0344 04       		.byte	0x4
 720 0345 0C       		.uleb128 0xc
 721 0346 75030000 		.4byte	.LASF55
 722 034a 05       		.byte	0x5
 723 034b B901     		.2byte	0x1b9
 724 034d 77000000 		.4byte	0x77
 725 0351 06       		.byte	0x6
 726 0352 0C       		.uleb128 0xc
 727 0353 16050000 		.4byte	.LASF56
 728 0357 05       		.byte	0x5
 729 0358 BE01     		.2byte	0x1be
 730 035a 77000000 		.4byte	0x77
 731 035e 08       		.byte	0x8
 732 035f 0C       		.uleb128 0xc
 733 0360 B6040000 		.4byte	.LASF57
 734 0364 05       		.byte	0x5
 735 0365 C301     		.2byte	0x1c3
 736 0367 A4000000 		.4byte	0xa4
ARM GAS  C:\Users\adm\AppData\Local\Temp\ccFuHAF0.s 			page 18


 737 036b 0C       		.byte	0xc
 738 036c 0C       		.uleb128 0xc
 739 036d 57040000 		.4byte	.LASF58
 740 0371 05       		.byte	0x5
 741 0372 C901     		.2byte	0x1c9
 742 0374 16040000 		.4byte	0x416
 743 0378 10       		.byte	0x10
 744 0379 0C       		.uleb128 0xc
 745 037a 8A030000 		.4byte	.LASF59
 746 037e 05       		.byte	0x5
 747 037f D001     		.2byte	0x1d0
 748 0381 16040000 		.4byte	0x416
 749 0385 14       		.byte	0x14
 750 0386 0C       		.uleb128 0xc
 751 0387 79060000 		.4byte	.LASF60
 752 038b 05       		.byte	0x5
 753 038c E001     		.2byte	0x1e0
 754 038e 26040000 		.4byte	0x426
 755 0392 18       		.byte	0x18
 756 0393 0C       		.uleb128 0xc
 757 0394 F0010000 		.4byte	.LASF61
 758 0398 05       		.byte	0x5
 759 0399 E601     		.2byte	0x1e6
 760 039b 77000000 		.4byte	0x77
 761 039f 1C       		.byte	0x1c
 762 03a0 0C       		.uleb128 0xc
 763 03a1 0C050000 		.4byte	.LASF62
 764 03a5 05       		.byte	0x5
 765 03a6 EB01     		.2byte	0x1eb
 766 03a8 6B000000 		.4byte	0x6b
 767 03ac 1E       		.byte	0x1e
 768 03ad 0C       		.uleb128 0xc
 769 03ae 16000000 		.4byte	.LASF63
 770 03b2 05       		.byte	0x5
 771 03b3 F001     		.2byte	0x1f0
 772 03b5 38020000 		.4byte	0x238
 773 03b9 20       		.byte	0x20
 774 03ba 0C       		.uleb128 0xc
 775 03bb F7040000 		.4byte	.LASF64
 776 03bf 05       		.byte	0x5
 777 03c0 F501     		.2byte	0x1f5
 778 03c2 09030000 		.4byte	0x309
 779 03c6 5C       		.byte	0x5c
 780 03c7 0C       		.uleb128 0xc
 781 03c8 38060000 		.4byte	.LASF65
 782 03cc 05       		.byte	0x5
 783 03cd FA01     		.2byte	0x1fa
 784 03cf 6B000000 		.4byte	0x6b
 785 03d3 7A       		.byte	0x7a
 786 03d4 0C       		.uleb128 0xc
 787 03d5 C3020000 		.4byte	.LASF66
 788 03d9 05       		.byte	0x5
 789 03da FF01     		.2byte	0x1ff
 790 03dc 6B000000 		.4byte	0x6b
 791 03e0 7B       		.byte	0x7b
 792 03e1 0C       		.uleb128 0xc
 793 03e2 C6040000 		.4byte	.LASF67
ARM GAS  C:\Users\adm\AppData\Local\Temp\ccFuHAF0.s 			page 19


 794 03e6 05       		.byte	0x5
 795 03e7 0402     		.2byte	0x204
 796 03e9 77000000 		.4byte	0x77
 797 03ed 7C       		.byte	0x7c
 798 03ee 0C       		.uleb128 0xc
 799 03ef 1F000000 		.4byte	.LASF68
 800 03f3 05       		.byte	0x5
 801 03f4 0902     		.2byte	0x209
 802 03f6 9C020000 		.4byte	0x29c
 803 03fa 7E       		.byte	0x7e
 804 03fb 0C       		.uleb128 0xc
 805 03fc 5C050000 		.4byte	.LASF69
 806 0400 05       		.byte	0x5
 807 0401 0E02     		.2byte	0x20e
 808 0403 6B000000 		.4byte	0x6b
 809 0407 80       		.byte	0x80
 810 0408 0C       		.uleb128 0xc
 811 0409 2F000000 		.4byte	.LASF70
 812 040d 05       		.byte	0x5
 813 040e 1302     		.2byte	0x213
 814 0410 6B000000 		.4byte	0x6b
 815 0414 81       		.byte	0x81
 816 0415 00       		.byte	0
 817 0416 0A       		.uleb128 0xa
 818 0417 83000000 		.4byte	0x83
 819 041b 26040000 		.4byte	0x426
 820 041f 0B       		.uleb128 0xb
 821 0420 B0000000 		.4byte	0xb0
 822 0424 00       		.byte	0
 823 0425 00       		.byte	0
 824 0426 0A       		.uleb128 0xa
 825 0427 6B000000 		.4byte	0x6b
 826 042b 36040000 		.4byte	0x436
 827 042f 0B       		.uleb128 0xb
 828 0430 B0000000 		.4byte	0xb0
 829 0434 02       		.byte	0x2
 830 0435 00       		.byte	0
 831 0436 04       		.uleb128 0x4
 832 0437 3A050000 		.4byte	.LASF71
 833 043b 05       		.byte	0x5
 834 043c 1402     		.2byte	0x214
 835 043e 15030000 		.4byte	0x315
 836 0442 0D       		.uleb128 0xd
 837 0443 20       		.byte	0x20
 838 0444 05       		.byte	0x5
 839 0445 7B02     		.2byte	0x27b
 840 0447 CE040000 		.4byte	0x4ce
 841 044b 0C       		.uleb128 0xc
 842 044c FF040000 		.4byte	.LASF72
 843 0450 05       		.byte	0x5
 844 0451 8402     		.2byte	0x284
 845 0453 CE040000 		.4byte	0x4ce
 846 0457 00       		.byte	0
 847 0458 0C       		.uleb128 0xc
 848 0459 40030000 		.4byte	.LASF73
 849 045d 05       		.byte	0x5
 850 045e 8B02     		.2byte	0x28b
ARM GAS  C:\Users\adm\AppData\Local\Temp\ccFuHAF0.s 			page 20


 851 0460 B7000000 		.4byte	0xb7
 852 0464 04       		.byte	0x4
 853 0465 0C       		.uleb128 0xc
 854 0466 D3050000 		.4byte	.LASF74
 855 046a 05       		.byte	0x5
 856 046b 9102     		.2byte	0x291
 857 046d D5040000 		.4byte	0x4d5
 858 0471 08       		.byte	0x8
 859 0472 0C       		.uleb128 0xc
 860 0473 EE050000 		.4byte	.LASF75
 861 0477 05       		.byte	0x5
 862 0478 9702     		.2byte	0x297
 863 047a B7000000 		.4byte	0xb7
 864 047e 0C       		.byte	0xc
 865 047f 0C       		.uleb128 0xc
 866 0480 7A020000 		.4byte	.LASF76
 867 0484 05       		.byte	0x5
 868 0485 9E02     		.2byte	0x29e
 869 0487 DB040000 		.4byte	0x4db
 870 048b 10       		.byte	0x10
 871 048c 0C       		.uleb128 0xc
 872 048d 1C040000 		.4byte	.LASF77
 873 0491 05       		.byte	0x5
 874 0492 A302     		.2byte	0x2a3
 875 0494 83000000 		.4byte	0x83
 876 0498 14       		.byte	0x14
 877 0499 0C       		.uleb128 0xc
 878 049a AE000000 		.4byte	.LASF78
 879 049e 05       		.byte	0x5
 880 049f AA02     		.2byte	0x2aa
 881 04a1 77000000 		.4byte	0x77
 882 04a5 18       		.byte	0x18
 883 04a6 0C       		.uleb128 0xc
 884 04a7 F8020000 		.4byte	.LASF79
 885 04ab 05       		.byte	0x5
 886 04ac B102     		.2byte	0x2b1
 887 04ae 6B000000 		.4byte	0x6b
 888 04b2 1A       		.byte	0x1a
 889 04b3 0C       		.uleb128 0xc
 890 04b4 5B030000 		.4byte	.LASF80
 891 04b8 05       		.byte	0x5
 892 04b9 BB02     		.2byte	0x2bb
 893 04bb 6B000000 		.4byte	0x6b
 894 04bf 1B       		.byte	0x1b
 895 04c0 0C       		.uleb128 0xc
 896 04c1 90060000 		.4byte	.LASF81
 897 04c5 05       		.byte	0x5
 898 04c6 C302     		.2byte	0x2c3
 899 04c8 E1040000 		.4byte	0x4e1
 900 04cc 1C       		.byte	0x1c
 901 04cd 00       		.byte	0
 902 04ce 0F       		.uleb128 0xf
 903 04cf 04       		.byte	0x4
 904 04d0 D4040000 		.4byte	0x4d4
 905 04d4 10       		.uleb128 0x10
 906 04d5 0F       		.uleb128 0xf
 907 04d6 04       		.byte	0x4
ARM GAS  C:\Users\adm\AppData\Local\Temp\ccFuHAF0.s 			page 21


 908 04d7 BC020000 		.4byte	0x2bc
 909 04db 0F       		.uleb128 0xf
 910 04dc 04       		.byte	0x4
 911 04dd 6B000000 		.4byte	0x6b
 912 04e1 0F       		.uleb128 0xf
 913 04e2 04       		.byte	0x4
 914 04e3 2E010000 		.4byte	0x12e
 915 04e7 04       		.uleb128 0x4
 916 04e8 33010000 		.4byte	.LASF82
 917 04ec 05       		.byte	0x5
 918 04ed C402     		.2byte	0x2c4
 919 04ef 42040000 		.4byte	0x442
 920 04f3 0D       		.uleb128 0xd
 921 04f4 60       		.byte	0x60
 922 04f5 05       		.byte	0x5
 923 04f6 CA02     		.2byte	0x2ca
 924 04f8 0A050000 		.4byte	0x50a
 925 04fc 0C       		.uleb128 0xc
 926 04fd FE050000 		.4byte	.LASF83
 927 0501 05       		.byte	0x5
 928 0502 CF02     		.2byte	0x2cf
 929 0504 0A050000 		.4byte	0x50a
 930 0508 00       		.byte	0
 931 0509 00       		.byte	0
 932 050a 0A       		.uleb128 0xa
 933 050b E7040000 		.4byte	0x4e7
 934 050f 1A050000 		.4byte	0x51a
 935 0513 0B       		.uleb128 0xb
 936 0514 B0000000 		.4byte	0xb0
 937 0518 02       		.byte	0x2
 938 0519 00       		.byte	0
 939 051a 04       		.uleb128 0x4
 940 051b 00000000 		.4byte	.LASF84
 941 051f 05       		.byte	0x5
 942 0520 D002     		.2byte	0x2d0
 943 0522 F3040000 		.4byte	0x4f3
 944 0526 11       		.uleb128 0x11
 945 0527 01       		.byte	0x1
 946 0528 2C000000 		.4byte	0x2c
 947 052c 06       		.byte	0x6
 948 052d 2E       		.byte	0x2e
 949 052e 5D050000 		.4byte	0x55d
 950 0532 12       		.uleb128 0x12
 951 0533 2B020000 		.4byte	.LASF85
 952 0537 00       		.byte	0
 953 0538 12       		.uleb128 0x12
 954 0539 69040000 		.4byte	.LASF86
 955 053d 01       		.byte	0x1
 956 053e 12       		.uleb128 0x12
 957 053f BA050000 		.4byte	.LASF87
 958 0543 02       		.byte	0x2
 959 0544 12       		.uleb128 0x12
 960 0545 19010000 		.4byte	.LASF88
 961 0549 03       		.byte	0x3
 962 054a 12       		.uleb128 0x12
 963 054b 7F050000 		.4byte	.LASF89
 964 054f 04       		.byte	0x4
ARM GAS  C:\Users\adm\AppData\Local\Temp\ccFuHAF0.s 			page 22


 965 0550 12       		.uleb128 0x12
 966 0551 D3020000 		.4byte	.LASF90
 967 0555 05       		.byte	0x5
 968 0556 12       		.uleb128 0x12
 969 0557 BA000000 		.4byte	.LASF91
 970 055b 06       		.byte	0x6
 971 055c 00       		.byte	0
 972 055d 09       		.uleb128 0x9
 973 055e 78000000 		.4byte	.LASF92
 974 0562 06       		.byte	0x6
 975 0563 36       		.byte	0x36
 976 0564 26050000 		.4byte	0x526
 977 0568 13       		.uleb128 0x13
 978 0569 3E000000 		.4byte	.LASF110
 979 056d 01       		.byte	0x1
 980 056e 44       		.byte	0x44
 981 056f 00000000 		.4byte	.LFB1
 982 0573 14000000 		.4byte	.LFE1-.LFB1
 983 0577 01       		.uleb128 0x1
 984 0578 9C       		.byte	0x9c
 985 0579 89050000 		.4byte	0x589
 986 057d 14       		.uleb128 0x14
 987 057e 9E050000 		.4byte	.LASF99
 988 0582 01       		.byte	0x1
 989 0583 46       		.byte	0x46
 990 0584 89050000 		.4byte	0x589
 991 0588 00       		.byte	0
 992 0589 0F       		.uleb128 0xf
 993 058a 04       		.byte	0x4
 994 058b 8F050000 		.4byte	0x58f
 995 058f 05       		.uleb128 0x5
 996 0590 36040000 		.4byte	0x436
 997 0594 15       		.uleb128 0x15
 998 0595 68020000 		.4byte	.LASF111
 999 0599 01       		.byte	0x1
 1000 059a 73       		.byte	0x73
 1001 059b 83000000 		.4byte	0x83
 1002 059f 00000000 		.4byte	.LFB2
 1003 05a3 10010000 		.4byte	.LFE2-.LFB2
 1004 05a7 01       		.uleb128 0x1
 1005 05a8 9C       		.byte	0x9c
 1006 05a9 61060000 		.4byte	0x661
 1007 05ad 16       		.uleb128 0x16
 1008 05ae 2B050000 		.4byte	.LASF93
 1009 05b2 01       		.byte	0x1
 1010 05b3 75       		.byte	0x75
 1011 05b4 6B000000 		.4byte	0x6b
 1012 05b8 00000000 		.4byte	.LLST0
 1013 05bc 16       		.uleb128 0x16
 1014 05bd BD040000 		.4byte	.LASF94
 1015 05c1 01       		.byte	0x1
 1016 05c2 76       		.byte	0x76
 1017 05c3 83000000 		.4byte	0x83
 1018 05c7 29000000 		.4byte	.LLST1
 1019 05cb 16       		.uleb128 0x16
 1020 05cc 59000000 		.4byte	.LASF95
 1021 05d0 01       		.byte	0x1
ARM GAS  C:\Users\adm\AppData\Local\Temp\ccFuHAF0.s 			page 23


 1022 05d1 77       		.byte	0x77
 1023 05d2 83000000 		.4byte	0x83
 1024 05d6 3C000000 		.4byte	.LLST2
 1025 05da 16       		.uleb128 0x16
 1026 05db AF050000 		.4byte	.LASF96
 1027 05df 01       		.byte	0x1
 1028 05e0 78       		.byte	0x78
 1029 05e1 83000000 		.4byte	0x83
 1030 05e5 4F000000 		.4byte	.LLST3
 1031 05e9 16       		.uleb128 0x16
 1032 05ea 83060000 		.4byte	.LASF97
 1033 05ee 01       		.byte	0x1
 1034 05ef 79       		.byte	0x79
 1035 05f0 5D050000 		.4byte	0x55d
 1036 05f4 0F010000 		.4byte	.LLST4
 1037 05f8 16       		.uleb128 0x16
 1038 05f9 6D060000 		.4byte	.LASF98
 1039 05fd 01       		.byte	0x1
 1040 05fe 7A       		.byte	0x7a
 1041 05ff 83000000 		.4byte	0x83
 1042 0603 22010000 		.4byte	.LLST5
 1043 0607 14       		.uleb128 0x14
 1044 0608 9E050000 		.4byte	.LASF99
 1045 060c 01       		.byte	0x1
 1046 060d 7C       		.byte	0x7c
 1047 060e 89050000 		.4byte	0x589
 1048 0612 16       		.uleb128 0x16
 1049 0613 95030000 		.4byte	.LASF100
 1050 0617 01       		.byte	0x1
 1051 0618 7D       		.byte	0x7d
 1052 0619 61060000 		.4byte	0x661
 1053 061d 63010000 		.4byte	.LLST6
 1054 0621 17       		.uleb128 0x17
 1055 0622 12000000 		.4byte	.LVL3
 1056 0626 9A060000 		.4byte	0x69a
 1057 062a 17       		.uleb128 0x17
 1058 062b 1C000000 		.4byte	.LVL4
 1059 062f A5060000 		.4byte	0x6a5
 1060 0633 17       		.uleb128 0x17
 1061 0634 46000000 		.4byte	.LVL10
 1062 0638 B0060000 		.4byte	0x6b0
 1063 063c 17       		.uleb128 0x17
 1064 063d 76000000 		.4byte	.LVL19
 1065 0641 9A060000 		.4byte	0x69a
 1066 0645 17       		.uleb128 0x17
 1067 0646 90000000 		.4byte	.LVL20
 1068 064a A5060000 		.4byte	0x6a5
 1069 064e 17       		.uleb128 0x17
 1070 064f E0000000 		.4byte	.LVL29
 1071 0653 9A060000 		.4byte	0x69a
 1072 0657 17       		.uleb128 0x17
 1073 0658 F6000000 		.4byte	.LVL30
 1074 065c A5060000 		.4byte	0x6a5
 1075 0660 00       		.byte	0
 1076 0661 0F       		.uleb128 0xf
 1077 0662 04       		.byte	0x4
 1078 0663 67060000 		.4byte	0x667
ARM GAS  C:\Users\adm\AppData\Local\Temp\ccFuHAF0.s 			page 24


 1079 0667 05       		.uleb128 0x5
 1080 0668 BC020000 		.4byte	0x2bc
 1081 066c 18       		.uleb128 0x18
 1082 066d 67050000 		.4byte	.LASF101
 1083 0671 01       		.byte	0x1
 1084 0672 35       		.byte	0x35
 1085 0673 83000000 		.4byte	0x83
 1086 0677 05       		.uleb128 0x5
 1087 0678 03       		.byte	0x3
 1088 0679 00000000 		.4byte	tunerFsm
 1089 067d 19       		.uleb128 0x19
 1090 067e 4C030000 		.4byte	.LASF102
 1091 0682 05       		.byte	0x5
 1092 0683 6404     		.2byte	0x464
 1093 0685 36040000 		.4byte	0x436
 1094 0689 19       		.uleb128 0x19
 1095 068a 27060000 		.4byte	.LASF103
 1096 068e 05       		.byte	0x5
 1097 068f 6504     		.2byte	0x465
 1098 0691 95060000 		.4byte	0x695
 1099 0695 1A       		.uleb128 0x1a
 1100 0696 1A050000 		.4byte	0x51a
 1101 069a 1B       		.uleb128 0x1b
 1102 069b 9F030000 		.4byte	.LASF104
 1103 069f 9F030000 		.4byte	.LASF104
 1104 06a3 07       		.byte	0x7
 1105 06a4 F8       		.byte	0xf8
 1106 06a5 1B       		.uleb128 0x1b
 1107 06a6 98000000 		.4byte	.LASF105
 1108 06aa 98000000 		.4byte	.LASF105
 1109 06ae 07       		.byte	0x7
 1110 06af F9       		.byte	0xf9
 1111 06b0 1B       		.uleb128 0x1b
 1112 06b1 29040000 		.4byte	.LASF106
 1113 06b5 29040000 		.4byte	.LASF106
 1114 06b9 08       		.byte	0x8
 1115 06ba 3B       		.byte	0x3b
 1116 06bb 00       		.byte	0
 1117              		.section	.debug_abbrev,"",%progbits
 1118              	.Ldebug_abbrev0:
 1119 0000 01       		.uleb128 0x1
 1120 0001 11       		.uleb128 0x11
 1121 0002 01       		.byte	0x1
 1122 0003 25       		.uleb128 0x25
 1123 0004 0E       		.uleb128 0xe
 1124 0005 13       		.uleb128 0x13
 1125 0006 0B       		.uleb128 0xb
 1126 0007 03       		.uleb128 0x3
 1127 0008 0E       		.uleb128 0xe
 1128 0009 1B       		.uleb128 0x1b
 1129 000a 0E       		.uleb128 0xe
 1130 000b 55       		.uleb128 0x55
 1131 000c 17       		.uleb128 0x17
 1132 000d 11       		.uleb128 0x11
 1133 000e 01       		.uleb128 0x1
 1134 000f 10       		.uleb128 0x10
 1135 0010 17       		.uleb128 0x17
ARM GAS  C:\Users\adm\AppData\Local\Temp\ccFuHAF0.s 			page 25


 1136 0011 00       		.byte	0
 1137 0012 00       		.byte	0
 1138 0013 02       		.uleb128 0x2
 1139 0014 24       		.uleb128 0x24
 1140 0015 00       		.byte	0
 1141 0016 0B       		.uleb128 0xb
 1142 0017 0B       		.uleb128 0xb
 1143 0018 3E       		.uleb128 0x3e
 1144 0019 0B       		.uleb128 0xb
 1145 001a 03       		.uleb128 0x3
 1146 001b 0E       		.uleb128 0xe
 1147 001c 00       		.byte	0
 1148 001d 00       		.byte	0
 1149 001e 03       		.uleb128 0x3
 1150 001f 24       		.uleb128 0x24
 1151 0020 00       		.byte	0
 1152 0021 0B       		.uleb128 0xb
 1153 0022 0B       		.uleb128 0xb
 1154 0023 3E       		.uleb128 0x3e
 1155 0024 0B       		.uleb128 0xb
 1156 0025 03       		.uleb128 0x3
 1157 0026 08       		.uleb128 0x8
 1158 0027 00       		.byte	0
 1159 0028 00       		.byte	0
 1160 0029 04       		.uleb128 0x4
 1161 002a 16       		.uleb128 0x16
 1162 002b 00       		.byte	0
 1163 002c 03       		.uleb128 0x3
 1164 002d 0E       		.uleb128 0xe
 1165 002e 3A       		.uleb128 0x3a
 1166 002f 0B       		.uleb128 0xb
 1167 0030 3B       		.uleb128 0x3b
 1168 0031 05       		.uleb128 0x5
 1169 0032 49       		.uleb128 0x49
 1170 0033 13       		.uleb128 0x13
 1171 0034 00       		.byte	0
 1172 0035 00       		.byte	0
 1173 0036 05       		.uleb128 0x5
 1174 0037 35       		.uleb128 0x35
 1175 0038 00       		.byte	0
 1176 0039 49       		.uleb128 0x49
 1177 003a 13       		.uleb128 0x13
 1178 003b 00       		.byte	0
 1179 003c 00       		.byte	0
 1180 003d 06       		.uleb128 0x6
 1181 003e 0F       		.uleb128 0xf
 1182 003f 00       		.byte	0
 1183 0040 0B       		.uleb128 0xb
 1184 0041 0B       		.uleb128 0xb
 1185 0042 00       		.byte	0
 1186 0043 00       		.byte	0
 1187 0044 07       		.uleb128 0x7
 1188 0045 13       		.uleb128 0x13
 1189 0046 01       		.byte	0x1
 1190 0047 0B       		.uleb128 0xb
 1191 0048 0B       		.uleb128 0xb
 1192 0049 3A       		.uleb128 0x3a
ARM GAS  C:\Users\adm\AppData\Local\Temp\ccFuHAF0.s 			page 26


 1193 004a 0B       		.uleb128 0xb
 1194 004b 3B       		.uleb128 0x3b
 1195 004c 0B       		.uleb128 0xb
 1196 004d 01       		.uleb128 0x1
 1197 004e 13       		.uleb128 0x13
 1198 004f 00       		.byte	0
 1199 0050 00       		.byte	0
 1200 0051 08       		.uleb128 0x8
 1201 0052 0D       		.uleb128 0xd
 1202 0053 00       		.byte	0
 1203 0054 03       		.uleb128 0x3
 1204 0055 0E       		.uleb128 0xe
 1205 0056 3A       		.uleb128 0x3a
 1206 0057 0B       		.uleb128 0xb
 1207 0058 3B       		.uleb128 0x3b
 1208 0059 0B       		.uleb128 0xb
 1209 005a 49       		.uleb128 0x49
 1210 005b 13       		.uleb128 0x13
 1211 005c 38       		.uleb128 0x38
 1212 005d 0B       		.uleb128 0xb
 1213 005e 00       		.byte	0
 1214 005f 00       		.byte	0
 1215 0060 09       		.uleb128 0x9
 1216 0061 16       		.uleb128 0x16
 1217 0062 00       		.byte	0
 1218 0063 03       		.uleb128 0x3
 1219 0064 0E       		.uleb128 0xe
 1220 0065 3A       		.uleb128 0x3a
 1221 0066 0B       		.uleb128 0xb
 1222 0067 3B       		.uleb128 0x3b
 1223 0068 0B       		.uleb128 0xb
 1224 0069 49       		.uleb128 0x49
 1225 006a 13       		.uleb128 0x13
 1226 006b 00       		.byte	0
 1227 006c 00       		.byte	0
 1228 006d 0A       		.uleb128 0xa
 1229 006e 01       		.uleb128 0x1
 1230 006f 01       		.byte	0x1
 1231 0070 49       		.uleb128 0x49
 1232 0071 13       		.uleb128 0x13
 1233 0072 01       		.uleb128 0x1
 1234 0073 13       		.uleb128 0x13
 1235 0074 00       		.byte	0
 1236 0075 00       		.byte	0
 1237 0076 0B       		.uleb128 0xb
 1238 0077 21       		.uleb128 0x21
 1239 0078 00       		.byte	0
 1240 0079 49       		.uleb128 0x49
 1241 007a 13       		.uleb128 0x13
 1242 007b 2F       		.uleb128 0x2f
 1243 007c 0B       		.uleb128 0xb
 1244 007d 00       		.byte	0
 1245 007e 00       		.byte	0
 1246 007f 0C       		.uleb128 0xc
 1247 0080 0D       		.uleb128 0xd
 1248 0081 00       		.byte	0
 1249 0082 03       		.uleb128 0x3
ARM GAS  C:\Users\adm\AppData\Local\Temp\ccFuHAF0.s 			page 27


 1250 0083 0E       		.uleb128 0xe
 1251 0084 3A       		.uleb128 0x3a
 1252 0085 0B       		.uleb128 0xb
 1253 0086 3B       		.uleb128 0x3b
 1254 0087 05       		.uleb128 0x5
 1255 0088 49       		.uleb128 0x49
 1256 0089 13       		.uleb128 0x13
 1257 008a 38       		.uleb128 0x38
 1258 008b 0B       		.uleb128 0xb
 1259 008c 00       		.byte	0
 1260 008d 00       		.byte	0
 1261 008e 0D       		.uleb128 0xd
 1262 008f 13       		.uleb128 0x13
 1263 0090 01       		.byte	0x1
 1264 0091 0B       		.uleb128 0xb
 1265 0092 0B       		.uleb128 0xb
 1266 0093 3A       		.uleb128 0x3a
 1267 0094 0B       		.uleb128 0xb
 1268 0095 3B       		.uleb128 0x3b
 1269 0096 05       		.uleb128 0x5
 1270 0097 01       		.uleb128 0x1
 1271 0098 13       		.uleb128 0x13
 1272 0099 00       		.byte	0
 1273 009a 00       		.byte	0
 1274 009b 0E       		.uleb128 0xe
 1275 009c 0D       		.uleb128 0xd
 1276 009d 00       		.byte	0
 1277 009e 03       		.uleb128 0x3
 1278 009f 08       		.uleb128 0x8
 1279 00a0 3A       		.uleb128 0x3a
 1280 00a1 0B       		.uleb128 0xb
 1281 00a2 3B       		.uleb128 0x3b
 1282 00a3 05       		.uleb128 0x5
 1283 00a4 49       		.uleb128 0x49
 1284 00a5 13       		.uleb128 0x13
 1285 00a6 38       		.uleb128 0x38
 1286 00a7 0B       		.uleb128 0xb
 1287 00a8 00       		.byte	0
 1288 00a9 00       		.byte	0
 1289 00aa 0F       		.uleb128 0xf
 1290 00ab 0F       		.uleb128 0xf
 1291 00ac 00       		.byte	0
 1292 00ad 0B       		.uleb128 0xb
 1293 00ae 0B       		.uleb128 0xb
 1294 00af 49       		.uleb128 0x49
 1295 00b0 13       		.uleb128 0x13
 1296 00b1 00       		.byte	0
 1297 00b2 00       		.byte	0
 1298 00b3 10       		.uleb128 0x10
 1299 00b4 26       		.uleb128 0x26
 1300 00b5 00       		.byte	0
 1301 00b6 00       		.byte	0
 1302 00b7 00       		.byte	0
 1303 00b8 11       		.uleb128 0x11
 1304 00b9 04       		.uleb128 0x4
 1305 00ba 01       		.byte	0x1
 1306 00bb 0B       		.uleb128 0xb
ARM GAS  C:\Users\adm\AppData\Local\Temp\ccFuHAF0.s 			page 28


 1307 00bc 0B       		.uleb128 0xb
 1308 00bd 49       		.uleb128 0x49
 1309 00be 13       		.uleb128 0x13
 1310 00bf 3A       		.uleb128 0x3a
 1311 00c0 0B       		.uleb128 0xb
 1312 00c1 3B       		.uleb128 0x3b
 1313 00c2 0B       		.uleb128 0xb
 1314 00c3 01       		.uleb128 0x1
 1315 00c4 13       		.uleb128 0x13
 1316 00c5 00       		.byte	0
 1317 00c6 00       		.byte	0
 1318 00c7 12       		.uleb128 0x12
 1319 00c8 28       		.uleb128 0x28
 1320 00c9 00       		.byte	0
 1321 00ca 03       		.uleb128 0x3
 1322 00cb 0E       		.uleb128 0xe
 1323 00cc 1C       		.uleb128 0x1c
 1324 00cd 0B       		.uleb128 0xb
 1325 00ce 00       		.byte	0
 1326 00cf 00       		.byte	0
 1327 00d0 13       		.uleb128 0x13
 1328 00d1 2E       		.uleb128 0x2e
 1329 00d2 01       		.byte	0x1
 1330 00d3 3F       		.uleb128 0x3f
 1331 00d4 19       		.uleb128 0x19
 1332 00d5 03       		.uleb128 0x3
 1333 00d6 0E       		.uleb128 0xe
 1334 00d7 3A       		.uleb128 0x3a
 1335 00d8 0B       		.uleb128 0xb
 1336 00d9 3B       		.uleb128 0x3b
 1337 00da 0B       		.uleb128 0xb
 1338 00db 27       		.uleb128 0x27
 1339 00dc 19       		.uleb128 0x19
 1340 00dd 11       		.uleb128 0x11
 1341 00de 01       		.uleb128 0x1
 1342 00df 12       		.uleb128 0x12
 1343 00e0 06       		.uleb128 0x6
 1344 00e1 40       		.uleb128 0x40
 1345 00e2 18       		.uleb128 0x18
 1346 00e3 9742     		.uleb128 0x2117
 1347 00e5 19       		.uleb128 0x19
 1348 00e6 01       		.uleb128 0x1
 1349 00e7 13       		.uleb128 0x13
 1350 00e8 00       		.byte	0
 1351 00e9 00       		.byte	0
 1352 00ea 14       		.uleb128 0x14
 1353 00eb 34       		.uleb128 0x34
 1354 00ec 00       		.byte	0
 1355 00ed 03       		.uleb128 0x3
 1356 00ee 0E       		.uleb128 0xe
 1357 00ef 3A       		.uleb128 0x3a
 1358 00f0 0B       		.uleb128 0xb
 1359 00f1 3B       		.uleb128 0x3b
 1360 00f2 0B       		.uleb128 0xb
 1361 00f3 49       		.uleb128 0x49
 1362 00f4 13       		.uleb128 0x13
 1363 00f5 00       		.byte	0
ARM GAS  C:\Users\adm\AppData\Local\Temp\ccFuHAF0.s 			page 29


 1364 00f6 00       		.byte	0
 1365 00f7 15       		.uleb128 0x15
 1366 00f8 2E       		.uleb128 0x2e
 1367 00f9 01       		.byte	0x1
 1368 00fa 3F       		.uleb128 0x3f
 1369 00fb 19       		.uleb128 0x19
 1370 00fc 03       		.uleb128 0x3
 1371 00fd 0E       		.uleb128 0xe
 1372 00fe 3A       		.uleb128 0x3a
 1373 00ff 0B       		.uleb128 0xb
 1374 0100 3B       		.uleb128 0x3b
 1375 0101 0B       		.uleb128 0xb
 1376 0102 27       		.uleb128 0x27
 1377 0103 19       		.uleb128 0x19
 1378 0104 49       		.uleb128 0x49
 1379 0105 13       		.uleb128 0x13
 1380 0106 11       		.uleb128 0x11
 1381 0107 01       		.uleb128 0x1
 1382 0108 12       		.uleb128 0x12
 1383 0109 06       		.uleb128 0x6
 1384 010a 40       		.uleb128 0x40
 1385 010b 18       		.uleb128 0x18
 1386 010c 9742     		.uleb128 0x2117
 1387 010e 19       		.uleb128 0x19
 1388 010f 01       		.uleb128 0x1
 1389 0110 13       		.uleb128 0x13
 1390 0111 00       		.byte	0
 1391 0112 00       		.byte	0
 1392 0113 16       		.uleb128 0x16
 1393 0114 34       		.uleb128 0x34
 1394 0115 00       		.byte	0
 1395 0116 03       		.uleb128 0x3
 1396 0117 0E       		.uleb128 0xe
 1397 0118 3A       		.uleb128 0x3a
 1398 0119 0B       		.uleb128 0xb
 1399 011a 3B       		.uleb128 0x3b
 1400 011b 0B       		.uleb128 0xb
 1401 011c 49       		.uleb128 0x49
 1402 011d 13       		.uleb128 0x13
 1403 011e 02       		.uleb128 0x2
 1404 011f 17       		.uleb128 0x17
 1405 0120 00       		.byte	0
 1406 0121 00       		.byte	0
 1407 0122 17       		.uleb128 0x17
 1408 0123 898201   		.uleb128 0x4109
 1409 0126 00       		.byte	0
 1410 0127 11       		.uleb128 0x11
 1411 0128 01       		.uleb128 0x1
 1412 0129 31       		.uleb128 0x31
 1413 012a 13       		.uleb128 0x13
 1414 012b 00       		.byte	0
 1415 012c 00       		.byte	0
 1416 012d 18       		.uleb128 0x18
 1417 012e 34       		.uleb128 0x34
 1418 012f 00       		.byte	0
 1419 0130 03       		.uleb128 0x3
 1420 0131 0E       		.uleb128 0xe
ARM GAS  C:\Users\adm\AppData\Local\Temp\ccFuHAF0.s 			page 30


 1421 0132 3A       		.uleb128 0x3a
 1422 0133 0B       		.uleb128 0xb
 1423 0134 3B       		.uleb128 0x3b
 1424 0135 0B       		.uleb128 0xb
 1425 0136 49       		.uleb128 0x49
 1426 0137 13       		.uleb128 0x13
 1427 0138 02       		.uleb128 0x2
 1428 0139 18       		.uleb128 0x18
 1429 013a 00       		.byte	0
 1430 013b 00       		.byte	0
 1431 013c 19       		.uleb128 0x19
 1432 013d 34       		.uleb128 0x34
 1433 013e 00       		.byte	0
 1434 013f 03       		.uleb128 0x3
 1435 0140 0E       		.uleb128 0xe
 1436 0141 3A       		.uleb128 0x3a
 1437 0142 0B       		.uleb128 0xb
 1438 0143 3B       		.uleb128 0x3b
 1439 0144 05       		.uleb128 0x5
 1440 0145 49       		.uleb128 0x49
 1441 0146 13       		.uleb128 0x13
 1442 0147 3F       		.uleb128 0x3f
 1443 0148 19       		.uleb128 0x19
 1444 0149 3C       		.uleb128 0x3c
 1445 014a 19       		.uleb128 0x19
 1446 014b 00       		.byte	0
 1447 014c 00       		.byte	0
 1448 014d 1A       		.uleb128 0x1a
 1449 014e 26       		.uleb128 0x26
 1450 014f 00       		.byte	0
 1451 0150 49       		.uleb128 0x49
 1452 0151 13       		.uleb128 0x13
 1453 0152 00       		.byte	0
 1454 0153 00       		.byte	0
 1455 0154 1B       		.uleb128 0x1b
 1456 0155 2E       		.uleb128 0x2e
 1457 0156 00       		.byte	0
 1458 0157 3F       		.uleb128 0x3f
 1459 0158 19       		.uleb128 0x19
 1460 0159 3C       		.uleb128 0x3c
 1461 015a 19       		.uleb128 0x19
 1462 015b 6E       		.uleb128 0x6e
 1463 015c 0E       		.uleb128 0xe
 1464 015d 03       		.uleb128 0x3
 1465 015e 0E       		.uleb128 0xe
 1466 015f 3A       		.uleb128 0x3a
 1467 0160 0B       		.uleb128 0xb
 1468 0161 3B       		.uleb128 0x3b
 1469 0162 0B       		.uleb128 0xb
 1470 0163 00       		.byte	0
 1471 0164 00       		.byte	0
 1472 0165 00       		.byte	0
 1473              		.section	.debug_loc,"",%progbits
 1474              	.Ldebug_loc0:
 1475              	.LLST0:
 1476 0000 12000000 		.4byte	.LVL3
 1477 0004 1B000000 		.4byte	.LVL4-1
ARM GAS  C:\Users\adm\AppData\Local\Temp\ccFuHAF0.s 			page 31


 1478 0008 0100     		.2byte	0x1
 1479 000a 50       		.byte	0x50
 1480 000b 76000000 		.4byte	.LVL19
 1481 000f 8F000000 		.4byte	.LVL20-1
 1482 0013 0100     		.2byte	0x1
 1483 0015 50       		.byte	0x50
 1484 0016 E0000000 		.4byte	.LVL29
 1485 001a F5000000 		.4byte	.LVL30-1
 1486 001e 0100     		.2byte	0x1
 1487 0020 50       		.byte	0x50
 1488 0021 00000000 		.4byte	0
 1489 0025 00000000 		.4byte	0
 1490              	.LLST1:
 1491 0029 A6000000 		.4byte	.LVL22
 1492 002d CE000000 		.4byte	.LVL25
 1493 0031 0100     		.2byte	0x1
 1494 0033 53       		.byte	0x53
 1495 0034 00000000 		.4byte	0
 1496 0038 00000000 		.4byte	0
 1497              	.LLST2:
 1498 003c AC000000 		.4byte	.LVL23
 1499 0040 D8000000 		.4byte	.LVL27
 1500 0044 0100     		.2byte	0x1
 1501 0046 52       		.byte	0x52
 1502 0047 00000000 		.4byte	0
 1503 004b 00000000 		.4byte	0
 1504              	.LLST3:
 1505 004f 02000000 		.4byte	.LVL1
 1506 0053 06000000 		.4byte	.LVL2
 1507 0057 0200     		.2byte	0x2
 1508 0059 30       		.byte	0x30
 1509 005a 9F       		.byte	0x9f
 1510 005b 06000000 		.4byte	.LVL2
 1511 005f 34000000 		.4byte	.LVL6
 1512 0063 0100     		.2byte	0x1
 1513 0065 56       		.byte	0x56
 1514 0066 34000000 		.4byte	.LVL6
 1515 006a 38000000 		.4byte	.LVL7
 1516 006e 0200     		.2byte	0x2
 1517 0070 31       		.byte	0x31
 1518 0071 9F       		.byte	0x9f
 1519 0072 38000000 		.4byte	.LVL7
 1520 0076 3E000000 		.4byte	.LVL8
 1521 007a 0100     		.2byte	0x1
 1522 007c 56       		.byte	0x56
 1523 007d 3E000000 		.4byte	.LVL8
 1524 0081 42000000 		.4byte	.LVL9
 1525 0085 0200     		.2byte	0x2
 1526 0087 31       		.byte	0x31
 1527 0088 9F       		.byte	0x9f
 1528 0089 42000000 		.4byte	.LVL9
 1529 008d 4C000000 		.4byte	.LVL11
 1530 0091 0100     		.2byte	0x1
 1531 0093 56       		.byte	0x56
 1532 0094 4C000000 		.4byte	.LVL11
 1533 0098 52000000 		.4byte	.LVL12
 1534 009c 0200     		.2byte	0x2
ARM GAS  C:\Users\adm\AppData\Local\Temp\ccFuHAF0.s 			page 32


 1535 009e 31       		.byte	0x31
 1536 009f 9F       		.byte	0x9f
 1537 00a0 52000000 		.4byte	.LVL12
 1538 00a4 58000000 		.4byte	.LVL13
 1539 00a8 0100     		.2byte	0x1
 1540 00aa 56       		.byte	0x56
 1541 00ab 58000000 		.4byte	.LVL13
 1542 00af 5C000000 		.4byte	.LVL14
 1543 00b3 0200     		.2byte	0x2
 1544 00b5 31       		.byte	0x31
 1545 00b6 9F       		.byte	0x9f
 1546 00b7 5C000000 		.4byte	.LVL14
 1547 00bb 62000000 		.4byte	.LVL15
 1548 00bf 0100     		.2byte	0x1
 1549 00c1 56       		.byte	0x56
 1550 00c2 62000000 		.4byte	.LVL15
 1551 00c6 66000000 		.4byte	.LVL16
 1552 00ca 0200     		.2byte	0x2
 1553 00cc 31       		.byte	0x31
 1554 00cd 9F       		.byte	0x9f
 1555 00ce 66000000 		.4byte	.LVL16
 1556 00d2 6C000000 		.4byte	.LVL17
 1557 00d6 0100     		.2byte	0x1
 1558 00d8 56       		.byte	0x56
 1559 00d9 6C000000 		.4byte	.LVL17
 1560 00dd 6E000000 		.4byte	.LVL18
 1561 00e1 0200     		.2byte	0x2
 1562 00e3 30       		.byte	0x30
 1563 00e4 9F       		.byte	0x9f
 1564 00e5 6E000000 		.4byte	.LVL18
 1565 00e9 90000000 		.4byte	.LVL20
 1566 00ed 0100     		.2byte	0x1
 1567 00ef 56       		.byte	0x56
 1568 00f0 90000000 		.4byte	.LVL20
 1569 00f4 92000000 		.4byte	.LVL21
 1570 00f8 0200     		.2byte	0x2
 1571 00fa 30       		.byte	0x30
 1572 00fb 9F       		.byte	0x9f
 1573 00fc 92000000 		.4byte	.LVL21
 1574 0100 F8000000 		.4byte	.LVL32
 1575 0104 0100     		.2byte	0x1
 1576 0106 56       		.byte	0x56
 1577 0107 00000000 		.4byte	0
 1578 010b 00000000 		.4byte	0
 1579              	.LLST4:
 1580 010f 22000000 		.4byte	.LVL5
 1581 0113 C4000000 		.4byte	.LVL24
 1582 0117 0100     		.2byte	0x1
 1583 0119 54       		.byte	0x54
 1584 011a 00000000 		.4byte	0
 1585 011e 00000000 		.4byte	0
 1586              	.LLST5:
 1587 0122 02000000 		.4byte	.LVL1
 1588 0126 06000000 		.4byte	.LVL2
 1589 012a 0200     		.2byte	0x2
 1590 012c 30       		.byte	0x30
 1591 012d 9F       		.byte	0x9f
ARM GAS  C:\Users\adm\AppData\Local\Temp\ccFuHAF0.s 			page 33


 1592 012e 06000000 		.4byte	.LVL2
 1593 0132 46000000 		.4byte	.LVL10
 1594 0136 0100     		.2byte	0x1
 1595 0138 55       		.byte	0x55
 1596 0139 46000000 		.4byte	.LVL10
 1597 013d 52000000 		.4byte	.LVL12
 1598 0141 0200     		.2byte	0x2
 1599 0143 31       		.byte	0x31
 1600 0144 9F       		.byte	0x9f
 1601 0145 52000000 		.4byte	.LVL12
 1602 0149 F8000000 		.4byte	.LVL31
 1603 014d 0100     		.2byte	0x1
 1604 014f 55       		.byte	0x55
 1605 0150 F8000000 		.4byte	.LVL31
 1606 0154 10010000 		.4byte	.LFE2
 1607 0158 0100     		.2byte	0x1
 1608 015a 50       		.byte	0x50
 1609 015b 00000000 		.4byte	0
 1610 015f 00000000 		.4byte	0
 1611              	.LLST6:
 1612 0163 D4000000 		.4byte	.LVL26
 1613 0167 F6000000 		.4byte	.LVL30
 1614 016b 0100     		.2byte	0x1
 1615 016d 54       		.byte	0x54
 1616 016e 00000000 		.4byte	0
 1617 0172 00000000 		.4byte	0
 1618              		.section	.debug_aranges,"",%progbits
 1619 0000 24000000 		.4byte	0x24
 1620 0004 0200     		.2byte	0x2
 1621 0006 00000000 		.4byte	.Ldebug_info0
 1622 000a 04       		.byte	0x4
 1623 000b 00       		.byte	0
 1624 000c 0000     		.2byte	0
 1625 000e 0000     		.2byte	0
 1626 0010 00000000 		.4byte	.LFB1
 1627 0014 14000000 		.4byte	.LFE1-.LFB1
 1628 0018 00000000 		.4byte	.LFB2
 1629 001c 10010000 		.4byte	.LFE2-.LFB2
 1630 0020 00000000 		.4byte	0
 1631 0024 00000000 		.4byte	0
 1632              		.section	.debug_ranges,"",%progbits
 1633              	.Ldebug_ranges0:
 1634 0000 00000000 		.4byte	.LFB1
 1635 0004 14000000 		.4byte	.LFE1
 1636 0008 00000000 		.4byte	.LFB2
 1637 000c 10010000 		.4byte	.LFE2
 1638 0010 00000000 		.4byte	0
 1639 0014 00000000 		.4byte	0
 1640              		.section	.debug_line,"",%progbits
 1641              	.Ldebug_line0:
 1642 0000 34010000 		.section	.debug_str,"MS",%progbits,1
 1642      0200D000 
 1642      00000201 
 1642      FB0E0D00 
 1642      01010101 
 1643              	.LASF84:
 1644 0000 43617053 		.ascii	"CapSense_FLASH_STRUCT\000"
ARM GAS  C:\Users\adm\AppData\Local\Temp\ccFuHAF0.s 			page 34


 1644      656E7365 
 1644      5F464C41 
 1644      53485F53 
 1644      54525543 
 1645              	.LASF63:
 1646 0016 77646774 		.ascii	"wdgtList\000"
 1646      4C697374 
 1646      00
 1647              	.LASF68:
 1648 001f 736E7254 		.ascii	"snrTestRawCount\000"
 1648      65737452 
 1648      6177436F 
 1648      756E7400 
 1649              	.LASF70:
 1650 002f 7363616E 		.ascii	"scanCurrentISC\000"
 1650      43757272 
 1650      656E7449 
 1650      534300
 1651              	.LASF110:
 1652 003e 43617053 		.ascii	"CapSense_TuInitialize\000"
 1652      656E7365 
 1652      5F547549 
 1652      6E697469 
 1652      616C697A 
 1653              	.LASF45:
 1654 0054 62736C6E 		.ascii	"bsln\000"
 1654      00
 1655              	.LASF95:
 1656 0059 73656E73 		.ascii	"sensorId\000"
 1656      6F724964 
 1656      00
 1657              	.LASF41:
 1658 0062 62757474 		.ascii	"button0\000"
 1658      6F6E3000 
 1659              	.LASF35:
 1660 006a 69646163 		.ascii	"idacGainIndex\000"
 1660      4761696E 
 1660      496E6465 
 1660      7800
 1661              	.LASF92:
 1662 0078 43617053 		.ascii	"CapSense_TU_CMD_ENUM\000"
 1662      656E7365 
 1662      5F54555F 
 1662      434D445F 
 1662      454E554D 
 1663              	.LASF33:
 1664 008d 6C6F7742 		.ascii	"lowBslnRst\000"
 1664      736C6E52 
 1664      737400
 1665              	.LASF105:
 1666 0098 43794578 		.ascii	"CyExitCriticalSection\000"
 1666      69744372 
 1666      69746963 
 1666      616C5365 
 1666      6374696F 
 1667              	.LASF78:
 1668 00ae 746F7461 		.ascii	"totalNumSns\000"
ARM GAS  C:\Users\adm\AppData\Local\Temp\ccFuHAF0.s 			page 35


 1668      6C4E756D 
 1668      536E7300 
 1669              	.LASF91:
 1670 00ba 43617053 		.ascii	"CapSense_TU_CMD_ONE_SCAN_E\000"
 1670      656E7365 
 1670      5F54555F 
 1670      434D445F 
 1670      4F4E455F 
 1671              	.LASF34:
 1672 00d5 69646163 		.ascii	"idacMod\000"
 1672      4D6F6400 
 1673              	.LASF2:
 1674 00dd 73686F72 		.ascii	"short int\000"
 1674      7420696E 
 1674      7400
 1675              	.LASF40:
 1676 00e7 43617053 		.ascii	"CapSense_RAM_WD_BUTTON_STRUCT\000"
 1676      656E7365 
 1676      5F52414D 
 1676      5F57445F 
 1676      42555454 
 1677              	.LASF32:
 1678 0105 6F6E4465 		.ascii	"onDebounce\000"
 1678      626F756E 
 1678      636500
 1679              	.LASF16:
 1680 0110 73697A65 		.ascii	"sizetype\000"
 1680      74797065 
 1680      00
 1681              	.LASF88:
 1682 0119 43617053 		.ascii	"CapSense_TU_CMD_RESTART_E\000"
 1682      656E7365 
 1682      5F54555F 
 1682      434D445F 
 1682      52455354 
 1683              	.LASF82:
 1684 0133 43617053 		.ascii	"CapSense_FLASH_WD_STRUCT\000"
 1684      656E7365 
 1684      5F464C41 
 1684      53485F57 
 1684      445F5354 
 1685              	.LASF52:
 1686 014c 636F6E66 		.ascii	"configId\000"
 1686      69674964 
 1686      00
 1687              	.LASF107:
 1688 0155 474E5520 		.ascii	"GNU C11 5.4.1 20160609 (release) [ARM/embedded-5-br"
 1688      43313120 
 1688      352E342E 
 1688      31203230 
 1688      31363036 
 1689 0188 616E6368 		.ascii	"anch revision 237715] -mcpu=cortex-m0plus -mthumb -"
 1689      20726576 
 1689      6973696F 
 1689      6E203233 
 1689      37373135 
 1690 01bb 67202D4F 		.ascii	"g -Og -ffunction-sections -ffat-lto-objects\000"
ARM GAS  C:\Users\adm\AppData\Local\Temp\ccFuHAF0.s 			page 36


 1690      67202D66 
 1690      66756E63 
 1690      74696F6E 
 1690      2D736563 
 1691              	.LASF49:
 1692 01e7 69646163 		.ascii	"idacComp\000"
 1692      436F6D70 
 1692      00
 1693              	.LASF61:
 1694 01f0 63736430 		.ascii	"csd0Config\000"
 1694      436F6E66 
 1694      696700
 1695              	.LASF6:
 1696 01fb 6C6F6E67 		.ascii	"long long int\000"
 1696      206C6F6E 
 1696      6720696E 
 1696      7400
 1697              	.LASF19:
 1698 0209 70617261 		.ascii	"param0\000"
 1698      6D3000
 1699              	.LASF37:
 1700 0210 736E7343 		.ascii	"snsClkSource\000"
 1700      6C6B536F 
 1700      75726365 
 1700      00
 1701              	.LASF21:
 1702 021d 70617261 		.ascii	"param2\000"
 1702      6D3200
 1703              	.LASF22:
 1704 0224 70617261 		.ascii	"param3\000"
 1704      6D3300
 1705              	.LASF85:
 1706 022b 43617053 		.ascii	"CapSense_TU_CMD_NONE_E\000"
 1706      656E7365 
 1706      5F54555F 
 1706      434D445F 
 1706      4E4F4E45 
 1707              	.LASF24:
 1708 0242 70617261 		.ascii	"param5\000"
 1708      6D3500
 1709              	.LASF25:
 1710 0249 70617261 		.ascii	"param6\000"
 1710      6D3600
 1711              	.LASF29:
 1712 0250 6E6F6973 		.ascii	"noiseTh\000"
 1712      65546800 
 1713              	.LASF53:
 1714 0258 64657669 		.ascii	"deviceId\000"
 1714      63654964 
 1714      00
 1715              	.LASF10:
 1716 0261 75696E74 		.ascii	"uint16\000"
 1716      313600
 1717              	.LASF111:
 1718 0268 43617053 		.ascii	"CapSense_RunTuner\000"
 1718      656E7365 
 1718      5F52756E 
ARM GAS  C:\Users\adm\AppData\Local\Temp\ccFuHAF0.s 			page 37


 1718      54756E65 
 1718      7200
 1719              	.LASF76:
 1720 027a 70747232 		.ascii	"ptr2DebounceArr\000"
 1720      4465626F 
 1720      756E6365 
 1720      41727200 
 1721              	.LASF9:
 1722 028a 75696E74 		.ascii	"uint8\000"
 1722      3800
 1723              	.LASF36:
 1724 0290 736E7343 		.ascii	"snsClk\000"
 1724      6C6B00
 1725              	.LASF12:
 1726 0297 666C6F61 		.ascii	"float\000"
 1726      7400
 1727              	.LASF38:
 1728 029d 66696E67 		.ascii	"fingerCap\000"
 1728      65724361 
 1728      7000
 1729              	.LASF44:
 1730 02a7 43617053 		.ascii	"CapSense_RAM_WD_LIST_STRUCT\000"
 1730      656E7365 
 1730      5F52414D 
 1730      5F57445F 
 1730      4C495354 
 1731              	.LASF66:
 1732 02c3 736E7254 		.ascii	"snrTestSensorId\000"
 1732      65737453 
 1732      656E736F 
 1732      72496400 
 1733              	.LASF90:
 1734 02d3 43617053 		.ascii	"CapSense_TU_CMD_PING_E\000"
 1734      656E7365 
 1734      5F54555F 
 1734      434D445F 
 1734      50494E47 
 1735              	.LASF14:
 1736 02ea 63686172 		.ascii	"char\000"
 1736      00
 1737              	.LASF4:
 1738 02ef 6C6F6E67 		.ascii	"long int\000"
 1738      20696E74 
 1738      00
 1739              	.LASF79:
 1740 02f8 77646774 		.ascii	"wdgtType\000"
 1740      54797065 
 1740      00
 1741              	.LASF108:
 1742 0301 47656E65 		.ascii	"Generated_Source\\PSoC4\\CapSense_Tuner.c\000"
 1742      72617465 
 1742      645F536F 
 1742      75726365 
 1742      5C50536F 
 1743              	.LASF28:
 1744 0329 66696E67 		.ascii	"fingerTh\000"
 1744      65725468 
ARM GAS  C:\Users\adm\AppData\Local\Temp\ccFuHAF0.s 			page 38


 1744      00
 1745              	.LASF48:
 1746 0332 6E656742 		.ascii	"negBslnRstCnt\000"
 1746      736C6E52 
 1746      7374436E 
 1746      7400
 1747              	.LASF73:
 1748 0340 70747232 		.ascii	"ptr2WdgtRam\000"
 1748      57646774 
 1748      52616D00 
 1749              	.LASF102:
 1750 034c 43617053 		.ascii	"CapSense_dsRam\000"
 1750      656E7365 
 1750      5F647352 
 1750      616D00
 1751              	.LASF80:
 1752 035b 6E756D43 		.ascii	"numCols\000"
 1752      6F6C7300 
 1753              	.LASF31:
 1754 0363 68797374 		.ascii	"hysteresis\000"
 1754      65726573 
 1754      697300
 1755              	.LASF23:
 1756 036e 70617261 		.ascii	"param4\000"
 1756      6D3400
 1757              	.LASF55:
 1758 0375 74756E65 		.ascii	"tunerCmd\000"
 1758      72436D64 
 1758      00
 1759              	.LASF15:
 1760 037e 6C6F6E67 		.ascii	"long double\000"
 1760      20646F75 
 1760      626C6500 
 1761              	.LASF59:
 1762 038a 77646774 		.ascii	"wdgtStatus\000"
 1762      53746174 
 1762      757300
 1763              	.LASF100:
 1764 0395 70747253 		.ascii	"ptrSnsTmp\000"
 1764      6E73546D 
 1764      7000
 1765              	.LASF104:
 1766 039f 4379456E 		.ascii	"CyEnterCriticalSection\000"
 1766      74657243 
 1766      72697469 
 1766      63616C53 
 1766      65637469 
 1767              	.LASF1:
 1768 03b6 756E7369 		.ascii	"unsigned char\000"
 1768      676E6564 
 1768      20636861 
 1768      7200
 1769              	.LASF17:
 1770 03c4 43617053 		.ascii	"CapSense_THRESHOLD_TYPE\000"
 1770      656E7365 
 1770      5F544852 
 1770      4553484F 
ARM GAS  C:\Users\adm\AppData\Local\Temp\ccFuHAF0.s 			page 39


 1770      4C445F54 
 1771              	.LASF0:
 1772 03dc 7369676E 		.ascii	"signed char\000"
 1772      65642063 
 1772      68617200 
 1773              	.LASF51:
 1774 03e8 43617053 		.ascii	"CapSense_RAM_SNS_LIST_STRUCT\000"
 1774      656E7365 
 1774      5F52414D 
 1774      5F534E53 
 1774      5F4C4953 
 1775              	.LASF7:
 1776 0405 6C6F6E67 		.ascii	"long long unsigned int\000"
 1776      206C6F6E 
 1776      6720756E 
 1776      7369676E 
 1776      65642069 
 1777              	.LASF77:
 1778 041c 73746174 		.ascii	"staticConfig\000"
 1778      6963436F 
 1778      6E666967 
 1778      00
 1779              	.LASF106:
 1780 0429 43617053 		.ascii	"CapSense_Start\000"
 1780      656E7365 
 1780      5F537461 
 1780      727400
 1781              	.LASF8:
 1782 0438 756E7369 		.ascii	"unsigned int\000"
 1782      676E6564 
 1782      20696E74 
 1782      00
 1783              	.LASF5:
 1784 0445 6C6F6E67 		.ascii	"long unsigned int\000"
 1784      20756E73 
 1784      69676E65 
 1784      6420696E 
 1784      7400
 1785              	.LASF58:
 1786 0457 77646774 		.ascii	"wdgtEnable\000"
 1786      456E6162 
 1786      6C6500
 1787              	.LASF20:
 1788 0462 70617261 		.ascii	"param1\000"
 1788      6D3100
 1789              	.LASF86:
 1790 0469 43617053 		.ascii	"CapSense_TU_CMD_SUSPEND_E\000"
 1790      656E7365 
 1790      5F54555F 
 1790      434D445F 
 1790      53555350 
 1791              	.LASF50:
 1792 0483 43617053 		.ascii	"CapSense_RAM_SNS_STRUCT\000"
 1792      656E7365 
 1792      5F52414D 
 1792      5F534E53 
 1792      5F535452 
ARM GAS  C:\Users\adm\AppData\Local\Temp\ccFuHAF0.s 			page 40


 1793              	.LASF18:
 1794 049b 43617053 		.ascii	"CapSense_LOW_BSLN_RST_TYPE\000"
 1794      656E7365 
 1794      5F4C4F57 
 1794      5F42534C 
 1794      4E5F5253 
 1795              	.LASF57:
 1796 04b6 73746174 		.ascii	"status\000"
 1796      757300
 1797              	.LASF94:
 1798 04bd 77696467 		.ascii	"widgetId\000"
 1798      65744964 
 1798      00
 1799              	.LASF67:
 1800 04c6 736E7254 		.ascii	"snrTestScanCounter\000"
 1800      65737453 
 1800      63616E43 
 1800      6F756E74 
 1800      657200
 1801              	.LASF27:
 1802 04d9 7265736F 		.ascii	"resolution\000"
 1802      6C757469 
 1802      6F6E00
 1803              	.LASF3:
 1804 04e4 73686F72 		.ascii	"short unsigned int\000"
 1804      7420756E 
 1804      7369676E 
 1804      65642069 
 1804      6E7400
 1805              	.LASF64:
 1806 04f7 736E734C 		.ascii	"snsList\000"
 1806      69737400 
 1807              	.LASF72:
 1808 04ff 70747232 		.ascii	"ptr2SnsFlash\000"
 1808      536E7346 
 1808      6C617368 
 1808      00
 1809              	.LASF62:
 1810 050c 6D6F6443 		.ascii	"modCsdClk\000"
 1810      7364436C 
 1810      6B00
 1811              	.LASF56:
 1812 0516 7363616E 		.ascii	"scanCounter\000"
 1812      436F756E 
 1812      74657200 
 1813              	.LASF30:
 1814 0522 6E4E6F69 		.ascii	"nNoiseTh\000"
 1814      73655468 
 1814      00
 1815              	.LASF93:
 1816 052b 696E7465 		.ascii	"interruptState\000"
 1816      72727570 
 1816      74537461 
 1816      746500
 1817              	.LASF71:
 1818 053a 43617053 		.ascii	"CapSense_RAM_STRUCT\000"
 1818      656E7365 
ARM GAS  C:\Users\adm\AppData\Local\Temp\ccFuHAF0.s 			page 41


 1818      5F52414D 
 1818      5F535452 
 1818      55435400 
 1819              	.LASF39:
 1820 054e 73696750 		.ascii	"sigPFC\000"
 1820      464300
 1821              	.LASF11:
 1822 0555 75696E74 		.ascii	"uint32\000"
 1822      333200
 1823              	.LASF69:
 1824 055c 7363616E 		.ascii	"scanCsdISC\000"
 1824      43736449 
 1824      534300
 1825              	.LASF101:
 1826 0567 74756E65 		.ascii	"tunerFsm\000"
 1826      7246736D 
 1826      00
 1827              	.LASF13:
 1828 0570 646F7562 		.ascii	"double\000"
 1828      6C6500
 1829              	.LASF46:
 1830 0577 62736C6E 		.ascii	"bslnExt\000"
 1830      45787400 
 1831              	.LASF89:
 1832 057f 43617053 		.ascii	"CapSense_TU_CMD_RUN_SNR_TEST_E\000"
 1832      656E7365 
 1832      5F54555F 
 1832      434D445F 
 1832      52554E5F 
 1833              	.LASF99:
 1834 059e 70747244 		.ascii	"ptrDsRam\000"
 1834      7352616D 
 1834      00
 1835              	.LASF54:
 1836 05a7 6877436C 		.ascii	"hwClock\000"
 1836      6F636B00 
 1837              	.LASF96:
 1838 05af 75706461 		.ascii	"updateFlag\000"
 1838      7465466C 
 1838      616700
 1839              	.LASF87:
 1840 05ba 43617053 		.ascii	"CapSense_TU_CMD_RESUME_E\000"
 1840      656E7365 
 1840      5F54555F 
 1840      434D445F 
 1840      52455355 
 1841              	.LASF74:
 1842 05d3 70747232 		.ascii	"ptr2SnsRam\000"
 1842      536E7352 
 1842      616D00
 1843              	.LASF42:
 1844 05de 62757474 		.ascii	"button1\000"
 1844      6F6E3100 
 1845              	.LASF43:
 1846 05e6 62757474 		.ascii	"button2\000"
 1846      6F6E3200 
 1847              	.LASF75:
ARM GAS  C:\Users\adm\AppData\Local\Temp\ccFuHAF0.s 			page 42


 1848 05ee 70747232 		.ascii	"ptr2FltrHistory\000"
 1848      466C7472 
 1848      48697374 
 1848      6F727900 
 1849              	.LASF83:
 1850 05fe 77646774 		.ascii	"wdgtArray\000"
 1850      41727261 
 1850      7900
 1851              	.LASF109:
 1852 0608 463A5C43 		.ascii	"F:\\CapSense_Tasks\\Task_2.cydsn\000"
 1852      61705365 
 1852      6E73655F 
 1852      5461736B 
 1852      735C5461 
 1853              	.LASF103:
 1854 0627 43617053 		.ascii	"CapSense_dsFlash\000"
 1854      656E7365 
 1854      5F647346 
 1854      6C617368 
 1854      00
 1855              	.LASF65:
 1856 0638 736E7254 		.ascii	"snrTestWidgetId\000"
 1856      65737457 
 1856      69646765 
 1856      74496400 
 1857              	.LASF26:
 1858 0648 534D4152 		.ascii	"SMARTSENSE_CSD_NOISE_ENVELOPE_STRUCT\000"
 1858      5453454E 
 1858      53455F43 
 1858      53445F4E 
 1858      4F495345 
 1859              	.LASF98:
 1860 066d 74756E65 		.ascii	"tunerStatus\000"
 1860      72537461 
 1860      74757300 
 1861              	.LASF60:
 1862 0679 736E7353 		.ascii	"snsStatus\000"
 1862      74617475 
 1862      7300
 1863              	.LASF97:
 1864 0683 636F6D6D 		.ascii	"command\000"
 1864      616E6400 
 1865              	.LASF47:
 1866 068b 64696666 		.ascii	"diff\000"
 1866      00
 1867              	.LASF81:
 1868 0690 70747232 		.ascii	"ptr2NoiseEnvlp\000"
 1868      4E6F6973 
 1868      65456E76 
 1868      6C7000
 1869              		.ident	"GCC: (GNU Tools for ARM Embedded Processors) 5.4.1 20160609 (release) [ARM/embedded-5-bran
